#
# There is insufficient memory for the Java Runtime Environment to continue.
# Native memory allocation (malloc) failed to allocate 1252816 bytes for Chunk::new
# Possible reasons:
#   The system is out of physical RAM or swap space
#   The process is running with CompressedOops enabled, and the Java Heap may be blocking the growth of the native heap
# Possible solutions:
#   Reduce memory load on the system
#   Increase physical memory or swap space
#   Check if swap backing store is full
#   Decrease Java heap size (-Xmx/-Xms)
#   Decrease number of Java threads
#   Decrease Java thread stack sizes (-Xss)
#   Set larger code cache with -XX:ReservedCodeCacheSize=
#   JVM is running with Unscaled Compressed Oops mode in which the Java heap is
#     placed in the first 4GB address space. The Java Heap base address is the
#     maximum limit for the native heap growth. Please use -XX:HeapBaseMinAddress
#     to set the Java Heap base and to place the Java Heap above 4GB virtual address.
# This output file may be truncated or incomplete.
#
#  Out of Memory Error (./src/hotspot/share/memory/arena.cpp:197), pid=13200, tid=7192
#
# JRE version: OpenJDK Runtime Environment (11.0.12+7) (build 11.0.12+7-b1504.28-7817840)
# Java VM: OpenJDK 64-Bit Server VM (11.0.12+7-b1504.28-7817840, mixed mode, tiered, compressed oops, g1 gc, windows-amd64)
# No core dump will be written. Minidumps are not enabled by default on client versions of Windows
#

---------------  S U M M A R Y ------------

Command Line: --add-opens=java.base/java.util=ALL-UNNAMED --add-opens=java.base/java.lang=ALL-UNNAMED --add-opens=java.base/java.lang.invoke=ALL-UNNAMED --add-opens=java.base/java.util=ALL-UNNAMED --add-opens=java.prefs/java.util.prefs=ALL-UNNAMED --add-opens=java.prefs/java.util.prefs=ALL-UNNAMED --add-opens=java.base/java.nio.charset=ALL-UNNAMED --add-opens=java.base/java.net=ALL-UNNAMED --add-opens=java.base/java.util.concurrent.atomic=ALL-UNNAMED -Xmx2048m -Dfile.encoding=UTF-8 -Duser.country=US -Duser.language=en -Duser.variant org.gradle.launcher.daemon.bootstrap.GradleDaemon 7.3.3

Host: Intel(R) Core(TM) i7-8550U CPU @ 1.80GHz, 8 cores, 7G,  Windows 10 , 64 bit Build 19041 (10.0.19041.1889)
Time: Tue Oct  4 04:28:25 2022 Egypt Standard Time elapsed time: 10.335844 seconds (0d 0h 0m 10s)

---------------  T H R E A D  ---------------

Current thread (0x0000015bfddf4800):  JavaThread "C2 CompilerThread2" daemon [_thread_in_native, id=7192, stack(0x0000003de3400000,0x0000003de3500000)]


Current CompileTask:
C2:  10335 6735 %     4       org.gradle.internal.instantiation.generator.AbstractClassGenerator::inspectType @ 77 (560 bytes)

Stack: [0x0000003de3400000,0x0000003de3500000]
Native frames: (J=compiled Java code, j=interpreted, Vv=VM code, C=native code)
V  [jvm.dll+0x5fbcea]
V  [jvm.dll+0x731905]
V  [jvm.dll+0x732f1d]
V  [jvm.dll+0x7335d3]
V  [jvm.dll+0x247bf8]
V  [jvm.dll+0xc018c]
V  [jvm.dll+0xc06cc]
V  [jvm.dll+0x2bcc04]
V  [jvm.dll+0x5113a8]
V  [jvm.dll+0x208303]
V  [jvm.dll+0x201fe0]
V  [jvm.dll+0x1ff71f]
V  [jvm.dll+0x18868c]
V  [jvm.dll+0x20e0d7]
V  [jvm.dll+0x20c901]
V  [jvm.dll+0x6f9b7f]
V  [jvm.dll+0x6f26a5]
V  [jvm.dll+0x5fabf6]
C  [ucrtbase.dll+0x21bb2]
C  [KERNEL32.DLL+0x17034]
C  [ntdll.dll+0x526a1]


---------------  P R O C E S S  ---------------

Threads class SMR info:
_java_thread_list=0x0000015bfcf02de0, length=124, elements={
0x0000015bdd9ad000, 0x0000015bf9df0000, 0x0000015bf9dfc000, 0x0000015bf9e0a800,
0x0000015bf9e0b800, 0x0000015bf9e0d000, 0x0000015bf9e11000, 0x0000015bf9e12800,
0x0000015bf9e16800, 0x0000015bfa8ce800, 0x0000015bfd849800, 0x0000015bfbc85000,
0x0000015bfcb45800, 0x0000015bfab3a800, 0x0000015bfcf17000, 0x0000015bfcdd1000,
0x0000015bfd1de000, 0x0000015bfda21000, 0x0000015bfd1b3000, 0x0000015bfcc84000,
0x0000015bfd1b2000, 0x0000015bfd197800, 0x0000015bfd19b800, 0x0000015bfd19c000,
0x0000015bfd19d000, 0x0000015bfd19e000, 0x0000015bfd198000, 0x0000015bfd19a800,
0x0000015bfd199000, 0x0000015bfd199800, 0x0000015bfd007800, 0x0000015bfddf4800,
0x0000015bfd00a800, 0x0000015bfd00c800, 0x0000015bfd008800, 0x0000015bfd00e000,
0x0000015bfd00f000, 0x0000015bfd00b800, 0x0000015bfd00a000, 0x0000015bfd009000,
0x0000015bfd013800, 0x0000015bfd00f800, 0x0000015bfd010800, 0x0000015bfd014800,
0x0000015bfd015800, 0x0000015bfd011800, 0x0000015bfd012000, 0x0000015bfd013000,
0x0000015bfcfe8000, 0x0000015bfcfea000, 0x0000015bfcfe9000, 0x0000015bfcfe6000,
0x0000015bfcfea800, 0x0000015bfcfe5000, 0x0000015bfcfeb800, 0x0000015bfcfe6800,
0x0000015bfcfe7800, 0x0000015bfcc73800, 0x0000015bfcc72000, 0x0000015bfcc74000,
0x0000015bfcc76000, 0x0000015bfcc75000, 0x0000015bfcc72800, 0x0000015bfcc71000,
0x0000015bfcc70000, 0x0000015bfcc76800, 0x0000015bfbfc9000, 0x0000015bfbfca000,
0x0000015bfbfca800, 0x0000015bfbfcb800, 0x0000015bfbfc7800, 0x0000015bfbfc5800,
0x0000015bfbfc8000, 0x0000015bfbfcc000, 0x0000015bfbfc6800, 0x0000015bfbfcf800,
0x0000015bfbfd2000, 0x0000015bfbfd3000, 0x0000015bfbfd0800, 0x0000015bfbfce800,
0x0000015bfbfd1000, 0x0000015bfbfcd000, 0x0000015bfbfd3800, 0x0000015bfbfce000,
0x0000015bfbfd4800, 0x0000015bfe230800, 0x0000015bfe231800, 0x0000015bfe233000,
0x0000015bfe232000, 0x0000015bfe235800, 0x0000015bfe233800, 0x0000015bfe234800,
0x0000015bfe22f800, 0x0000015bfe238000, 0x0000015bfe238800, 0x0000015bfe23b000,
0x0000015bfe23c000, 0x0000015bfe23a000, 0x0000015bfe239800, 0x0000015bfe236000,
0x0000015bfe23c800, 0x0000015bfe237000, 0x0000015bfe23d800, 0x0000015bfe23e800,
0x0000015bfb4b9800, 0x0000015bfb4b5800, 0x0000015bfb4b7000, 0x0000015bfb4b8000,
0x0000015bfb4b9000, 0x0000015bfb4ba800, 0x0000015bfb4b5000, 0x0000015bfb4b6800,
0x0000015bfb4be000, 0x0000015bfb4be800, 0x0000015bfb4bc000, 0x0000015bfb4c0000,
0x0000015bfb4bb800, 0x0000015bfb4bf800, 0x0000015bfb4bd000, 0x0000015bfb4c1000,
0x0000015bfb4c2000, 0x0000015bfb4c2800, 0x0000015bfb4c3800, 0x0000015b80a95800
}

Java Threads: ( => current thread )
  0x0000015bdd9ad000 JavaThread "main" [_thread_blocked, id=13428, stack(0x0000003de0600000,0x0000003de0700000)]
  0x0000015bf9df0000 JavaThread "Reference Handler" daemon [_thread_blocked, id=5852, stack(0x0000003de0d00000,0x0000003de0e00000)]
  0x0000015bf9dfc000 JavaThread "Finalizer" daemon [_thread_blocked, id=5296, stack(0x0000003de0e00000,0x0000003de0f00000)]
  0x0000015bf9e0a800 JavaThread "Signal Dispatcher" daemon [_thread_blocked, id=13400, stack(0x0000003de0f00000,0x0000003de1000000)]
  0x0000015bf9e0b800 JavaThread "Attach Listener" daemon [_thread_blocked, id=6516, stack(0x0000003de1000000,0x0000003de1100000)]
  0x0000015bf9e0d000 JavaThread "Service Thread" daemon [_thread_blocked, id=10468, stack(0x0000003de1100000,0x0000003de1200000)]
  0x0000015bf9e11000 JavaThread "C2 CompilerThread0" daemon [_thread_in_native, id=10140, stack(0x0000003de1200000,0x0000003de1300000)]
  0x0000015bf9e12800 JavaThread "C1 CompilerThread0" daemon [_thread_blocked, id=1656, stack(0x0000003de1300000,0x0000003de1400000)]
  0x0000015bf9e16800 JavaThread "Sweeper thread" daemon [_thread_blocked, id=12504, stack(0x0000003de1400000,0x0000003de1500000)]
  0x0000015bfa8ce800 JavaThread "Common-Cleaner" daemon [_thread_blocked, id=10612, stack(0x0000003de1500000,0x0000003de1600000)]
  0x0000015bfd849800 JavaThread "Daemon health stats" [_thread_blocked, id=9024, stack(0x0000003de1b00000,0x0000003de1c00000)]
  0x0000015bfbc85000 JavaThread "Incoming local TCP Connector on port 55912" [_thread_in_native, id=14200, stack(0x0000003de1700000,0x0000003de1800000)]
  0x0000015bfcb45800 JavaThread "Daemon periodic checks" [_thread_blocked, id=12972, stack(0x0000003de1a00000,0x0000003de1b00000)]
  0x0000015bfab3a800 JavaThread "Daemon" [_thread_blocked, id=6908, stack(0x0000003de1c00000,0x0000003de1d00000)]
  0x0000015bfcf17000 JavaThread "Handler for socket connection from /127.0.0.1:55912 to /127.0.0.1:55913" [_thread_in_native, id=9780, stack(0x0000003de1d00000,0x0000003de1e00000)]
  0x0000015bfcdd1000 JavaThread "Cancel handler" [_thread_blocked, id=6484, stack(0x0000003de1e00000,0x0000003de1f00000)]
  0x0000015bfd1de000 JavaThread "Daemon worker" [_thread_in_Java, id=7728, stack(0x0000003de1f00000,0x0000003de2000000)]
  0x0000015bfda21000 JavaThread "C2 CompilerThread1" daemon [_thread_in_native, id=13580, stack(0x0000003de2000000,0x0000003de2100000)]
  0x0000015bfd1b3000 JavaThread "Asynchronous log dispatcher for DefaultDaemonConnection: socket connection from /127.0.0.1:55912 to /127.0.0.1:55913" [_thread_blocked, id=3152, stack(0x0000003de2100000,0x0000003de2200000)]
  0x0000015bfcc84000 JavaThread "Stdin handler" [_thread_blocked, id=12312, stack(0x0000003de2200000,0x0000003de2300000)]
  0x0000015bfd1b2000 JavaThread "Daemon client event forwarder" [_thread_blocked, id=2744, stack(0x0000003de2300000,0x0000003de2400000)]
  0x0000015bfd197800 JavaThread "Cache worker for journal cache (C:\Users\lenovo\.gradle\caches\journal-1)" [_thread_blocked, id=9360, stack(0x0000003de2900000,0x0000003de2a00000)]
  0x0000015bfd19b800 JavaThread "File lock request listener" [_thread_in_native, id=4356, stack(0x0000003de2a00000,0x0000003de2b00000)]
  0x0000015bfd19c000 JavaThread "Cache worker for file hash cache (C:\Users\lenovo\.gradle\caches\7.3.3\fileHashes)" [_thread_blocked, id=11064, stack(0x0000003de2b00000,0x0000003de2c00000)]
  0x0000015bfd19d000 JavaThread "Cache worker for file hash cache (D:\Islam\Learning During The Army\Android\AppGame\.gradle\7.3.3\fileHashes)" [_thread_blocked, id=4420, stack(0x0000003de2d00000,0x0000003de2e00000)]
  0x0000015bfd19e000 JavaThread "File watcher server" daemon [_thread_in_native, id=11956, stack(0x0000003de2e00000,0x0000003de2f00000)]
  0x0000015bfd198000 JavaThread "File watcher consumer" daemon [_thread_blocked, id=10960, stack(0x0000003de2f00000,0x0000003de3000000)]
  0x0000015bfd19a800 JavaThread "Cache worker for checksums cache (D:\Islam\Learning During The Army\Android\AppGame\.gradle\7.3.3\checksums)" [_thread_blocked, id=6904, stack(0x0000003de3000000,0x0000003de3100000)]
  0x0000015bfd199000 JavaThread "Cache worker for cache directory md-supplier (C:\Users\lenovo\.gradle\caches\7.3.3\md-supplier)" [_thread_blocked, id=6980, stack(0x0000003de3100000,0x0000003de3200000)]
  0x0000015bfd199800 JavaThread "Cache worker for cache directory md-rule (C:\Users\lenovo\.gradle\caches\7.3.3\md-rule)" [_thread_blocked, id=13460, stack(0x0000003de3200000,0x0000003de3300000)]
  0x0000015bfd007800 JavaThread "Cache worker for execution history cache (C:\Users\lenovo\.gradle\caches\7.3.3\executionHistory)" [_thread_blocked, id=13896, stack(0x0000003de3300000,0x0000003de3400000)]
=>0x0000015bfddf4800 JavaThread "C2 CompilerThread2" daemon [_thread_in_native, id=7192, stack(0x0000003de3400000,0x0000003de3500000)]
  0x0000015bfd00a800 JavaThread "jar transforms" [_thread_blocked, id=2772, stack(0x0000003de3500000,0x0000003de3600000)]
  0x0000015bfd00c800 JavaThread "Cache worker for file content cache (C:\Users\lenovo\.gradle\caches\7.3.3\fileContent)" [_thread_blocked, id=7860, stack(0x0000003de3600000,0x0000003de3700000)]
  0x0000015bfd008800 JavaThread "jar transforms Thread 2" [_thread_blocked, id=13220, stack(0x0000003de3700000,0x0000003de3800000)]
  0x0000015bfd00e000 JavaThread "Cache worker for dependencies-accessors (D:\Islam\Learning During The Army\Android\AppGame\.gradle\7.3.3\dependencies-accessors)" [_thread_blocked, id=7468, stack(0x0000003de3800000,0x0000003de3900000)]
  0x0000015bfd00f000 JavaThread "jar transforms Thread 3" [_thread_blocked, id=6892, stack(0x0000003de3900000,0x0000003de3a00000)]
  0x0000015bfd00b800 JavaThread "Cache worker for Build Output Cleanup Cache (D:\Islam\Learning During The Army\Android\AppGame\.gradle\buildOutputCleanup)" [_thread_blocked, id=13748, stack(0x0000003de3a00000,0x0000003de3b00000)]
  0x0000015bfd00a000 JavaThread "Unconstrained build operations" [_thread_blocked, id=9432, stack(0x0000003de3b00000,0x0000003de3c00000)]
  0x0000015bfd009000 JavaThread "Unconstrained build operations Thread 2" [_thread_blocked, id=13496, stack(0x0000003de3c00000,0x0000003de3d00000)]
  0x0000015bfd013800 JavaThread "Unconstrained build operations Thread 3" [_thread_blocked, id=10104, stack(0x0000003de3d00000,0x0000003de3e00000)]
  0x0000015bfd00f800 JavaThread "Unconstrained build operations Thread 4" [_thread_blocked, id=10096, stack(0x0000003de3e00000,0x0000003de3f00000)]
  0x0000015bfd010800 JavaThread "Unconstrained build operations Thread 5" [_thread_blocked, id=13476, stack(0x0000003de3f00000,0x0000003de4000000)]
  0x0000015bfd014800 JavaThread "Unconstrained build operations Thread 6" [_thread_blocked, id=4436, stack(0x0000003de4000000,0x0000003de4100000)]
  0x0000015bfd015800 JavaThread "Unconstrained build operations Thread 7" [_thread_blocked, id=936, stack(0x0000003de4100000,0x0000003de4200000)]
  0x0000015bfd011800 JavaThread "Unconstrained build operations Thread 8" [_thread_blocked, id=1636, stack(0x0000003de4200000,0x0000003de4300000)]
  0x0000015bfd012000 JavaThread "Unconstrained build operations Thread 9" [_thread_blocked, id=8144, stack(0x0000003de4300000,0x0000003de4400000)]
  0x0000015bfd013000 JavaThread "Unconstrained build operations Thread 10" [_thread_blocked, id=2984, stack(0x0000003de4400000,0x0000003de4500000)]
  0x0000015bfcfe8000 JavaThread "Unconstrained build operations Thread 11" [_thread_blocked, id=6584, stack(0x0000003de4500000,0x0000003de4600000)]
  0x0000015bfcfea000 JavaThread "Unconstrained build operations Thread 12" [_thread_blocked, id=12244, stack(0x0000003de4600000,0x0000003de4700000)]
  0x0000015bfcfe9000 JavaThread "Unconstrained build operations Thread 13" [_thread_blocked, id=12364, stack(0x0000003de4700000,0x0000003de4800000)]
  0x0000015bfcfe6000 JavaThread "Unconstrained build operations Thread 14" [_thread_blocked, id=3088, stack(0x0000003de4800000,0x0000003de4900000)]
  0x0000015bfcfea800 JavaThread "Unconstrained build operations Thread 15" [_thread_blocked, id=2224, stack(0x0000003de4900000,0x0000003de4a00000)]
  0x0000015bfcfe5000 JavaThread "Unconstrained build operations Thread 16" [_thread_blocked, id=12480, stack(0x0000003de4a00000,0x0000003de4b00000)]
  0x0000015bfcfeb800 JavaThread "Unconstrained build operations Thread 17" [_thread_blocked, id=13472, stack(0x0000003de4b00000,0x0000003de4c00000)]
  0x0000015bfcfe6800 JavaThread "Unconstrained build operations Thread 18" [_thread_blocked, id=14256, stack(0x0000003de4c00000,0x0000003de4d00000)]
  0x0000015bfcfe7800 JavaThread "Unconstrained build operations Thread 19" [_thread_blocked, id=6848, stack(0x0000003de4d00000,0x0000003de4e00000)]
  0x0000015bfcc73800 JavaThread "Unconstrained build operations Thread 20" [_thread_blocked, id=11080, stack(0x0000003de4e00000,0x0000003de4f00000)]
  0x0000015bfcc72000 JavaThread "Unconstrained build operations Thread 21" [_thread_blocked, id=7764, stack(0x0000003de4f00000,0x0000003de5000000)]
  0x0000015bfcc74000 JavaThread "Unconstrained build operations Thread 22" [_thread_blocked, id=12148, stack(0x0000003de5000000,0x0000003de5100000)]
  0x0000015bfcc76000 JavaThread "Unconstrained build operations Thread 23" [_thread_blocked, id=7652, stack(0x0000003de5100000,0x0000003de5200000)]
  0x0000015bfcc75000 JavaThread "Unconstrained build operations Thread 24" [_thread_blocked, id=11476, stack(0x0000003de5200000,0x0000003de5300000)]
  0x0000015bfcc72800 JavaThread "Unconstrained build operations Thread 25" [_thread_blocked, id=1232, stack(0x0000003de5300000,0x0000003de5400000)]
  0x0000015bfcc71000 JavaThread "Unconstrained build operations Thread 26" [_thread_blocked, id=10784, stack(0x0000003de5400000,0x0000003de5500000)]
  0x0000015bfcc70000 JavaThread "Unconstrained build operations Thread 27" [_thread_blocked, id=8188, stack(0x0000003de5500000,0x0000003de5600000)]
  0x0000015bfcc76800 JavaThread "Unconstrained build operations Thread 28" [_thread_blocked, id=9412, stack(0x0000003de5600000,0x0000003de5700000)]
  0x0000015bfbfc9000 JavaThread "Unconstrained build operations Thread 29" [_thread_blocked, id=1604, stack(0x0000003de5700000,0x0000003de5800000)]
  0x0000015bfbfca000 JavaThread "Unconstrained build operations Thread 30" [_thread_blocked, id=8196, stack(0x0000003de5800000,0x0000003de5900000)]
  0x0000015bfbfca800 JavaThread "Unconstrained build operations Thread 31" [_thread_blocked, id=8916, stack(0x0000003de5900000,0x0000003de5a00000)]
  0x0000015bfbfcb800 JavaThread "Unconstrained build operations Thread 32" [_thread_blocked, id=14316, stack(0x0000003de5a00000,0x0000003de5b00000)]
  0x0000015bfbfc7800 JavaThread "Unconstrained build operations Thread 33" [_thread_blocked, id=11704, stack(0x0000003de5b00000,0x0000003de5c00000)]
  0x0000015bfbfc5800 JavaThread "Unconstrained build operations Thread 34" [_thread_blocked, id=14248, stack(0x0000003de5c00000,0x0000003de5d00000)]
  0x0000015bfbfc8000 JavaThread "Unconstrained build operations Thread 35" [_thread_blocked, id=8132, stack(0x0000003de5d00000,0x0000003de5e00000)]
  0x0000015bfbfcc000 JavaThread "Unconstrained build operations Thread 36" [_thread_blocked, id=13360, stack(0x0000003de5e00000,0x0000003de5f00000)]
  0x0000015bfbfc6800 JavaThread "Unconstrained build operations Thread 37" [_thread_blocked, id=4864, stack(0x0000003de5f00000,0x0000003de6000000)]
  0x0000015bfbfcf800 JavaThread "Unconstrained build operations Thread 38" [_thread_blocked, id=7888, stack(0x0000003de6000000,0x0000003de6100000)]
  0x0000015bfbfd2000 JavaThread "Unconstrained build operations Thread 39" [_thread_blocked, id=10124, stack(0x0000003de6100000,0x0000003de6200000)]
  0x0000015bfbfd3000 JavaThread "Unconstrained build operations Thread 40" [_thread_blocked, id=8856, stack(0x0000003de6200000,0x0000003de6300000)]
  0x0000015bfbfd0800 JavaThread "Unconstrained build operations Thread 41" [_thread_blocked, id=13456, stack(0x0000003de6300000,0x0000003de6400000)]
  0x0000015bfbfce800 JavaThread "Unconstrained build operations Thread 42" [_thread_blocked, id=8032, stack(0x0000003de6400000,0x0000003de6500000)]
  0x0000015bfbfd1000 JavaThread "Unconstrained build operations Thread 43" [_thread_blocked, id=9372, stack(0x0000003de6500000,0x0000003de6600000)]
  0x0000015bfbfcd000 JavaThread "Unconstrained build operations Thread 44" [_thread_blocked, id=3208, stack(0x0000003de6600000,0x0000003de6700000)]
  0x0000015bfbfd3800 JavaThread "Unconstrained build operations Thread 45" [_thread_blocked, id=9388, stack(0x0000003de6700000,0x0000003de6800000)]
  0x0000015bfbfce000 JavaThread "Unconstrained build operations Thread 46" [_thread_blocked, id=14332, stack(0x0000003de6800000,0x0000003de6900000)]
  0x0000015bfbfd4800 JavaThread "Unconstrained build operations Thread 47" [_thread_blocked, id=2608, stack(0x0000003de6900000,0x0000003de6a00000)]
  0x0000015bfe230800 JavaThread "Unconstrained build operations Thread 48" [_thread_blocked, id=1364, stack(0x0000003de6a00000,0x0000003de6b00000)]
  0x0000015bfe231800 JavaThread "Unconstrained build operations Thread 49" [_thread_blocked, id=4396, stack(0x0000003de6b00000,0x0000003de6c00000)]
  0x0000015bfe233000 JavaThread "Unconstrained build operations Thread 50" [_thread_blocked, id=7412, stack(0x0000003de6c00000,0x0000003de6d00000)]
  0x0000015bfe232000 JavaThread "Unconstrained build operations Thread 51" [_thread_blocked, id=13368, stack(0x0000003de6d00000,0x0000003de6e00000)]
  0x0000015bfe235800 JavaThread "Unconstrained build operations Thread 52" [_thread_blocked, id=13840, stack(0x0000003de6e00000,0x0000003de6f00000)]
  0x0000015bfe233800 JavaThread "Unconstrained build operations Thread 53" [_thread_blocked, id=10268, stack(0x0000003de6f00000,0x0000003de7000000)]
  0x0000015bfe234800 JavaThread "Unconstrained build operations Thread 54" [_thread_blocked, id=2880, stack(0x0000003de7000000,0x0000003de7100000)]
  0x0000015bfe22f800 JavaThread "Unconstrained build operations Thread 55" [_thread_blocked, id=10412, stack(0x0000003de7100000,0x0000003de7200000)]
  0x0000015bfe238000 JavaThread "Unconstrained build operations Thread 56" [_thread_blocked, id=9036, stack(0x0000003de7200000,0x0000003de7300000)]
  0x0000015bfe238800 JavaThread "Unconstrained build operations Thread 57" [_thread_blocked, id=13764, stack(0x0000003de7300000,0x0000003de7400000)]
  0x0000015bfe23b000 JavaThread "Unconstrained build operations Thread 58" [_thread_blocked, id=7500, stack(0x0000003de7400000,0x0000003de7500000)]
  0x0000015bfe23c000 JavaThread "Unconstrained build operations Thread 59" [_thread_blocked, id=5416, stack(0x0000003de7500000,0x0000003de7600000)]
  0x0000015bfe23a000 JavaThread "Unconstrained build operations Thread 60" [_thread_blocked, id=12876, stack(0x0000003de7600000,0x0000003de7700000)]
  0x0000015bfe239800 JavaThread "Unconstrained build operations Thread 61" [_thread_blocked, id=6976, stack(0x0000003de7700000,0x0000003de7800000)]
  0x0000015bfe236000 JavaThread "Unconstrained build operations Thread 62" [_thread_blocked, id=12492, stack(0x0000003de7800000,0x0000003de7900000)]
  0x0000015bfe23c800 JavaThread "Unconstrained build operations Thread 63" [_thread_blocked, id=12920, stack(0x0000003de7900000,0x0000003de7a00000)]
  0x0000015bfe237000 JavaThread "Unconstrained build operations Thread 64" [_thread_blocked, id=13432, stack(0x0000003de7a00000,0x0000003de7b00000)]
  0x0000015bfe23d800 JavaThread "Unconstrained build operations Thread 65" [_thread_blocked, id=12692, stack(0x0000003de7b00000,0x0000003de7c00000)]
  0x0000015bfe23e800 JavaThread "Unconstrained build operations Thread 66" [_thread_blocked, id=6156, stack(0x0000003de7c00000,0x0000003de7d00000)]
  0x0000015bfb4b9800 JavaThread "Unconstrained build operations Thread 67" [_thread_blocked, id=12096, stack(0x0000003de7d00000,0x0000003de7e00000)]
  0x0000015bfb4b5800 JavaThread "Unconstrained build operations Thread 68" [_thread_blocked, id=2764, stack(0x0000003de7e00000,0x0000003de7f00000)]
  0x0000015bfb4b7000 JavaThread "Unconstrained build operations Thread 69" [_thread_blocked, id=12996, stack(0x0000003de7f00000,0x0000003de8000000)]
  0x0000015bfb4b8000 JavaThread "Unconstrained build operations Thread 70" [_thread_blocked, id=12572, stack(0x0000003de8000000,0x0000003de8100000)]
  0x0000015bfb4b9000 JavaThread "Unconstrained build operations Thread 71" [_thread_blocked, id=904, stack(0x0000003de8100000,0x0000003de8200000)]
  0x0000015bfb4ba800 JavaThread "Unconstrained build operations Thread 72" [_thread_blocked, id=4352, stack(0x0000003de8200000,0x0000003de8300000)]
  0x0000015bfb4b5000 JavaThread "Unconstrained build operations Thread 73" [_thread_blocked, id=2812, stack(0x0000003de8300000,0x0000003de8400000)]
  0x0000015bfb4b6800 JavaThread "Unconstrained build operations Thread 74" [_thread_blocked, id=12076, stack(0x0000003de8400000,0x0000003de8500000)]
  0x0000015bfb4be000 JavaThread "Unconstrained build operations Thread 75" [_thread_blocked, id=13440, stack(0x0000003de8500000,0x0000003de8600000)]
  0x0000015bfb4be800 JavaThread "Unconstrained build operations Thread 76" [_thread_blocked, id=12896, stack(0x0000003de8600000,0x0000003de8700000)]
  0x0000015bfb4bc000 JavaThread "Unconstrained build operations Thread 77" [_thread_blocked, id=13412, stack(0x0000003de8700000,0x0000003de8800000)]
  0x0000015bfb4c0000 JavaThread "Unconstrained build operations Thread 78" [_thread_blocked, id=4784, stack(0x0000003de8800000,0x0000003de8900000)]
  0x0000015bfb4bb800 JavaThread "Unconstrained build operations Thread 79" [_thread_blocked, id=876, stack(0x0000003de8900000,0x0000003de8a00000)]
  0x0000015bfb4bf800 JavaThread "Unconstrained build operations Thread 80" [_thread_blocked, id=13888, stack(0x0000003de8a00000,0x0000003de8b00000)]
  0x0000015bfb4bd000 JavaThread "jar transforms Thread 4" [_thread_blocked, id=5820, stack(0x0000003de8b00000,0x0000003de8c00000)]
  0x0000015bfb4c1000 JavaThread "jar transforms Thread 5" [_thread_blocked, id=11048, stack(0x0000003de8c00000,0x0000003de8d00000)]
  0x0000015bfb4c2000 JavaThread "jar transforms Thread 6" [_thread_blocked, id=3064, stack(0x0000003de8d00000,0x0000003de8e00000)]
  0x0000015bfb4c2800 JavaThread "jar transforms Thread 7" [_thread_blocked, id=10416, stack(0x0000003de8e00000,0x0000003de8f00000)]
  0x0000015bfb4c3800 JavaThread "jar transforms Thread 8" [_thread_blocked, id=11840, stack(0x0000003de8f00000,0x0000003de9000000)]
  0x0000015b80a95800 JavaThread "Memory manager" [_thread_blocked, id=4072, stack(0x0000003de9000000,0x0000003de9100000)]

Other Threads:
  0x0000015bf9dea800 VMThread "VM Thread" [stack: 0x0000003de0c00000,0x0000003de0d00000] [id=4360]
  0x0000015bfa8eb800 WatcherThread [stack: 0x0000003de1600000,0x0000003de1700000] [id=7220]
  0x0000015bdd9c5800 GCTaskThread "GC Thread#0" [stack: 0x0000003de0700000,0x0000003de0800000] [id=13552]
  0x0000015bfb6b8800 GCTaskThread "GC Thread#1" [stack: 0x0000003de1800000,0x0000003de1900000] [id=7028]
  0x0000015bfb81d800 GCTaskThread "GC Thread#2" [stack: 0x0000003de1900000,0x0000003de1a00000] [id=10480]
  0x0000015bfc71d800 GCTaskThread "GC Thread#3" [stack: 0x0000003de2400000,0x0000003de2500000] [id=8592]
  0x0000015bfd1de800 GCTaskThread "GC Thread#4" [stack: 0x0000003de2500000,0x0000003de2600000] [id=2876]
  0x0000015bfda22000 GCTaskThread "GC Thread#5" [stack: 0x0000003de2600000,0x0000003de2700000] [id=9704]
  0x0000015bfd393800 GCTaskThread "GC Thread#6" [stack: 0x0000003de2700000,0x0000003de2800000] [id=7752]
  0x0000015bfdaa3800 GCTaskThread "GC Thread#7" [stack: 0x0000003de2800000,0x0000003de2900000] [id=8464]
  0x0000015bdd9f7800 ConcurrentGCThread "G1 Main Marker" [stack: 0x0000003de0800000,0x0000003de0900000] [id=12516]
  0x0000015bdd9f8800 ConcurrentGCThread "G1 Conc#0" [stack: 0x0000003de0900000,0x0000003de0a00000] [id=7284]
  0x0000015bfb5c6000 ConcurrentGCThread "G1 Conc#1" [stack: 0x0000003de2c00000,0x0000003de2d00000] [id=10248]
  0x0000015bdda84000 ConcurrentGCThread "G1 Refine#0" [stack: 0x0000003de0a00000,0x0000003de0b00000] [id=3988]
  0x0000015bf9c40800 ConcurrentGCThread "G1 Young RemSet Sampling" [stack: 0x0000003de0b00000,0x0000003de0c00000] [id=4644]

Threads with active compile tasks:
C2 CompilerThread0  10398 6841   !   4       java.lang.reflect.Executable::sharedToGenericString (321 bytes)
C2 CompilerThread1  10398 6783   !   4       org.codehaus.groovy.reflection.stdclasses.CachedSAMClass::hasUsableImplementation (72 bytes)
C2 CompilerThread2  10398 6735 %     4       org.gradle.internal.instantiation.generator.AbstractClassGenerator::inspectType @ 77 (560 bytes)

VM state:not at safepoint (normal execution)

VM Mutex/Monitor currently owned by a thread: None

Heap address: 0x0000000080000000, size: 2048 MB, Compressed Oops mode: 32-bit
Narrow klass base: 0x0000000000000000, Narrow klass shift: 3
Compressed class space size: 1073741824 Address: 0x0000000100000000

Heap:
 garbage-first heap   total 189440K, used 98183K [0x0000000080000000, 0x0000000100000000)
  region size 1024K, 41 young (41984K), 5 survivors (5120K)
 Metaspace       used 68732K, capacity 70329K, committed 70528K, reserved 1110016K
  class space    used 8728K, capacity 9328K, committed 9344K, reserved 1048576K
Heap Regions: E=young(eden), S=young(survivor), O=old, HS=humongous(starts), HC=humongous(continues), CS=collection set, F=free, A=archive, TAMS=top-at-mark-start (previous, next)
|   0|0x0000000080000000, 0x0000000080100000, 0x0000000080100000|100%| O|  |TAMS 0x0000000080100000, 0x0000000080000000| Untracked 
|   1|0x0000000080100000, 0x0000000080200000, 0x0000000080200000|100%| O|  |TAMS 0x0000000080200000, 0x0000000080100000| Untracked 
|   2|0x0000000080200000, 0x0000000080300000, 0x0000000080300000|100%| O|  |TAMS 0x0000000080300000, 0x0000000080200000| Untracked 
|   3|0x0000000080300000, 0x0000000080400000, 0x0000000080400000|100%|HS|  |TAMS 0x0000000080400000, 0x0000000080300000| Complete 
|   4|0x0000000080400000, 0x0000000080500000, 0x0000000080500000|100%|HC|  |TAMS 0x0000000080500000, 0x0000000080400000| Complete 
|   5|0x0000000080500000, 0x0000000080600000, 0x0000000080600000|100%|HC|  |TAMS 0x0000000080600000, 0x0000000080500000| Complete 
|   6|0x0000000080600000, 0x0000000080700000, 0x0000000080700000|100%| O|  |TAMS 0x0000000080700000, 0x0000000080600000| Untracked 
|   7|0x0000000080700000, 0x0000000080800000, 0x0000000080800000|100%| O|  |TAMS 0x0000000080800000, 0x0000000080700000| Untracked 
|   8|0x0000000080800000, 0x0000000080900000, 0x0000000080900000|100%| O|  |TAMS 0x0000000080900000, 0x0000000080800000| Untracked 
|   9|0x0000000080900000, 0x0000000080a00000, 0x0000000080a00000|100%| O|  |TAMS 0x0000000080a00000, 0x0000000080900000| Untracked 
|  10|0x0000000080a00000, 0x0000000080b00000, 0x0000000080b00000|100%| O|  |TAMS 0x0000000080b00000, 0x0000000080a00000| Untracked 
|  11|0x0000000080b00000, 0x0000000080c00000, 0x0000000080c00000|100%| O|  |TAMS 0x0000000080c00000, 0x0000000080b00000| Untracked 
|  12|0x0000000080c00000, 0x0000000080d00000, 0x0000000080d00000|100%| O|  |TAMS 0x0000000080d00000, 0x0000000080c00000| Untracked 
|  13|0x0000000080d00000, 0x0000000080e00000, 0x0000000080e00000|100%| O|  |TAMS 0x0000000080e00000, 0x0000000080d00000| Untracked 
|  14|0x0000000080e00000, 0x0000000080f00000, 0x0000000080f00000|100%| O|  |TAMS 0x0000000080f00000, 0x0000000080e00000| Untracked 
|  15|0x0000000080f00000, 0x0000000081000000, 0x0000000081000000|100%| O|  |TAMS 0x0000000081000000, 0x0000000080f00000| Untracked 
|  16|0x0000000081000000, 0x0000000081100000, 0x0000000081100000|100%| O|  |TAMS 0x0000000081100000, 0x0000000081000000| Untracked 
|  17|0x0000000081100000, 0x0000000081200000, 0x0000000081200000|100%| O|  |TAMS 0x0000000081200000, 0x0000000081100000| Untracked 
|  18|0x0000000081200000, 0x0000000081300000, 0x0000000081300000|100%| O|  |TAMS 0x0000000081300000, 0x0000000081200000| Untracked 
|  19|0x0000000081300000, 0x0000000081400000, 0x0000000081400000|100%| O|  |TAMS 0x0000000081400000, 0x0000000081300000| Untracked 
|  20|0x0000000081400000, 0x0000000081500000, 0x0000000081500000|100%| O|  |TAMS 0x0000000081500000, 0x0000000081400000| Untracked 
|  21|0x0000000081500000, 0x0000000081600000, 0x0000000081600000|100%| O|  |TAMS 0x0000000081600000, 0x0000000081500000| Untracked 
|  22|0x0000000081600000, 0x0000000081700000, 0x0000000081700000|100%| O|  |TAMS 0x0000000081700000, 0x0000000081600000| Untracked 
|  23|0x0000000081700000, 0x0000000081800000, 0x0000000081800000|100%| O|  |TAMS 0x0000000081800000, 0x0000000081700000| Untracked 
|  24|0x0000000081800000, 0x0000000081900000, 0x0000000081900000|100%| O|  |TAMS 0x0000000081900000, 0x0000000081800000| Untracked 
|  25|0x0000000081900000, 0x0000000081a00000, 0x0000000081a00000|100%| O|  |TAMS 0x0000000081a00000, 0x0000000081900000| Untracked 
|  26|0x0000000081a00000, 0x0000000081b00000, 0x0000000081b00000|100%| O|  |TAMS 0x0000000081b00000, 0x0000000081a00000| Untracked 
|  27|0x0000000081b00000, 0x0000000081c00000, 0x0000000081c00000|100%|HS|  |TAMS 0x0000000081c00000, 0x0000000081b00000| Complete 
|  28|0x0000000081c00000, 0x0000000081d00000, 0x0000000081d00000|100%|HS|  |TAMS 0x0000000081d00000, 0x0000000081c00000| Complete 
|  29|0x0000000081d00000, 0x0000000081e00000, 0x0000000081e00000|100%|HS|  |TAMS 0x0000000081e00000, 0x0000000081d00000| Complete 
|  30|0x0000000081e00000, 0x0000000081f00000, 0x0000000081f00000|100%|HS|  |TAMS 0x0000000081f00000, 0x0000000081e00000| Complete 
|  31|0x0000000081f00000, 0x0000000082000000, 0x0000000082000000|100%|HS|  |TAMS 0x0000000082000000, 0x0000000081f00000| Complete 
|  32|0x0000000082000000, 0x0000000082100000, 0x0000000082100000|100%|HC|  |TAMS 0x0000000082100000, 0x0000000082000000| Complete 
|  33|0x0000000082100000, 0x0000000082200000, 0x0000000082200000|100%|HC|  |TAMS 0x0000000082200000, 0x0000000082100000| Complete 
|  34|0x0000000082200000, 0x0000000082300000, 0x0000000082300000|100%|HS|  |TAMS 0x0000000082300000, 0x0000000082200000| Complete 
|  35|0x0000000082300000, 0x0000000082400000, 0x0000000082400000|100%|HC|  |TAMS 0x0000000082400000, 0x0000000082300000| Complete 
|  36|0x0000000082400000, 0x0000000082500000, 0x0000000082500000|100%| O|  |TAMS 0x0000000082500000, 0x0000000082400000| Untracked 
|  37|0x0000000082500000, 0x0000000082600000, 0x0000000082600000|100%| O|  |TAMS 0x0000000082600000, 0x0000000082500000| Untracked 
|  38|0x0000000082600000, 0x0000000082700000, 0x0000000082700000|100%| O|  |TAMS 0x0000000082700000, 0x0000000082600000| Untracked 
|  39|0x0000000082700000, 0x0000000082800000, 0x0000000082800000|100%| O|  |TAMS 0x0000000082800000, 0x0000000082700000| Untracked 
|  40|0x0000000082800000, 0x0000000082900000, 0x0000000082900000|100%| O|  |TAMS 0x0000000082900000, 0x0000000082800000| Untracked 
|  41|0x0000000082900000, 0x0000000082a00000, 0x0000000082a00000|100%| O|  |TAMS 0x0000000082a00000, 0x0000000082900000| Untracked 
|  42|0x0000000082a00000, 0x0000000082b00000, 0x0000000082b00000|100%| O|  |TAMS 0x0000000082b00000, 0x0000000082a00000| Untracked 
|  43|0x0000000082b00000, 0x0000000082c00000, 0x0000000082c00000|100%| O|  |TAMS 0x0000000082c00000, 0x0000000082b00000| Untracked 
|  44|0x0000000082c00000, 0x0000000082d00000, 0x0000000082d00000|100%| O|  |TAMS 0x0000000082d00000, 0x0000000082c00000| Untracked 
|  45|0x0000000082d00000, 0x0000000082e00000, 0x0000000082e00000|100%| O|  |TAMS 0x0000000082e00000, 0x0000000082d00000| Untracked 
|  46|0x0000000082e00000, 0x0000000082f00000, 0x0000000082f00000|100%| O|  |TAMS 0x0000000082f00000, 0x0000000082e00000| Untracked 
|  47|0x0000000082f00000, 0x0000000083000000, 0x0000000083000000|100%| O|  |TAMS 0x0000000083000000, 0x0000000082f00000| Untracked 
|  48|0x0000000083000000, 0x0000000083100000, 0x0000000083100000|100%| O|  |TAMS 0x0000000083100000, 0x0000000083000000| Untracked 
|  49|0x0000000083100000, 0x0000000083200000, 0x0000000083200000|100%| O|  |TAMS 0x0000000083200000, 0x0000000083100000| Untracked 
|  50|0x0000000083200000, 0x0000000083300000, 0x0000000083300000|100%| O|  |TAMS 0x0000000083300000, 0x0000000083200000| Untracked 
|  51|0x0000000083300000, 0x0000000083400000, 0x0000000083400000|100%| O|  |TAMS 0x000000008337d800, 0x0000000083300000| Untracked 
|  52|0x0000000083400000, 0x0000000083400000, 0x0000000083500000|  0%| F|  |TAMS 0x0000000083400000, 0x0000000083400000| Untracked 
|  53|0x0000000083500000, 0x0000000083600000, 0x0000000083600000|100%| O|  |TAMS 0x0000000083500000, 0x0000000083500000| Untracked 
|  54|0x0000000083600000, 0x0000000083700000, 0x0000000083700000|100%| O|  |TAMS 0x0000000083600000, 0x0000000083600000| Untracked 
|  55|0x0000000083700000, 0x0000000083800000, 0x0000000083800000|100%| O|  |TAMS 0x0000000083700000, 0x0000000083700000| Untracked 
|  56|0x0000000083800000, 0x0000000083900000, 0x0000000083900000|100%| O|  |TAMS 0x0000000083800000, 0x0000000083800000| Untracked 
|  57|0x0000000083900000, 0x00000000839c6200, 0x0000000083a00000| 77%| O|  |TAMS 0x0000000083900000, 0x0000000083900000| Untracked 
|  58|0x0000000083a00000, 0x0000000083a00000, 0x0000000083b00000|  0%| F|  |TAMS 0x0000000083a00000, 0x0000000083a00000| Untracked 
|  59|0x0000000083b00000, 0x0000000083b00000, 0x0000000083c00000|  0%| F|  |TAMS 0x0000000083b00000, 0x0000000083b00000| Untracked 
|  60|0x0000000083c00000, 0x0000000083c00000, 0x0000000083d00000|  0%| F|  |TAMS 0x0000000083c00000, 0x0000000083c00000| Untracked 
|  61|0x0000000083d00000, 0x0000000083d00000, 0x0000000083e00000|  0%| F|  |TAMS 0x0000000083d00000, 0x0000000083d00000| Untracked 
|  62|0x0000000083e00000, 0x0000000083e00000, 0x0000000083f00000|  0%| F|  |TAMS 0x0000000083e00000, 0x0000000083e00000| Untracked 
|  63|0x0000000083f00000, 0x0000000083f00000, 0x0000000084000000|  0%| F|  |TAMS 0x0000000083f00000, 0x0000000083f00000| Untracked 
|  64|0x0000000084000000, 0x0000000084000000, 0x0000000084100000|  0%| F|  |TAMS 0x0000000084000000, 0x0000000084000000| Untracked 
|  65|0x0000000084100000, 0x0000000084100000, 0x0000000084200000|  0%| F|  |TAMS 0x0000000084100000, 0x0000000084100000| Untracked 
|  66|0x0000000084200000, 0x0000000084200000, 0x0000000084300000|  0%| F|  |TAMS 0x0000000084200000, 0x0000000084200000| Untracked 
|  67|0x0000000084300000, 0x0000000084300000, 0x0000000084400000|  0%| F|  |TAMS 0x0000000084300000, 0x0000000084300000| Untracked 
|  68|0x0000000084400000, 0x0000000084400000, 0x0000000084500000|  0%| F|  |TAMS 0x0000000084400000, 0x0000000084400000| Untracked 
|  69|0x0000000084500000, 0x0000000084500000, 0x0000000084600000|  0%| F|  |TAMS 0x0000000084500000, 0x0000000084500000| Untracked 
|  70|0x0000000084600000, 0x0000000084600000, 0x0000000084700000|  0%| F|  |TAMS 0x0000000084600000, 0x0000000084600000| Untracked 
|  71|0x0000000084700000, 0x0000000084700000, 0x0000000084800000|  0%| F|  |TAMS 0x0000000084700000, 0x0000000084700000| Untracked 
|  72|0x0000000084800000, 0x0000000084800000, 0x0000000084900000|  0%| F|  |TAMS 0x0000000084800000, 0x0000000084800000| Untracked 
|  73|0x0000000084900000, 0x0000000084900000, 0x0000000084a00000|  0%| F|  |TAMS 0x0000000084900000, 0x0000000084900000| Untracked 
|  74|0x0000000084a00000, 0x0000000084a00000, 0x0000000084b00000|  0%| F|  |TAMS 0x0000000084a00000, 0x0000000084a00000| Untracked 
|  75|0x0000000084b00000, 0x0000000084b00000, 0x0000000084c00000|  0%| F|  |TAMS 0x0000000084b00000, 0x0000000084b00000| Untracked 
|  76|0x0000000084c00000, 0x0000000084c00000, 0x0000000084d00000|  0%| F|  |TAMS 0x0000000084c00000, 0x0000000084c00000| Untracked 
|  77|0x0000000084d00000, 0x0000000084d00000, 0x0000000084e00000|  0%| F|  |TAMS 0x0000000084d00000, 0x0000000084d00000| Untracked 
|  78|0x0000000084e00000, 0x0000000084e00000, 0x0000000084f00000|  0%| F|  |TAMS 0x0000000084e00000, 0x0000000084e00000| Untracked 
|  79|0x0000000084f00000, 0x0000000084f00000, 0x0000000085000000|  0%| F|  |TAMS 0x0000000084f00000, 0x0000000084f00000| Untracked 
|  80|0x0000000085000000, 0x0000000085000000, 0x0000000085100000|  0%| F|  |TAMS 0x0000000085000000, 0x0000000085000000| Untracked 
|  81|0x0000000085100000, 0x0000000085100000, 0x0000000085200000|  0%| F|  |TAMS 0x0000000085100000, 0x0000000085100000| Untracked 
|  82|0x0000000085200000, 0x0000000085200000, 0x0000000085300000|  0%| F|  |TAMS 0x0000000085200000, 0x0000000085200000| Untracked 
|  83|0x0000000085300000, 0x0000000085300000, 0x0000000085400000|  0%| F|  |TAMS 0x0000000085300000, 0x0000000085300000| Untracked 
|  84|0x0000000085400000, 0x0000000085400000, 0x0000000085500000|  0%| F|  |TAMS 0x0000000085400000, 0x0000000085400000| Untracked 
|  85|0x0000000085500000, 0x0000000085500000, 0x0000000085600000|  0%| F|  |TAMS 0x0000000085500000, 0x0000000085500000| Untracked 
|  86|0x0000000085600000, 0x0000000085600000, 0x0000000085700000|  0%| F|  |TAMS 0x0000000085600000, 0x0000000085600000| Untracked 
|  87|0x0000000085700000, 0x0000000085700000, 0x0000000085800000|  0%| F|  |TAMS 0x0000000085700000, 0x0000000085700000| Untracked 
|  88|0x0000000085800000, 0x0000000085800000, 0x0000000085900000|  0%| F|  |TAMS 0x0000000085800000, 0x0000000085800000| Untracked 
|  89|0x0000000085900000, 0x0000000085900000, 0x0000000085a00000|  0%| F|  |TAMS 0x0000000085900000, 0x0000000085900000| Untracked 
|  90|0x0000000085a00000, 0x0000000085a00000, 0x0000000085b00000|  0%| F|  |TAMS 0x0000000085a00000, 0x0000000085a00000| Untracked 
|  91|0x0000000085b00000, 0x0000000085b00000, 0x0000000085c00000|  0%| F|  |TAMS 0x0000000085b00000, 0x0000000085b00000| Untracked 
|  92|0x0000000085c00000, 0x0000000085c00000, 0x0000000085d00000|  0%| F|  |TAMS 0x0000000085c00000, 0x0000000085c00000| Untracked 
|  93|0x0000000085d00000, 0x0000000085d00000, 0x0000000085e00000|  0%| F|  |TAMS 0x0000000085d00000, 0x0000000085d00000| Untracked 
|  94|0x0000000085e00000, 0x0000000085e00000, 0x0000000085f00000|  0%| F|  |TAMS 0x0000000085e00000, 0x0000000085e00000| Untracked 
|  95|0x0000000085f00000, 0x0000000085f00000, 0x0000000086000000|  0%| F|  |TAMS 0x0000000085f00000, 0x0000000085f00000| Untracked 
|  96|0x0000000086000000, 0x0000000086000000, 0x0000000086100000|  0%| F|  |TAMS 0x0000000086000000, 0x0000000086000000| Untracked 
|  97|0x0000000086100000, 0x0000000086100000, 0x0000000086200000|  0%| F|  |TAMS 0x0000000086100000, 0x0000000086100000| Untracked 
|  98|0x0000000086200000, 0x0000000086200000, 0x0000000086300000|  0%| F|  |TAMS 0x0000000086200000, 0x0000000086200000| Untracked 
|  99|0x0000000086300000, 0x0000000086300000, 0x0000000086400000|  0%| F|  |TAMS 0x0000000086300000, 0x0000000086300000| Untracked 
| 100|0x0000000086400000, 0x0000000086400000, 0x0000000086500000|  0%| F|  |TAMS 0x0000000086400000, 0x0000000086400000| Untracked 
| 101|0x0000000086500000, 0x0000000086500000, 0x0000000086600000|  0%| F|  |TAMS 0x0000000086500000, 0x0000000086500000| Untracked 
| 102|0x0000000086600000, 0x0000000086600000, 0x0000000086700000|  0%| F|  |TAMS 0x0000000086600000, 0x0000000086600000| Untracked 
| 103|0x0000000086700000, 0x0000000086700000, 0x0000000086800000|  0%| F|  |TAMS 0x0000000086700000, 0x0000000086700000| Untracked 
| 104|0x0000000086800000, 0x0000000086800000, 0x0000000086900000|  0%| F|  |TAMS 0x0000000086800000, 0x0000000086800000| Untracked 
| 105|0x0000000086900000, 0x0000000086900000, 0x0000000086a00000|  0%| F|  |TAMS 0x0000000086900000, 0x0000000086900000| Untracked 
| 106|0x0000000086a00000, 0x0000000086a00000, 0x0000000086b00000|  0%| F|  |TAMS 0x0000000086a00000, 0x0000000086a00000| Untracked 
| 107|0x0000000086b00000, 0x0000000086b00000, 0x0000000086c00000|  0%| F|  |TAMS 0x0000000086b00000, 0x0000000086b00000| Untracked 
| 108|0x0000000086c00000, 0x0000000086c00000, 0x0000000086d00000|  0%| F|  |TAMS 0x0000000086c00000, 0x0000000086c00000| Untracked 
| 109|0x0000000086d00000, 0x0000000086d00000, 0x0000000086e00000|  0%| F|  |TAMS 0x0000000086d00000, 0x0000000086d00000| Untracked 
| 110|0x0000000086e00000, 0x0000000086e00000, 0x0000000086f00000|  0%| F|  |TAMS 0x0000000086e00000, 0x0000000086e00000| Untracked 
| 111|0x0000000086f00000, 0x0000000086f00000, 0x0000000087000000|  0%| F|  |TAMS 0x0000000086f00000, 0x0000000086f00000| Untracked 
| 112|0x0000000087000000, 0x0000000087000000, 0x0000000087100000|  0%| F|  |TAMS 0x0000000087000000, 0x0000000087000000| Untracked 
| 113|0x0000000087100000, 0x0000000087100000, 0x0000000087200000|  0%| F|  |TAMS 0x0000000087100000, 0x0000000087100000| Untracked 
| 114|0x0000000087200000, 0x0000000087200000, 0x0000000087300000|  0%| F|  |TAMS 0x0000000087200000, 0x0000000087200000| Untracked 
| 115|0x0000000087300000, 0x000000008731bd60, 0x0000000087400000| 10%| S|CS|TAMS 0x0000000087300000, 0x0000000087300000| Complete 
| 116|0x0000000087400000, 0x0000000087500000, 0x0000000087500000|100%| S|CS|TAMS 0x0000000087400000, 0x0000000087400000| Complete 
| 117|0x0000000087500000, 0x0000000087600000, 0x0000000087600000|100%| S|CS|TAMS 0x0000000087500000, 0x0000000087500000| Complete 
| 118|0x0000000087600000, 0x0000000087700000, 0x0000000087700000|100%| S|CS|TAMS 0x0000000087600000, 0x0000000087600000| Complete 
| 119|0x0000000087700000, 0x0000000087800000, 0x0000000087800000|100%| S|CS|TAMS 0x0000000087700000, 0x0000000087700000| Complete 
| 120|0x0000000087800000, 0x0000000087800000, 0x0000000087900000|  0%| F|  |TAMS 0x0000000087800000, 0x0000000087800000| Untracked 
| 121|0x0000000087900000, 0x0000000087900000, 0x0000000087a00000|  0%| F|  |TAMS 0x0000000087900000, 0x0000000087900000| Untracked 
| 122|0x0000000087a00000, 0x0000000087a00000, 0x0000000087b00000|  0%| F|  |TAMS 0x0000000087a00000, 0x0000000087a00000| Untracked 
| 123|0x0000000087b00000, 0x0000000087b00000, 0x0000000087c00000|  0%| F|  |TAMS 0x0000000087b00000, 0x0000000087b00000| Untracked 
| 124|0x0000000087c00000, 0x0000000087c00000, 0x0000000087d00000|  0%| F|  |TAMS 0x0000000087c00000, 0x0000000087c00000| Untracked 
| 125|0x0000000087d00000, 0x0000000087d00000, 0x0000000087e00000|  0%| F|  |TAMS 0x0000000087d00000, 0x0000000087d00000| Untracked 
| 126|0x0000000087e00000, 0x0000000087e00000, 0x0000000087f00000|  0%| F|  |TAMS 0x0000000087e00000, 0x0000000087e00000| Untracked 
| 127|0x0000000087f00000, 0x0000000087f00000, 0x0000000088000000|  0%| F|  |TAMS 0x0000000087f00000, 0x0000000087f00000| Untracked 
| 128|0x0000000088000000, 0x0000000088000000, 0x0000000088100000|  0%| F|  |TAMS 0x0000000088000000, 0x0000000088000000| Untracked 
| 129|0x0000000088100000, 0x0000000088100000, 0x0000000088200000|  0%| F|  |TAMS 0x0000000088100000, 0x0000000088100000| Untracked 
| 130|0x0000000088200000, 0x0000000088200000, 0x0000000088300000|  0%| F|  |TAMS 0x0000000088200000, 0x0000000088200000| Untracked 
| 131|0x0000000088300000, 0x0000000088300000, 0x0000000088400000|  0%| F|  |TAMS 0x0000000088300000, 0x0000000088300000| Untracked 
| 132|0x0000000088400000, 0x0000000088400000, 0x0000000088500000|  0%| F|  |TAMS 0x0000000088400000, 0x0000000088400000| Untracked 
| 133|0x0000000088500000, 0x0000000088500000, 0x0000000088600000|  0%| F|  |TAMS 0x0000000088500000, 0x0000000088500000| Untracked 
| 134|0x0000000088600000, 0x0000000088600000, 0x0000000088700000|  0%| F|  |TAMS 0x0000000088600000, 0x0000000088600000| Untracked 
| 135|0x0000000088700000, 0x0000000088700000, 0x0000000088800000|  0%| F|  |TAMS 0x0000000088700000, 0x0000000088700000| Untracked 
| 136|0x0000000088800000, 0x0000000088800000, 0x0000000088900000|  0%| F|  |TAMS 0x0000000088800000, 0x0000000088800000| Untracked 
| 137|0x0000000088900000, 0x0000000088900000, 0x0000000088a00000|  0%| F|  |TAMS 0x0000000088900000, 0x0000000088900000| Untracked 
| 138|0x0000000088a00000, 0x0000000088a00000, 0x0000000088b00000|  0%| F|  |TAMS 0x0000000088a00000, 0x0000000088a00000| Untracked 
| 139|0x0000000088b00000, 0x0000000088b00000, 0x0000000088c00000|  0%| F|  |TAMS 0x0000000088b00000, 0x0000000088b00000| Untracked 
| 140|0x0000000088c00000, 0x0000000088c00000, 0x0000000088d00000|  0%| F|  |TAMS 0x0000000088c00000, 0x0000000088c00000| Untracked 
| 141|0x0000000088d00000, 0x0000000088d00000, 0x0000000088e00000|  0%| F|  |TAMS 0x0000000088d00000, 0x0000000088d00000| Untracked 
| 142|0x0000000088e00000, 0x0000000088e00000, 0x0000000088f00000|  0%| F|  |TAMS 0x0000000088e00000, 0x0000000088e00000| Untracked 
| 143|0x0000000088f00000, 0x0000000088f00000, 0x0000000089000000|  0%| F|  |TAMS 0x0000000088f00000, 0x0000000088f00000| Untracked 
| 144|0x0000000089000000, 0x0000000089000000, 0x0000000089100000|  0%| F|  |TAMS 0x0000000089000000, 0x0000000089000000| Untracked 
| 145|0x0000000089100000, 0x0000000089100000, 0x0000000089200000|  0%| F|  |TAMS 0x0000000089100000, 0x0000000089100000| Untracked 
| 146|0x0000000089200000, 0x0000000089200000, 0x0000000089300000|  0%| F|  |TAMS 0x0000000089200000, 0x0000000089200000| Untracked 
| 147|0x0000000089300000, 0x0000000089300000, 0x0000000089400000|  0%| F|  |TAMS 0x0000000089300000, 0x0000000089300000| Untracked 
| 148|0x0000000089400000, 0x0000000089480800, 0x0000000089500000| 50%| E|  |TAMS 0x0000000089400000, 0x0000000089400000| Complete 
| 149|0x0000000089500000, 0x0000000089600000, 0x0000000089600000|100%| E|CS|TAMS 0x0000000089500000, 0x0000000089500000| Complete 
| 150|0x0000000089600000, 0x0000000089700000, 0x0000000089700000|100%| E|CS|TAMS 0x0000000089600000, 0x0000000089600000| Complete 
| 151|0x0000000089700000, 0x0000000089800000, 0x0000000089800000|100%| E|CS|TAMS 0x0000000089700000, 0x0000000089700000| Complete 
| 152|0x0000000089800000, 0x0000000089900000, 0x0000000089900000|100%| E|CS|TAMS 0x0000000089800000, 0x0000000089800000| Complete 
| 153|0x0000000089900000, 0x0000000089a00000, 0x0000000089a00000|100%| E|CS|TAMS 0x0000000089900000, 0x0000000089900000| Complete 
| 154|0x0000000089a00000, 0x0000000089b00000, 0x0000000089b00000|100%| E|CS|TAMS 0x0000000089a00000, 0x0000000089a00000| Complete 
| 155|0x0000000089b00000, 0x0000000089c00000, 0x0000000089c00000|100%| E|CS|TAMS 0x0000000089b00000, 0x0000000089b00000| Complete 
| 156|0x0000000089c00000, 0x0000000089d00000, 0x0000000089d00000|100%| E|CS|TAMS 0x0000000089c00000, 0x0000000089c00000| Complete 
| 157|0x0000000089d00000, 0x0000000089e00000, 0x0000000089e00000|100%| E|CS|TAMS 0x0000000089d00000, 0x0000000089d00000| Complete 
| 158|0x0000000089e00000, 0x0000000089f00000, 0x0000000089f00000|100%| E|CS|TAMS 0x0000000089e00000, 0x0000000089e00000| Complete 
| 159|0x0000000089f00000, 0x000000008a000000, 0x000000008a000000|100%| E|CS|TAMS 0x0000000089f00000, 0x0000000089f00000| Complete 
| 160|0x000000008a000000, 0x000000008a100000, 0x000000008a100000|100%| E|CS|TAMS 0x000000008a000000, 0x000000008a000000| Complete 
| 161|0x000000008a100000, 0x000000008a200000, 0x000000008a200000|100%| E|CS|TAMS 0x000000008a100000, 0x000000008a100000| Complete 
| 162|0x000000008a200000, 0x000000008a300000, 0x000000008a300000|100%| E|CS|TAMS 0x000000008a200000, 0x000000008a200000| Complete 
| 163|0x000000008a300000, 0x000000008a400000, 0x000000008a400000|100%| E|CS|TAMS 0x000000008a300000, 0x000000008a300000| Complete 
| 164|0x000000008a400000, 0x000000008a500000, 0x000000008a500000|100%| E|CS|TAMS 0x000000008a400000, 0x000000008a400000| Complete 
| 165|0x000000008a500000, 0x000000008a600000, 0x000000008a600000|100%| E|CS|TAMS 0x000000008a500000, 0x000000008a500000| Complete 
| 166|0x000000008a600000, 0x000000008a700000, 0x000000008a700000|100%| E|CS|TAMS 0x000000008a600000, 0x000000008a600000| Complete 
| 167|0x000000008a700000, 0x000000008a800000, 0x000000008a800000|100%| E|CS|TAMS 0x000000008a700000, 0x000000008a700000| Complete 
| 168|0x000000008a800000, 0x000000008a900000, 0x000000008a900000|100%| E|CS|TAMS 0x000000008a800000, 0x000000008a800000| Complete 
| 169|0x000000008a900000, 0x000000008aa00000, 0x000000008aa00000|100%| E|CS|TAMS 0x000000008a900000, 0x000000008a900000| Complete 
| 170|0x000000008aa00000, 0x000000008ab00000, 0x000000008ab00000|100%| E|CS|TAMS 0x000000008aa00000, 0x000000008aa00000| Complete 
| 171|0x000000008ab00000, 0x000000008ac00000, 0x000000008ac00000|100%| E|CS|TAMS 0x000000008ab00000, 0x000000008ab00000| Complete 
| 172|0x000000008ac00000, 0x000000008ad00000, 0x000000008ad00000|100%| E|CS|TAMS 0x000000008ac00000, 0x000000008ac00000| Complete 
| 173|0x000000008ad00000, 0x000000008ae00000, 0x000000008ae00000|100%| E|CS|TAMS 0x000000008ad00000, 0x000000008ad00000| Complete 
| 174|0x000000008ae00000, 0x000000008af00000, 0x000000008af00000|100%| E|CS|TAMS 0x000000008ae00000, 0x000000008ae00000| Complete 
| 175|0x000000008af00000, 0x000000008b000000, 0x000000008b000000|100%| E|CS|TAMS 0x000000008af00000, 0x000000008af00000| Complete 
| 176|0x000000008b000000, 0x000000008b100000, 0x000000008b100000|100%| E|CS|TAMS 0x000000008b000000, 0x000000008b000000| Complete 
| 177|0x000000008b100000, 0x000000008b200000, 0x000000008b200000|100%| E|CS|TAMS 0x000000008b100000, 0x000000008b100000| Complete 
| 178|0x000000008b200000, 0x000000008b300000, 0x000000008b300000|100%| E|CS|TAMS 0x000000008b200000, 0x000000008b200000| Complete 
| 179|0x000000008b300000, 0x000000008b400000, 0x000000008b400000|100%| E|CS|TAMS 0x000000008b300000, 0x000000008b300000| Complete 
| 180|0x000000008b400000, 0x000000008b500000, 0x000000008b500000|100%| E|CS|TAMS 0x000000008b400000, 0x000000008b400000| Complete 
| 181|0x000000008b500000, 0x000000008b600000, 0x000000008b600000|100%| E|CS|TAMS 0x000000008b500000, 0x000000008b500000| Complete 
| 182|0x000000008b600000, 0x000000008b700000, 0x000000008b700000|100%| E|CS|TAMS 0x000000008b600000, 0x000000008b600000| Complete 
| 183|0x000000008b700000, 0x000000008b800000, 0x000000008b800000|100%| E|CS|TAMS 0x000000008b700000, 0x000000008b700000| Complete 
| 184|0x000000008b800000, 0x000000008b900000, 0x000000008b900000|100%| E|CS|TAMS 0x000000008b800000, 0x000000008b800000| Complete 

Card table byte_map: [0x0000015bf2b10000,0x0000015bf2f10000] _byte_map_base: 0x0000015bf2710000

Marking Bits (Prev, Next): (CMBitMap*) 0x0000015bdd9ee838, (CMBitMap*) 0x0000015bdd9ee870
 Prev Bits: [0x0000015bf3310000, 0x0000015bf5310000)
 Next Bits: [0x0000015bf5310000, 0x0000015bf7310000)

Polling page: 0x0000015bdda90000

Metaspace:

Usage:
  Non-class:     59.63 MB capacity,    58.64 MB ( 98%) used,   838.23 KB (  1%) free+waste,   174.75 KB ( <1%) overhead. 
      Class:      9.11 MB capacity,     8.53 MB ( 94%) used,   513.34 KB (  6%) free+waste,    81.06 KB ( <1%) overhead. 
       Both:     68.74 MB capacity,    67.17 MB ( 98%) used,     1.32 MB (  2%) free+waste,   255.81 KB ( <1%) overhead. 

Virtual space:
  Non-class space:       60.00 MB reserved,      59.75 MB (>99%) committed 
      Class space:        1.00 GB reserved,       9.13 MB ( <1%) committed 
             Both:        1.06 GB reserved,      68.88 MB (  6%) committed 

Chunk freelists:
   Non-Class:  55.00 KB
       Class:  16.00 KB
        Both:  71.00 KB

MaxMetaspaceSize: 17179869184.00 GB
CompressedClassSpaceSize: 1.00 GB
Initial GC threshold: 20.80 MB
Current GC threshold: 107.71 MB
CDS: off

CodeHeap 'non-profiled nmethods': size=120000Kb used=4244Kb max_used=4244Kb free=115755Kb
 bounds [0x0000015bea760000, 0x0000015beab90000, 0x0000015bf1c90000]
CodeHeap 'profiled nmethods': size=120000Kb used=14566Kb max_used=14566Kb free=105433Kb
 bounds [0x0000015be3230000, 0x0000015be4070000, 0x0000015bea760000]
CodeHeap 'non-nmethods': size=5760Kb used=2350Kb max_used=2396Kb free=3409Kb
 bounds [0x0000015be2c90000, 0x0000015be2f00000, 0x0000015be3230000]
 total_blobs=7714 nmethods=6857 adapters=769
 compilation: enabled
              stopped_count=0, restarted_count=0
 full_count=0

Compilation events (20 events):
Event: 10.267 Thread 0x0000015bf9e12800 6877       3       org.gradle.internal.event.ListenerBroadcast::getSource (35 bytes)
Event: 10.268 Thread 0x0000015bf9e12800 nmethod 6877 0x0000015be405e490 code [0x0000015be405e660, 0x0000015be405e968]
Event: 10.273 Thread 0x0000015bf9e12800 6878   !   3       org.gradle.api.internal.plugins.DefaultPluginRegistry::uncheckedGet (17 bytes)
Event: 10.274 Thread 0x0000015bf9e12800 nmethod 6878 0x0000015be405ea90 code [0x0000015be405ec80, 0x0000015be405ef88]
Event: 10.274 Thread 0x0000015bf9e12800 6879       3       org.gradle.plugin.use.internal.DefaultPluginId::isQualified (10 bytes)
Event: 10.274 Thread 0x0000015bf9e12800 nmethod 6879 0x0000015be405f110 code [0x0000015be405f2e0, 0x0000015be405f548]
Event: 10.279 Thread 0x0000015bf9e12800 6880       3       org.gradle.api.internal.plugins.DefaultPluginRegistry$PluginIdLookupCacheKey::<init> (15 bytes)
Event: 10.279 Thread 0x0000015bf9e12800 nmethod 6880 0x0000015be405f690 code [0x0000015be405f840, 0x0000015be405fa58]
Event: 10.279 Thread 0x0000015bf9e12800 6884       3       sun.net.www.protocol.jar.JarURLConnection::getUseCaches (8 bytes)
Event: 10.279 Thread 0x0000015bf9e12800 nmethod 6884 0x0000015be405fb10 code [0x0000015be405fcc0, 0x0000015be405fe88]
Event: 10.279 Thread 0x0000015bf9e12800 6881       3       org.gradle.api.internal.plugins.DefaultPluginRegistry$PluginIdLookupCacheKey::hashCode (23 bytes)
Event: 10.280 Thread 0x0000015bf9e12800 nmethod 6881 0x0000015be405ff90 code [0x0000015be4060160, 0x0000015be40603f8]
Event: 10.280 Thread 0x0000015bf9e12800 6882       3       java.net.URLConnection::setUseCaches (10 bytes)
Event: 10.280 Thread 0x0000015bf9e12800 nmethod 6882 0x0000015be4060510 code [0x0000015be40606e0, 0x0000015be4060968]
Event: 10.280 Thread 0x0000015bf9e12800 6883       1       java.net.JarURLConnection::getEntryName (5 bytes)
Event: 10.280 Thread 0x0000015bf9e12800 nmethod 6883 0x0000015beab83d90 code [0x0000015beab83f40, 0x0000015beab83ff8]
Event: 10.286 Thread 0x0000015bf9e12800 6885       1       org.gradle.plugin.use.internal.DefaultPluginId::toString (5 bytes)
Event: 10.286 Thread 0x0000015bf9e12800 nmethod 6885 0x0000015beab84090 code [0x0000015beab84240, 0x0000015beab842f8]
Event: 10.289 Thread 0x0000015bf9e12800 6886       3       com.google.common.cache.LocalCache$EntryFactory$1::newEntry (12 bytes)
Event: 10.289 Thread 0x0000015bf9e12800 nmethod 6886 0x0000015be4060a90 code [0x0000015be4060c60, 0x0000015be4061058]

GC Heap History (20 events):
Event: 2.275 GC heap before
{Heap before GC invocations=4 (full 0):
 garbage-first heap   total 131072K, used 69503K [0x0000000080000000, 0x0000000100000000)
  region size 1024K, 53 young (54272K), 2 survivors (2048K)
 Metaspace       used 26205K, capacity 26806K, committed 27008K, reserved 1073152K
  class space    used 3409K, capacity 3630K, committed 3712K, reserved 1048576K
}
Event: 2.281 GC heap after
{Heap after GC invocations=5 (full 0):
 garbage-first heap   total 131072K, used 19032K [0x0000000080000000, 0x0000000100000000)
  region size 1024K, 3 young (3072K), 3 survivors (3072K)
 Metaspace       used 26205K, capacity 26806K, committed 27008K, reserved 1073152K
  class space    used 3409K, capacity 3630K, committed 3712K, reserved 1048576K
}
Event: 3.320 GC heap before
{Heap before GC invocations=5 (full 0):
 garbage-first heap   total 131072K, used 78424K [0x0000000080000000, 0x0000000100000000)
  region size 1024K, 61 young (62464K), 3 survivors (3072K)
 Metaspace       used 34190K, capacity 35014K, committed 35328K, reserved 1079296K
  class space    used 4453K, capacity 4775K, committed 4864K, reserved 1048576K
}
Event: 3.328 GC heap after
{Heap after GC invocations=6 (full 0):
 garbage-first heap   total 131072K, used 22020K [0x0000000080000000, 0x0000000100000000)
  region size 1024K, 6 young (6144K), 6 survivors (6144K)
 Metaspace       used 34190K, capacity 35014K, committed 35328K, reserved 1079296K
  class space    used 4453K, capacity 4775K, committed 4864K, reserved 1048576K
}
Event: 3.360 GC heap before
{Heap before GC invocations=6 (full 0):
 garbage-first heap   total 131072K, used 22020K [0x0000000080000000, 0x0000000100000000)
  region size 1024K, 7 young (7168K), 6 survivors (6144K)
 Metaspace       used 34872K, capacity 35654K, committed 35840K, reserved 1081344K
  class space    used 4532K, capacity 4839K, committed 4864K, reserved 1048576K
}
Event: 3.375 GC heap after
{Heap after GC invocations=7 (full 0):
 garbage-first heap   total 157696K, used 22346K [0x0000000080000000, 0x0000000100000000)
  region size 1024K, 4 young (4096K), 4 survivors (4096K)
 Metaspace       used 34872K, capacity 35654K, committed 35840K, reserved 1081344K
  class space    used 4532K, capacity 4839K, committed 4864K, reserved 1048576K
}
Event: 4.398 GC heap before
{Heap before GC invocations=8 (full 0):
 garbage-first heap   total 157696K, used 85834K [0x0000000080000000, 0x0000000100000000)
  region size 1024K, 64 young (65536K), 4 survivors (4096K)
 Metaspace       used 39734K, capacity 40646K, committed 40832K, reserved 1085440K
  class space    used 5099K, capacity 5433K, committed 5504K, reserved 1048576K
}
Event: 4.412 GC heap after
{Heap after GC invocations=9 (full 0):
 garbage-first heap   total 157696K, used 27562K [0x0000000080000000, 0x0000000100000000)
  region size 1024K, 8 young (8192K), 8 survivors (8192K)
 Metaspace       used 39734K, capacity 40646K, committed 40832K, reserved 1085440K
  class space    used 5099K, capacity 5433K, committed 5504K, reserved 1048576K
}
Event: 5.311 GC heap before
{Heap before GC invocations=9 (full 0):
 garbage-first heap   total 157696K, used 93098K [0x0000000080000000, 0x0000000100000000)
  region size 1024K, 71 young (72704K), 8 survivors (8192K)
 Metaspace       used 45297K, capacity 46374K, committed 46464K, reserved 1089536K
  class space    used 5832K, capacity 6204K, committed 6272K, reserved 1048576K
}
Event: 5.324 GC heap after
{Heap after GC invocations=10 (full 0):
 garbage-first heap   total 157696K, used 30720K [0x0000000080000000, 0x0000000100000000)
  region size 1024K, 8 young (8192K), 8 survivors (8192K)
 Metaspace       used 45297K, capacity 46374K, committed 46464K, reserved 1089536K
  class space    used 5832K, capacity 6204K, committed 6272K, reserved 1048576K
}
Event: 6.414 GC heap before
{Heap before GC invocations=10 (full 0):
 garbage-first heap   total 157696K, used 98304K [0x0000000080000000, 0x0000000100000000)
  region size 1024K, 74 young (75776K), 8 survivors (8192K)
 Metaspace       used 48435K, capacity 49727K, committed 50048K, reserved 1093632K
  class space    used 6206K, capacity 6678K, committed 6784K, reserved 1048576K
}
Event: 6.427 GC heap after
{Heap after GC invocations=11 (full 0):
 garbage-first heap   total 157696K, used 35149K [0x0000000080000000, 0x0000000100000000)
  region size 1024K, 8 young (8192K), 8 survivors (8192K)
 Metaspace       used 48435K, capacity 49727K, committed 50048K, reserved 1093632K
  class space    used 6206K, capacity 6678K, committed 6784K, reserved 1048576K
}
Event: 7.639 GC heap before
{Heap before GC invocations=11 (full 0):
 garbage-first heap   total 157696K, used 112973K [0x0000000080000000, 0x0000000100000000)
  region size 1024K, 75 young (76800K), 8 survivors (8192K)
 Metaspace       used 55797K, capacity 57228K, committed 57344K, reserved 1099776K
  class space    used 7108K, capacity 7626K, committed 7680K, reserved 1048576K
}
Event: 7.653 GC heap after
{Heap after GC invocations=12 (full 0):
 garbage-first heap   total 189440K, used 52416K [0x0000000080000000, 0x0000000100000000)
  region size 1024K, 10 young (10240K), 10 survivors (10240K)
 Metaspace       used 55797K, capacity 57228K, committed 57344K, reserved 1099776K
  class space    used 7108K, capacity 7626K, committed 7680K, reserved 1048576K
}
Event: 8.018 GC heap before
{Heap before GC invocations=12 (full 0):
 garbage-first heap   total 189440K, used 68800K [0x0000000080000000, 0x0000000100000000)
  region size 1024K, 27 young (27648K), 10 survivors (10240K)
 Metaspace       used 58306K, capacity 59767K, committed 59948K, reserved 1101824K
  class space    used 7436K, capacity 7959K, committed 8064K, reserved 1048576K
}
Event: 8.031 GC heap after
{Heap after GC invocations=13 (full 0):
 garbage-first heap   total 189440K, used 54098K [0x0000000080000000, 0x0000000100000000)
  region size 1024K, 2 young (2048K), 2 survivors (2048K)
 Metaspace       used 58306K, capacity 59767K, committed 59948K, reserved 1101824K
  class space    used 7436K, capacity 7959K, committed 8064K, reserved 1048576K
}
Event: 9.114 GC heap before
{Heap before GC invocations=14 (full 0):
 garbage-first heap   total 189440K, used 110418K [0x0000000080000000, 0x0000000100000000)
  region size 1024K, 58 young (59392K), 2 survivors (2048K)
 Metaspace       used 64180K, capacity 65755K, committed 65920K, reserved 1105920K
  class space    used 8176K, capacity 8753K, committed 8832K, reserved 1048576K
}
Event: 9.126 GC heap after
{Heap after GC invocations=15 (full 0):
 garbage-first heap   total 189440K, used 58226K [0x0000000080000000, 0x0000000100000000)
  region size 1024K, 6 young (6144K), 6 survivors (6144K)
 Metaspace       used 64180K, capacity 65755K, committed 65920K, reserved 1105920K
  class space    used 8176K, capacity 8753K, committed 8832K, reserved 1048576K
}
Event: 10.031 GC heap before
{Heap before GC invocations=16 (full 0):
 garbage-first heap   total 189440K, used 119666K [0x0000000080000000, 0x0000000100000000)
  region size 1024K, 65 young (66560K), 6 survivors (6144K)
 Metaspace       used 67556K, capacity 69288K, committed 69376K, reserved 1110016K
  class space    used 8599K, capacity 9196K, committed 9216K, reserved 1048576K
}
Event: 10.045 GC heap after
{Heap after GC invocations=17 (full 0):
 garbage-first heap   total 189440K, used 62343K [0x0000000080000000, 0x0000000100000000)
  region size 1024K, 5 young (5120K), 5 survivors (5120K)
 Metaspace       used 67556K, capacity 69288K, committed 69376K, reserved 1110016K
  class space    used 8599K, capacity 9196K, committed 9216K, reserved 1048576K
}

Deoptimization events (20 events):
Event: 9.742 Thread 0x0000015bfd1de000 DEOPT PACKING pc=0x0000015beab5b960 sp=0x0000003de1ff7db0
Event: 9.742 Thread 0x0000015bfd1de000 DEOPT UNPACKING pc=0x0000015be2cda1af sp=0x0000003de1ff7d70 mode 2
Event: 9.804 Thread 0x0000015bfd1de000 DEOPT PACKING pc=0x0000015be36c5379 sp=0x0000003de1ff8aa0
Event: 9.804 Thread 0x0000015bfd1de000 DEOPT UNPACKING pc=0x0000015be2cda95e sp=0x0000003de1ff7f68 mode 0
Event: 9.871 Thread 0x0000015bfd1de000 Uncommon trap: trap_request=0xffffff4d fr.pc=0x0000015bea900d80 relative=0x0000000000000340
Event: 9.871 Thread 0x0000015bfd1de000 Uncommon trap: reason=unstable_if action=reinterpret pc=0x0000015bea900d80 method=java.util.StringJoiner.add(Ljava/lang/CharSequence;)Ljava/util/StringJoiner; @ 33 c2
Event: 9.871 Thread 0x0000015bfd1de000 DEOPT PACKING pc=0x0000015bea900d80 sp=0x0000003de1ff5980
Event: 9.871 Thread 0x0000015bfd1de000 DEOPT UNPACKING pc=0x0000015be2cda1af sp=0x0000003de1ff5930 mode 2
Event: 9.981 Thread 0x0000015bfd1de000 Uncommon trap: trap_request=0xfffffff4 fr.pc=0x0000015beab73924 relative=0x0000000000000984
Event: 9.981 Thread 0x0000015bfd1de000 Uncommon trap: reason=null_check action=make_not_entrant pc=0x0000015beab73924 method=com.sun.beans.introspect.MethodInfo$MethodOrder.compare(Ljava/lang/reflect/Method;Ljava/lang/reflect/Method;)I @ 133 c2
Event: 9.981 Thread 0x0000015bfd1de000 DEOPT PACKING pc=0x0000015beab73924 sp=0x0000003de1ff38d0
Event: 9.981 Thread 0x0000015bfd1de000 DEOPT UNPACKING pc=0x0000015be2cda1af sp=0x0000003de1ff3870 mode 2
Event: 10.004 Thread 0x0000015bfd1de000 Uncommon trap: trap_request=0xffffff4d fr.pc=0x0000015beaa363e0 relative=0x0000000000000e00
Event: 10.004 Thread 0x0000015bfd1de000 Uncommon trap: reason=unstable_if action=reinterpret pc=0x0000015beaa363e0 method=org.codehaus.groovy.runtime.metaclass.MetaMethodIndex.isOverridden(Lgroovy/lang/MetaMethod;Lgroovy/lang/MetaMethod;)Z @ 33 c2
Event: 10.004 Thread 0x0000015bfd1de000 DEOPT PACKING pc=0x0000015beaa363e0 sp=0x0000003de1ff3e80
Event: 10.004 Thread 0x0000015bfd1de000 DEOPT UNPACKING pc=0x0000015be2cda1af sp=0x0000003de1ff3dd8 mode 2
Event: 10.062 Thread 0x0000015bfd1de000 Uncommon trap: trap_request=0xffffff4d fr.pc=0x0000015beaaa9124 relative=0x0000000000000a44
Event: 10.062 Thread 0x0000015bfd1de000 Uncommon trap: reason=unstable_if action=reinterpret pc=0x0000015beaaa9124 method=java.util.WeakHashMap.put(Ljava/lang/Object;Ljava/lang/Object;)Ljava/lang/Object; @ 59 c2
Event: 10.062 Thread 0x0000015bfd1de000 DEOPT PACKING pc=0x0000015beaaa9124 sp=0x0000003de1ff3a30
Event: 10.062 Thread 0x0000015bfd1de000 DEOPT UNPACKING pc=0x0000015be2cda1af sp=0x0000003de1ff3a10 mode 2

Classes redefined (0 events):
No events

Internal exceptions (20 events):
Event: 10.193 Thread 0x0000015bfd1de000 Exception <a 'java/lang/ClassNotFoundException'{0x000000008a853360}: com/android/build/gradle/internal/dsl/ResourcesPackagingOptionsImpl$AgpDecorated_DecoratedBeanInfo> (0x000000008a853360) thrown at [./src/hotspot/share/classfile/systemDictionary.cpp, line 231]
Event: 10.193 Thread 0x0000015bfd1de000 Exception <a 'java/lang/ClassNotFoundException'{0x000000008a875458}: com/android/build/gradle/internal/dsl/ResourcesPackagingOptionsImpl$AgpDecoratedBeanInfo> (0x000000008a875458) thrown at [./src/hotspot/share/classfile/systemDictionary.cpp, line 231]
Event: 10.194 Thread 0x0000015bfd1de000 Exception <a 'java/lang/ClassNotFoundException'{0x000000008a896aa0}: com/android/build/gradle/internal/dsl/ResourcesPackagingOptionsImplBeanInfo> (0x000000008a896aa0) thrown at [./src/hotspot/share/classfile/systemDictionary.cpp, line 231]
Event: 10.195 Thread 0x0000015bfd1de000 Exception <a 'java/lang/ClassNotFoundException'{0x000000008a8b7700}: com/android/build/gradle/internal/dsl/ResourcesPackagingOptionsImplCustomizer> (0x000000008a8b7700) thrown at [./src/hotspot/share/classfile/systemDictionary.cpp, line 231]
Event: 10.196 Thread 0x0000015bfd1de000 Exception <a 'java/lang/ClassNotFoundException'{0x000000008a8e0358}: com/android/build/gradle/internal/dsl/ResourcesPackagingOptionsImpl$AgpDecoratedCustomizer> (0x000000008a8e0358) thrown at [./src/hotspot/share/classfile/systemDictionary.cpp, line 231]
Event: 10.197 Thread 0x0000015bfd1de000 Exception <a 'java/lang/ClassNotFoundException'{0x000000008a712228}: com/android/build/gradle/internal/dsl/ResourcesPackagingOptionsImpl$AgpDecorated_DecoratedCustomizer> (0x000000008a712228) thrown at [./src/hotspot/share/classfile/systemDictionary.cpp, line 231]
Event: 10.203 Thread 0x0000015bfd1de000 Exception <a 'java/lang/ClassNotFoundException'{0x000000008a7f9bf0}: com/android/build/gradle/internal/dsl/decorator/LockableSetBeanInfo> (0x000000008a7f9bf0) thrown at [./src/hotspot/share/classfile/systemDictionary.cpp, line 231]
Event: 10.204 Thread 0x0000015bfd1de000 Exception <a 'java/lang/ClassNotFoundException'{0x000000008a6082d0}: java/util/AbstractSetBeanInfo> (0x000000008a6082d0) thrown at [./src/hotspot/share/classfile/systemDictionary.cpp, line 231]
Event: 10.204 Thread 0x0000015bfd1de000 Exception <a 'java/lang/ClassNotFoundException'{0x000000008a616510}: java/util/AbstractSetCustomizer> (0x000000008a616510) thrown at [./src/hotspot/share/classfile/systemDictionary.cpp, line 231]
Event: 10.206 Thread 0x0000015bfd1de000 Exception <a 'java/lang/ClassNotFoundException'{0x000000008a639460}: com/android/build/gradle/internal/dsl/decorator/LockableSetCustomizer> (0x000000008a639460) thrown at [./src/hotspot/share/classfile/systemDictionary.cpp, line 231]
Event: 10.221 Thread 0x0000015bfd1de000 Exception <a 'java/lang/ClassNotFoundException'{0x000000008a6f91a8}: org/gradle/api/internal/artifacts/dsl/dependencies/DefaultDependencyHandler_DecoratedBeanInfo> (0x000000008a6f91a8) thrown at [./src/hotspot/share/classfile/systemDictionary.cpp, line 231]
Event: 10.222 Thread 0x0000015bfd1de000 Exception <a 'java/lang/ClassNotFoundException'{0x000000008a543ee0}: org/gradle/api/internal/artifacts/dsl/dependencies/DefaultDependencyHandlerBeanInfo> (0x000000008a543ee0) thrown at [./src/hotspot/share/classfile/systemDictionary.cpp, line 231]
Event: 10.225 Thread 0x0000015bfd1de000 Exception <a 'java/lang/ClassNotFoundException'{0x000000008a58e388}: org/gradle/api/internal/artifacts/dsl/dependencies/DefaultDependencyHandlerCustomizer> (0x000000008a58e388) thrown at [./src/hotspot/share/classfile/systemDictionary.cpp, line 231]
Event: 10.229 Thread 0x0000015bfd1de000 Exception <a 'java/lang/ClassNotFoundException'{0x000000008a5ffa90}: org/gradle/api/internal/artifacts/dsl/dependencies/DefaultDependencyHandler_DecoratedCustomizer> (0x000000008a5ffa90) thrown at [./src/hotspot/share/classfile/systemDictionary.cpp, line 231]
Event: 10.240 Thread 0x0000015bfd1de000 Exception <a 'java/lang/ClassNotFoundException'{0x000000008a4ee388}: groovy/lang/GString$1BeanInfo> (0x000000008a4ee388) thrown at [./src/hotspot/share/classfile/systemDictionary.cpp, line 231]
Event: 10.242 Thread 0x0000015bfd1de000 Exception <a 'java/lang/ClassNotFoundException'{0x000000008a32a3b0}: groovy/lang/GStringBeanInfo> (0x000000008a32a3b0) thrown at [./src/hotspot/share/classfile/systemDictionary.cpp, line 231]
Event: 10.244 Thread 0x0000015bfd1de000 Exception <a 'java/lang/ClassNotFoundException'{0x000000008a365fb0}: groovy/lang/GStringCustomizer> (0x000000008a365fb0) thrown at [./src/hotspot/share/classfile/systemDictionary.cpp, line 231]
Event: 10.245 Thread 0x0000015bfd1de000 Exception <a 'java/lang/ClassNotFoundException'{0x000000008a3abe20}: groovy/lang/GString$1Customizer> (0x000000008a3abe20) thrown at [./src/hotspot/share/classfile/systemDictionary.cpp, line 231]
Event: 10.253 Thread 0x0000015bfd1de000 Exception <a 'java/lang/ClassNotFoundException'{0x0000000089f6b348}: org/codehaus/groovy/runtime/GStringImplBeanInfo> (0x0000000089f6b348) thrown at [./src/hotspot/share/classfile/systemDictionary.cpp, line 231]
Event: 10.258 Thread 0x0000015bfd1de000 Exception <a 'java/lang/ClassNotFoundException'{0x0000000089c26598}: org/codehaus/groovy/runtime/GStringImplCustomizer> (0x0000000089c26598) thrown at [./src/hotspot/share/classfile/systemDictionary.cpp, line 231]

Events (20 events):
Event: 10.326 loading class kotlin/jvm/internal/TypeIntrinsics
Event: 10.326 loading class kotlin/jvm/internal/TypeIntrinsics done
Event: 10.326 loading class kotlin/jvm/internal/TypeIntrinsics
Event: 10.326 loading class kotlin/jvm/internal/TypeIntrinsics done
Event: 10.328 loading class com/google/common/collect/Lists$ReverseList
Event: 10.328 loading class com/google/common/collect/Lists$ReverseList done
Event: 10.329 loading class com/google/common/collect/Lists$RandomAccessReverseList
Event: 10.329 loading class com/google/common/collect/Lists$RandomAccessReverseList done
Event: 10.330 loading class com/google/common/collect/Lists$ReverseList$1
Event: 10.330 loading class com/google/common/collect/Lists$ReverseList$1 done
Event: 10.330 loading class com/android/build/gradle/internal/core/VariantDslInfoImpl$manifestPlaceholders$2
Event: 10.330 loading class com/android/build/gradle/internal/core/VariantDslInfoImpl$manifestPlaceholders$2 done
Event: 10.331 loading class com/android/build/gradle/internal/core/VariantDslInfoImpl$_postProcessingOptions$1
Event: 10.331 loading class com/android/build/gradle/internal/core/VariantDslInfoImpl$_postProcessingOptions$1 done
Event: 10.332 loading class com/android/build/gradle/internal/core/PostProcessingOptions
Event: 10.332 loading class com/android/build/gradle/internal/core/PostProcessingOptions done
Event: 10.333 loading class com/android/build/api/variant/DependenciesInfoBuilder
Event: 10.333 loading class com/android/build/api/variant/DependenciesInfoBuilder done
Event: 10.333 loading class com/android/build/api/variant/AndroidVersion
Event: 10.333 loading class com/android/build/api/variant/AndroidVersion done


Dynamic libraries:
0x00007ff7b2c70000 - 0x00007ff7b2c7a000 	C:\Program Files\Android\Android Studio\jre\bin\java.exe
0x00007ffa67870000 - 0x00007ffa67a68000 	C:\Windows\SYSTEM32\ntdll.dll
0x00007ffa67300000 - 0x00007ffa673bd000 	C:\Windows\System32\KERNEL32.DLL
0x00007ffa65340000 - 0x00007ffa6560e000 	C:\Windows\System32\KERNELBASE.dll
0x00007ffa656c0000 - 0x00007ffa657c0000 	C:\Windows\System32\ucrtbase.dll
0x00007ffa5e190000 - 0x00007ffa5e1a7000 	C:\Program Files\Android\Android Studio\jre\bin\VCRUNTIME140.dll
0x00007ffa5e170000 - 0x00007ffa5e189000 	C:\Program Files\Android\Android Studio\jre\bin\jli.dll
0x00007ffa65a70000 - 0x00007ffa65c10000 	C:\Windows\System32\USER32.dll
0x00007ffa650a0000 - 0x00007ffa650c2000 	C:\Windows\System32\win32u.dll
0x00007ffa65a40000 - 0x00007ffa65a6a000 	C:\Windows\System32\GDI32.dll
0x00007ffa65230000 - 0x00007ffa6533b000 	C:\Windows\System32\gdi32full.dll
0x00007ffa47560000 - 0x00007ffa477fa000 	C:\Windows\WinSxS\amd64_microsoft.windows.common-controls_6595b64144ccf1df_6.0.19041.1110_none_60b5254171f9507e\COMCTL32.dll
0x00007ffa64f90000 - 0x00007ffa6502d000 	C:\Windows\System32\msvcp_win.dll
0x00007ffa665a0000 - 0x00007ffa6663e000 	C:\Windows\System32\msvcrt.dll
0x00007ffa65a10000 - 0x00007ffa65a40000 	C:\Windows\System32\IMM32.DLL
0x00007ffa10bb0000 - 0x00007ffa10c4d000 	C:\Program Files\Android\Android Studio\jre\bin\msvcp140.dll
0x00007ff9e47d0000 - 0x00007ff9e52b5000 	C:\Program Files\Android\Android Studio\jre\bin\server\jvm.dll
0x00007ffa65d50000 - 0x00007ffa65dfe000 	C:\Windows\System32\ADVAPI32.dll
0x00007ffa660c0000 - 0x00007ffa6615c000 	C:\Windows\System32\sechost.dll
0x00007ffa66d90000 - 0x00007ffa66eb5000 	C:\Windows\System32\RPCRT4.dll
0x00007ffa65e00000 - 0x00007ffa65e08000 	C:\Windows\System32\PSAPI.DLL
0x00007ffa48d50000 - 0x00007ffa48d59000 	C:\Windows\SYSTEM32\WSOCK32.dll
0x00007ffa53b40000 - 0x00007ffa53b67000 	C:\Windows\SYSTEM32\WINMM.dll
0x00007ffa5c990000 - 0x00007ffa5c99a000 	C:\Windows\SYSTEM32\VERSION.dll
0x00007ffa66530000 - 0x00007ffa6659b000 	C:\Windows\System32\WS2_32.dll
0x00007ffa63800000 - 0x00007ffa63812000 	C:\Windows\SYSTEM32\kernel.appcore.dll
0x00007ffa48ca0000 - 0x00007ffa48cb1000 	C:\Program Files\Android\Android Studio\jre\bin\verify.dll
0x00007ffa62d80000 - 0x00007ffa62f64000 	C:\Windows\SYSTEM32\DBGHELP.DLL
0x00007ffa550f0000 - 0x00007ffa5511c000 	C:\Windows\SYSTEM32\dbgcore.DLL
0x00007ffa65840000 - 0x00007ffa658c2000 	C:\Windows\System32\bcryptPrimitives.dll
0x00007ffa3f970000 - 0x00007ffa3f999000 	C:\Program Files\Android\Android Studio\jre\bin\java.dll
0x00007ffa48980000 - 0x00007ffa4898b000 	C:\Program Files\Android\Android Studio\jre\bin\jimage.dll
0x00007ffa41440000 - 0x00007ffa41458000 	C:\Program Files\Android\Android Studio\jre\bin\zip.dll
0x00007ffa66640000 - 0x00007ffa66d83000 	C:\Windows\System32\SHELL32.dll
0x00007ffa63060000 - 0x00007ffa637f5000 	C:\Windows\SYSTEM32\windows.storage.dll
0x00007ffa661d0000 - 0x00007ffa66524000 	C:\Windows\System32\combase.dll
0x00007ffa649f0000 - 0x00007ffa64a20000 	C:\Windows\SYSTEM32\Wldp.dll
0x00007ffa65ca0000 - 0x00007ffa65d4d000 	C:\Windows\System32\SHCORE.dll
0x00007ffa65e10000 - 0x00007ffa65e65000 	C:\Windows\System32\shlwapi.dll
0x00007ffa64ed0000 - 0x00007ffa64eef000 	C:\Windows\SYSTEM32\profapi.dll
0x00007ffa41400000 - 0x00007ffa4141a000 	C:\Program Files\Android\Android Studio\jre\bin\net.dll
0x00007ffa55d40000 - 0x00007ffa55e4a000 	C:\Windows\SYSTEM32\WINHTTP.dll
0x00007ffa64750000 - 0x00007ffa647ba000 	C:\Windows\system32\mswsock.dll
0x00007ffa3d730000 - 0x00007ffa3d744000 	C:\Program Files\Android\Android Studio\jre\bin\nio.dll
0x00007ffa38110000 - 0x00007ffa38137000 	C:\Users\lenovo\.gradle\native\e1d6ef7f7dcc3fd88c89a11ec53ec762bb8ba0a96d01ffa2cd45eb1d1d8dd5c5\windows-amd64\native-platform.dll
0x00007ffa0bf80000 - 0x00007ffa0c0c4000 	C:\Users\lenovo\.gradle\native\5664cfc778a61ccfe75a443a1ab52a65af34e5dc3c78e0209fed803814484fcb\windows-amd64\native-platform-file-events.dll
0x00007ffa48630000 - 0x00007ffa4863a000 	C:\Program Files\Android\Android Studio\jre\bin\management.dll
0x00007ffa48550000 - 0x00007ffa4855d000 	C:\Program Files\Android\Android Studio\jre\bin\management_ext.dll
0x00007ffa64940000 - 0x00007ffa64958000 	C:\Windows\SYSTEM32\CRYPTSP.dll
0x00007ffa64060000 - 0x00007ffa64094000 	C:\Windows\system32\rsaenh.dll
0x00007ffa657c0000 - 0x00007ffa657e7000 	C:\Windows\System32\bcrypt.dll
0x00007ffa64e90000 - 0x00007ffa64ebe000 	C:\Windows\SYSTEM32\USERENV.dll
0x00007ffa64960000 - 0x00007ffa6496c000 	C:\Windows\SYSTEM32\CRYPTBASE.dll
0x00007ffa643f0000 - 0x00007ffa6442b000 	C:\Windows\SYSTEM32\IPHLPAPI.DLL
0x00007ffa65c90000 - 0x00007ffa65c98000 	C:\Windows\System32\NSI.dll
0x00007ffa57910000 - 0x00007ffa57927000 	C:\Windows\SYSTEM32\dhcpcsvc6.DLL
0x00007ffa57360000 - 0x00007ffa5737d000 	C:\Windows\SYSTEM32\dhcpcsvc.DLL
0x00007ffa64430000 - 0x00007ffa644fa000 	C:\Windows\SYSTEM32\DNSAPI.dll

dbghelp: loaded successfully - version: 4.0.5 - missing functions: none
symbol engine: initialized successfully - sym options: 0x614 - pdb path: .;C:\Program Files\Android\Android Studio\jre\bin;C:\Windows\SYSTEM32;C:\Windows\WinSxS\amd64_microsoft.windows.common-controls_6595b64144ccf1df_6.0.19041.1110_none_60b5254171f9507e;C:\Program Files\Android\Android Studio\jre\bin\server;C:\Users\lenovo\.gradle\native\e1d6ef7f7dcc3fd88c89a11ec53ec762bb8ba0a96d01ffa2cd45eb1d1d8dd5c5\windows-amd64;C:\Users\lenovo\.gradle\native\5664cfc778a61ccfe75a443a1ab52a65af34e5dc3c78e0209fed803814484fcb\windows-amd64

VM Arguments:
jvm_args: --add-opens=java.base/java.util=ALL-UNNAMED --add-opens=java.base/java.lang=ALL-UNNAMED --add-opens=java.base/java.lang.invoke=ALL-UNNAMED --add-opens=java.base/java.util=ALL-UNNAMED --add-opens=java.prefs/java.util.prefs=ALL-UNNAMED --add-opens=java.prefs/java.util.prefs=ALL-UNNAMED --add-opens=java.base/java.nio.charset=ALL-UNNAMED --add-opens=java.base/java.net=ALL-UNNAMED --add-opens=java.base/java.util.concurrent.atomic=ALL-UNNAMED -Xmx2048m -Dfile.encoding=UTF-8 -Duser.country=US -Duser.language=en -Duser.variant 
java_command: org.gradle.launcher.daemon.bootstrap.GradleDaemon 7.3.3
java_class_path (initial): C:\Users\lenovo\.gradle\wrapper\dists\gradle-7.3.3-bin\6a41zxkdtcxs8rphpq6y0069z\gradle-7.3.3\lib\gradle-launcher-7.3.3.jar
Launcher Type: SUN_STANDARD

[Global flags]
     intx CICompilerCount                          = 4                                         {product} {ergonomic}
     uint ConcGCThreads                            = 2                                         {product} {ergonomic}
     uint G1ConcRefinementThreads                  = 8                                         {product} {ergonomic}
   size_t G1HeapRegionSize                         = 1048576                                   {product} {ergonomic}
    uintx GCDrainStackTargetSize                   = 64                                        {product} {ergonomic}
   size_t InitialHeapSize                          = 134217728                                 {product} {ergonomic}
   size_t MarkStackSize                            = 4194304                                   {product} {ergonomic}
   size_t MaxHeapSize                              = 2147483648                                {product} {command line}
   size_t MaxNewSize                               = 1287651328                                {product} {ergonomic}
   size_t MinHeapDeltaBytes                        = 1048576                                   {product} {ergonomic}
    uintx NonNMethodCodeHeapSize                   = 5836300                                {pd product} {ergonomic}
    uintx NonProfiledCodeHeapSize                  = 122910970                              {pd product} {ergonomic}
    uintx ProfiledCodeHeapSize                     = 122910970                              {pd product} {ergonomic}
    uintx ReservedCodeCacheSize                    = 251658240                              {pd product} {ergonomic}
     bool SegmentedCodeCache                       = true                                      {product} {ergonomic}
     bool UseCompressedClassPointers               = true                                 {lp64_product} {ergonomic}
     bool UseCompressedOops                        = true                                 {lp64_product} {ergonomic}
     bool UseG1GC                                  = true                                      {product} {ergonomic}
     bool UseLargePagesIndividualAllocation        = false                                  {pd product} {ergonomic}

Logging:
Log output configuration:
 #0: stdout all=warning uptime,level,tags
 #1: stderr all=off uptime,level,tags

Environment Variables:
PATH=C:\Program Files (x86)\Common Files\Oracle\Java\javapath;C:\Windows\system32;C:\Windows;C:\Windows\System32\Wbem;C:\Windows\System32\WindowsPowerShell\v1.0\;C:\Windows\System32\OpenSSH\;C:\Program Files\Git\cmd;C:\Users\lenovo\AppData\Local\Microsoft\WindowsApps;C:\Program Files\JetBrains\IntelliJ IDEA Community Edition 2022.2\bin;;C:\tools\dart-sdk\bin;
USERNAME=lenovo
OS=Windows_NT
PROCESSOR_IDENTIFIER=Intel64 Family 6 Model 142 Stepping 10, GenuineIntel



---------------  S Y S T E M  ---------------

OS: Windows 10 , 64 bit Build 19041 (10.0.19041.1889)
OS uptime: 0 days 10:49 hours

CPU:total 8 (initial active 8) (4 cores per cpu, 2 threads per core) family 6 model 142 stepping 10 microcode 0xb4, cmov, cx8, fxsr, mmx, sse, sse2, sse3, ssse3, sse4.1, sse4.2, popcnt, avx, avx2, aes, clmul, erms, 3dnowpref, lzcnt, ht, tsc, tscinvbit, bmi1, bmi2, adx, fma

Memory: 4k page, system-wide physical 8101M (1252M free)
TotalPageFile size 10149M (AvailPageFile size 5M)
current process WorkingSet (physical memory assigned to process): 411M, peak: 411M
current process commit charge ("private bytes"): 451M, peak: 453M

vm_info: OpenJDK 64-Bit Server VM (11.0.12+7-b1504.28-7817840) for windows-amd64 JRE (11.0.12+7-b1504.28-7817840), built on Oct 13 2021 22:12:33 by "builder" with MS VC++ 14.0 (VS2015)

END.
