#
# There is insufficient memory for the Java Runtime Environment to continue.
# Native memory allocation (malloc) failed to allocate 362096 bytes for Chunk::new
# Possible reasons:
#   The system is out of physical RAM or swap space
#   The process is running with CompressedOops enabled, and the Java Heap may be blocking the growth of the native heap
# Possible solutions:
#   Reduce memory load on the system
#   Increase physical memory or swap space
#   Check if swap backing store is full
#   Decrease Java heap size (-Xmx/-Xms)
#   Decrease number of Java threads
#   Decrease Java thread stack sizes (-Xss)
#   Set larger code cache with -XX:ReservedCodeCacheSize=
#   JVM is running with Unscaled Compressed Oops mode in which the Java heap is
#     placed in the first 4GB address space. The Java Heap base address is the
#     maximum limit for the native heap growth. Please use -XX:HeapBaseMinAddress
#     to set the Java Heap base and to place the Java Heap above 4GB virtual address.
# This output file may be truncated or incomplete.
#
#  Out of Memory Error (./src/hotspot/share/memory/arena.cpp:197), pid=7004, tid=8452
#
# JRE version: OpenJDK Runtime Environment (11.0.12+7) (build 11.0.12+7-b1504.28-7817840)
# Java VM: OpenJDK 64-Bit Server VM (11.0.12+7-b1504.28-7817840, mixed mode, tiered, compressed oops, g1 gc, windows-amd64)
# No core dump will be written. Minidumps are not enabled by default on client versions of Windows
#

---------------  S U M M A R Y ------------

Command Line: --add-opens=java.base/java.util=ALL-UNNAMED --add-opens=java.base/java.lang=ALL-UNNAMED --add-opens=java.base/java.lang.invoke=ALL-UNNAMED --add-opens=java.base/java.util=ALL-UNNAMED --add-opens=java.prefs/java.util.prefs=ALL-UNNAMED --add-opens=java.prefs/java.util.prefs=ALL-UNNAMED --add-opens=java.base/java.nio.charset=ALL-UNNAMED --add-opens=java.base/java.net=ALL-UNNAMED --add-opens=java.base/java.util.concurrent.atomic=ALL-UNNAMED -Xmx2048m -Dfile.encoding=UTF-8 -Duser.country=US -Duser.language=en -Duser.variant org.gradle.launcher.daemon.bootstrap.GradleDaemon 7.3.3

Host: Intel(R) Core(TM) i7-8550U CPU @ 1.80GHz, 8 cores, 7G,  Windows 10 , 64 bit Build 19041 (10.0.19041.1889)
Time: Tue Oct  4 04:29:37 2022 Egypt Standard Time elapsed time: 10.214950 seconds (0d 0h 0m 10s)

---------------  T H R E A D  ---------------

Current thread (0x000002abd6f21000):  JavaThread "C2 CompilerThread1" daemon [_thread_in_native, id=8452, stack(0x000000da41500000,0x000000da41600000)]


Current CompileTask:
C2:  10215 6723       4       groovy.lang.MetaClassImpl::filterPropertyMethod (305 bytes)

Stack: [0x000000da41500000,0x000000da41600000]
Native frames: (J=compiled Java code, j=interpreted, Vv=VM code, C=native code)
V  [jvm.dll+0x5fbcea]
V  [jvm.dll+0x731905]
V  [jvm.dll+0x732f1d]
V  [jvm.dll+0x7335d3]
V  [jvm.dll+0x247bf8]
V  [jvm.dll+0xc018c]
V  [jvm.dll+0xc06cc]
V  [jvm.dll+0x35b31d]
V  [jvm.dll+0x19d0bc]
V  [jvm.dll+0x20070e]
V  [jvm.dll+0x1ff794]
V  [jvm.dll+0x18868c]
V  [jvm.dll+0x20e0d7]
V  [jvm.dll+0x20c901]
V  [jvm.dll+0x6f9b7f]
V  [jvm.dll+0x6f26a5]
V  [jvm.dll+0x5fabf6]
C  [ucrtbase.dll+0x21bb2]
C  [KERNEL32.DLL+0x17034]
C  [ntdll.dll+0x526a1]


---------------  P R O C E S S  ---------------

Threads class SMR info:
_java_thread_list=0x000002abdf9baa00, length=124, elements={
0x000002abb9e2c000, 0x000002abd6272800, 0x000002abd627e000, 0x000002abd6c05800,
0x000002abd6c08000, 0x000002abd6c0a000, 0x000002abd6c0e000, 0x000002abd6c0f000,
0x000002abd6c12800, 0x000002abd6d51000, 0x000002abd6f21000, 0x000002abd950d000,
0x000002abd9c00800, 0x000002abd8c15800, 0x000002abd8df6000, 0x000002abd9445000,
0x000002abd9959000, 0x000002abd8aef000, 0x000002abd9549000, 0x000002abd90cd800,
0x000002abd959d800, 0x000002abd95a2000, 0x000002abd95a3000, 0x000002abd95a4000,
0x000002abd95a0000, 0x000002abd95a0800, 0x000002abd959e000, 0x000002abd95a1800,
0x000002abd959f000, 0x000002abda945000, 0x000002abda6de800, 0x000002abda6e0800,
0x000002abda6dd000, 0x000002abda6e2000, 0x000002abda6dc000, 0x000002abda6e3000,
0x000002abda6e5000, 0x000002abda6df800, 0x000002abda6e6000, 0x000002abda6ea000,
0x000002abda6e4800, 0x000002abda6eb000, 0x000002abda6e7000, 0x000002abda6e7800,
0x000002abda6e8800, 0x000002abda6e9800, 0x000002abdc257000, 0x000002abdc258800,
0x000002abdc257800, 0x000002abdc259800, 0x000002abdc25a000, 0x000002abdc25b000,
0x000002abdc256000, 0x000002abdc255000, 0x000002abdc25c000, 0x000002abdc25e000,
0x000002abdc260800, 0x000002abdc262800, 0x000002abdc25c800, 0x000002abdc263000,
0x000002abdc25f000, 0x000002abdc260000, 0x000002abdc261800, 0x000002abdc25d800,
0x000002abdc264000, 0x000002abd9390000, 0x000002abd938e800, 0x000002abd9392800,
0x000002abd9393000, 0x000002abd9394000, 0x000002abd9395000, 0x000002abd938f000,
0x000002abd9395800, 0x000002abd9396800, 0x000002abd9390800, 0x000002abd9397000,
0x000002abd9391800, 0x000002abd9399000, 0x000002abd939a800, 0x000002abd9398000,
0x000002abd9399800, 0x000002abd939b800, 0x000002abd939c000, 0x000002abd939d000,
0x000002abdc03f000, 0x000002abdc03f800, 0x000002abdc041800, 0x000002abdc03c800,
0x000002abdc03d000, 0x000002abdc042000, 0x000002abdc043000, 0x000002abdc040800,
0x000002abdc043800, 0x000002abdc03e000, 0x000002abdc04a000, 0x000002abdc048800,
0x000002abdc045800, 0x000002abdc046000, 0x000002abdc044800, 0x000002abdc047000,
0x000002abdc048000, 0x000002abdc049800, 0x000002abdc04b000, 0x000002abda086800,
0x000002abda08c800, 0x000002abda08b800, 0x000002abda089000, 0x000002abda088000,
0x000002abda08d000, 0x000002abda08a800, 0x000002abda08a000, 0x000002abda087800,
0x000002abda093800, 0x000002abda091000, 0x000002abda093000, 0x000002abda08e000,
0x000002abda092000, 0x000002abda08e800, 0x000002abda094800, 0x000002abda095000,
0x000002abda08f800, 0x000002abda090800, 0x000002abdd885800, 0x000002abdd886000
}

Java Threads: ( => current thread )
  0x000002abb9e2c000 JavaThread "main" [_thread_blocked, id=9328, stack(0x000000da40400000,0x000000da40500000)]
  0x000002abd6272800 JavaThread "Reference Handler" daemon [_thread_blocked, id=13796, stack(0x000000da40b00000,0x000000da40c00000)]
  0x000002abd627e000 JavaThread "Finalizer" daemon [_thread_blocked, id=11748, stack(0x000000da40c00000,0x000000da40d00000)]
  0x000002abd6c05800 JavaThread "Signal Dispatcher" daemon [_thread_blocked, id=3756, stack(0x000000da40d00000,0x000000da40e00000)]
  0x000002abd6c08000 JavaThread "Attach Listener" daemon [_thread_blocked, id=8576, stack(0x000000da40e00000,0x000000da40f00000)]
  0x000002abd6c0a000 JavaThread "Service Thread" daemon [_thread_blocked, id=1972, stack(0x000000da40f00000,0x000000da41000000)]
  0x000002abd6c0e000 JavaThread "C2 CompilerThread0" daemon [_thread_in_native, id=7156, stack(0x000000da41000000,0x000000da41100000)]
  0x000002abd6c0f000 JavaThread "C1 CompilerThread0" daemon [_thread_blocked, id=7660, stack(0x000000da41100000,0x000000da41200000)]
  0x000002abd6c12800 JavaThread "Sweeper thread" daemon [_thread_blocked, id=7404, stack(0x000000da41200000,0x000000da41300000)]
  0x000002abd6d51000 JavaThread "Common-Cleaner" daemon [_thread_blocked, id=7644, stack(0x000000da41300000,0x000000da41400000)]
=>0x000002abd6f21000 JavaThread "C2 CompilerThread1" daemon [_thread_in_native, id=8452, stack(0x000000da41500000,0x000000da41600000)]
  0x000002abd950d000 JavaThread "Daemon health stats" [_thread_blocked, id=12696, stack(0x000000da41900000,0x000000da41a00000)]
  0x000002abd9c00800 JavaThread "Incoming local TCP Connector on port 55924" [_thread_in_native, id=13824, stack(0x000000da41800000,0x000000da41900000)]
  0x000002abd8c15800 JavaThread "Daemon periodic checks" [_thread_blocked, id=2220, stack(0x000000da41a00000,0x000000da41b00000)]
  0x000002abd8df6000 JavaThread "Daemon" [_thread_blocked, id=7504, stack(0x000000da41b00000,0x000000da41c00000)]
  0x000002abd9445000 JavaThread "Handler for socket connection from /127.0.0.1:55924 to /127.0.0.1:55925" [_thread_in_native, id=13972, stack(0x000000da41c00000,0x000000da41d00000)]
  0x000002abd9959000 JavaThread "Cancel handler" [_thread_blocked, id=13984, stack(0x000000da41d00000,0x000000da41e00000)]
  0x000002abd8aef000 JavaThread "Daemon worker" [_thread_in_vm_trans, id=8444, stack(0x000000da41e00000,0x000000da41f00000)]
  0x000002abd9549000 JavaThread "Asynchronous log dispatcher for DefaultDaemonConnection: socket connection from /127.0.0.1:55924 to /127.0.0.1:55925" [_thread_blocked, id=6368, stack(0x000000da41f00000,0x000000da42000000)]
  0x000002abd90cd800 JavaThread "Stdin handler" [_thread_blocked, id=12904, stack(0x000000da42000000,0x000000da42100000)]
  0x000002abd959d800 JavaThread "Daemon client event forwarder" [_thread_blocked, id=6724, stack(0x000000da42100000,0x000000da42200000)]
  0x000002abd95a2000 JavaThread "Cache worker for journal cache (C:\Users\lenovo\.gradle\caches\journal-1)" [_thread_blocked, id=2956, stack(0x000000da42700000,0x000000da42800000)]
  0x000002abd95a3000 JavaThread "File lock request listener" [_thread_in_native, id=8664, stack(0x000000da42800000,0x000000da42900000)]
  0x000002abd95a4000 JavaThread "Cache worker for file hash cache (C:\Users\lenovo\.gradle\caches\7.3.3\fileHashes)" [_thread_blocked, id=6884, stack(0x000000da42900000,0x000000da42a00000)]
  0x000002abd95a0000 JavaThread "Cache worker for file hash cache (D:\Islam\Learning During The Army\Android\AppGame\.gradle\7.3.3\fileHashes)" [_thread_blocked, id=3744, stack(0x000000da42b00000,0x000000da42c00000)]
  0x000002abd95a0800 JavaThread "File watcher server" daemon [_thread_in_native, id=7924, stack(0x000000da42c00000,0x000000da42d00000)]
  0x000002abd959e000 JavaThread "File watcher consumer" daemon [_thread_blocked, id=3212, stack(0x000000da42d00000,0x000000da42e00000)]
  0x000002abd95a1800 JavaThread "Cache worker for checksums cache (D:\Islam\Learning During The Army\Android\AppGame\.gradle\7.3.3\checksums)" [_thread_blocked, id=12748, stack(0x000000da42e00000,0x000000da42f00000)]
  0x000002abd959f000 JavaThread "Cache worker for cache directory md-supplier (C:\Users\lenovo\.gradle\caches\7.3.3\md-supplier)" [_thread_blocked, id=12856, stack(0x000000da42f00000,0x000000da43000000)]
  0x000002abda945000 JavaThread "C2 CompilerThread2" daemon [_thread_in_native, id=14176, stack(0x000000da43000000,0x000000da43100000)]
  0x000002abda6de800 JavaThread "Cache worker for cache directory md-rule (C:\Users\lenovo\.gradle\caches\7.3.3\md-rule)" [_thread_blocked, id=9064, stack(0x000000da43100000,0x000000da43200000)]
  0x000002abda6e0800 JavaThread "Cache worker for execution history cache (C:\Users\lenovo\.gradle\caches\7.3.3\executionHistory)" [_thread_blocked, id=11200, stack(0x000000da43200000,0x000000da43300000)]
  0x000002abda6dd000 JavaThread "jar transforms" [_thread_blocked, id=11196, stack(0x000000da43300000,0x000000da43400000)]
  0x000002abda6e2000 JavaThread "Cache worker for file content cache (C:\Users\lenovo\.gradle\caches\7.3.3\fileContent)" [_thread_blocked, id=1132, stack(0x000000da43400000,0x000000da43500000)]
  0x000002abda6dc000 JavaThread "jar transforms Thread 2" [_thread_blocked, id=132, stack(0x000000da43500000,0x000000da43600000)]
  0x000002abda6e3000 JavaThread "Cache worker for dependencies-accessors (D:\Islam\Learning During The Army\Android\AppGame\.gradle\7.3.3\dependencies-accessors)" [_thread_blocked, id=9240, stack(0x000000da43600000,0x000000da43700000)]
  0x000002abda6e5000 JavaThread "jar transforms Thread 3" [_thread_blocked, id=13600, stack(0x000000da43700000,0x000000da43800000)]
  0x000002abda6df800 JavaThread "Cache worker for Build Output Cleanup Cache (D:\Islam\Learning During The Army\Android\AppGame\.gradle\buildOutputCleanup)" [_thread_blocked, id=14236, stack(0x000000da43800000,0x000000da43900000)]
  0x000002abda6e6000 JavaThread "Unconstrained build operations" [_thread_blocked, id=3692, stack(0x000000da43900000,0x000000da43a00000)]
  0x000002abda6ea000 JavaThread "Unconstrained build operations Thread 2" [_thread_blocked, id=13872, stack(0x000000da43a00000,0x000000da43b00000)]
  0x000002abda6e4800 JavaThread "Unconstrained build operations Thread 3" [_thread_blocked, id=2128, stack(0x000000da43b00000,0x000000da43c00000)]
  0x000002abda6eb000 JavaThread "Unconstrained build operations Thread 4" [_thread_blocked, id=9144, stack(0x000000da43c00000,0x000000da43d00000)]
  0x000002abda6e7000 JavaThread "Unconstrained build operations Thread 5" [_thread_blocked, id=9684, stack(0x000000da43d00000,0x000000da43e00000)]
  0x000002abda6e7800 JavaThread "Unconstrained build operations Thread 6" [_thread_blocked, id=4608, stack(0x000000da43e00000,0x000000da43f00000)]
  0x000002abda6e8800 JavaThread "Unconstrained build operations Thread 7" [_thread_blocked, id=9236, stack(0x000000da43f00000,0x000000da44000000)]
  0x000002abda6e9800 JavaThread "Unconstrained build operations Thread 8" [_thread_blocked, id=9392, stack(0x000000da44000000,0x000000da44100000)]
  0x000002abdc257000 JavaThread "Unconstrained build operations Thread 9" [_thread_blocked, id=13508, stack(0x000000da44100000,0x000000da44200000)]
  0x000002abdc258800 JavaThread "Unconstrained build operations Thread 10" [_thread_blocked, id=10928, stack(0x000000da44200000,0x000000da44300000)]
  0x000002abdc257800 JavaThread "Unconstrained build operations Thread 11" [_thread_blocked, id=14216, stack(0x000000da44300000,0x000000da44400000)]
  0x000002abdc259800 JavaThread "Unconstrained build operations Thread 12" [_thread_blocked, id=13860, stack(0x000000da44400000,0x000000da44500000)]
  0x000002abdc25a000 JavaThread "Unconstrained build operations Thread 13" [_thread_blocked, id=6252, stack(0x000000da44500000,0x000000da44600000)]
  0x000002abdc25b000 JavaThread "Unconstrained build operations Thread 14" [_thread_blocked, id=1072, stack(0x000000da44600000,0x000000da44700000)]
  0x000002abdc256000 JavaThread "Unconstrained build operations Thread 15" [_thread_blocked, id=7080, stack(0x000000da44700000,0x000000da44800000)]
  0x000002abdc255000 JavaThread "Unconstrained build operations Thread 16" [_thread_blocked, id=10408, stack(0x000000da44800000,0x000000da44900000)]
  0x000002abdc25c000 JavaThread "Unconstrained build operations Thread 17" [_thread_blocked, id=13948, stack(0x000000da44900000,0x000000da44a00000)]
  0x000002abdc25e000 JavaThread "Unconstrained build operations Thread 18" [_thread_blocked, id=7516, stack(0x000000da44a00000,0x000000da44b00000)]
  0x000002abdc260800 JavaThread "Unconstrained build operations Thread 19" [_thread_blocked, id=9084, stack(0x000000da44b00000,0x000000da44c00000)]
  0x000002abdc262800 JavaThread "Unconstrained build operations Thread 20" [_thread_blocked, id=13632, stack(0x000000da44c00000,0x000000da44d00000)]
  0x000002abdc25c800 JavaThread "Unconstrained build operations Thread 21" [_thread_blocked, id=6964, stack(0x000000da44d00000,0x000000da44e00000)]
  0x000002abdc263000 JavaThread "Unconstrained build operations Thread 22" [_thread_blocked, id=14044, stack(0x000000da44e00000,0x000000da44f00000)]
  0x000002abdc25f000 JavaThread "Unconstrained build operations Thread 23" [_thread_blocked, id=6700, stack(0x000000da44f00000,0x000000da45000000)]
  0x000002abdc260000 JavaThread "Unconstrained build operations Thread 24" [_thread_blocked, id=2208, stack(0x000000da45000000,0x000000da45100000)]
  0x000002abdc261800 JavaThread "Unconstrained build operations Thread 25" [_thread_blocked, id=9100, stack(0x000000da45100000,0x000000da45200000)]
  0x000002abdc25d800 JavaThread "Unconstrained build operations Thread 26" [_thread_blocked, id=13324, stack(0x000000da45200000,0x000000da45300000)]
  0x000002abdc264000 JavaThread "Unconstrained build operations Thread 27" [_thread_blocked, id=11812, stack(0x000000da45300000,0x000000da45400000)]
  0x000002abd9390000 JavaThread "Unconstrained build operations Thread 28" [_thread_blocked, id=12880, stack(0x000000da45400000,0x000000da45500000)]
  0x000002abd938e800 JavaThread "Unconstrained build operations Thread 29" [_thread_blocked, id=10008, stack(0x000000da45500000,0x000000da45600000)]
  0x000002abd9392800 JavaThread "Unconstrained build operations Thread 30" [_thread_blocked, id=13660, stack(0x000000da45600000,0x000000da45700000)]
  0x000002abd9393000 JavaThread "Unconstrained build operations Thread 31" [_thread_blocked, id=13868, stack(0x000000da45700000,0x000000da45800000)]
  0x000002abd9394000 JavaThread "Unconstrained build operations Thread 32" [_thread_blocked, id=13468, stack(0x000000da45800000,0x000000da45900000)]
  0x000002abd9395000 JavaThread "Unconstrained build operations Thread 33" [_thread_blocked, id=2588, stack(0x000000da45900000,0x000000da45a00000)]
  0x000002abd938f000 JavaThread "Unconstrained build operations Thread 34" [_thread_blocked, id=8232, stack(0x000000da45a00000,0x000000da45b00000)]
  0x000002abd9395800 JavaThread "Unconstrained build operations Thread 35" [_thread_blocked, id=14312, stack(0x000000da45b00000,0x000000da45c00000)]
  0x000002abd9396800 JavaThread "Unconstrained build operations Thread 36" [_thread_blocked, id=12840, stack(0x000000da45c00000,0x000000da45d00000)]
  0x000002abd9390800 JavaThread "Unconstrained build operations Thread 37" [_thread_blocked, id=6408, stack(0x000000da45d00000,0x000000da45e00000)]
  0x000002abd9397000 JavaThread "Unconstrained build operations Thread 38" [_thread_blocked, id=7952, stack(0x000000da45e00000,0x000000da45f00000)]
  0x000002abd9391800 JavaThread "Unconstrained build operations Thread 39" [_thread_blocked, id=13484, stack(0x000000da45f00000,0x000000da46000000)]
  0x000002abd9399000 JavaThread "Unconstrained build operations Thread 40" [_thread_blocked, id=10088, stack(0x000000da46000000,0x000000da46100000)]
  0x000002abd939a800 JavaThread "Unconstrained build operations Thread 41" [_thread_blocked, id=10156, stack(0x000000da46100000,0x000000da46200000)]
  0x000002abd9398000 JavaThread "Unconstrained build operations Thread 42" [_thread_blocked, id=12192, stack(0x000000da46200000,0x000000da46300000)]
  0x000002abd9399800 JavaThread "Unconstrained build operations Thread 43" [_thread_blocked, id=6552, stack(0x000000da46300000,0x000000da46400000)]
  0x000002abd939b800 JavaThread "Unconstrained build operations Thread 44" [_thread_blocked, id=1068, stack(0x000000da46400000,0x000000da46500000)]
  0x000002abd939c000 JavaThread "Unconstrained build operations Thread 45" [_thread_blocked, id=4272, stack(0x000000da46500000,0x000000da46600000)]
  0x000002abd939d000 JavaThread "Unconstrained build operations Thread 46" [_thread_blocked, id=11712, stack(0x000000da46600000,0x000000da46700000)]
  0x000002abdc03f000 JavaThread "Unconstrained build operations Thread 47" [_thread_blocked, id=7560, stack(0x000000da46700000,0x000000da46800000)]
  0x000002abdc03f800 JavaThread "Unconstrained build operations Thread 48" [_thread_blocked, id=12172, stack(0x000000da46800000,0x000000da46900000)]
  0x000002abdc041800 JavaThread "Unconstrained build operations Thread 49" [_thread_blocked, id=14252, stack(0x000000da46900000,0x000000da46a00000)]
  0x000002abdc03c800 JavaThread "Unconstrained build operations Thread 50" [_thread_blocked, id=10592, stack(0x000000da46a00000,0x000000da46b00000)]
  0x000002abdc03d000 JavaThread "Unconstrained build operations Thread 51" [_thread_blocked, id=14024, stack(0x000000da46b00000,0x000000da46c00000)]
  0x000002abdc042000 JavaThread "Unconstrained build operations Thread 52" [_thread_blocked, id=13864, stack(0x000000da46c00000,0x000000da46d00000)]
  0x000002abdc043000 JavaThread "Unconstrained build operations Thread 53" [_thread_blocked, id=5200, stack(0x000000da46d00000,0x000000da46e00000)]
  0x000002abdc040800 JavaThread "Unconstrained build operations Thread 54" [_thread_blocked, id=12284, stack(0x000000da46e00000,0x000000da46f00000)]
  0x000002abdc043800 JavaThread "Unconstrained build operations Thread 55" [_thread_blocked, id=7388, stack(0x000000da46f00000,0x000000da47000000)]
  0x000002abdc03e000 JavaThread "Unconstrained build operations Thread 56" [_thread_blocked, id=7716, stack(0x000000da47000000,0x000000da47100000)]
  0x000002abdc04a000 JavaThread "Unconstrained build operations Thread 57" [_thread_blocked, id=4176, stack(0x000000da47100000,0x000000da47200000)]
  0x000002abdc048800 JavaThread "Unconstrained build operations Thread 58" [_thread_blocked, id=4292, stack(0x000000da47200000,0x000000da47300000)]
  0x000002abdc045800 JavaThread "Unconstrained build operations Thread 59" [_thread_blocked, id=2176, stack(0x000000da47300000,0x000000da47400000)]
  0x000002abdc046000 JavaThread "Unconstrained build operations Thread 60" [_thread_blocked, id=6924, stack(0x000000da47400000,0x000000da47500000)]
  0x000002abdc044800 JavaThread "Unconstrained build operations Thread 61" [_thread_blocked, id=13640, stack(0x000000da47500000,0x000000da47600000)]
  0x000002abdc047000 JavaThread "Unconstrained build operations Thread 62" [_thread_blocked, id=11684, stack(0x000000da47600000,0x000000da47700000)]
  0x000002abdc048000 JavaThread "Unconstrained build operations Thread 63" [_thread_blocked, id=10788, stack(0x000000da47700000,0x000000da47800000)]
  0x000002abdc049800 JavaThread "Unconstrained build operations Thread 64" [_thread_blocked, id=13912, stack(0x000000da47800000,0x000000da47900000)]
  0x000002abdc04b000 JavaThread "Unconstrained build operations Thread 65" [_thread_blocked, id=7112, stack(0x000000da47900000,0x000000da47a00000)]
  0x000002abda086800 JavaThread "Unconstrained build operations Thread 66" [_thread_blocked, id=13396, stack(0x000000da47a00000,0x000000da47b00000)]
  0x000002abda08c800 JavaThread "Unconstrained build operations Thread 67" [_thread_blocked, id=14180, stack(0x000000da47b00000,0x000000da47c00000)]
  0x000002abda08b800 JavaThread "Unconstrained build operations Thread 68" [_thread_blocked, id=13692, stack(0x000000da47c00000,0x000000da47d00000)]
  0x000002abda089000 JavaThread "Unconstrained build operations Thread 69" [_thread_blocked, id=12016, stack(0x000000da47d00000,0x000000da47e00000)]
  0x000002abda088000 JavaThread "Unconstrained build operations Thread 70" [_thread_blocked, id=612, stack(0x000000da47e00000,0x000000da47f00000)]
  0x000002abda08d000 JavaThread "Unconstrained build operations Thread 71" [_thread_blocked, id=10932, stack(0x000000da47f00000,0x000000da48000000)]
  0x000002abda08a800 JavaThread "Unconstrained build operations Thread 72" [_thread_blocked, id=12448, stack(0x000000da48000000,0x000000da48100000)]
  0x000002abda08a000 JavaThread "Unconstrained build operations Thread 73" [_thread_blocked, id=13668, stack(0x000000da48100000,0x000000da48200000)]
  0x000002abda087800 JavaThread "Unconstrained build operations Thread 74" [_thread_blocked, id=10956, stack(0x000000da48200000,0x000000da48300000)]
  0x000002abda093800 JavaThread "Unconstrained build operations Thread 75" [_thread_blocked, id=12620, stack(0x000000da48300000,0x000000da48400000)]
  0x000002abda091000 JavaThread "Unconstrained build operations Thread 76" [_thread_blocked, id=9636, stack(0x000000da48400000,0x000000da48500000)]
  0x000002abda093000 JavaThread "Unconstrained build operations Thread 77" [_thread_blocked, id=492, stack(0x000000da48500000,0x000000da48600000)]
  0x000002abda08e000 JavaThread "Unconstrained build operations Thread 78" [_thread_blocked, id=14212, stack(0x000000da48600000,0x000000da48700000)]
  0x000002abda092000 JavaThread "Unconstrained build operations Thread 79" [_thread_blocked, id=9480, stack(0x000000da48700000,0x000000da48800000)]
  0x000002abda08e800 JavaThread "Unconstrained build operations Thread 80" [_thread_blocked, id=14324, stack(0x000000da48800000,0x000000da48900000)]
  0x000002abda094800 JavaThread "jar transforms Thread 4" [_thread_blocked, id=10236, stack(0x000000da48900000,0x000000da48a00000)]
  0x000002abda095000 JavaThread "jar transforms Thread 5" [_thread_blocked, id=13756, stack(0x000000da48a00000,0x000000da48b00000)]
  0x000002abda08f800 JavaThread "jar transforms Thread 6" [_thread_blocked, id=12224, stack(0x000000da48b00000,0x000000da48c00000)]
  0x000002abda090800 JavaThread "jar transforms Thread 7" [_thread_blocked, id=10616, stack(0x000000da48c00000,0x000000da48d00000)]
  0x000002abdd885800 JavaThread "jar transforms Thread 8" [_thread_blocked, id=14264, stack(0x000000da48d00000,0x000000da48e00000)]
  0x000002abdd886000 JavaThread "Memory manager" [_thread_blocked, id=13924, stack(0x000000da48e00000,0x000000da48f00000)]

Other Threads:
  0x000002abd626e000 VMThread "VM Thread" [stack: 0x000000da40a00000,0x000000da40b00000] [id=13544]
  0x000002abd6d5c000 WatcherThread [stack: 0x000000da41400000,0x000000da41500000] [id=4160]
  0x000002abb9e46000 GCTaskThread "GC Thread#0" [stack: 0x000000da40500000,0x000000da40600000] [id=1416]
  0x000002abd7937800 GCTaskThread "GC Thread#1" [stack: 0x000000da41600000,0x000000da41700000] [id=11928]
  0x000002abd7938000 GCTaskThread "GC Thread#2" [stack: 0x000000da41700000,0x000000da41800000] [id=12820]
  0x000002abd7937000 GCTaskThread "GC Thread#3" [stack: 0x000000da42200000,0x000000da42300000] [id=13492]
  0x000002abd7934000 GCTaskThread "GC Thread#4" [stack: 0x000000da42300000,0x000000da42400000] [id=9960]
  0x000002abd7936000 GCTaskThread "GC Thread#5" [stack: 0x000000da42400000,0x000000da42500000] [id=2624]
  0x000002abd7933000 GCTaskThread "GC Thread#6" [stack: 0x000000da42500000,0x000000da42600000] [id=13604]
  0x000002abd7939800 GCTaskThread "GC Thread#7" [stack: 0x000000da42600000,0x000000da42700000] [id=7432]
  0x000002abb9e78000 ConcurrentGCThread "G1 Main Marker" [stack: 0x000000da40600000,0x000000da40700000] [id=7268]
  0x000002abb9e79000 ConcurrentGCThread "G1 Conc#0" [stack: 0x000000da40700000,0x000000da40800000] [id=1100]
  0x000002abd793a800 ConcurrentGCThread "G1 Conc#1" [stack: 0x000000da42a00000,0x000000da42b00000] [id=14152]
  0x000002abb9f09800 ConcurrentGCThread "G1 Refine#0" [stack: 0x000000da40800000,0x000000da40900000] [id=4716]
  0x000002abd60c0800 ConcurrentGCThread "G1 Young RemSet Sampling" [stack: 0x000000da40900000,0x000000da40a00000] [id=14228]

Threads with active compile tasks:
C2 CompilerThread0  10259 6718 %     4       org.gradle.internal.instantiation.generator.AbstractClassGenerator::inspectType @ 77 (560 bytes)
C2 CompilerThread1  10259 6723       4       groovy.lang.MetaClassImpl::filterPropertyMethod (305 bytes)
C2 CompilerThread2  10259 6744       4       java.lang.PublicMethods::merge (81 bytes)

VM state:not at safepoint (normal execution)

VM Mutex/Monitor currently owned by a thread: None

Heap address: 0x0000000080000000, size: 2048 MB, Compressed Oops mode: 32-bit
Narrow klass base: 0x0000000000000000, Narrow klass shift: 3
Compressed class space size: 1073741824 Address: 0x0000000100000000

Heap:
 garbage-first heap   total 189440K, used 122002K [0x0000000080000000, 0x0000000100000000)
  region size 1024K, 68 young (69632K), 6 survivors (6144K)
 Metaspace       used 67660K, capacity 69351K, committed 69708K, reserved 1110016K
  class space    used 8613K, capacity 9218K, committed 9344K, reserved 1048576K
Heap Regions: E=young(eden), S=young(survivor), O=old, HS=humongous(starts), HC=humongous(continues), CS=collection set, F=free, A=archive, TAMS=top-at-mark-start (previous, next)
|   0|0x0000000080000000, 0x0000000080100000, 0x0000000080100000|100%| O|  |TAMS 0x0000000080100000, 0x0000000080000000| Untracked 
|   1|0x0000000080100000, 0x0000000080200000, 0x0000000080200000|100%| O|  |TAMS 0x0000000080200000, 0x0000000080100000| Untracked 
|   2|0x0000000080200000, 0x0000000080300000, 0x0000000080300000|100%| O|  |TAMS 0x0000000080300000, 0x0000000080200000| Untracked 
|   3|0x0000000080300000, 0x0000000080400000, 0x0000000080400000|100%|HS|  |TAMS 0x0000000080400000, 0x0000000080300000| Complete 
|   4|0x0000000080400000, 0x0000000080500000, 0x0000000080500000|100%|HC|  |TAMS 0x0000000080500000, 0x0000000080400000| Complete 
|   5|0x0000000080500000, 0x0000000080600000, 0x0000000080600000|100%|HC|  |TAMS 0x0000000080600000, 0x0000000080500000| Complete 
|   6|0x0000000080600000, 0x0000000080700000, 0x0000000080700000|100%| O|  |TAMS 0x0000000080700000, 0x0000000080600000| Untracked 
|   7|0x0000000080700000, 0x0000000080800000, 0x0000000080800000|100%| O|  |TAMS 0x0000000080800000, 0x0000000080700000| Untracked 
|   8|0x0000000080800000, 0x0000000080900000, 0x0000000080900000|100%| O|  |TAMS 0x0000000080900000, 0x0000000080800000| Untracked 
|   9|0x0000000080900000, 0x0000000080a00000, 0x0000000080a00000|100%| O|  |TAMS 0x0000000080a00000, 0x0000000080900000| Untracked 
|  10|0x0000000080a00000, 0x0000000080b00000, 0x0000000080b00000|100%| O|  |TAMS 0x0000000080b00000, 0x0000000080a00000| Untracked 
|  11|0x0000000080b00000, 0x0000000080c00000, 0x0000000080c00000|100%| O|  |TAMS 0x0000000080c00000, 0x0000000080b00000| Untracked 
|  12|0x0000000080c00000, 0x0000000080d00000, 0x0000000080d00000|100%| O|  |TAMS 0x0000000080d00000, 0x0000000080c00000| Untracked 
|  13|0x0000000080d00000, 0x0000000080e00000, 0x0000000080e00000|100%| O|  |TAMS 0x0000000080e00000, 0x0000000080d00000| Untracked 
|  14|0x0000000080e00000, 0x0000000080f00000, 0x0000000080f00000|100%| O|  |TAMS 0x0000000080f00000, 0x0000000080e00000| Untracked 
|  15|0x0000000080f00000, 0x0000000081000000, 0x0000000081000000|100%| O|  |TAMS 0x0000000081000000, 0x0000000080f00000| Untracked 
|  16|0x0000000081000000, 0x0000000081100000, 0x0000000081100000|100%| O|  |TAMS 0x0000000081000000, 0x0000000081000000| Untracked 
|  17|0x0000000081100000, 0x0000000081200000, 0x0000000081200000|100%| O|  |TAMS 0x0000000081200000, 0x0000000081100000| Untracked 
|  18|0x0000000081200000, 0x0000000081300000, 0x0000000081300000|100%| O|  |TAMS 0x0000000081300000, 0x0000000081200000| Untracked 
|  19|0x0000000081300000, 0x0000000081400000, 0x0000000081400000|100%| O|  |TAMS 0x0000000081400000, 0x0000000081300000| Untracked 
|  20|0x0000000081400000, 0x0000000081500000, 0x0000000081500000|100%| O|  |TAMS 0x0000000081500000, 0x0000000081400000| Untracked 
|  21|0x0000000081500000, 0x0000000081600000, 0x0000000081600000|100%| O|  |TAMS 0x0000000081600000, 0x0000000081500000| Untracked 
|  22|0x0000000081600000, 0x0000000081700000, 0x0000000081700000|100%| O|  |TAMS 0x0000000081700000, 0x0000000081600000| Untracked 
|  23|0x0000000081700000, 0x0000000081800000, 0x0000000081800000|100%| O|  |TAMS 0x000000008172a400, 0x0000000081700000| Untracked 
|  24|0x0000000081800000, 0x0000000081900000, 0x0000000081900000|100%| O|  |TAMS 0x0000000081800000, 0x0000000081800000| Untracked 
|  25|0x0000000081900000, 0x0000000081a00000, 0x0000000081a00000|100%| O|  |TAMS 0x0000000081900000, 0x0000000081900000| Untracked 
|  26|0x0000000081a00000, 0x0000000081b00000, 0x0000000081b00000|100%| O|  |TAMS 0x0000000081a00000, 0x0000000081a00000| Untracked 
|  27|0x0000000081b00000, 0x0000000081c00000, 0x0000000081c00000|100%|HS|  |TAMS 0x0000000081b00000, 0x0000000081b00000| Complete 
|  28|0x0000000081c00000, 0x0000000081d00000, 0x0000000081d00000|100%|HS|  |TAMS 0x0000000081c00000, 0x0000000081c00000| Complete 
|  29|0x0000000081d00000, 0x0000000081e00000, 0x0000000081e00000|100%|HS|  |TAMS 0x0000000081d00000, 0x0000000081d00000| Complete 
|  30|0x0000000081e00000, 0x0000000081f00000, 0x0000000081f00000|100%|HS|  |TAMS 0x0000000081e00000, 0x0000000081e00000| Complete 
|  31|0x0000000081f00000, 0x0000000082000000, 0x0000000082000000|100%|HS|  |TAMS 0x0000000081f00000, 0x0000000081f00000| Complete 
|  32|0x0000000082000000, 0x0000000082100000, 0x0000000082100000|100%|HC|  |TAMS 0x0000000082000000, 0x0000000082000000| Complete 
|  33|0x0000000082100000, 0x0000000082200000, 0x0000000082200000|100%|HC|  |TAMS 0x0000000082100000, 0x0000000082100000| Complete 
|  34|0x0000000082200000, 0x0000000082300000, 0x0000000082300000|100%|HS|  |TAMS 0x0000000082200000, 0x0000000082200000| Complete 
|  35|0x0000000082300000, 0x0000000082400000, 0x0000000082400000|100%|HC|  |TAMS 0x0000000082300000, 0x0000000082300000| Complete 
|  36|0x0000000082400000, 0x0000000082500000, 0x0000000082500000|100%| O|  |TAMS 0x0000000082400000, 0x0000000082400000| Untracked 
|  37|0x0000000082500000, 0x0000000082600000, 0x0000000082600000|100%| O|  |TAMS 0x0000000082500000, 0x0000000082500000| Untracked 
|  38|0x0000000082600000, 0x0000000082700000, 0x0000000082700000|100%| O|  |TAMS 0x0000000082600000, 0x0000000082600000| Untracked 
|  39|0x0000000082700000, 0x0000000082800000, 0x0000000082800000|100%| O|  |TAMS 0x0000000082700000, 0x0000000082700000| Untracked 
|  40|0x0000000082800000, 0x0000000082900000, 0x0000000082900000|100%| O|  |TAMS 0x0000000082800000, 0x0000000082800000| Untracked 
|  41|0x0000000082900000, 0x0000000082a00000, 0x0000000082a00000|100%|HS|  |TAMS 0x0000000082900000, 0x0000000082900000| Complete 
|  42|0x0000000082a00000, 0x0000000082b00000, 0x0000000082b00000|100%| O|  |TAMS 0x0000000082a00000, 0x0000000082a00000| Untracked 
|  43|0x0000000082b00000, 0x0000000082c00000, 0x0000000082c00000|100%| O|  |TAMS 0x0000000082b00000, 0x0000000082b00000| Untracked 
|  44|0x0000000082c00000, 0x0000000082d00000, 0x0000000082d00000|100%| O|  |TAMS 0x0000000082c00000, 0x0000000082c00000| Untracked 
|  45|0x0000000082d00000, 0x0000000082e00000, 0x0000000082e00000|100%| O|  |TAMS 0x0000000082d00000, 0x0000000082d00000| Untracked 
|  46|0x0000000082e00000, 0x0000000082f00000, 0x0000000082f00000|100%| O|  |TAMS 0x0000000082e00000, 0x0000000082e00000| Untracked 
|  47|0x0000000082f00000, 0x0000000083000000, 0x0000000083000000|100%| O|  |TAMS 0x0000000082f00000, 0x0000000082f00000| Untracked 
|  48|0x0000000083000000, 0x0000000083100000, 0x0000000083100000|100%| O|  |TAMS 0x0000000083000000, 0x0000000083000000| Untracked 
|  49|0x0000000083100000, 0x0000000083200000, 0x0000000083200000|100%| O|  |TAMS 0x0000000083100000, 0x0000000083100000| Untracked 
|  50|0x0000000083200000, 0x0000000083300000, 0x0000000083300000|100%| O|  |TAMS 0x0000000083200000, 0x0000000083200000| Untracked 
|  51|0x0000000083300000, 0x0000000083400000, 0x0000000083400000|100%| O|  |TAMS 0x0000000083300000, 0x0000000083300000| Untracked 
|  52|0x0000000083400000, 0x0000000083496200, 0x0000000083500000| 58%| O|  |TAMS 0x0000000083400000, 0x0000000083400000| Untracked 
|  53|0x0000000083500000, 0x0000000083500000, 0x0000000083600000|  0%| F|  |TAMS 0x0000000083500000, 0x0000000083500000| Untracked 
|  54|0x0000000083600000, 0x0000000083600000, 0x0000000083700000|  0%| F|  |TAMS 0x0000000083600000, 0x0000000083600000| Untracked 
|  55|0x0000000083700000, 0x0000000083700000, 0x0000000083800000|  0%| F|  |TAMS 0x0000000083700000, 0x0000000083700000| Untracked 
|  56|0x0000000083800000, 0x0000000083800000, 0x0000000083900000|  0%| F|  |TAMS 0x0000000083800000, 0x0000000083800000| Untracked 
|  57|0x0000000083900000, 0x0000000083900000, 0x0000000083a00000|  0%| F|  |TAMS 0x0000000083900000, 0x0000000083900000| Untracked 
|  58|0x0000000083a00000, 0x0000000083a00000, 0x0000000083b00000|  0%| F|  |TAMS 0x0000000083a00000, 0x0000000083a00000| Untracked 
|  59|0x0000000083b00000, 0x0000000083b00000, 0x0000000083c00000|  0%| F|  |TAMS 0x0000000083b00000, 0x0000000083b00000| Untracked 
|  60|0x0000000083c00000, 0x0000000083c00000, 0x0000000083d00000|  0%| F|  |TAMS 0x0000000083c00000, 0x0000000083c00000| Untracked 
|  61|0x0000000083d00000, 0x0000000083d00000, 0x0000000083e00000|  0%| F|  |TAMS 0x0000000083d00000, 0x0000000083d00000| Untracked 
|  62|0x0000000083e00000, 0x0000000083e00000, 0x0000000083f00000|  0%| F|  |TAMS 0x0000000083e00000, 0x0000000083e00000| Untracked 
|  63|0x0000000083f00000, 0x0000000083f00000, 0x0000000084000000|  0%| F|  |TAMS 0x0000000083f00000, 0x0000000083f00000| Untracked 
|  64|0x0000000084000000, 0x0000000084000000, 0x0000000084100000|  0%| F|  |TAMS 0x0000000084000000, 0x0000000084000000| Untracked 
|  65|0x0000000084100000, 0x0000000084100000, 0x0000000084200000|  0%| F|  |TAMS 0x0000000084100000, 0x0000000084100000| Untracked 
|  66|0x0000000084200000, 0x0000000084200000, 0x0000000084300000|  0%| F|  |TAMS 0x0000000084200000, 0x0000000084200000| Untracked 
|  67|0x0000000084300000, 0x0000000084300000, 0x0000000084400000|  0%| F|  |TAMS 0x0000000084300000, 0x0000000084300000| Untracked 
|  68|0x0000000084400000, 0x0000000084400000, 0x0000000084500000|  0%| F|  |TAMS 0x0000000084400000, 0x0000000084400000| Untracked 
|  69|0x0000000084500000, 0x0000000084500000, 0x0000000084600000|  0%| F|  |TAMS 0x0000000084500000, 0x0000000084500000| Untracked 
|  70|0x0000000084600000, 0x0000000084600000, 0x0000000084700000|  0%| F|  |TAMS 0x0000000084600000, 0x0000000084600000| Untracked 
|  71|0x0000000084700000, 0x0000000084700000, 0x0000000084800000|  0%| F|  |TAMS 0x0000000084700000, 0x0000000084700000| Untracked 
|  72|0x0000000084800000, 0x0000000084800000, 0x0000000084900000|  0%| F|  |TAMS 0x0000000084800000, 0x0000000084800000| Untracked 
|  73|0x0000000084900000, 0x0000000084900000, 0x0000000084a00000|  0%| F|  |TAMS 0x0000000084900000, 0x0000000084900000| Untracked 
|  74|0x0000000084a00000, 0x0000000084a00000, 0x0000000084b00000|  0%| F|  |TAMS 0x0000000084a00000, 0x0000000084a00000| Untracked 
|  75|0x0000000084b00000, 0x0000000084b00000, 0x0000000084c00000|  0%| F|  |TAMS 0x0000000084b00000, 0x0000000084b00000| Untracked 
|  76|0x0000000084c00000, 0x0000000084c00000, 0x0000000084d00000|  0%| F|  |TAMS 0x0000000084c00000, 0x0000000084c00000| Untracked 
|  77|0x0000000084d00000, 0x0000000084d00000, 0x0000000084e00000|  0%| F|  |TAMS 0x0000000084d00000, 0x0000000084d00000| Untracked 
|  78|0x0000000084e00000, 0x0000000084e00000, 0x0000000084f00000|  0%| F|  |TAMS 0x0000000084e00000, 0x0000000084e00000| Untracked 
|  79|0x0000000084f00000, 0x0000000084f00000, 0x0000000085000000|  0%| F|  |TAMS 0x0000000084f00000, 0x0000000084f00000| Untracked 
|  80|0x0000000085000000, 0x0000000085000000, 0x0000000085100000|  0%| F|  |TAMS 0x0000000085000000, 0x0000000085000000| Untracked 
|  81|0x0000000085100000, 0x0000000085100000, 0x0000000085200000|  0%| F|  |TAMS 0x0000000085100000, 0x0000000085100000| Untracked 
|  82|0x0000000085200000, 0x0000000085200000, 0x0000000085300000|  0%| F|  |TAMS 0x0000000085200000, 0x0000000085200000| Untracked 
|  83|0x0000000085300000, 0x000000008538e788, 0x0000000085400000| 55%| S|CS|TAMS 0x0000000085300000, 0x0000000085300000| Complete 
|  84|0x0000000085400000, 0x0000000085500000, 0x0000000085500000|100%| S|CS|TAMS 0x0000000085400000, 0x0000000085400000| Complete 
|  85|0x0000000085500000, 0x0000000085600000, 0x0000000085600000|100%| S|CS|TAMS 0x0000000085500000, 0x0000000085500000| Complete 
|  86|0x0000000085600000, 0x0000000085700000, 0x0000000085700000|100%| S|CS|TAMS 0x0000000085600000, 0x0000000085600000| Complete 
|  87|0x0000000085700000, 0x0000000085800000, 0x0000000085800000|100%| S|CS|TAMS 0x0000000085700000, 0x0000000085700000| Complete 
|  88|0x0000000085800000, 0x0000000085900000, 0x0000000085900000|100%| S|CS|TAMS 0x0000000085800000, 0x0000000085800000| Complete 
|  89|0x0000000085900000, 0x0000000085900000, 0x0000000085a00000|  0%| F|  |TAMS 0x0000000085900000, 0x0000000085900000| Untracked 
|  90|0x0000000085a00000, 0x0000000085a00000, 0x0000000085b00000|  0%| F|  |TAMS 0x0000000085a00000, 0x0000000085a00000| Untracked 
|  91|0x0000000085b00000, 0x0000000085b00000, 0x0000000085c00000|  0%| F|  |TAMS 0x0000000085b00000, 0x0000000085b00000| Untracked 
|  92|0x0000000085c00000, 0x0000000085c00000, 0x0000000085d00000|  0%| F|  |TAMS 0x0000000085c00000, 0x0000000085c00000| Untracked 
|  93|0x0000000085d00000, 0x0000000085d00000, 0x0000000085e00000|  0%| F|  |TAMS 0x0000000085d00000, 0x0000000085d00000| Untracked 
|  94|0x0000000085e00000, 0x0000000085e00000, 0x0000000085f00000|  0%| F|  |TAMS 0x0000000085e00000, 0x0000000085e00000| Untracked 
|  95|0x0000000085f00000, 0x0000000085f00000, 0x0000000086000000|  0%| F|  |TAMS 0x0000000085f00000, 0x0000000085f00000| Untracked 
|  96|0x0000000086000000, 0x0000000086000000, 0x0000000086100000|  0%| F|  |TAMS 0x0000000086000000, 0x0000000086000000| Untracked 
|  97|0x0000000086100000, 0x0000000086100000, 0x0000000086200000|  0%| F|  |TAMS 0x0000000086100000, 0x0000000086100000| Untracked 
|  98|0x0000000086200000, 0x0000000086200000, 0x0000000086300000|  0%| F|  |TAMS 0x0000000086200000, 0x0000000086200000| Untracked 
|  99|0x0000000086300000, 0x0000000086300000, 0x0000000086400000|  0%| F|  |TAMS 0x0000000086300000, 0x0000000086300000| Untracked 
| 100|0x0000000086400000, 0x0000000086400000, 0x0000000086500000|  0%| F|  |TAMS 0x0000000086400000, 0x0000000086400000| Untracked 
| 101|0x0000000086500000, 0x0000000086500000, 0x0000000086600000|  0%| F|  |TAMS 0x0000000086500000, 0x0000000086500000| Untracked 
| 102|0x0000000086600000, 0x0000000086600000, 0x0000000086700000|  0%| F|  |TAMS 0x0000000086600000, 0x0000000086600000| Untracked 
| 103|0x0000000086700000, 0x0000000086700000, 0x0000000086800000|  0%| F|  |TAMS 0x0000000086700000, 0x0000000086700000| Untracked 
| 104|0x0000000086800000, 0x0000000086800000, 0x0000000086900000|  0%| F|  |TAMS 0x0000000086800000, 0x0000000086800000| Untracked 
| 105|0x0000000086900000, 0x0000000086900000, 0x0000000086a00000|  0%| F|  |TAMS 0x0000000086900000, 0x0000000086900000| Untracked 
| 106|0x0000000086a00000, 0x0000000086a00000, 0x0000000086b00000|  0%| F|  |TAMS 0x0000000086a00000, 0x0000000086a00000| Untracked 
| 107|0x0000000086b00000, 0x0000000086b00000, 0x0000000086c00000|  0%| F|  |TAMS 0x0000000086b00000, 0x0000000086b00000| Untracked 
| 108|0x0000000086c00000, 0x0000000086c00000, 0x0000000086d00000|  0%| F|  |TAMS 0x0000000086c00000, 0x0000000086c00000| Untracked 
| 109|0x0000000086d00000, 0x0000000086d00000, 0x0000000086e00000|  0%| F|  |TAMS 0x0000000086d00000, 0x0000000086d00000| Untracked 
| 110|0x0000000086e00000, 0x0000000086e00000, 0x0000000086f00000|  0%| F|  |TAMS 0x0000000086e00000, 0x0000000086e00000| Untracked 
| 111|0x0000000086f00000, 0x0000000086f00000, 0x0000000087000000|  0%| F|  |TAMS 0x0000000086f00000, 0x0000000086f00000| Untracked 
| 112|0x0000000087000000, 0x0000000087000000, 0x0000000087100000|  0%| F|  |TAMS 0x0000000087000000, 0x0000000087000000| Untracked 
| 113|0x0000000087100000, 0x0000000087100000, 0x0000000087200000|  0%| F|  |TAMS 0x0000000087100000, 0x0000000087100000| Untracked 
| 114|0x0000000087200000, 0x0000000087200000, 0x0000000087300000|  0%| F|  |TAMS 0x0000000087200000, 0x0000000087200000| Untracked 
| 115|0x0000000087300000, 0x0000000087300000, 0x0000000087400000|  0%| F|  |TAMS 0x0000000087300000, 0x0000000087300000| Untracked 
| 116|0x0000000087400000, 0x0000000087400000, 0x0000000087500000|  0%| F|  |TAMS 0x0000000087400000, 0x0000000087400000| Untracked 
| 117|0x0000000087500000, 0x0000000087500000, 0x0000000087600000|  0%| F|  |TAMS 0x0000000087500000, 0x0000000087500000| Untracked 
| 118|0x0000000087600000, 0x0000000087600000, 0x0000000087700000|  0%| F|  |TAMS 0x0000000087600000, 0x0000000087600000| Untracked 
| 119|0x0000000087700000, 0x0000000087700000, 0x0000000087800000|  0%| F|  |TAMS 0x0000000087700000, 0x0000000087700000| Untracked 
| 120|0x0000000087800000, 0x0000000087800000, 0x0000000087900000|  0%| F|  |TAMS 0x0000000087800000, 0x0000000087800000| Untracked 
| 121|0x0000000087900000, 0x0000000087900000, 0x0000000087a00000|  0%| F|  |TAMS 0x0000000087900000, 0x0000000087900000| Untracked 
| 122|0x0000000087a00000, 0x0000000087a80800, 0x0000000087b00000| 50%| E|  |TAMS 0x0000000087a00000, 0x0000000087a00000| Complete 
| 123|0x0000000087b00000, 0x0000000087c00000, 0x0000000087c00000|100%| E|CS|TAMS 0x0000000087b00000, 0x0000000087b00000| Complete 
| 124|0x0000000087c00000, 0x0000000087d00000, 0x0000000087d00000|100%| E|CS|TAMS 0x0000000087c00000, 0x0000000087c00000| Complete 
| 125|0x0000000087d00000, 0x0000000087e00000, 0x0000000087e00000|100%| E|CS|TAMS 0x0000000087d00000, 0x0000000087d00000| Complete 
| 126|0x0000000087e00000, 0x0000000087f00000, 0x0000000087f00000|100%| E|CS|TAMS 0x0000000087e00000, 0x0000000087e00000| Complete 
| 127|0x0000000087f00000, 0x0000000088000000, 0x0000000088000000|100%| E|CS|TAMS 0x0000000087f00000, 0x0000000087f00000| Complete 
| 128|0x0000000088000000, 0x0000000088100000, 0x0000000088100000|100%| E|CS|TAMS 0x0000000088000000, 0x0000000088000000| Complete 
| 129|0x0000000088100000, 0x0000000088200000, 0x0000000088200000|100%| E|CS|TAMS 0x0000000088100000, 0x0000000088100000| Complete 
| 130|0x0000000088200000, 0x0000000088300000, 0x0000000088300000|100%| E|CS|TAMS 0x0000000088200000, 0x0000000088200000| Complete 
| 131|0x0000000088300000, 0x0000000088400000, 0x0000000088400000|100%| E|CS|TAMS 0x0000000088300000, 0x0000000088300000| Complete 
| 132|0x0000000088400000, 0x0000000088500000, 0x0000000088500000|100%| E|CS|TAMS 0x0000000088400000, 0x0000000088400000| Complete 
| 133|0x0000000088500000, 0x0000000088600000, 0x0000000088600000|100%| E|CS|TAMS 0x0000000088500000, 0x0000000088500000| Complete 
| 134|0x0000000088600000, 0x0000000088700000, 0x0000000088700000|100%| E|CS|TAMS 0x0000000088600000, 0x0000000088600000| Complete 
| 135|0x0000000088700000, 0x0000000088800000, 0x0000000088800000|100%| E|CS|TAMS 0x0000000088700000, 0x0000000088700000| Complete 
| 136|0x0000000088800000, 0x0000000088900000, 0x0000000088900000|100%| E|CS|TAMS 0x0000000088800000, 0x0000000088800000| Complete 
| 137|0x0000000088900000, 0x0000000088a00000, 0x0000000088a00000|100%| E|CS|TAMS 0x0000000088900000, 0x0000000088900000| Complete 
| 138|0x0000000088a00000, 0x0000000088b00000, 0x0000000088b00000|100%| E|CS|TAMS 0x0000000088a00000, 0x0000000088a00000| Complete 
| 139|0x0000000088b00000, 0x0000000088c00000, 0x0000000088c00000|100%| E|CS|TAMS 0x0000000088b00000, 0x0000000088b00000| Complete 
| 140|0x0000000088c00000, 0x0000000088d00000, 0x0000000088d00000|100%| E|CS|TAMS 0x0000000088c00000, 0x0000000088c00000| Complete 
| 141|0x0000000088d00000, 0x0000000088e00000, 0x0000000088e00000|100%| E|CS|TAMS 0x0000000088d00000, 0x0000000088d00000| Complete 
| 142|0x0000000088e00000, 0x0000000088f00000, 0x0000000088f00000|100%| E|CS|TAMS 0x0000000088e00000, 0x0000000088e00000| Complete 
| 143|0x0000000088f00000, 0x0000000089000000, 0x0000000089000000|100%| E|CS|TAMS 0x0000000088f00000, 0x0000000088f00000| Complete 
| 144|0x0000000089000000, 0x0000000089100000, 0x0000000089100000|100%| E|CS|TAMS 0x0000000089000000, 0x0000000089000000| Complete 
| 145|0x0000000089100000, 0x0000000089200000, 0x0000000089200000|100%| E|CS|TAMS 0x0000000089100000, 0x0000000089100000| Complete 
| 146|0x0000000089200000, 0x0000000089300000, 0x0000000089300000|100%| E|CS|TAMS 0x0000000089200000, 0x0000000089200000| Complete 
| 147|0x0000000089300000, 0x0000000089400000, 0x0000000089400000|100%| E|CS|TAMS 0x0000000089300000, 0x0000000089300000| Complete 
| 148|0x0000000089400000, 0x0000000089500000, 0x0000000089500000|100%| E|CS|TAMS 0x0000000089400000, 0x0000000089400000| Complete 
| 149|0x0000000089500000, 0x0000000089600000, 0x0000000089600000|100%| E|CS|TAMS 0x0000000089500000, 0x0000000089500000| Complete 
| 150|0x0000000089600000, 0x0000000089700000, 0x0000000089700000|100%| E|CS|TAMS 0x0000000089600000, 0x0000000089600000| Complete 
| 151|0x0000000089700000, 0x0000000089800000, 0x0000000089800000|100%| E|CS|TAMS 0x0000000089700000, 0x0000000089700000| Complete 
| 152|0x0000000089800000, 0x0000000089900000, 0x0000000089900000|100%| E|CS|TAMS 0x0000000089800000, 0x0000000089800000| Complete 
| 153|0x0000000089900000, 0x0000000089a00000, 0x0000000089a00000|100%| E|CS|TAMS 0x0000000089900000, 0x0000000089900000| Complete 
| 154|0x0000000089a00000, 0x0000000089b00000, 0x0000000089b00000|100%| E|CS|TAMS 0x0000000089a00000, 0x0000000089a00000| Complete 
| 155|0x0000000089b00000, 0x0000000089c00000, 0x0000000089c00000|100%| E|CS|TAMS 0x0000000089b00000, 0x0000000089b00000| Complete 
| 156|0x0000000089c00000, 0x0000000089d00000, 0x0000000089d00000|100%| E|CS|TAMS 0x0000000089c00000, 0x0000000089c00000| Complete 
| 157|0x0000000089d00000, 0x0000000089e00000, 0x0000000089e00000|100%| E|CS|TAMS 0x0000000089d00000, 0x0000000089d00000| Complete 
| 158|0x0000000089e00000, 0x0000000089f00000, 0x0000000089f00000|100%| E|CS|TAMS 0x0000000089e00000, 0x0000000089e00000| Complete 
| 159|0x0000000089f00000, 0x000000008a000000, 0x000000008a000000|100%| E|CS|TAMS 0x0000000089f00000, 0x0000000089f00000| Complete 
| 160|0x000000008a000000, 0x000000008a100000, 0x000000008a100000|100%| E|CS|TAMS 0x000000008a000000, 0x000000008a000000| Complete 
| 161|0x000000008a100000, 0x000000008a200000, 0x000000008a200000|100%| E|CS|TAMS 0x000000008a100000, 0x000000008a100000| Complete 
| 162|0x000000008a200000, 0x000000008a300000, 0x000000008a300000|100%| E|CS|TAMS 0x000000008a200000, 0x000000008a200000| Complete 
| 163|0x000000008a300000, 0x000000008a400000, 0x000000008a400000|100%| E|CS|TAMS 0x000000008a300000, 0x000000008a300000| Complete 
| 164|0x000000008a400000, 0x000000008a500000, 0x000000008a500000|100%| E|CS|TAMS 0x000000008a400000, 0x000000008a400000| Complete 
| 165|0x000000008a500000, 0x000000008a600000, 0x000000008a600000|100%| E|CS|TAMS 0x000000008a500000, 0x000000008a500000| Complete 
| 166|0x000000008a600000, 0x000000008a700000, 0x000000008a700000|100%| E|CS|TAMS 0x000000008a600000, 0x000000008a600000| Complete 
| 167|0x000000008a700000, 0x000000008a800000, 0x000000008a800000|100%| E|CS|TAMS 0x000000008a700000, 0x000000008a700000| Complete 
| 168|0x000000008a800000, 0x000000008a900000, 0x000000008a900000|100%| E|CS|TAMS 0x000000008a800000, 0x000000008a800000| Complete 
| 169|0x000000008a900000, 0x000000008aa00000, 0x000000008aa00000|100%| E|CS|TAMS 0x000000008a900000, 0x000000008a900000| Complete 
| 170|0x000000008aa00000, 0x000000008ab00000, 0x000000008ab00000|100%| E|CS|TAMS 0x000000008aa00000, 0x000000008aa00000| Complete 
| 171|0x000000008ab00000, 0x000000008ac00000, 0x000000008ac00000|100%| E|CS|TAMS 0x000000008ab00000, 0x000000008ab00000| Complete 
| 172|0x000000008ac00000, 0x000000008ad00000, 0x000000008ad00000|100%| E|CS|TAMS 0x000000008ac00000, 0x000000008ac00000| Complete 
| 173|0x000000008ad00000, 0x000000008ae00000, 0x000000008ae00000|100%| E|CS|TAMS 0x000000008ad00000, 0x000000008ad00000| Complete 
| 174|0x000000008ae00000, 0x000000008af00000, 0x000000008af00000|100%| E|CS|TAMS 0x000000008ae00000, 0x000000008ae00000| Complete 
| 175|0x000000008af00000, 0x000000008b000000, 0x000000008b000000|100%| E|CS|TAMS 0x000000008af00000, 0x000000008af00000| Complete 
| 176|0x000000008b000000, 0x000000008b100000, 0x000000008b100000|100%| E|CS|TAMS 0x000000008b000000, 0x000000008b000000| Complete 
| 177|0x000000008b100000, 0x000000008b200000, 0x000000008b200000|100%| E|CS|TAMS 0x000000008b100000, 0x000000008b100000| Complete 
| 178|0x000000008b200000, 0x000000008b300000, 0x000000008b300000|100%| E|CS|TAMS 0x000000008b200000, 0x000000008b200000| Complete 
| 179|0x000000008b300000, 0x000000008b400000, 0x000000008b400000|100%| E|CS|TAMS 0x000000008b300000, 0x000000008b300000| Complete 
| 180|0x000000008b400000, 0x000000008b500000, 0x000000008b500000|100%| E|CS|TAMS 0x000000008b400000, 0x000000008b400000| Complete 
| 181|0x000000008b500000, 0x000000008b600000, 0x000000008b600000|100%| E|CS|TAMS 0x000000008b500000, 0x000000008b500000| Complete 
| 182|0x000000008b600000, 0x000000008b700000, 0x000000008b700000|100%| E|CS|TAMS 0x000000008b600000, 0x000000008b600000| Complete 
| 183|0x000000008b700000, 0x000000008b800000, 0x000000008b800000|100%| E|CS|TAMS 0x000000008b700000, 0x000000008b700000| Complete 
| 184|0x000000008b800000, 0x000000008b900000, 0x000000008b900000|100%| E|CS|TAMS 0x000000008b800000, 0x000000008b800000| Complete 

Card table byte_map: [0x000002abcefa0000,0x000002abcf3a0000] _byte_map_base: 0x000002abceba0000

Marking Bits (Prev, Next): (CMBitMap*) 0x000002abb9e6f430, (CMBitMap*) 0x000002abb9e6f3f8
 Prev Bits: [0x000002abd17a0000, 0x000002abd37a0000)
 Next Bits: [0x000002abcf7a0000, 0x000002abd17a0000)

Polling page: 0x000002abb9f10000

Metaspace:

Usage:
  Non-class:     58.72 MB capacity,    57.66 MB ( 98%) used,   910.35 KB (  2%) free+waste,   175.75 KB ( <1%) overhead. 
      Class:      9.00 MB capacity,     8.41 MB ( 93%) used,   522.72 KB (  6%) free+waste,    81.94 KB ( <1%) overhead. 
       Both:     67.73 MB capacity,    66.07 MB ( 98%) used,     1.40 MB (  2%) free+waste,   257.69 KB ( <1%) overhead. 

Virtual space:
  Non-class space:       60.00 MB reserved,      58.95 MB ( 98%) committed 
      Class space:        1.00 GB reserved,       9.13 MB ( <1%) committed 
             Both:        1.06 GB reserved,      68.07 MB (  6%) committed 

Chunk freelists:
   Non-Class:  39.00 KB
       Class:  30.00 KB
        Both:  69.00 KB

MaxMetaspaceSize: 17179869184.00 GB
CompressedClassSpaceSize: 1.00 GB
Initial GC threshold: 20.80 MB
Current GC threshold: 75.54 MB
CDS: off

CodeHeap 'non-profiled nmethods': size=120000Kb used=4060Kb max_used=4060Kb free=115939Kb
 bounds [0x000002abc6bf0000, 0x000002abc6ff0000, 0x000002abce120000]
CodeHeap 'profiled nmethods': size=120000Kb used=14143Kb max_used=14143Kb free=105856Kb
 bounds [0x000002abbf6c0000, 0x000002abc0490000, 0x000002abc6bf0000]
CodeHeap 'non-nmethods': size=5760Kb used=2344Kb max_used=2386Kb free=3415Kb
 bounds [0x000002abbf120000, 0x000002abbf390000, 0x000002abbf6c0000]
 total_blobs=7601 nmethods=6748 adapters=765
 compilation: enabled
              stopped_count=0, restarted_count=0
 full_count=0

Compilation events (20 events):
Event: 10.131 Thread 0x000002abd6c0f000 6765       3       com.sun.beans.introspect.PropertyInfo::getReadMethod (19 bytes)
Event: 10.131 Thread 0x000002abd6c0f000 nmethod 6765 0x000002abc0473390 code [0x000002abc0473540, 0x000002abc04736b8]
Event: 10.131 Thread 0x000002abd6c0f000 6766       3       com.sun.beans.introspect.PropertyInfo::getWriteMethod (19 bytes)
Event: 10.131 Thread 0x000002abd6c0f000 nmethod 6766 0x000002abc0473790 code [0x000002abc0473940, 0x000002abc0473ab8]
Event: 10.131 Thread 0x000002abd6c0f000 6767       3       com.sun.beans.introspect.PropertyInfo::isConstrained (101 bytes)
Event: 10.131 Thread 0x000002abd6c0f000 nmethod 6767 0x000002abc0473b90 code [0x000002abc0473d60, 0x000002abc0474018]
Event: 10.131 Thread 0x000002abd6c0f000 6770       3       java.util.stream.Nodes$SpinedNodeBuilder::end (29 bytes)
Event: 10.131 Thread 0x000002abd6c0f000 nmethod 6770 0x000002abc0474110 code [0x000002abc04742c0, 0x000002abc04743d8]
Event: 10.131 Thread 0x000002abd6c0f000 6771       3       java.util.stream.Nodes$SpinedNodeBuilder::build (25 bytes)
Event: 10.132 Thread 0x000002abd6c0f000 nmethod 6771 0x000002abc0474490 code [0x000002abc0474640, 0x000002abc0474758]
Event: 10.132 Thread 0x000002abd6c0f000 6772       3       java.util.stream.Nodes$SpinedNodeBuilder::asArray (29 bytes)
Event: 10.132 Thread 0x000002abd6c0f000 nmethod 6772 0x000002abc0474810 code [0x000002abc04749c0, 0x000002abc0474b08]
Event: 10.132 Thread 0x000002abd6c0f000 6773       3       java.util.stream.SpinedBuffer::asArray (46 bytes)
Event: 10.132 Thread 0x000002abd6c0f000 nmethod 6773 0x000002abc0474b90 code [0x000002abc0474da0, 0x000002abc04753a8]
Event: 10.132 Thread 0x000002abd6c0f000 6774       3       java.lang.String::<init> (10 bytes)
Event: 10.132 Thread 0x000002abd6c0f000 nmethod 6774 0x000002abc0475590 code [0x000002abc0475740, 0x000002abc0475888]
Event: 10.132 Thread 0x000002abd6c0f000 6775       3       groovy.lang.MetaClassImpl$Index::put (10 bytes)
Event: 10.133 Thread 0x000002abd6c0f000 nmethod 6775 0x000002abc0475990 code [0x000002abc0475b60, 0x000002abc0475d68]
Event: 10.133 Thread 0x000002abd6c0f000 6769  s    3       java.beans.PropertyDescriptor::setWriteMethod (19 bytes)
Event: 10.133 Thread 0x000002abd6c0f000 nmethod 6769 0x000002abc0475e90 code [0x000002abc04760a0, 0x000002abc0476738]

GC Heap History (20 events):
Event: 0.532 GC heap before
{Heap before GC invocations=0 (full 0):
 garbage-first heap   total 131072K, used 30720K [0x0000000080000000, 0x0000000100000000)
  region size 1024K, 24 young (24576K), 0 survivors (0K)
 Metaspace       used 9867K, capacity 10114K, committed 10368K, reserved 1058816K
  class space    used 1027K, capacity 1102K, committed 1152K, reserved 1048576K
}
Event: 0.537 GC heap after
{Heap after GC invocations=1 (full 0):
 garbage-first heap   total 131072K, used 9301K [0x0000000080000000, 0x0000000100000000)
  region size 1024K, 3 young (3072K), 3 survivors (3072K)
 Metaspace       used 9867K, capacity 10114K, committed 10368K, reserved 1058816K
  class space    used 1027K, capacity 1102K, committed 1152K, reserved 1048576K
}
Event: 1.587 GC heap before
{Heap before GC invocations=1 (full 0):
 garbage-first heap   total 131072K, used 84053K [0x0000000080000000, 0x0000000100000000)
  region size 1024K, 76 young (77824K), 3 survivors (3072K)
 Metaspace       used 17594K, capacity 17903K, committed 18176K, reserved 1064960K
  class space    used 2081K, capacity 2209K, committed 2304K, reserved 1048576K
}
Event: 1.592 GC heap after
{Heap after GC invocations=2 (full 0):
 garbage-first heap   total 131072K, used 16184K [0x0000000080000000, 0x0000000100000000)
  region size 1024K, 10 young (10240K), 10 survivors (10240K)
 Metaspace       used 17594K, capacity 17903K, committed 18176K, reserved 1064960K
  class space    used 2081K, capacity 2209K, committed 2304K, reserved 1048576K
}
Event: 1.882 GC heap before
{Heap before GC invocations=2 (full 0):
 garbage-first heap   total 131072K, used 44856K [0x0000000080000000, 0x0000000100000000)
  region size 1024K, 39 young (39936K), 10 survivors (10240K)
 Metaspace       used 20754K, capacity 21149K, committed 21296K, reserved 1069056K
  class space    used 2558K, capacity 2716K, committed 2816K, reserved 1048576K
}
Event: 1.894 GC heap after
{Heap after GC invocations=3 (full 0):
 garbage-first heap   total 131072K, used 17360K [0x0000000080000000, 0x0000000100000000)
  region size 1024K, 2 young (2048K), 2 survivors (2048K)
 Metaspace       used 20754K, capacity 21149K, committed 21296K, reserved 1069056K
  class space    used 2558K, capacity 2716K, committed 2816K, reserved 1048576K
}
Event: 2.700 GC heap before
{Heap before GC invocations=4 (full 0):
 garbage-first heap   total 131072K, used 71632K [0x0000000080000000, 0x0000000100000000)
  region size 1024K, 56 young (57344K), 2 survivors (2048K)
 Metaspace       used 26670K, capacity 27360K, committed 27648K, reserved 1073152K
  class space    used 3483K, capacity 3733K, committed 3840K, reserved 1048576K
}
Event: 2.709 GC heap after
{Heap after GC invocations=5 (full 0):
 garbage-first heap   total 131072K, used 19106K [0x0000000080000000, 0x0000000100000000)
  region size 1024K, 3 young (3072K), 3 survivors (3072K)
 Metaspace       used 26670K, capacity 27360K, committed 27648K, reserved 1073152K
  class space    used 3483K, capacity 3733K, committed 3840K, reserved 1048576K
}
Event: 3.866 GC heap before
{Heap before GC invocations=6 (full 0):
 garbage-first heap   total 131072K, used 82594K [0x0000000080000000, 0x0000000100000000)
  region size 1024K, 65 young (66560K), 3 survivors (3072K)
 Metaspace       used 36186K, capacity 36962K, committed 37120K, reserved 1081344K
  class space    used 4693K, capacity 4999K, committed 5120K, reserved 1048576K
}
Event: 3.874 GC heap after
{Heap after GC invocations=7 (full 0):
 garbage-first heap   total 131072K, used 22778K [0x0000000080000000, 0x0000000100000000)
  region size 1024K, 7 young (7168K), 7 survivors (7168K)
 Metaspace       used 36186K, capacity 36962K, committed 37120K, reserved 1081344K
  class space    used 4693K, capacity 4999K, committed 5120K, reserved 1048576K
}
Event: 4.835 GC heap before
{Heap before GC invocations=7 (full 0):
 garbage-first heap   total 131072K, used 88314K [0x0000000080000000, 0x0000000100000000)
  region size 1024K, 69 young (70656K), 7 survivors (7168K)
 Metaspace       used 40646K, capacity 41591K, committed 41728K, reserved 1085440K
  class space    used 5189K, capacity 5513K, committed 5632K, reserved 1048576K
}
Event: 4.849 GC heap after
{Heap after GC invocations=8 (full 0):
 garbage-first heap   total 157696K, used 28050K [0x0000000080000000, 0x0000000100000000)
  region size 1024K, 9 young (9216K), 9 survivors (9216K)
 Metaspace       used 40646K, capacity 41591K, committed 41728K, reserved 1085440K
  class space    used 5189K, capacity 5513K, committed 5632K, reserved 1048576K
}
Event: 5.585 GC heap before
{Heap before GC invocations=8 (full 0):
 garbage-first heap   total 157696K, used 77202K [0x0000000080000000, 0x0000000100000000)
  region size 1024K, 57 young (58368K), 9 survivors (9216K)
 Metaspace       used 44880K, capacity 46045K, committed 46080K, reserved 1089536K
  class space    used 5762K, capacity 6137K, committed 6144K, reserved 1048576K
}
Event: 5.607 GC heap after
{Heap after GC invocations=9 (full 0):
 garbage-first heap   total 157696K, used 29865K [0x0000000080000000, 0x0000000100000000)
  region size 1024K, 7 young (7168K), 7 survivors (7168K)
 Metaspace       used 44880K, capacity 46045K, committed 46080K, reserved 1089536K
  class space    used 5762K, capacity 6137K, committed 6144K, reserved 1048576K
}
Event: 6.826 GC heap before
{Heap before GC invocations=10 (full 0):
 garbage-first heap   total 157696K, used 106665K [0x0000000080000000, 0x0000000100000000)
  region size 1024K, 82 young (83968K), 7 survivors (7168K)
 Metaspace       used 48415K, capacity 49709K, committed 49996K, reserved 1093632K
  class space    used 6205K, capacity 6673K, committed 6784K, reserved 1048576K
}
Event: 6.839 GC heap after
{Heap after GC invocations=11 (full 0):
 garbage-first heap   total 157696K, used 34699K [0x0000000080000000, 0x0000000100000000)
  region size 1024K, 7 young (7168K), 7 survivors (7168K)
 Metaspace       used 48415K, capacity 49709K, committed 49996K, reserved 1093632K
  class space    used 6205K, capacity 6673K, committed 6784K, reserved 1048576K
}
Event: 8.312 GC heap before
{Heap before GC invocations=11 (full 0):
 garbage-first heap   total 157696K, used 120715K [0x0000000080000000, 0x0000000100000000)
  region size 1024K, 82 young (83968K), 7 survivors (7168K)
 Metaspace       used 57230K, capacity 58699K, committed 58956K, reserved 1099776K
  class space    used 7270K, capacity 7772K, committed 7808K, reserved 1048576K
}
Event: 8.326 GC heap after
{Heap after GC invocations=12 (full 0):
 garbage-first heap   total 157696K, used 52531K [0x0000000080000000, 0x0000000100000000)
  region size 1024K, 11 young (11264K), 11 survivors (11264K)
 Metaspace       used 57230K, capacity 58699K, committed 58956K, reserved 1099776K
  class space    used 7270K, capacity 7772K, committed 7808K, reserved 1048576K
}
Event: 9.432 GC heap before
{Heap before GC invocations=12 (full 0):
 garbage-first heap   total 157696K, used 119091K [0x0000000080000000, 0x0000000100000000)
  region size 1024K, 76 young (77824K), 11 survivors (11264K)
 Metaspace       used 64341K, capacity 65870K, committed 66124K, reserved 1105920K
  class space    used 8183K, capacity 8750K, committed 8832K, reserved 1048576K
}
Event: 9.446 GC heap after
{Heap after GC invocations=13 (full 0):
 garbage-first heap   total 189440K, used 59538K [0x0000000080000000, 0x0000000100000000)
  region size 1024K, 6 young (6144K), 6 survivors (6144K)
 Metaspace       used 64341K, capacity 65870K, committed 66124K, reserved 1105920K
  class space    used 8183K, capacity 8750K, committed 8832K, reserved 1048576K
}

Deoptimization events (20 events):
Event: 9.659 Thread 0x000002abd8aef000 DEOPT PACKING pc=0x000002abc6ca3a28 sp=0x000000da41ef7f40
Event: 9.659 Thread 0x000002abd8aef000 DEOPT UNPACKING pc=0x000002abbf16a1af sp=0x000000da41ef7ef0 mode 2
Event: 9.703 Thread 0x000002abd8aef000 Uncommon trap: trap_request=0xffffffde fr.pc=0x000002abc6fa33cc relative=0x0000000000002d2c
Event: 9.703 Thread 0x000002abd8aef000 Uncommon trap: reason=class_check action=maybe_recompile pc=0x000002abc6fa33cc method=java.util.TreeMap.put(Ljava/lang/Object;Ljava/lang/Object;)Ljava/lang/Object; @ 127 c2
Event: 9.703 Thread 0x000002abd8aef000 DEOPT PACKING pc=0x000002abc6fa33cc sp=0x000000da41ef8260
Event: 9.703 Thread 0x000002abd8aef000 DEOPT UNPACKING pc=0x000002abbf16a1af sp=0x000000da41ef8228 mode 2
Event: 9.803 Thread 0x000002abd8aef000 Uncommon trap: trap_request=0xffffff4d fr.pc=0x000002abc6d64984 relative=0x00000000000051a4
Event: 9.803 Thread 0x000002abd8aef000 Uncommon trap: reason=unstable_if action=reinterpret pc=0x000002abc6d64984 method=sun.net.www.protocol.jar.Handler.parseURL(Ljava/net/URL;Ljava/lang/String;II)V @ 116 c2
Event: 9.803 Thread 0x000002abd8aef000 DEOPT PACKING pc=0x000002abc6d64984 sp=0x000000da41ef9080
Event: 9.803 Thread 0x000002abd8aef000 DEOPT UNPACKING pc=0x000002abbf16a1af sp=0x000000da41ef8f78 mode 2
Event: 9.950 Thread 0x000002abd8aef000 Uncommon trap: trap_request=0xffffff4d fr.pc=0x000002abc6f08710 relative=0x0000000000001690
Event: 9.950 Thread 0x000002abd8aef000 Uncommon trap: reason=unstable_if action=reinterpret pc=0x000002abc6f08710 method=java.util.concurrent.ConcurrentHashMap.putVal(Ljava/lang/Object;Ljava/lang/Object;Z)Ljava/lang/Object; @ 245 c2
Event: 9.950 Thread 0x000002abd8aef000 DEOPT PACKING pc=0x000002abc6f08710 sp=0x000000da41ef8490
Event: 9.950 Thread 0x000002abd8aef000 DEOPT UNPACKING pc=0x000002abbf16a1af sp=0x000000da41ef8418 mode 2
Event: 10.048 Thread 0x000002abd8aef000 DEOPT PACKING pc=0x000002abbfb53cf9 sp=0x000000da41ef8cb0
Event: 10.048 Thread 0x000002abd8aef000 DEOPT UNPACKING pc=0x000002abbf16a95e sp=0x000000da41ef8178 mode 0
Event: 10.116 Thread 0x000002abd8aef000 Uncommon trap: trap_request=0xffffff4d fr.pc=0x000002abc6dacd14 relative=0x0000000000000354
Event: 10.116 Thread 0x000002abd8aef000 Uncommon trap: reason=unstable_if action=reinterpret pc=0x000002abc6dacd14 method=java.util.StringJoiner.add(Ljava/lang/CharSequence;)Ljava/util/StringJoiner; @ 33 c2
Event: 10.116 Thread 0x000002abd8aef000 DEOPT PACKING pc=0x000002abc6dacd14 sp=0x000000da41ef5bb0
Event: 10.116 Thread 0x000002abd8aef000 DEOPT UNPACKING pc=0x000002abbf16a1af sp=0x000000da41ef5b60 mode 2

Classes redefined (0 events):
No events

Internal exceptions (20 events):
Event: 9.994 Thread 0x000002abd8aef000 Exception <a 'java/lang/ClassNotFoundException'{0x00000000898742c0}: org/jetbrains/kotlin/gradle/targets/js/npm/DefaultDevNpmDependencyExtensionBeanInfo> (0x00000000898742c0) thrown at [./src/hotspot/share/classfile/systemDictionary.cpp, line 231]
Event: 9.995 Thread 0x000002abd8aef000 Exception <a 'java/lang/ClassNotFoundException'{0x0000000089893c48}: org/jetbrains/kotlin/gradle/targets/js/npm/DefaultDevNpmDependencyExtensionCustomizer> (0x0000000089893c48) thrown at [./src/hotspot/share/classfile/systemDictionary.cpp, line 231]
Event: 9.999 Thread 0x000002abd8aef000 Exception <a 'java/lang/ClassNotFoundException'{0x00000000898eb1e0}: org/jetbrains/kotlin/gradle/targets/js/npm/DefaultPeerNpmDependencyExtensionBeanInfo> (0x00000000898eb1e0) thrown at [./src/hotspot/share/classfile/systemDictionary.cpp, line 231]
Event: 10.000 Thread 0x000002abd8aef000 Exception <a 'java/lang/ClassNotFoundException'{0x000000008970afd8}: org/jetbrains/kotlin/gradle/targets/js/npm/DefaultPeerNpmDependencyExtensionCustomizer> (0x000000008970afd8) thrown at [./src/hotspot/share/classfile/systemDictionary.cpp, line 231]
Event: 10.005 Thread 0x000002abd8aef000 Exception <a 'java/lang/ClassNotFoundException'{0x000000008976aa40}: org/jetbrains/kotlin/gradle/targets/js/npm/DefaultPeerNpmDependencyExtension$delegate$1BeanInfo> (0x000000008976aa40) thrown at [./src/hotspot/share/classfile/systemDictionary.cpp, line 231]
Event: 10.006 Thread 0x000002abd8aef000 Exception <a 'java/lang/ClassNotFoundException'{0x000000008978bdc8}: org/jetbrains/kotlin/gradle/targets/js/npm/DefaultPeerNpmDependencyExtension$delegate$1Customizer> (0x000000008978bdc8) thrown at [./src/hotspot/share/classfile/systemDictionary.cpp, line 231]
Event: 10.064 Thread 0x000002abd8aef000 Exception <a 'java/lang/ClassNotFoundException'{0x000000008946f638}: build_1ou3tn7tm51infabiqezyzds9BeanInfo> (0x000000008946f638) thrown at [./src/hotspot/share/classfile/systemDictionary.cpp, line 231]
Event: 10.064 Thread 0x000002abd8aef000 Exception <a 'java/lang/ClassNotFoundException'{0x000000008947aae0}: build_1ou3tn7tm51infabiqezyzds9Customizer> (0x000000008947aae0) thrown at [./src/hotspot/share/classfile/systemDictionary.cpp, line 231]
Event: 10.112 Thread 0x000002abd8aef000 Exception <a 'java/lang/ClassNotFoundException'{0x0000000089041bb0}: com/android/build/gradle/internal/dsl/BaseAppModuleExtension_DecoratedBeanInfo> (0x0000000089041bb0) thrown at [./src/hotspot/share/classfile/systemDictionary.cpp, line 231]
Event: 10.112 Thread 0x000002abd8aef000 Exception <a 'java/lang/ClassNotFoundException'{0x000000008905e318}: com/android/build/gradle/internal/dsl/BaseAppModuleExtensionBeanInfo> (0x000000008905e318) thrown at [./src/hotspot/share/classfile/systemDictionary.cpp, line 231]
Event: 10.113 Thread 0x000002abd8aef000 Exception <a 'java/lang/ClassNotFoundException'{0x0000000089076bc0}: com/android/build/gradle/AppExtensionBeanInfo> (0x0000000089076bc0) thrown at [./src/hotspot/share/classfile/systemDictionary.cpp, line 231]
Event: 10.113 Thread 0x000002abd8aef000 Exception <a 'java/lang/ClassNotFoundException'{0x0000000089091638}: com/android/build/gradle/AbstractAppExtensionBeanInfo> (0x0000000089091638) thrown at [./src/hotspot/share/classfile/systemDictionary.cpp, line 231]
Event: 10.114 Thread 0x000002abd8aef000 Exception <a 'java/lang/ClassNotFoundException'{0x00000000890aa918}: com/android/build/gradle/TestedExtensionBeanInfo> (0x00000000890aa918) thrown at [./src/hotspot/share/classfile/systemDictionary.cpp, line 231]
Event: 10.114 Thread 0x000002abd8aef000 Exception <a 'java/lang/ClassNotFoundException'{0x00000000890c3df0}: com/android/build/gradle/BaseExtensionBeanInfo> (0x00000000890c3df0) thrown at [./src/hotspot/share/classfile/systemDictionary.cpp, line 231]
Event: 10.115 Thread 0x000002abd8aef000 Exception <a 'java/lang/ClassNotFoundException'{0x00000000890dd340}: com/android/build/gradle/BaseExtensionCustomizer> (0x00000000890dd340) thrown at [./src/hotspot/share/classfile/systemDictionary.cpp, line 231]
Event: 10.118 Thread 0x000002abd8aef000 Exception <a 'java/lang/ClassNotFoundException'{0x0000000088f4fc40}: com/android/build/gradle/TestedExtensionCustomizer> (0x0000000088f4fc40) thrown at [./src/hotspot/share/classfile/systemDictionary.cpp, line 231]
Event: 10.119 Thread 0x000002abd8aef000 Exception <a 'java/lang/ClassNotFoundException'{0x0000000088f84868}: com/android/build/gradle/AbstractAppExtensionCustomizer> (0x0000000088f84868) thrown at [./src/hotspot/share/classfile/systemDictionary.cpp, line 231]
Event: 10.121 Thread 0x000002abd8aef000 Exception <a 'java/lang/ClassNotFoundException'{0x0000000088fb3140}: com/android/build/gradle/AppExtensionCustomizer> (0x0000000088fb3140) thrown at [./src/hotspot/share/classfile/systemDictionary.cpp, line 231]
Event: 10.122 Thread 0x000002abd8aef000 Exception <a 'java/lang/ClassNotFoundException'{0x0000000088fe45f0}: com/android/build/gradle/internal/dsl/BaseAppModuleExtensionCustomizer> (0x0000000088fe45f0) thrown at [./src/hotspot/share/classfile/systemDictionary.cpp, line 231]
Event: 10.127 Thread 0x000002abd8aef000 Exception <a 'java/lang/ClassNotFoundException'{0x0000000088ed05c8}: com/android/build/gradle/internal/dsl/BaseAppModuleExtension_DecoratedCustomizer> (0x0000000088ed05c8) thrown at [./src/hotspot/share/classfile/systemDictionary.cpp, line 231]

Events (20 events):
Event: 10.119 loading class com/android/build/gradle/AbstractAppExtensionCustomizer
Event: 10.119 loading class com/android/build/gradle/AbstractAppExtensionCustomizer done
Event: 10.120 loading class com/android/build/gradle/AppExtensionCustomizer
Event: 10.120 loading class com/android/build/gradle/AppExtensionCustomizer done
Event: 10.120 loading class com/android/build/gradle/AppExtensionCustomizer
Event: 10.120 loading class com/android/build/gradle/AppExtensionCustomizer done
Event: 10.121 loading class com/android/build/gradle/internal/dsl/BaseAppModuleExtensionCustomizer
Event: 10.121 loading class com/android/build/gradle/internal/dsl/BaseAppModuleExtensionCustomizer done
Event: 10.122 loading class com/android/build/gradle/internal/dsl/BaseAppModuleExtensionCustomizer
Event: 10.122 loading class com/android/build/gradle/internal/dsl/BaseAppModuleExtensionCustomizer done
Event: 10.126 loading class com/android/build/gradle/internal/dsl/BaseAppModuleExtension_DecoratedCustomizer
Event: 10.126 loading class com/android/build/gradle/internal/dsl/BaseAppModuleExtension_DecoratedCustomizer done
Event: 10.127 loading class com/android/build/gradle/internal/dsl/BaseAppModuleExtension_DecoratedCustomizer
Event: 10.127 loading class com/android/build/gradle/internal/dsl/BaseAppModuleExtension_DecoratedCustomizer done
Event: 10.133 loading class groovy/runtime/metaclass/build_1ou3tn7tm51infabiqezyzds9$_run_closure1$_closure3MetaClass
Event: 10.133 loading class groovy/runtime/metaclass/build_1ou3tn7tm51infabiqezyzds9$_run_closure1$_closure3MetaClass done
Event: 10.134 loading class org/gradle/util/internal/ConfigureUtil
Event: 10.134 loading class org/gradle/util/internal/ConfigureUtil done
Event: 10.135 loading class groovy/runtime/metaclass/com/android/build/gradle/internal/dsl/DefaultConfig$AgpDecorated_DecoratedMetaClass
Event: 10.135 loading class groovy/runtime/metaclass/com/android/build/gradle/internal/dsl/DefaultConfig$AgpDecorated_DecoratedMetaClass done


Dynamic libraries:
0x00007ff7b2c70000 - 0x00007ff7b2c7a000 	C:\Program Files\Android\Android Studio\jre\bin\java.exe
0x00007ffa67870000 - 0x00007ffa67a68000 	C:\Windows\SYSTEM32\ntdll.dll
0x00007ffa67300000 - 0x00007ffa673bd000 	C:\Windows\System32\KERNEL32.DLL
0x00007ffa65340000 - 0x00007ffa6560e000 	C:\Windows\System32\KERNELBASE.dll
0x00007ffa656c0000 - 0x00007ffa657c0000 	C:\Windows\System32\ucrtbase.dll
0x00007ffa5e170000 - 0x00007ffa5e189000 	C:\Program Files\Android\Android Studio\jre\bin\jli.dll
0x00007ffa5e190000 - 0x00007ffa5e1a7000 	C:\Program Files\Android\Android Studio\jre\bin\VCRUNTIME140.dll
0x00007ffa65a70000 - 0x00007ffa65c10000 	C:\Windows\System32\USER32.dll
0x00007ffa650a0000 - 0x00007ffa650c2000 	C:\Windows\System32\win32u.dll
0x00007ffa47560000 - 0x00007ffa477fa000 	C:\Windows\WinSxS\amd64_microsoft.windows.common-controls_6595b64144ccf1df_6.0.19041.1110_none_60b5254171f9507e\COMCTL32.dll
0x00007ffa65a40000 - 0x00007ffa65a6a000 	C:\Windows\System32\GDI32.dll
0x00007ffa665a0000 - 0x00007ffa6663e000 	C:\Windows\System32\msvcrt.dll
0x00007ffa65230000 - 0x00007ffa6533b000 	C:\Windows\System32\gdi32full.dll
0x00007ffa64f90000 - 0x00007ffa6502d000 	C:\Windows\System32\msvcp_win.dll
0x00007ffa65a10000 - 0x00007ffa65a40000 	C:\Windows\System32\IMM32.DLL
0x00007ffa10bb0000 - 0x00007ffa10c4d000 	C:\Program Files\Android\Android Studio\jre\bin\msvcp140.dll
0x00007ff9e47d0000 - 0x00007ff9e52b5000 	C:\Program Files\Android\Android Studio\jre\bin\server\jvm.dll
0x00007ffa65d50000 - 0x00007ffa65dfe000 	C:\Windows\System32\ADVAPI32.dll
0x00007ffa660c0000 - 0x00007ffa6615c000 	C:\Windows\System32\sechost.dll
0x00007ffa66d90000 - 0x00007ffa66eb5000 	C:\Windows\System32\RPCRT4.dll
0x00007ffa65e00000 - 0x00007ffa65e08000 	C:\Windows\System32\PSAPI.DLL
0x00007ffa48d50000 - 0x00007ffa48d59000 	C:\Windows\SYSTEM32\WSOCK32.dll
0x00007ffa66530000 - 0x00007ffa6659b000 	C:\Windows\System32\WS2_32.dll
0x00007ffa53b40000 - 0x00007ffa53b67000 	C:\Windows\SYSTEM32\WINMM.dll
0x00007ffa5c990000 - 0x00007ffa5c99a000 	C:\Windows\SYSTEM32\VERSION.dll
0x00007ffa63800000 - 0x00007ffa63812000 	C:\Windows\SYSTEM32\kernel.appcore.dll
0x00007ffa48ca0000 - 0x00007ffa48cb1000 	C:\Program Files\Android\Android Studio\jre\bin\verify.dll
0x00007ffa62d80000 - 0x00007ffa62f64000 	C:\Windows\SYSTEM32\DBGHELP.DLL
0x00007ffa550f0000 - 0x00007ffa5511c000 	C:\Windows\SYSTEM32\dbgcore.DLL
0x00007ffa65840000 - 0x00007ffa658c2000 	C:\Windows\System32\bcryptPrimitives.dll
0x00007ffa3f970000 - 0x00007ffa3f999000 	C:\Program Files\Android\Android Studio\jre\bin\java.dll
0x00007ffa48980000 - 0x00007ffa4898b000 	C:\Program Files\Android\Android Studio\jre\bin\jimage.dll
0x00007ffa41440000 - 0x00007ffa41458000 	C:\Program Files\Android\Android Studio\jre\bin\zip.dll
0x00007ffa66640000 - 0x00007ffa66d83000 	C:\Windows\System32\SHELL32.dll
0x00007ffa63060000 - 0x00007ffa637f5000 	C:\Windows\SYSTEM32\windows.storage.dll
0x00007ffa661d0000 - 0x00007ffa66524000 	C:\Windows\System32\combase.dll
0x00007ffa649f0000 - 0x00007ffa64a20000 	C:\Windows\SYSTEM32\Wldp.dll
0x00007ffa65ca0000 - 0x00007ffa65d4d000 	C:\Windows\System32\SHCORE.dll
0x00007ffa65e10000 - 0x00007ffa65e65000 	C:\Windows\System32\shlwapi.dll
0x00007ffa64ed0000 - 0x00007ffa64eef000 	C:\Windows\SYSTEM32\profapi.dll
0x00007ffa41400000 - 0x00007ffa4141a000 	C:\Program Files\Android\Android Studio\jre\bin\net.dll
0x00007ffa55d40000 - 0x00007ffa55e4a000 	C:\Windows\SYSTEM32\WINHTTP.dll
0x00007ffa64750000 - 0x00007ffa647ba000 	C:\Windows\system32\mswsock.dll
0x00007ffa3d730000 - 0x00007ffa3d744000 	C:\Program Files\Android\Android Studio\jre\bin\nio.dll
0x00007ffa38110000 - 0x00007ffa38137000 	C:\Users\lenovo\.gradle\native\e1d6ef7f7dcc3fd88c89a11ec53ec762bb8ba0a96d01ffa2cd45eb1d1d8dd5c5\windows-amd64\native-platform.dll
0x00007ffa093b0000 - 0x00007ffa094f4000 	C:\Users\lenovo\.gradle\native\5664cfc778a61ccfe75a443a1ab52a65af34e5dc3c78e0209fed803814484fcb\windows-amd64\native-platform-file-events.dll
0x00007ffa48630000 - 0x00007ffa4863a000 	C:\Program Files\Android\Android Studio\jre\bin\management.dll
0x00007ffa48550000 - 0x00007ffa4855d000 	C:\Program Files\Android\Android Studio\jre\bin\management_ext.dll
0x00007ffa64940000 - 0x00007ffa64958000 	C:\Windows\SYSTEM32\CRYPTSP.dll
0x00007ffa64060000 - 0x00007ffa64094000 	C:\Windows\system32\rsaenh.dll
0x00007ffa657c0000 - 0x00007ffa657e7000 	C:\Windows\System32\bcrypt.dll
0x00007ffa64e90000 - 0x00007ffa64ebe000 	C:\Windows\SYSTEM32\USERENV.dll
0x00007ffa64960000 - 0x00007ffa6496c000 	C:\Windows\SYSTEM32\CRYPTBASE.dll
0x00007ffa643f0000 - 0x00007ffa6442b000 	C:\Windows\SYSTEM32\IPHLPAPI.DLL
0x00007ffa65c90000 - 0x00007ffa65c98000 	C:\Windows\System32\NSI.dll
0x00007ffa57910000 - 0x00007ffa57927000 	C:\Windows\SYSTEM32\dhcpcsvc6.DLL
0x00007ffa57360000 - 0x00007ffa5737d000 	C:\Windows\SYSTEM32\dhcpcsvc.DLL
0x00007ffa64430000 - 0x00007ffa644fa000 	C:\Windows\SYSTEM32\DNSAPI.dll

dbghelp: loaded successfully - version: 4.0.5 - missing functions: none
symbol engine: initialized successfully - sym options: 0x614 - pdb path: .;C:\Program Files\Android\Android Studio\jre\bin;C:\Windows\SYSTEM32;C:\Windows\WinSxS\amd64_microsoft.windows.common-controls_6595b64144ccf1df_6.0.19041.1110_none_60b5254171f9507e;C:\Program Files\Android\Android Studio\jre\bin\server;C:\Users\lenovo\.gradle\native\e1d6ef7f7dcc3fd88c89a11ec53ec762bb8ba0a96d01ffa2cd45eb1d1d8dd5c5\windows-amd64;C:\Users\lenovo\.gradle\native\5664cfc778a61ccfe75a443a1ab52a65af34e5dc3c78e0209fed803814484fcb\windows-amd64

VM Arguments:
jvm_args: --add-opens=java.base/java.util=ALL-UNNAMED --add-opens=java.base/java.lang=ALL-UNNAMED --add-opens=java.base/java.lang.invoke=ALL-UNNAMED --add-opens=java.base/java.util=ALL-UNNAMED --add-opens=java.prefs/java.util.prefs=ALL-UNNAMED --add-opens=java.prefs/java.util.prefs=ALL-UNNAMED --add-opens=java.base/java.nio.charset=ALL-UNNAMED --add-opens=java.base/java.net=ALL-UNNAMED --add-opens=java.base/java.util.concurrent.atomic=ALL-UNNAMED -Xmx2048m -Dfile.encoding=UTF-8 -Duser.country=US -Duser.language=en -Duser.variant 
java_command: org.gradle.launcher.daemon.bootstrap.GradleDaemon 7.3.3
java_class_path (initial): C:\Users\lenovo\.gradle\wrapper\dists\gradle-7.3.3-bin\6a41zxkdtcxs8rphpq6y0069z\gradle-7.3.3\lib\gradle-launcher-7.3.3.jar
Launcher Type: SUN_STANDARD

[Global flags]
     intx CICompilerCount                          = 4                                         {product} {ergonomic}
     uint ConcGCThreads                            = 2                                         {product} {ergonomic}
     uint G1ConcRefinementThreads                  = 8                                         {product} {ergonomic}
   size_t G1HeapRegionSize                         = 1048576                                   {product} {ergonomic}
    uintx GCDrainStackTargetSize                   = 64                                        {product} {ergonomic}
   size_t InitialHeapSize                          = 134217728                                 {product} {ergonomic}
   size_t MarkStackSize                            = 4194304                                   {product} {ergonomic}
   size_t MaxHeapSize                              = 2147483648                                {product} {command line}
   size_t MaxNewSize                               = 1287651328                                {product} {ergonomic}
   size_t MinHeapDeltaBytes                        = 1048576                                   {product} {ergonomic}
    uintx NonNMethodCodeHeapSize                   = 5836300                                {pd product} {ergonomic}
    uintx NonProfiledCodeHeapSize                  = 122910970                              {pd product} {ergonomic}
    uintx ProfiledCodeHeapSize                     = 122910970                              {pd product} {ergonomic}
    uintx ReservedCodeCacheSize                    = 251658240                              {pd product} {ergonomic}
     bool SegmentedCodeCache                       = true                                      {product} {ergonomic}
     bool UseCompressedClassPointers               = true                                 {lp64_product} {ergonomic}
     bool UseCompressedOops                        = true                                 {lp64_product} {ergonomic}
     bool UseG1GC                                  = true                                      {product} {ergonomic}
     bool UseLargePagesIndividualAllocation        = false                                  {pd product} {ergonomic}

Logging:
Log output configuration:
 #0: stdout all=warning uptime,level,tags
 #1: stderr all=off uptime,level,tags

Environment Variables:
PATH=C:\Program Files (x86)\Common Files\Oracle\Java\javapath;C:\Windows\system32;C:\Windows;C:\Windows\System32\Wbem;C:\Windows\System32\WindowsPowerShell\v1.0\;C:\Windows\System32\OpenSSH\;C:\Program Files\Git\cmd;C:\Users\lenovo\AppData\Local\Microsoft\WindowsApps;C:\Program Files\JetBrains\IntelliJ IDEA Community Edition 2022.2\bin;;C:\tools\dart-sdk\bin;
USERNAME=lenovo
OS=Windows_NT
PROCESSOR_IDENTIFIER=Intel64 Family 6 Model 142 Stepping 10, GenuineIntel



---------------  S Y S T E M  ---------------

OS: Windows 10 , 64 bit Build 19041 (10.0.19041.1889)
OS uptime: 0 days 10:51 hours

CPU:total 8 (initial active 8) (4 cores per cpu, 2 threads per core) family 6 model 142 stepping 10 microcode 0xb4, cmov, cx8, fxsr, mmx, sse, sse2, sse3, ssse3, sse4.1, sse4.2, popcnt, avx, avx2, aes, clmul, erms, 3dnowpref, lzcnt, ht, tsc, tscinvbit, bmi1, bmi2, adx, fma

Memory: 4k page, system-wide physical 8101M (1229M free)
TotalPageFile size 10149M (AvailPageFile size 5M)
current process WorkingSet (physical memory assigned to process): 409M, peak: 409M
current process commit charge ("private bytes"): 448M, peak: 449M

vm_info: OpenJDK 64-Bit Server VM (11.0.12+7-b1504.28-7817840) for windows-amd64 JRE (11.0.12+7-b1504.28-7817840), built on Oct 13 2021 22:12:33 by "builder" with MS VC++ 14.0 (VS2015)

END.
