#
# There is insufficient memory for the Java Runtime Environment to continue.
# Native memory allocation (malloc) failed to allocate 2137136 bytes for Chunk::new
# Possible reasons:
#   The system is out of physical RAM or swap space
#   The process is running with CompressedOops enabled, and the Java Heap may be blocking the growth of the native heap
# Possible solutions:
#   Reduce memory load on the system
#   Increase physical memory or swap space
#   Check if swap backing store is full
#   Decrease Java heap size (-Xmx/-Xms)
#   Decrease number of Java threads
#   Decrease Java thread stack sizes (-Xss)
#   Set larger code cache with -XX:ReservedCodeCacheSize=
#   JVM is running with Unscaled Compressed Oops mode in which the Java heap is
#     placed in the first 4GB address space. The Java Heap base address is the
#     maximum limit for the native heap growth. Please use -XX:HeapBaseMinAddress
#     to set the Java Heap base and to place the Java Heap above 4GB virtual address.
# This output file may be truncated or incomplete.
#
#  Out of Memory Error (./src/hotspot/share/memory/arena.cpp:197), pid=13012, tid=10592
#
# JRE version: OpenJDK Runtime Environment (11.0.12+7) (build 11.0.12+7-b1504.28-7817840)
# Java VM: OpenJDK 64-Bit Server VM (11.0.12+7-b1504.28-7817840, mixed mode, tiered, compressed oops, g1 gc, windows-amd64)
# No core dump will be written. Minidumps are not enabled by default on client versions of Windows
#

---------------  S U M M A R Y ------------

Command Line: --add-opens=java.base/java.util=ALL-UNNAMED --add-opens=java.base/java.lang=ALL-UNNAMED --add-opens=java.base/java.lang.invoke=ALL-UNNAMED --add-opens=java.base/java.util=ALL-UNNAMED --add-opens=java.prefs/java.util.prefs=ALL-UNNAMED --add-opens=java.prefs/java.util.prefs=ALL-UNNAMED --add-opens=java.base/java.nio.charset=ALL-UNNAMED --add-opens=java.base/java.net=ALL-UNNAMED --add-opens=java.base/java.util.concurrent.atomic=ALL-UNNAMED -Xmx2048m -Dfile.encoding=UTF-8 -Duser.country=US -Duser.language=en -Duser.variant org.gradle.launcher.daemon.bootstrap.GradleDaemon 7.3.3

Host: Intel(R) Core(TM) i7-8550U CPU @ 1.80GHz, 8 cores, 7G,  Windows 10 , 64 bit Build 19041 (10.0.19041.1889)
Time: Tue Oct  4 04:22:26 2022 Egypt Standard Time elapsed time: 1380.807030 seconds (0d 0h 23m 0s)

---------------  T H R E A D  ---------------

Current thread (0x0000025d9a200000):  JavaThread "C2 CompilerThread1" daemon [_thread_in_native, id=10592, stack(0x00000082c9100000,0x00000082c9200000)]


Current CompileTask:
C2:1380807 15682   !   4       java.io.ObjectOutputStream::writeObject0 (619 bytes)

Stack: [0x00000082c9100000,0x00000082c9200000]
Native frames: (J=compiled Java code, j=interpreted, Vv=VM code, C=native code)
V  [jvm.dll+0x5fbcea]
V  [jvm.dll+0x731905]
V  [jvm.dll+0x732f1d]
V  [jvm.dll+0x7335d3]
V  [jvm.dll+0x247bf8]
V  [jvm.dll+0xc018c]
V  [jvm.dll+0xc06cc]
V  [jvm.dll+0x35b31d]
V  [jvm.dll+0x328803]
V  [jvm.dll+0x327cfa]
V  [jvm.dll+0x200602]
V  [jvm.dll+0x1ff794]
V  [jvm.dll+0x18868c]
V  [jvm.dll+0x20e0d7]
V  [jvm.dll+0x20c901]
V  [jvm.dll+0x6f9b7f]
V  [jvm.dll+0x6f26a5]
V  [jvm.dll+0x5fabf6]
C  [ucrtbase.dll+0x21bb2]
C  [KERNEL32.DLL+0x17034]
C  [ntdll.dll+0x526a1]


---------------  P R O C E S S  ---------------

Threads class SMR info:
_java_thread_list=0x0000025d9ed53730, length=138, elements={
0x0000025df6449000, 0x0000025dff875800, 0x0000025dff880800, 0x0000025dffa04800,
0x0000025dffa08000, 0x0000025dffa09000, 0x0000025dffa0e000, 0x0000025dffa0f800,
0x0000025dff88d000, 0x0000025dffb64800, 0x0000025d962e5800, 0x0000025d962e6800,
0x0000025d962e1800, 0x0000025d95703000, 0x0000025d95706000, 0x0000025d95704800,
0x0000025d95705800, 0x0000025d95707000, 0x0000025d95709800, 0x0000025d9570c800,
0x0000025d9570d800, 0x0000025d9570a000, 0x0000025d9570b000, 0x0000025d9588e000,
0x0000025d9588e800, 0x0000025d9588a000, 0x0000025d9588b800, 0x0000025d95896000,
0x0000025d95890800, 0x0000025d9958b000, 0x0000025d99587000, 0x0000025d9958d800,
0x0000025d9958a000, 0x0000025d9958e000, 0x0000025d99588800, 0x0000025d9958b800,
0x0000025d9958f000, 0x0000025d99589800, 0x0000025d99590000, 0x0000025d99592000,
0x0000025d99590800, 0x0000025d99591800, 0x0000025d9958c800, 0x0000025d99593000,
0x0000025d99594000, 0x0000025d99594800, 0x0000025d99595800, 0x0000025d9588a800,
0x0000025d95891000, 0x0000025d9588f800, 0x0000025d9588c000, 0x0000025d95892800,
0x0000025d9588d000, 0x0000025d95895000, 0x0000025d95898800, 0x0000025d95894800,
0x0000025d95897000, 0x0000025d95897800, 0x0000025d95893800, 0x0000025d95703800,
0x0000025d9570c000, 0x0000025d95708000, 0x0000025d95708800, 0x0000025d9570f000,
0x0000025d95711000, 0x0000025d95711800, 0x0000025d962e2800, 0x0000025d962e5000,
0x0000025d962e0800, 0x0000025d962e4000, 0x0000025d962e3000, 0x0000025d962e7000,
0x0000025d93d14800, 0x0000025d93d15000, 0x0000025d93d0f800, 0x0000025d93d16000,
0x0000025d93d13800, 0x0000025d93d10000, 0x0000025d93d17000, 0x0000025d93d11000,
0x0000025d93d17800, 0x0000025d93d12000, 0x0000025d93d18800, 0x0000025d93d12800,
0x0000025d93d1b800, 0x0000025d93d1c800, 0x0000025d93d1d800, 0x0000025d93d1a000,
0x0000025d93d19000, 0x0000025d93d1b000, 0x0000025d93d1e000, 0x0000025d99c67000,
0x0000025d99c6a000, 0x0000025d99c67800, 0x0000025d99c66000, 0x0000025d99c69800,
0x0000025d99c6b000, 0x0000025d99c6c000, 0x0000025d99c6d800, 0x0000025d99c6e800,
0x0000025d99c6c800, 0x0000025d99c68800, 0x0000025d99c73000, 0x0000025d99c74000,
0x0000025d99c75000, 0x0000025d99c6f000, 0x0000025d99c70800, 0x0000025d99c71800,
0x0000025d99c70000, 0x0000025d99c72800, 0x0000025d98aa6000, 0x0000025d98aa9800,
0x0000025d98aa5800, 0x0000025d98aa8000, 0x0000025d98aa8800, 0x0000025d98aa3800,
0x0000025d98aa7000, 0x0000025d98aa4800, 0x0000025d98aac000, 0x0000025d98aaf000,
0x0000025d98aae800, 0x0000025d98aac800, 0x0000025d98ab0000, 0x0000025d98aad800,
0x0000025d98aaa000, 0x0000025d98ab1000, 0x0000025d98aab000, 0x0000025d98ab2800,
0x0000025d98ab1800, 0x0000025d99129800, 0x0000025d9912d000, 0x0000025d9912a800,
0x0000025d9912b800, 0x0000025d99128000, 0x0000025d99129000, 0x0000025d9912c000,
0x0000025d9a200000, 0x0000025d99127000
}

Java Threads: ( => current thread )
  0x0000025df6449000 JavaThread "main" [_thread_blocked, id=11088, stack(0x00000082bfd00000,0x00000082bfe00000)]
  0x0000025dff875800 JavaThread "Reference Handler" daemon [_thread_blocked, id=9328, stack(0x00000082c0400000,0x00000082c0500000)]
  0x0000025dff880800 JavaThread "Finalizer" daemon [_thread_blocked, id=12364, stack(0x00000082c0500000,0x00000082c0600000)]
  0x0000025dffa04800 JavaThread "Signal Dispatcher" daemon [_thread_blocked, id=1416, stack(0x00000082c0600000,0x00000082c0700000)]
  0x0000025dffa08000 JavaThread "Attach Listener" daemon [_thread_blocked, id=9616, stack(0x00000082c0700000,0x00000082c0800000)]
  0x0000025dffa09000 JavaThread "Service Thread" daemon [_thread_blocked, id=11320, stack(0x00000082c0800000,0x00000082c0900000)]
  0x0000025dffa0e000 JavaThread "C2 CompilerThread0" daemon [_thread_in_native, id=7268, stack(0x00000082c0900000,0x00000082c0a00000)]
  0x0000025dffa0f800 JavaThread "C1 CompilerThread0" daemon [_thread_blocked, id=1100, stack(0x00000082c0a00000,0x00000082c0b00000)]
  0x0000025dff88d000 JavaThread "Sweeper thread" daemon [_thread_blocked, id=3192, stack(0x00000082c0b00000,0x00000082c0c00000)]
  0x0000025dffb64800 JavaThread "Common-Cleaner" daemon [_thread_blocked, id=7156, stack(0x00000082c0c00000,0x00000082c0d00000)]
  0x0000025d962e5800 JavaThread "Daemon health stats" [_thread_blocked, id=10780, stack(0x00000082c1200000,0x00000082c1300000)]
  0x0000025d962e6800 JavaThread "Incoming local TCP Connector on port 55678" [_thread_in_native, id=12492, stack(0x00000082c0f00000,0x00000082c1000000)]
  0x0000025d962e1800 JavaThread "Daemon periodic checks" [_thread_blocked, id=11596, stack(0x00000082c1300000,0x00000082c1400000)]
  0x0000025d95703000 JavaThread "Cache worker for journal cache (C:\Users\lenovo\.gradle\caches\journal-1)" [_thread_blocked, id=8664, stack(0x00000082c0e00000,0x00000082c0f00000)]
  0x0000025d95706000 JavaThread "File lock request listener" [_thread_in_native, id=8412, stack(0x00000082c2000000,0x00000082c2100000)]
  0x0000025d95704800 JavaThread "Cache worker for file hash cache (C:\Users\lenovo\.gradle\caches\7.3.3\fileHashes)" [_thread_blocked, id=6884, stack(0x00000082c2100000,0x00000082c2200000)]
  0x0000025d95705800 JavaThread "File watcher server" daemon [_thread_in_native, id=9960, stack(0x00000082c2600000,0x00000082c2700000)]
  0x0000025d95707000 JavaThread "File watcher consumer" daemon [_thread_blocked, id=2572, stack(0x00000082c2700000,0x00000082c2800000)]
  0x0000025d95709800 JavaThread "Cache worker for execution history cache (C:\Users\lenovo\.gradle\caches\7.3.3\executionHistory)" [_thread_blocked, id=12480, stack(0x00000082c2a00000,0x00000082c2b00000)]
  0x0000025d9570c800 JavaThread "jar transforms" [_thread_blocked, id=12340, stack(0x00000082c2c00000,0x00000082c2d00000)]
  0x0000025d9570d800 JavaThread "Cache worker for file content cache (C:\Users\lenovo\.gradle\caches\7.3.3\fileContent)" [_thread_blocked, id=8428, stack(0x00000082c2d00000,0x00000082c2e00000)]
  0x0000025d9570a000 JavaThread "jar transforms Thread 2" [_thread_blocked, id=876, stack(0x00000082c2e00000,0x00000082c2f00000)]
  0x0000025d9570b000 JavaThread "jar transforms Thread 3" [_thread_blocked, id=1132, stack(0x00000082c3000000,0x00000082c3100000)]
  0x0000025d9588e000 JavaThread "jar transforms Thread 4" [_thread_blocked, id=13644, stack(0x00000082c8000000,0x00000082c8100000)]
  0x0000025d9588e800 JavaThread "jar transforms Thread 5" [_thread_blocked, id=13648, stack(0x00000082c8100000,0x00000082c8200000)]
  0x0000025d9588a000 JavaThread "jar transforms Thread 6" [_thread_blocked, id=13652, stack(0x00000082c8200000,0x00000082c8300000)]
  0x0000025d9588b800 JavaThread "jar transforms Thread 7" [_thread_blocked, id=13656, stack(0x00000082c8300000,0x00000082c8400000)]
  0x0000025d95896000 JavaThread "jar transforms Thread 8" [_thread_blocked, id=13660, stack(0x00000082c8400000,0x00000082c8500000)]
  0x0000025d95890800 JavaThread "Memory manager" [_thread_blocked, id=13760, stack(0x00000082c8500000,0x00000082c8600000)]
  0x0000025d9958b000 JavaThread "Daemon Thread 3" [_thread_blocked, id=13388, stack(0x00000082bfa00000,0x00000082bfb00000)]
  0x0000025d99587000 JavaThread "Handler for socket connection from /127.0.0.1:55678 to /127.0.0.1:55857" [_thread_in_native, id=2616, stack(0x00000082bfb00000,0x00000082bfc00000)]
  0x0000025d9958d800 JavaThread "Cancel handler" [_thread_blocked, id=4292, stack(0x00000082bfc00000,0x00000082bfd00000)]
  0x0000025d9958a000 JavaThread "Daemon worker Thread 3" [_thread_in_native, id=13480, stack(0x00000082c1400000,0x00000082c1500000)]
  0x0000025d9958e000 JavaThread "Asynchronous log dispatcher for DefaultDaemonConnection: socket connection from /127.0.0.1:55678 to /127.0.0.1:55857" [_thread_blocked, id=9076, stack(0x00000082c1500000,0x00000082c1600000)]
  0x0000025d99588800 JavaThread "Stdin handler" [_thread_blocked, id=8028, stack(0x00000082c1600000,0x00000082c1700000)]
  0x0000025d9958b800 JavaThread "Daemon client event forwarder" [_thread_blocked, id=14112, stack(0x00000082c1700000,0x00000082c1800000)]
  0x0000025d9958f000 JavaThread "Cache worker for file hash cache (D:\Islam\Learning During The Army\Android\AppGame\.gradle\7.3.3\fileHashes)" [_thread_blocked, id=13632, stack(0x00000082c1800000,0x00000082c1900000)]
  0x0000025d99589800 JavaThread "Cache worker for checksums cache (D:\Islam\Learning During The Army\Android\AppGame\.gradle\7.3.3\checksums)" [_thread_blocked, id=13208, stack(0x00000082c1900000,0x00000082c1a00000)]
  0x0000025d99590000 JavaThread "Cache worker for cache directory md-supplier (C:\Users\lenovo\.gradle\caches\7.3.3\md-supplier)" [_thread_blocked, id=11196, stack(0x00000082c1a00000,0x00000082c1b00000)]
  0x0000025d99592000 JavaThread "Cache worker for cache directory md-rule (C:\Users\lenovo\.gradle\caches\7.3.3\md-rule)" [_thread_blocked, id=3112, stack(0x00000082c2300000,0x00000082c2400000)]
  0x0000025d99590800 JavaThread "Cache worker for dependencies-accessors (D:\Islam\Learning During The Army\Android\AppGame\.gradle\7.3.3\dependencies-accessors)" [_thread_blocked, id=11468, stack(0x00000082c2400000,0x00000082c2500000)]
  0x0000025d99591800 JavaThread "Cache worker for Build Output Cleanup Cache (D:\Islam\Learning During The Army\Android\AppGame\.gradle\buildOutputCleanup)" [_thread_blocked, id=13948, stack(0x00000082c2500000,0x00000082c2600000)]
  0x0000025d9958c800 JavaThread "Unconstrained build operations" [_thread_blocked, id=7952, stack(0x00000082c2b00000,0x00000082c2c00000)]
  0x0000025d99593000 JavaThread "Unconstrained build operations Thread 2" [_thread_blocked, id=1072, stack(0x00000082c2f00000,0x00000082c3000000)]
  0x0000025d99594000 JavaThread "Unconstrained build operations Thread 3" [_thread_blocked, id=11236, stack(0x00000082c3100000,0x00000082c3200000)]
  0x0000025d99594800 JavaThread "Unconstrained build operations Thread 4" [_thread_blocked, id=11684, stack(0x00000082c3200000,0x00000082c3300000)]
  0x0000025d99595800 JavaThread "Unconstrained build operations Thread 5" [_thread_blocked, id=10120, stack(0x00000082c3300000,0x00000082c3400000)]
  0x0000025d9588a800 JavaThread "Unconstrained build operations Thread 6" [_thread_blocked, id=12576, stack(0x00000082c3400000,0x00000082c3500000)]
  0x0000025d95891000 JavaThread "Unconstrained build operations Thread 7" [_thread_blocked, id=13672, stack(0x00000082c3500000,0x00000082c3600000)]
  0x0000025d9588f800 JavaThread "Unconstrained build operations Thread 8" [_thread_blocked, id=14256, stack(0x00000082c3600000,0x00000082c3700000)]
  0x0000025d9588c000 JavaThread "Unconstrained build operations Thread 9" [_thread_blocked, id=12284, stack(0x00000082c3700000,0x00000082c3800000)]
  0x0000025d95892800 JavaThread "Unconstrained build operations Thread 10" [_thread_blocked, id=11268, stack(0x00000082c3800000,0x00000082c3900000)]
  0x0000025d9588d000 JavaThread "Unconstrained build operations Thread 11" [_thread_blocked, id=2588, stack(0x00000082c3900000,0x00000082c3a00000)]
  0x0000025d95895000 JavaThread "Unconstrained build operations Thread 12" [_thread_blocked, id=7192, stack(0x00000082c3a00000,0x00000082c3b00000)]
  0x0000025d95898800 JavaThread "Unconstrained build operations Thread 13" [_thread_blocked, id=14312, stack(0x00000082c3b00000,0x00000082c3c00000)]
  0x0000025d95894800 JavaThread "Unconstrained build operations Thread 14" [_thread_blocked, id=14024, stack(0x00000082c3c00000,0x00000082c3d00000)]
  0x0000025d95897000 JavaThread "Unconstrained build operations Thread 15" [_thread_blocked, id=3184, stack(0x00000082c3d00000,0x00000082c3e00000)]
  0x0000025d95897800 JavaThread "Unconstrained build operations Thread 16" [_thread_blocked, id=5668, stack(0x00000082c3e00000,0x00000082c3f00000)]
  0x0000025d95893800 JavaThread "Unconstrained build operations Thread 17" [_thread_blocked, id=12192, stack(0x00000082c3f00000,0x00000082c4000000)]
  0x0000025d95703800 JavaThread "Unconstrained build operations Thread 18" [_thread_blocked, id=14044, stack(0x00000082c4000000,0x00000082c4100000)]
  0x0000025d9570c000 JavaThread "Unconstrained build operations Thread 19" [_thread_blocked, id=13868, stack(0x00000082c4100000,0x00000082c4200000)]
  0x0000025d95708000 JavaThread "Unconstrained build operations Thread 20" [_thread_blocked, id=13556, stack(0x00000082c4200000,0x00000082c4300000)]
  0x0000025d95708800 JavaThread "Unconstrained build operations Thread 21" [_thread_blocked, id=10088, stack(0x00000082c4300000,0x00000082c4400000)]
  0x0000025d9570f000 JavaThread "Unconstrained build operations Thread 22" [_thread_blocked, id=12840, stack(0x00000082c4400000,0x00000082c4500000)]
  0x0000025d95711000 JavaThread "Unconstrained build operations Thread 23" [_thread_blocked, id=7944, stack(0x00000082c4500000,0x00000082c4600000)]
  0x0000025d95711800 JavaThread "Unconstrained build operations Thread 24" [_thread_blocked, id=10416, stack(0x00000082c4600000,0x00000082c4700000)]
  0x0000025d962e2800 JavaThread "Unconstrained build operations Thread 25" [_thread_blocked, id=8592, stack(0x00000082c4700000,0x00000082c4800000)]
  0x0000025d962e5000 JavaThread "Unconstrained build operations Thread 26" [_thread_blocked, id=9480, stack(0x00000082c4800000,0x00000082c4900000)]
  0x0000025d962e0800 JavaThread "Unconstrained build operations Thread 27" [_thread_blocked, id=10788, stack(0x00000082c4900000,0x00000082c4a00000)]
  0x0000025d962e4000 JavaThread "Unconstrained build operations Thread 28" [_thread_blocked, id=10956, stack(0x00000082c4a00000,0x00000082c4b00000)]
  0x0000025d962e3000 JavaThread "Unconstrained build operations Thread 29" [_thread_blocked, id=612, stack(0x00000082c4b00000,0x00000082c4c00000)]
  0x0000025d962e7000 JavaThread "Unconstrained build operations Thread 30" [_thread_blocked, id=4272, stack(0x00000082c4c00000,0x00000082c4d00000)]
  0x0000025d93d14800 JavaThread "Unconstrained build operations Thread 31" [_thread_blocked, id=4436, stack(0x00000082c4d00000,0x00000082c4e00000)]
  0x0000025d93d15000 JavaThread "Unconstrained build operations Thread 32" [_thread_blocked, id=14280, stack(0x00000082c4e00000,0x00000082c4f00000)]
  0x0000025d93d0f800 JavaThread "Unconstrained build operations Thread 33" [_thread_blocked, id=12656, stack(0x00000082c4f00000,0x00000082c5000000)]
  0x0000025d93d16000 JavaThread "Unconstrained build operations Thread 34" [_thread_blocked, id=10616, stack(0x00000082c5000000,0x00000082c5100000)]
  0x0000025d93d13800 JavaThread "Unconstrained build operations Thread 35" [_thread_blocked, id=6108, stack(0x00000082c5100000,0x00000082c5200000)]
  0x0000025d93d10000 JavaThread "Unconstrained build operations Thread 36" [_thread_blocked, id=10496, stack(0x00000082c5200000,0x00000082c5300000)]
  0x0000025d93d17000 JavaThread "Unconstrained build operations Thread 37" [_thread_blocked, id=5448, stack(0x00000082c5300000,0x00000082c5400000)]
  0x0000025d93d11000 JavaThread "Unconstrained build operations Thread 38" [_thread_blocked, id=1068, stack(0x00000082c5400000,0x00000082c5500000)]
  0x0000025d93d17800 JavaThread "Unconstrained build operations Thread 39" [_thread_blocked, id=8188, stack(0x00000082c5500000,0x00000082c5600000)]
  0x0000025d93d12000 JavaThread "Unconstrained build operations Thread 40" [_thread_blocked, id=13396, stack(0x00000082c5600000,0x00000082c5700000)]
  0x0000025d93d18800 JavaThread "Unconstrained build operations Thread 41" [_thread_blocked, id=6800, stack(0x00000082c5700000,0x00000082c5800000)]
  0x0000025d93d12800 JavaThread "Unconstrained build operations Thread 42" [_thread_blocked, id=13088, stack(0x00000082c5800000,0x00000082c5900000)]
  0x0000025d93d1b800 JavaThread "Unconstrained build operations Thread 43" [_thread_blocked, id=6192, stack(0x00000082c5900000,0x00000082c5a00000)]
  0x0000025d93d1c800 JavaThread "Unconstrained build operations Thread 44" [_thread_blocked, id=7552, stack(0x00000082c5a00000,0x00000082c5b00000)]
  0x0000025d93d1d800 JavaThread "Unconstrained build operations Thread 45" [_thread_blocked, id=13912, stack(0x00000082c5b00000,0x00000082c5c00000)]
  0x0000025d93d1a000 JavaThread "Unconstrained build operations Thread 46" [_thread_blocked, id=7244, stack(0x00000082c5c00000,0x00000082c5d00000)]
  0x0000025d93d19000 JavaThread "Unconstrained build operations Thread 47" [_thread_blocked, id=13832, stack(0x00000082c5d00000,0x00000082c5e00000)]
  0x0000025d93d1b000 JavaThread "Unconstrained build operations Thread 48" [_thread_blocked, id=1608, stack(0x00000082c5e00000,0x00000082c5f00000)]
  0x0000025d93d1e000 JavaThread "Unconstrained build operations Thread 49" [_thread_blocked, id=14064, stack(0x00000082c5f00000,0x00000082c6000000)]
  0x0000025d99c67000 JavaThread "Unconstrained build operations Thread 50" [_thread_blocked, id=12856, stack(0x00000082c6000000,0x00000082c6100000)]
  0x0000025d99c6a000 JavaThread "Unconstrained build operations Thread 51" [_thread_blocked, id=5416, stack(0x00000082c6100000,0x00000082c6200000)]
  0x0000025d99c67800 JavaThread "Unconstrained build operations Thread 52" [_thread_blocked, id=12620, stack(0x00000082c6200000,0x00000082c6300000)]
  0x0000025d99c66000 JavaThread "Unconstrained build operations Thread 53" [_thread_blocked, id=11080, stack(0x00000082c6300000,0x00000082c6400000)]
  0x0000025d99c69800 JavaThread "Unconstrained build operations Thread 54" [_thread_blocked, id=13044, stack(0x00000082c6400000,0x00000082c6500000)]
  0x0000025d99c6b000 JavaThread "Unconstrained build operations Thread 55" [_thread_blocked, id=1232, stack(0x00000082c6500000,0x00000082c6600000)]
  0x0000025d99c6c000 JavaThread "Unconstrained build operations Thread 56" [_thread_blocked, id=13336, stack(0x00000082c6600000,0x00000082c6700000)]
  0x0000025d99c6d800 JavaThread "Unconstrained build operations Thread 57" [_thread_blocked, id=7080, stack(0x00000082c6700000,0x00000082c6800000)]
  0x0000025d99c6e800 JavaThread "Unconstrained build operations Thread 58" [_thread_blocked, id=396, stack(0x00000082c6800000,0x00000082c6900000)]
  0x0000025d99c6c800 JavaThread "Unconstrained build operations Thread 59" [_thread_blocked, id=13996, stack(0x00000082c6900000,0x00000082c6a00000)]
  0x0000025d99c68800 JavaThread "Unconstrained build operations Thread 60" [_thread_blocked, id=6724, stack(0x00000082c6a00000,0x00000082c6b00000)]
  0x0000025d99c73000 JavaThread "Unconstrained build operations Thread 61" [_thread_blocked, id=9608, stack(0x00000082c6b00000,0x00000082c6c00000)]
  0x0000025d99c74000 JavaThread "Unconstrained build operations Thread 62" [_thread_blocked, id=4176, stack(0x00000082c6c00000,0x00000082c6d00000)]
  0x0000025d99c75000 JavaThread "Unconstrained build operations Thread 63" [_thread_blocked, id=12268, stack(0x00000082c6d00000,0x00000082c6e00000)]
  0x0000025d99c6f000 JavaThread "Unconstrained build operations Thread 64" [_thread_blocked, id=11340, stack(0x00000082c6e00000,0x00000082c6f00000)]
  0x0000025d99c70800 JavaThread "Unconstrained build operations Thread 65" [_thread_blocked, id=13580, stack(0x00000082c6f00000,0x00000082c7000000)]
  0x0000025d99c71800 JavaThread "Unconstrained build operations Thread 66" [_thread_blocked, id=6408, stack(0x00000082c7000000,0x00000082c7100000)]
  0x0000025d99c70000 JavaThread "Unconstrained build operations Thread 67" [_thread_blocked, id=13864, stack(0x00000082c7100000,0x00000082c7200000)]
  0x0000025d99c72800 JavaThread "Unconstrained build operations Thread 68" [_thread_blocked, id=13692, stack(0x00000082c7200000,0x00000082c7300000)]
  0x0000025d98aa6000 JavaThread "Unconstrained build operations Thread 69" [_thread_blocked, id=10768, stack(0x00000082c7300000,0x00000082c7400000)]
  0x0000025d98aa9800 JavaThread "Unconstrained build operations Thread 70" [_thread_blocked, id=12448, stack(0x00000082c7400000,0x00000082c7500000)]
  0x0000025d98aa5800 JavaThread "Unconstrained build operations Thread 71" [_thread_blocked, id=10828, stack(0x00000082c7500000,0x00000082c7600000)]
  0x0000025d98aa8000 JavaThread "Unconstrained build operations Thread 72" [_thread_blocked, id=9024, stack(0x00000082c7600000,0x00000082c7700000)]
  0x0000025d98aa8800 JavaThread "Unconstrained build operations Thread 73" [_thread_blocked, id=13472, stack(0x00000082c7700000,0x00000082c7800000)]
  0x0000025d98aa3800 JavaThread "Unconstrained build operations Thread 74" [_thread_blocked, id=14316, stack(0x00000082c7800000,0x00000082c7900000)]
  0x0000025d98aa7000 JavaThread "Unconstrained build operations Thread 75" [_thread_blocked, id=3152, stack(0x00000082c7900000,0x00000082c7a00000)]
  0x0000025d98aa4800 JavaThread "Unconstrained build operations Thread 76" [_thread_blocked, id=9272, stack(0x00000082c7a00000,0x00000082c7b00000)]
  0x0000025d98aac000 JavaThread "Unconstrained build operations Thread 77" [_thread_blocked, id=10096, stack(0x00000082c7b00000,0x00000082c7c00000)]
  0x0000025d98aaf000 JavaThread "Unconstrained build operations Thread 78" [_thread_blocked, id=8956, stack(0x00000082c7c00000,0x00000082c7d00000)]
  0x0000025d98aae800 JavaThread "Unconstrained build operations Thread 79" [_thread_blocked, id=8184, stack(0x00000082c7d00000,0x00000082c7e00000)]
  0x0000025d98aac800 JavaThread "Unconstrained build operations Thread 80" [_thread_blocked, id=12300, stack(0x00000082c7e00000,0x00000082c7f00000)]
  0x0000025d98ab0000 JavaThread "build event listener" [_thread_blocked, id=13680, stack(0x00000082c7f00000,0x00000082c8000000)]
  0x0000025d98aad800 JavaThread "Execution worker for ':'" [_thread_blocked, id=12296, stack(0x00000082c8600000,0x00000082c8700000)]
  0x0000025d98aaa000 JavaThread "Execution worker for ':' Thread 2" [_thread_blocked, id=5212, stack(0x00000082c8700000,0x00000082c8800000)]
  0x0000025d98ab1000 JavaThread "Execution worker for ':' Thread 3" [_thread_blocked, id=13468, stack(0x00000082c8800000,0x00000082c8900000)]
  0x0000025d98aab000 JavaThread "Execution worker for ':' Thread 4" [_thread_blocked, id=8444, stack(0x00000082c8900000,0x00000082c8a00000)]
  0x0000025d98ab2800 JavaThread "Execution worker for ':' Thread 5" [_thread_blocked, id=13324, stack(0x00000082c8a00000,0x00000082c8b00000)]
  0x0000025d98ab1800 JavaThread "Execution worker for ':' Thread 6" [_thread_blocked, id=4644, stack(0x00000082c8b00000,0x00000082c8c00000)]
  0x0000025d99129800 JavaThread "Execution worker for ':' Thread 7" [_thread_blocked, id=6252, stack(0x00000082c8c00000,0x00000082c8d00000)]
  0x0000025d9912d000 JavaThread "Cache worker for execution history cache (D:\Islam\Learning During The Army\Android\AppGame\.gradle\7.3.3\executionHistory)" [_thread_blocked, id=8132, stack(0x00000082c8d00000,0x00000082c8e00000)]
  0x0000025d9912a800 JavaThread "RMI Scheduler(0)" daemon [_thread_blocked, id=12880, stack(0x00000082c2800000,0x00000082c2900000)]
  0x0000025d9912b800 JavaThread "RMI RenewClean-[127.0.0.1:17345,org.jetbrains.kotlin.daemon.common.LoopbackNetworkInterface$ClientLoopbackSocketFactory@1beac87b]" daemon [_thread_blocked, id=5816, stack(0x00000082c2900000,0x00000082c2a00000)]
  0x0000025d99128000 JavaThread "RMI GC Daemon" daemon [_thread_blocked, id=6824, stack(0x00000082c8e00000,0x00000082c8f00000)]
  0x0000025d99129000 JavaThread "RMI TCP Accept-0" daemon [_thread_in_native, id=13200, stack(0x00000082c8f00000,0x00000082c9000000)]
  0x0000025d9912c000 JavaThread "RMI Reaper" [_thread_blocked, id=14128, stack(0x00000082c9000000,0x00000082c9100000)]
=>0x0000025d9a200000 JavaThread "C2 CompilerThread1" daemon [_thread_in_native, id=10592, stack(0x00000082c9100000,0x00000082c9200000)]
  0x0000025d99127000 JavaThread "RMI TCP Connection(1)-127.0.0.1" daemon [_thread_in_native, id=12172, stack(0x00000082c9200000,0x00000082c9300000)]

Other Threads:
  0x0000025dff871000 VMThread "VM Thread" [stack: 0x00000082c0300000,0x00000082c0400000] [id=13220]
  0x0000025dffb78800 WatcherThread [stack: 0x00000082c0d00000,0x00000082c0e00000] [id=3728]
  0x0000025df6461000 GCTaskThread "GC Thread#0" [stack: 0x00000082bfe00000,0x00000082bff00000] [id=11924]
  0x0000025d942df000 GCTaskThread "GC Thread#1" [stack: 0x00000082c1000000,0x00000082c1100000] [id=4492]
  0x0000025d94464000 GCTaskThread "GC Thread#2" [stack: 0x00000082c1100000,0x00000082c1200000] [id=12820]
  0x0000025d95760000 GCTaskThread "GC Thread#3" [stack: 0x00000082c1b00000,0x00000082c1c00000] [id=5528]
  0x0000025d95731000 GCTaskThread "GC Thread#4" [stack: 0x00000082c1c00000,0x00000082c1d00000] [id=6368]
  0x0000025d9568e000 GCTaskThread "GC Thread#5" [stack: 0x00000082c1d00000,0x00000082c1e00000] [id=9508]
  0x0000025d9567e800 GCTaskThread "GC Thread#6" [stack: 0x00000082c1e00000,0x00000082c1f00000] [id=10008]
  0x0000025d962ed000 GCTaskThread "GC Thread#7" [stack: 0x00000082c1f00000,0x00000082c2000000] [id=2956]
  0x0000025df6497800 ConcurrentGCThread "G1 Main Marker" [stack: 0x00000082bff00000,0x00000082c0000000] [id=10408]
  0x0000025df6498800 ConcurrentGCThread "G1 Conc#0" [stack: 0x00000082c0000000,0x00000082c0100000] [id=10468]
  0x0000025d962ea000 ConcurrentGCThread "G1 Conc#1" [stack: 0x00000082c2200000,0x00000082c2300000] [id=2624]
  0x0000025dff6c0800 ConcurrentGCThread "G1 Refine#0" [stack: 0x00000082c0100000,0x00000082c0200000] [id=10140]
  0x0000025dff6c1800 ConcurrentGCThread "G1 Young RemSet Sampling" [stack: 0x00000082c0200000,0x00000082c0300000] [id=11844]

Threads with active compile tasks:
C2 CompilerThread01380865 15630       4       java.lang.invoke.InvokerBytecodeGenerator::emitImplicitConversion (159 bytes)
C2 CompilerThread11380865 15682   !   4       java.io.ObjectOutputStream::writeObject0 (619 bytes)

VM state:not at safepoint (normal execution)

VM Mutex/Monitor currently owned by a thread: None

Heap address: 0x0000000080000000, size: 2048 MB, Compressed Oops mode: 32-bit
Narrow klass base: 0x0000000000000000, Narrow klass shift: 3
Compressed class space size: 1073741824 Address: 0x0000000100000000

Heap:
 garbage-first heap   total 157696K, used 119975K [0x0000000080000000, 0x0000000100000000)
  region size 1024K, 22 young (22528K), 1 survivors (1024K)
 Metaspace       used 103004K, capacity 105687K, committed 105900K, reserved 1140736K
  class space    used 13092K, capacity 14015K, committed 14080K, reserved 1048576K
Heap Regions: E=young(eden), S=young(survivor), O=old, HS=humongous(starts), HC=humongous(continues), CS=collection set, F=free, A=archive, TAMS=top-at-mark-start (previous, next)
|   0|0x0000000080000000, 0x0000000080100000, 0x0000000080100000|100%| O|  |TAMS 0x0000000080100000, 0x0000000080000000| Untracked 
|   1|0x0000000080100000, 0x0000000080200000, 0x0000000080200000|100%| O|  |TAMS 0x0000000080200000, 0x0000000080100000| Untracked 
|   2|0x0000000080200000, 0x0000000080300000, 0x0000000080300000|100%| O|  |TAMS 0x0000000080300000, 0x0000000080200000| Untracked 
|   3|0x0000000080300000, 0x0000000080400000, 0x0000000080400000|100%|HS|  |TAMS 0x0000000080400000, 0x0000000080300000| Complete 
|   4|0x0000000080400000, 0x0000000080500000, 0x0000000080500000|100%|HC|  |TAMS 0x0000000080500000, 0x0000000080400000| Complete 
|   5|0x0000000080500000, 0x0000000080600000, 0x0000000080600000|100%|HC|  |TAMS 0x0000000080600000, 0x0000000080500000| Complete 
|   6|0x0000000080600000, 0x0000000080700000, 0x0000000080700000|100%| O|  |TAMS 0x0000000080700000, 0x0000000080600000| Untracked 
|   7|0x0000000080700000, 0x0000000080800000, 0x0000000080800000|100%| O|  |TAMS 0x0000000080800000, 0x0000000080700000| Untracked 
|   8|0x0000000080800000, 0x0000000080900000, 0x0000000080900000|100%| O|  |TAMS 0x0000000080900000, 0x0000000080800000| Untracked 
|   9|0x0000000080900000, 0x0000000080a00000, 0x0000000080a00000|100%| O|  |TAMS 0x0000000080a00000, 0x0000000080900000| Untracked 
|  10|0x0000000080a00000, 0x0000000080b00000, 0x0000000080b00000|100%| O|  |TAMS 0x0000000080b00000, 0x0000000080a00000| Untracked 
|  11|0x0000000080b00000, 0x0000000080c00000, 0x0000000080c00000|100%| O|  |TAMS 0x0000000080c00000, 0x0000000080b00000| Untracked 
|  12|0x0000000080c00000, 0x0000000080d00000, 0x0000000080d00000|100%| O|  |TAMS 0x0000000080d00000, 0x0000000080c00000| Untracked 
|  13|0x0000000080d00000, 0x0000000080e00000, 0x0000000080e00000|100%| O|  |TAMS 0x0000000080d00000, 0x0000000080d00000| Untracked 
|  14|0x0000000080e00000, 0x0000000080f00000, 0x0000000080f00000|100%| O|  |TAMS 0x0000000080f00000, 0x0000000080e00000| Untracked 
|  15|0x0000000080f00000, 0x0000000081000000, 0x0000000081000000|100%| O|  |TAMS 0x0000000081000000, 0x0000000080f00000| Untracked 
|  16|0x0000000081000000, 0x0000000081100000, 0x0000000081100000|100%| O|  |TAMS 0x0000000081100000, 0x0000000081000000| Untracked 
|  17|0x0000000081100000, 0x0000000081200000, 0x0000000081200000|100%|HS|  |TAMS 0x0000000081200000, 0x0000000081100000| Complete 
|  18|0x0000000081200000, 0x0000000081300000, 0x0000000081300000|100%| O|  |TAMS 0x0000000081300000, 0x0000000081200000| Untracked 
|  19|0x0000000081300000, 0x0000000081400000, 0x0000000081400000|100%| O|  |TAMS 0x0000000081400000, 0x0000000081300000| Untracked 
|  20|0x0000000081400000, 0x0000000081500000, 0x0000000081500000|100%| O|  |TAMS 0x0000000081500000, 0x0000000081400000| Untracked 
|  21|0x0000000081500000, 0x0000000081600000, 0x0000000081600000|100%| O|  |TAMS 0x0000000081600000, 0x0000000081500000| Untracked 
|  22|0x0000000081600000, 0x0000000081700000, 0x0000000081700000|100%| O|  |TAMS 0x0000000081700000, 0x0000000081600000| Untracked 
|  23|0x0000000081700000, 0x0000000081800000, 0x0000000081800000|100%| O|  |TAMS 0x0000000081800000, 0x0000000081700000| Untracked 
|  24|0x0000000081800000, 0x0000000081900000, 0x0000000081900000|100%| O|  |TAMS 0x0000000081900000, 0x0000000081800000| Untracked 
|  25|0x0000000081900000, 0x0000000081a00000, 0x0000000081a00000|100%| O|  |TAMS 0x0000000081a00000, 0x0000000081900000| Untracked 
|  26|0x0000000081a00000, 0x0000000081b00000, 0x0000000081b00000|100%| O|  |TAMS 0x0000000081b00000, 0x0000000081a00000| Untracked 
|  27|0x0000000081b00000, 0x0000000081c00000, 0x0000000081c00000|100%| O|  |TAMS 0x0000000081c00000, 0x0000000081b00000| Untracked 
|  28|0x0000000081c00000, 0x0000000081d00000, 0x0000000081d00000|100%|HS|  |TAMS 0x0000000081d00000, 0x0000000081c00000| Complete 
|  29|0x0000000081d00000, 0x0000000081e00000, 0x0000000081e00000|100%|HS|  |TAMS 0x0000000081e00000, 0x0000000081d00000| Complete 
|  30|0x0000000081e00000, 0x0000000081f00000, 0x0000000081f00000|100%|HS|  |TAMS 0x0000000081f00000, 0x0000000081e00000| Complete 
|  31|0x0000000081f00000, 0x0000000082000000, 0x0000000082000000|100%|HS|  |TAMS 0x0000000082000000, 0x0000000081f00000| Complete 
|  32|0x0000000082000000, 0x0000000082100000, 0x0000000082100000|100%|HC|  |TAMS 0x0000000082100000, 0x0000000082000000| Complete 
|  33|0x0000000082100000, 0x0000000082200000, 0x0000000082200000|100%|HC|  |TAMS 0x0000000082200000, 0x0000000082100000| Complete 
|  34|0x0000000082200000, 0x0000000082300000, 0x0000000082300000|100%|HS|  |TAMS 0x0000000082300000, 0x0000000082200000| Complete 
|  35|0x0000000082300000, 0x0000000082400000, 0x0000000082400000|100%|HC|  |TAMS 0x0000000082400000, 0x0000000082300000| Complete 
|  36|0x0000000082400000, 0x0000000082500000, 0x0000000082500000|100%| O|  |TAMS 0x0000000082500000, 0x0000000082400000| Untracked 
|  37|0x0000000082500000, 0x0000000082600000, 0x0000000082600000|100%| O|  |TAMS 0x0000000082600000, 0x0000000082500000| Untracked 
|  38|0x0000000082600000, 0x0000000082700000, 0x0000000082700000|100%| O|  |TAMS 0x0000000082700000, 0x0000000082600000| Untracked 
|  39|0x0000000082700000, 0x0000000082800000, 0x0000000082800000|100%| O|  |TAMS 0x0000000082800000, 0x0000000082700000| Untracked 
|  40|0x0000000082800000, 0x0000000082900000, 0x0000000082900000|100%| O|  |TAMS 0x0000000082900000, 0x0000000082800000| Untracked 
|  41|0x0000000082900000, 0x0000000082a00000, 0x0000000082a00000|100%| O|  |TAMS 0x0000000082a00000, 0x0000000082900000| Untracked 
|  42|0x0000000082a00000, 0x0000000082b00000, 0x0000000082b00000|100%| O|  |TAMS 0x0000000082b00000, 0x0000000082a00000| Untracked 
|  43|0x0000000082b00000, 0x0000000082c00000, 0x0000000082c00000|100%| O|  |TAMS 0x0000000082c00000, 0x0000000082b00000| Untracked 
|  44|0x0000000082c00000, 0x0000000082d00000, 0x0000000082d00000|100%| O|  |TAMS 0x0000000082d00000, 0x0000000082c00000| Untracked 
|  45|0x0000000082d00000, 0x0000000082e00000, 0x0000000082e00000|100%| O|  |TAMS 0x0000000082e00000, 0x0000000082d00000| Untracked 
|  46|0x0000000082e00000, 0x0000000082f00000, 0x0000000082f00000|100%| O|  |TAMS 0x0000000082f00000, 0x0000000082e00000| Untracked 
|  47|0x0000000082f00000, 0x0000000083000000, 0x0000000083000000|100%| O|  |TAMS 0x0000000083000000, 0x0000000082f00000| Untracked 
|  48|0x0000000083000000, 0x0000000083100000, 0x0000000083100000|100%| O|  |TAMS 0x0000000083100000, 0x0000000083000000| Untracked 
|  49|0x0000000083100000, 0x0000000083200000, 0x0000000083200000|100%| O|  |TAMS 0x0000000083200000, 0x0000000083100000| Untracked 
|  50|0x0000000083200000, 0x0000000083300000, 0x0000000083300000|100%| O|  |TAMS 0x0000000083200000, 0x0000000083200000| Untracked 
|  51|0x0000000083300000, 0x0000000083400000, 0x0000000083400000|100%| O|  |TAMS 0x0000000083400000, 0x0000000083300000| Untracked 
|  52|0x0000000083400000, 0x0000000083500000, 0x0000000083500000|100%| O|  |TAMS 0x0000000083500000, 0x0000000083400000| Untracked 
|  53|0x0000000083500000, 0x0000000083600000, 0x0000000083600000|100%| O|  |TAMS 0x0000000083600000, 0x0000000083500000| Untracked 
|  54|0x0000000083600000, 0x0000000083700000, 0x0000000083700000|100%| O|  |TAMS 0x0000000083700000, 0x0000000083600000| Untracked 
|  55|0x0000000083700000, 0x0000000083800000, 0x0000000083800000|100%| O|  |TAMS 0x0000000083800000, 0x0000000083700000| Untracked 
|  56|0x0000000083800000, 0x0000000083900000, 0x0000000083900000|100%| O|  |TAMS 0x0000000083900000, 0x0000000083800000| Untracked 
|  57|0x0000000083900000, 0x0000000083a00000, 0x0000000083a00000|100%| O|  |TAMS 0x0000000083a00000, 0x0000000083900000| Untracked 
|  58|0x0000000083a00000, 0x0000000083b00000, 0x0000000083b00000|100%| O|  |TAMS 0x0000000083b00000, 0x0000000083a00000| Untracked 
|  59|0x0000000083b00000, 0x0000000083c00000, 0x0000000083c00000|100%| O|  |TAMS 0x0000000083c00000, 0x0000000083b00000| Untracked 
|  60|0x0000000083c00000, 0x0000000083d00000, 0x0000000083d00000|100%| O|  |TAMS 0x0000000083d00000, 0x0000000083c00000| Untracked 
|  61|0x0000000083d00000, 0x0000000083e00000, 0x0000000083e00000|100%| O|  |TAMS 0x0000000083e00000, 0x0000000083d00000| Untracked 
|  62|0x0000000083e00000, 0x0000000083f00000, 0x0000000083f00000|100%| O|  |TAMS 0x0000000083f00000, 0x0000000083e00000| Untracked 
|  63|0x0000000083f00000, 0x0000000084000000, 0x0000000084000000|100%| O|  |TAMS 0x0000000084000000, 0x0000000083f00000| Untracked 
|  64|0x0000000084000000, 0x0000000084100000, 0x0000000084100000|100%| O|  |TAMS 0x0000000084000000, 0x0000000084000000| Untracked 
|  65|0x0000000084100000, 0x0000000084200000, 0x0000000084200000|100%| O|  |TAMS 0x0000000084100000, 0x0000000084100000| Untracked 
|  66|0x0000000084200000, 0x0000000084300000, 0x0000000084300000|100%| O|  |TAMS 0x0000000084200000, 0x0000000084200000| Untracked 
|  67|0x0000000084300000, 0x0000000084400000, 0x0000000084400000|100%| O|  |TAMS 0x0000000084400000, 0x0000000084300000| Untracked 
|  68|0x0000000084400000, 0x0000000084500000, 0x0000000084500000|100%| O|  |TAMS 0x0000000084500000, 0x0000000084400000| Untracked 
|  69|0x0000000084500000, 0x0000000084600000, 0x0000000084600000|100%| O|  |TAMS 0x0000000084600000, 0x0000000084500000| Untracked 
|  70|0x0000000084600000, 0x0000000084700000, 0x0000000084700000|100%| O|  |TAMS 0x0000000084600000, 0x0000000084600000| Untracked 
|  71|0x0000000084700000, 0x0000000084800000, 0x0000000084800000|100%| O|  |TAMS 0x0000000084800000, 0x0000000084700000| Untracked 
|  72|0x0000000084800000, 0x0000000084900000, 0x0000000084900000|100%| O|  |TAMS 0x0000000084800000, 0x0000000084800000| Untracked 
|  73|0x0000000084900000, 0x0000000084a00000, 0x0000000084a00000|100%| O|  |TAMS 0x0000000084900000, 0x0000000084900000| Untracked 
|  74|0x0000000084a00000, 0x0000000084b00000, 0x0000000084b00000|100%| O|  |TAMS 0x0000000084a00000, 0x0000000084a00000| Untracked 
|  75|0x0000000084b00000, 0x0000000084c00000, 0x0000000084c00000|100%| O|  |TAMS 0x0000000084c00000, 0x0000000084b00000| Untracked 
|  76|0x0000000084c00000, 0x0000000084d00000, 0x0000000084d00000|100%| O|  |TAMS 0x0000000084d00000, 0x0000000084c00000| Untracked 
|  77|0x0000000084d00000, 0x0000000084e00000, 0x0000000084e00000|100%| O|  |TAMS 0x0000000084e00000, 0x0000000084d00000| Untracked 
|  78|0x0000000084e00000, 0x0000000084f00000, 0x0000000084f00000|100%| O|  |TAMS 0x0000000084f00000, 0x0000000084e00000| Untracked 
|  79|0x0000000084f00000, 0x0000000085000000, 0x0000000085000000|100%| O|  |TAMS 0x0000000085000000, 0x0000000084f00000| Untracked 
|  80|0x0000000085000000, 0x0000000085100000, 0x0000000085100000|100%| O|  |TAMS 0x0000000085100000, 0x0000000085000000| Untracked 
|  81|0x0000000085100000, 0x0000000085176a00, 0x0000000085200000| 46%| O|  |TAMS 0x0000000085100000, 0x0000000085100000| Untracked 
|  82|0x0000000085200000, 0x0000000085300000, 0x0000000085300000|100%| O|  |TAMS 0x0000000085300000, 0x0000000085200000| Untracked 
|  83|0x0000000085300000, 0x0000000085400000, 0x0000000085400000|100%| O|  |TAMS 0x0000000085400000, 0x0000000085300000| Untracked 
|  84|0x0000000085400000, 0x0000000085500000, 0x0000000085500000|100%| O|  |TAMS 0x0000000085500000, 0x0000000085400000| Untracked 
|  85|0x0000000085500000, 0x0000000085600000, 0x0000000085600000|100%| O|  |TAMS 0x0000000085600000, 0x0000000085500000| Untracked 
|  86|0x0000000085600000, 0x0000000085600000, 0x0000000085700000|  0%| F|  |TAMS 0x0000000085600000, 0x0000000085600000| Untracked 
|  87|0x0000000085700000, 0x0000000085700000, 0x0000000085800000|  0%| F|  |TAMS 0x0000000085700000, 0x0000000085700000| Untracked 
|  88|0x0000000085800000, 0x0000000085800000, 0x0000000085900000|  0%| F|  |TAMS 0x0000000085800000, 0x0000000085800000| Untracked 
|  89|0x0000000085900000, 0x0000000085a00000, 0x0000000085a00000|100%| O|  |TAMS 0x0000000085a00000, 0x0000000085900000| Untracked 
|  90|0x0000000085a00000, 0x0000000085b00000, 0x0000000085b00000|100%| O|  |TAMS 0x0000000085b00000, 0x0000000085a00000| Untracked 
|  91|0x0000000085b00000, 0x0000000085c00000, 0x0000000085c00000|100%| O|  |TAMS 0x0000000085c00000, 0x0000000085b00000| Untracked 
|  92|0x0000000085c00000, 0x0000000085d00000, 0x0000000085d00000|100%| O|  |TAMS 0x0000000085d00000, 0x0000000085c00000| Untracked 
|  93|0x0000000085d00000, 0x0000000085d00000, 0x0000000085e00000|  0%| F|  |TAMS 0x0000000085d00000, 0x0000000085d00000| Untracked 
|  94|0x0000000085e00000, 0x0000000085e00000, 0x0000000085f00000|  0%| F|  |TAMS 0x0000000085e00000, 0x0000000085e00000| Untracked 
|  95|0x0000000085f00000, 0x0000000085f00000, 0x0000000086000000|  0%| F|  |TAMS 0x0000000085f00000, 0x0000000085f00000| Untracked 
|  96|0x0000000086000000, 0x0000000086000000, 0x0000000086100000|  0%| F|  |TAMS 0x0000000086000000, 0x0000000086000000| Untracked 
|  97|0x0000000086100000, 0x0000000086100000, 0x0000000086200000|  0%| F|  |TAMS 0x0000000086100000, 0x0000000086100000| Untracked 
|  98|0x0000000086200000, 0x0000000086200000, 0x0000000086300000|  0%| F|  |TAMS 0x0000000086200000, 0x0000000086200000| Untracked 
|  99|0x0000000086300000, 0x0000000086300000, 0x0000000086400000|  0%| F|  |TAMS 0x0000000086300000, 0x0000000086300000| Untracked 
| 100|0x0000000086400000, 0x0000000086400000, 0x0000000086500000|  0%| F|  |TAMS 0x0000000086400000, 0x0000000086400000| Untracked 
| 101|0x0000000086500000, 0x0000000086500000, 0x0000000086600000|  0%| F|  |TAMS 0x0000000086500000, 0x0000000086500000| Untracked 
| 102|0x0000000086600000, 0x0000000086600000, 0x0000000086700000|  0%| F|  |TAMS 0x0000000086600000, 0x0000000086600000| Untracked 
| 103|0x0000000086700000, 0x0000000086800000, 0x0000000086800000|100%| O|  |TAMS 0x0000000086800000, 0x0000000086700000| Untracked 
| 104|0x0000000086800000, 0x0000000086900000, 0x0000000086900000|100%| O|  |TAMS 0x0000000086900000, 0x0000000086800000| Untracked 
| 105|0x0000000086900000, 0x0000000086a00000, 0x0000000086a00000|100%| O|  |TAMS 0x0000000086a00000, 0x0000000086900000| Untracked 
| 106|0x0000000086a00000, 0x0000000086b00000, 0x0000000086b00000|100%| O|  |TAMS 0x0000000086b00000, 0x0000000086a00000| Untracked 
| 107|0x0000000086b00000, 0x0000000086c00000, 0x0000000086c00000|100%| O|  |TAMS 0x0000000086c00000, 0x0000000086b00000| Untracked 
| 108|0x0000000086c00000, 0x0000000086d00000, 0x0000000086d00000|100%| O|  |TAMS 0x0000000086d00000, 0x0000000086c00000| Untracked 
| 109|0x0000000086d00000, 0x0000000086e00000, 0x0000000086e00000|100%| O|  |TAMS 0x0000000086daae00, 0x0000000086d00000| Untracked 
| 110|0x0000000086e00000, 0x0000000086e00000, 0x0000000086f00000|  0%| F|  |TAMS 0x0000000086e00000, 0x0000000086e00000| Untracked 
| 111|0x0000000086f00000, 0x0000000086f00000, 0x0000000087000000|  0%| F|  |TAMS 0x0000000086f00000, 0x0000000086f00000| Untracked 
| 112|0x0000000087000000, 0x0000000087000000, 0x0000000087100000|  0%| F|  |TAMS 0x0000000087000000, 0x0000000087000000| Untracked 
| 113|0x0000000087100000, 0x0000000087100000, 0x0000000087200000|  0%| F|  |TAMS 0x0000000087100000, 0x0000000087100000| Untracked 
| 114|0x0000000087200000, 0x0000000087200000, 0x0000000087300000|  0%| F|  |TAMS 0x0000000087200000, 0x0000000087200000| Untracked 
| 115|0x0000000087300000, 0x0000000087300000, 0x0000000087400000|  0%| F|  |TAMS 0x0000000087300000, 0x0000000087300000| Untracked 
| 116|0x0000000087400000, 0x0000000087400000, 0x0000000087500000|  0%| F|  |TAMS 0x0000000087400000, 0x0000000087400000| Untracked 
| 117|0x0000000087500000, 0x0000000087500000, 0x0000000087600000|  0%| F|  |TAMS 0x0000000087500000, 0x0000000087500000| Untracked 
| 118|0x0000000087600000, 0x0000000087600000, 0x0000000087700000|  0%| F|  |TAMS 0x0000000087600000, 0x0000000087600000| Untracked 
| 119|0x0000000087700000, 0x0000000087700000, 0x0000000087800000|  0%| F|  |TAMS 0x0000000087700000, 0x0000000087700000| Untracked 
| 120|0x0000000087800000, 0x0000000087800000, 0x0000000087900000|  0%| F|  |TAMS 0x0000000087800000, 0x0000000087800000| Untracked 
| 121|0x0000000087900000, 0x0000000087900000, 0x0000000087a00000|  0%| F|  |TAMS 0x0000000087900000, 0x0000000087900000| Untracked 
| 122|0x0000000087a00000, 0x0000000087a00000, 0x0000000087b00000|  0%| F|  |TAMS 0x0000000087a00000, 0x0000000087a00000| Untracked 
| 123|0x0000000087b00000, 0x0000000087b00000, 0x0000000087c00000|  0%| F|  |TAMS 0x0000000087b00000, 0x0000000087b00000| Untracked 
| 124|0x0000000087c00000, 0x0000000087c00000, 0x0000000087d00000|  0%| F|  |TAMS 0x0000000087c00000, 0x0000000087c00000| Untracked 
| 125|0x0000000087d00000, 0x0000000087d00000, 0x0000000087e00000|  0%| F|  |TAMS 0x0000000087d00000, 0x0000000087d00000| Untracked 
| 126|0x0000000087e00000, 0x0000000087e00000, 0x0000000087f00000|  0%| F|  |TAMS 0x0000000087e00000, 0x0000000087e00000| Untracked 
| 127|0x0000000087f00000, 0x0000000087f00000, 0x0000000088000000|  0%| F|  |TAMS 0x0000000087f00000, 0x0000000087f00000| Untracked 
| 128|0x0000000088000000, 0x0000000088000000, 0x0000000088100000|  0%| F|  |TAMS 0x0000000088000000, 0x0000000088000000| Untracked 
| 129|0x0000000088100000, 0x0000000088100000, 0x0000000088200000|  0%| F|  |TAMS 0x0000000088100000, 0x0000000088100000| Untracked 
| 130|0x0000000088200000, 0x0000000088200000, 0x0000000088300000|  0%| F|  |TAMS 0x0000000088200000, 0x0000000088200000| Untracked 
| 131|0x0000000088300000, 0x0000000088300000, 0x0000000088400000|  0%| F|  |TAMS 0x0000000088300000, 0x0000000088300000| Untracked 
| 132|0x0000000088400000, 0x0000000088439528, 0x0000000088500000| 22%| E|  |TAMS 0x0000000088400000, 0x0000000088400000| Complete 
| 133|0x0000000088500000, 0x0000000088600000, 0x0000000088600000|100%| E|CS|TAMS 0x0000000088500000, 0x0000000088500000| Complete 
| 134|0x0000000088600000, 0x0000000088700000, 0x0000000088700000|100%| E|CS|TAMS 0x0000000088600000, 0x0000000088600000| Complete 
| 135|0x0000000088700000, 0x0000000088800000, 0x0000000088800000|100%| E|CS|TAMS 0x0000000088700000, 0x0000000088700000| Complete 
| 136|0x0000000088800000, 0x0000000088900000, 0x0000000088900000|100%| E|CS|TAMS 0x0000000088800000, 0x0000000088800000| Complete 
| 137|0x0000000088900000, 0x0000000088a00000, 0x0000000088a00000|100%| E|CS|TAMS 0x0000000088900000, 0x0000000088900000| Complete 
| 138|0x0000000088a00000, 0x0000000088b00000, 0x0000000088b00000|100%| E|CS|TAMS 0x0000000088a00000, 0x0000000088a00000| Complete 
| 139|0x0000000088b00000, 0x0000000088c00000, 0x0000000088c00000|100%| E|CS|TAMS 0x0000000088b00000, 0x0000000088b00000| Complete 
| 140|0x0000000088c00000, 0x0000000088d00000, 0x0000000088d00000|100%| E|CS|TAMS 0x0000000088c00000, 0x0000000088c00000| Complete 
| 141|0x0000000088d00000, 0x0000000088e00000, 0x0000000088e00000|100%| E|CS|TAMS 0x0000000088d00000, 0x0000000088d00000| Complete 
| 142|0x0000000088e00000, 0x0000000088f00000, 0x0000000088f00000|100%| E|CS|TAMS 0x0000000088e00000, 0x0000000088e00000| Complete 
| 143|0x0000000088f00000, 0x0000000089000000, 0x0000000089000000|100%| E|CS|TAMS 0x0000000088f00000, 0x0000000088f00000| Complete 
| 144|0x0000000089000000, 0x0000000089100000, 0x0000000089100000|100%| E|CS|TAMS 0x0000000089000000, 0x0000000089000000| Complete 
| 145|0x0000000089100000, 0x0000000089200000, 0x0000000089200000|100%| E|CS|TAMS 0x0000000089100000, 0x0000000089100000| Complete 
| 146|0x0000000089200000, 0x0000000089300000, 0x0000000089300000|100%| E|CS|TAMS 0x0000000089200000, 0x0000000089200000| Complete 
| 147|0x0000000089300000, 0x0000000089400000, 0x0000000089400000|100%| E|CS|TAMS 0x0000000089300000, 0x0000000089300000| Complete 
| 148|0x0000000089400000, 0x0000000089500000, 0x0000000089500000|100%| E|CS|TAMS 0x0000000089400000, 0x0000000089400000| Complete 
| 149|0x0000000089500000, 0x0000000089600000, 0x0000000089600000|100%| E|CS|TAMS 0x0000000089500000, 0x0000000089500000| Complete 
| 150|0x0000000089600000, 0x00000000896b32c8, 0x0000000089700000| 69%| S|CS|TAMS 0x0000000089600000, 0x0000000089600000| Complete 
| 151|0x0000000089700000, 0x0000000089800000, 0x0000000089800000|100%| E|CS|TAMS 0x0000000089700000, 0x0000000089700000| Complete 
| 152|0x0000000089800000, 0x0000000089900000, 0x0000000089900000|100%| E|CS|TAMS 0x0000000089800000, 0x0000000089800000| Complete 
| 153|0x0000000089900000, 0x0000000089a00000, 0x0000000089a00000|100%| E|CS|TAMS 0x0000000089900000, 0x0000000089900000| Complete 

Card table byte_map: [0x0000025dfc5a0000,0x0000025dfc9a0000] _byte_map_base: 0x0000025dfc1a0000

Marking Bits (Prev, Next): (CMBitMap*) 0x0000025df648ec40, (CMBitMap*) 0x0000025df648ec08
 Prev Bits: [0x0000025d8f000000, 0x0000025d91000000)
 Next Bits: [0x0000025dfcda0000, 0x0000025dfeda0000)

Polling page: 0x0000025df6530000

Metaspace:

Usage:
  Non-class:     89.52 MB capacity,    87.80 MB ( 98%) used,     1.41 MB (  2%) free+waste,   315.81 KB ( <1%) overhead. 
      Class:     13.69 MB capacity,    12.79 MB ( 93%) used,   783.38 KB (  6%) free+waste,   139.56 KB ( <1%) overhead. 
       Both:    103.21 MB capacity,   100.59 MB ( 97%) used,     2.18 MB (  2%) free+waste,   455.38 KB ( <1%) overhead. 

Virtual space:
  Non-class space:       90.00 MB reserved,      89.67 MB (>99%) committed 
      Class space:        1.00 GB reserved,      13.75 MB (  1%) committed 
             Both:        1.09 GB reserved,     103.42 MB (  9%) committed 

Chunk freelists:
   Non-Class:  20.00 KB
       Class:  0 bytes
        Both:  20.00 KB

MaxMetaspaceSize: 17179869184.00 GB
CompressedClassSpaceSize: 1.00 GB
Initial GC threshold: 20.80 MB
Current GC threshold: 170.28 MB
CDS: off

CodeHeap 'non-profiled nmethods': size=120000Kb used=11024Kb max_used=11024Kb free=108975Kb
 bounds [0x0000025d87ad0000, 0x0000025d885a0000, 0x0000025d8f000000]
CodeHeap 'profiled nmethods': size=120000Kb used=34623Kb max_used=34623Kb free=85376Kb
 bounds [0x0000025d805a0000, 0x0000025d82770000, 0x0000025d87ad0000]
CodeHeap 'non-nmethods': size=5760Kb used=2435Kb max_used=2484Kb free=3324Kb
 bounds [0x0000025d80000000, 0x0000025d80280000, 0x0000025d805a0000]
 total_blobs=16605 nmethods=15644 adapters=872
 compilation: enabled
              stopped_count=0, restarted_count=0
 full_count=0

Compilation events (20 events):
Event: 1380.601 Thread 0x0000025dffa0f800 nmethod 15674 0x0000025d8276c390 code [0x0000025d8276c5a0, 0x0000025d8276ca88]
Event: 1380.634 Thread 0x0000025dffa0f800 15676       3       sun.security.provider.HashDrbg::addBytes (130 bytes)
Event: 1380.634 Thread 0x0000025dffa0f800 nmethod 15676 0x0000025d8276cb90 code [0x0000025d8276cd60, 0x0000025d8276d118]
Event: 1380.637 Thread 0x0000025dffa0f800 15677       3       java.lang.invoke.LambdaFormEditor$Transform::packedBytes (66 bytes)
Event: 1380.637 Thread 0x0000025dffa0f800 nmethod 15677 0x0000025d8276d310 code [0x0000025d8276d4e0, 0x0000025d8276d788]
Event: 1380.640 Thread 0x0000025dffa0f800 15678       3       java.security.Provider::checkInitialized (16 bytes)
Event: 1380.640 Thread 0x0000025dffa0f800 nmethod 15678 0x0000025d8276d890 code [0x0000025d8276da60, 0x0000025d8276dc68]
Event: 1380.645 Thread 0x0000025dffa0f800 15681       3       java.io.ObjectStreamField::<init> (64 bytes)
Event: 1380.646 Thread 0x0000025dffa0f800 nmethod 15681 0x0000025d8276dd90 code [0x0000025d8276dfc0, 0x0000025d8276e648]
Event: 1380.646 Thread 0x0000025d9a200000 15682   !   4       java.io.ObjectOutputStream::writeObject0 (619 bytes)
Event: 1380.651 Thread 0x0000025dffa0f800 15683       3       java.io.ObjectOutputStream$BlockDataOutputStream::flush (12 bytes)
Event: 1380.652 Thread 0x0000025dffa0f800 nmethod 15683 0x0000025d8276e890 code [0x0000025d8276ea60, 0x0000025d8276ec78]
Event: 1380.726 Thread 0x0000025dffa0f800 15685       3       sun.invoke.util.VerifyType::isNullReferenceConversion (45 bytes)
Event: 1380.726 Thread 0x0000025dffa0f800 nmethod 15685 0x0000025d8276ed90 code [0x0000025d8276ef80, 0x0000025d8276f298]
Event: 1380.728 Thread 0x0000025dffa0f800 15690       1       java.lang.invoke.LambdaForm::arity (5 bytes)
Event: 1380.728 Thread 0x0000025dffa0f800 nmethod 15690 0x0000025d88588e90 code [0x0000025d88589040, 0x0000025d885890f8]
Event: 1380.733 Thread 0x0000025dffa0f800 15692       3       java.io.ObjectInputStream::readByte (8 bytes)
Event: 1380.734 Thread 0x0000025dffa0f800 nmethod 15692 0x0000025d8276f390 code [0x0000025d8276f560, 0x0000025d8276f7f8]
Event: 1380.734 Thread 0x0000025dffa0f800 15693       3       java.io.ObjectInputStream::readUTF (8 bytes)
Event: 1380.734 Thread 0x0000025dffa0f800 nmethod 15693 0x0000025d8276f910 code [0x0000025d8276fae0, 0x0000025d8276fcb8]

GC Heap History (20 events):
Event: 56.183 GC heap before
{Heap before GC invocations=31 (full 0):
 garbage-first heap   total 157696K, used 131685K [0x0000000080000000, 0x0000000100000000)
  region size 1024K, 42 young (43008K), 6 survivors (6144K)
 Metaspace       used 99815K, capacity 102113K, committed 102188K, reserved 1138688K
  class space    used 12807K, capacity 13676K, committed 13696K, reserved 1048576K
}
Event: 56.189 GC heap after
{Heap after GC invocations=32 (full 0):
 garbage-first heap   total 157696K, used 96372K [0x0000000080000000, 0x0000000100000000)
  region size 1024K, 5 young (5120K), 5 survivors (5120K)
 Metaspace       used 99815K, capacity 102113K, committed 102188K, reserved 1138688K
  class space    used 12807K, capacity 13676K, committed 13696K, reserved 1048576K
}
Event: 391.062 GC heap before
{Heap before GC invocations=33 (full 0):
 garbage-first heap   total 157696K, used 132212K [0x0000000080000000, 0x0000000100000000)
  region size 1024K, 41 young (41984K), 5 survivors (5120K)
 Metaspace       used 100820K, capacity 103292K, committed 103596K, reserved 1138688K
  class space    used 12905K, capacity 13770K, committed 13824K, reserved 1048576K
}
Event: 391.070 GC heap after
{Heap after GC invocations=34 (full 0):
 garbage-first heap   total 157696K, used 98528K [0x0000000080000000, 0x0000000100000000)
  region size 1024K, 5 young (5120K), 5 survivors (5120K)
 Metaspace       used 100820K, capacity 103292K, committed 103596K, reserved 1138688K
  class space    used 12905K, capacity 13770K, committed 13824K, reserved 1048576K
}
Event: 391.313 GC heap before
{Heap before GC invocations=34 (full 0):
 garbage-first heap   total 157696K, used 116960K [0x0000000080000000, 0x0000000100000000)
  region size 1024K, 24 young (24576K), 5 survivors (5120K)
 Metaspace       used 101079K, capacity 103466K, committed 103596K, reserved 1138688K
  class space    used 12907K, capacity 13775K, committed 13824K, reserved 1048576K
}
Event: 391.335 GC heap after
{Heap after GC invocations=35 (full 0):
 garbage-first heap   total 157696K, used 101337K [0x0000000080000000, 0x0000000100000000)
  region size 1024K, 5 young (5120K), 5 survivors (5120K)
 Metaspace       used 101079K, capacity 103466K, committed 103596K, reserved 1138688K
  class space    used 12907K, capacity 13775K, committed 13824K, reserved 1048576K
}
Event: 392.309 GC heap before
{Heap before GC invocations=36 (full 0):
 garbage-first heap   total 157696K, used 136153K [0x0000000080000000, 0x0000000100000000)
  region size 1024K, 37 young (37888K), 5 survivors (5120K)
 Metaspace       used 101318K, capacity 103696K, committed 103852K, reserved 1138688K
  class space    used 12912K, capacity 13782K, committed 13824K, reserved 1048576K
}
Event: 392.321 GC heap after
{Heap after GC invocations=37 (full 0):
 garbage-first heap   total 157696K, used 104681K [0x0000000080000000, 0x0000000100000000)
  region size 1024K, 4 young (4096K), 4 survivors (4096K)
 Metaspace       used 101318K, capacity 103696K, committed 103852K, reserved 1138688K
  class space    used 12912K, capacity 13782K, committed 13824K, reserved 1048576K
}
Event: 394.738 GC heap before
{Heap before GC invocations=37 (full 0):
 garbage-first heap   total 157696K, used 132329K [0x0000000080000000, 0x0000000100000000)
  region size 1024K, 32 young (32768K), 4 survivors (4096K)
 Metaspace       used 101450K, capacity 103980K, committed 104108K, reserved 1140736K
  class space    used 12915K, capacity 13788K, committed 13824K, reserved 1048576K
}
Event: 394.748 GC heap after
{Heap after GC invocations=38 (full 0):
 garbage-first heap   total 157696K, used 106025K [0x0000000080000000, 0x0000000100000000)
  region size 1024K, 2 young (2048K), 2 survivors (2048K)
 Metaspace       used 101450K, capacity 103980K, committed 104108K, reserved 1140736K
  class space    used 12915K, capacity 13788K, committed 13824K, reserved 1048576K
}
Event: 1378.234 GC heap before
{Heap before GC invocations=39 (full 0):
 garbage-first heap   total 157696K, used 133673K [0x0000000080000000, 0x0000000100000000)
  region size 1024K, 30 young (30720K), 2 survivors (2048K)
 Metaspace       used 101670K, capacity 104144K, committed 104364K, reserved 1140736K
  class space    used 12921K, capacity 13795K, committed 13824K, reserved 1048576K
}
Event: 1378.238 GC heap after
{Heap after GC invocations=40 (full 0):
 garbage-first heap   total 157696K, used 106413K [0x0000000080000000, 0x0000000100000000)
  region size 1024K, 3 young (3072K), 3 survivors (3072K)
 Metaspace       used 101670K, capacity 104144K, committed 104364K, reserved 1140736K
  class space    used 12921K, capacity 13795K, committed 13824K, reserved 1048576K
}
Event: 1378.269 GC heap before
{Heap before GC invocations=40 (full 0):
 garbage-first heap   total 157696K, used 109485K [0x0000000080000000, 0x0000000100000000)
  region size 1024K, 7 young (7168K), 3 survivors (3072K)
 Metaspace       used 101749K, capacity 104215K, committed 104364K, reserved 1140736K
  class space    used 12931K, capacity 13813K, committed 13824K, reserved 1048576K
}
Event: 1378.279 GC heap after
{Heap after GC invocations=41 (full 0):
 garbage-first heap   total 157696K, used 100985K [0x0000000080000000, 0x0000000100000000)
  region size 1024K, 1 young (1024K), 1 survivors (1024K)
 Metaspace       used 101749K, capacity 104215K, committed 104364K, reserved 1140736K
  class space    used 12931K, capacity 13813K, committed 13824K, reserved 1048576K
}
Event: 1378.518 GC heap before
{Heap before GC invocations=41 (full 0):
 garbage-first heap   total 157696K, used 130681K [0x0000000080000000, 0x0000000100000000)
  region size 1024K, 32 young (32768K), 1 survivors (1024K)
 Metaspace       used 101911K, capacity 104373K, committed 104620K, reserved 1140736K
  class space    used 12932K, capacity 13816K, committed 13824K, reserved 1048576K
}
Event: 1378.529 GC heap after
{Heap after GC invocations=42 (full 0):
 garbage-first heap   total 157696K, used 104054K [0x0000000080000000, 0x0000000100000000)
  region size 1024K, 4 young (4096K), 4 survivors (4096K)
 Metaspace       used 101911K, capacity 104373K, committed 104620K, reserved 1140736K
  class space    used 12932K, capacity 13816K, committed 13824K, reserved 1048576K
}
Event: 1378.923 GC heap before
{Heap before GC invocations=43 (full 0):
 garbage-first heap   total 157696K, used 133750K [0x0000000080000000, 0x0000000100000000)
  region size 1024K, 32 young (32768K), 4 survivors (4096K)
 Metaspace       used 102054K, capacity 104484K, committed 104748K, reserved 1140736K
  class space    used 12938K, capacity 13827K, committed 13952K, reserved 1048576K
}
Event: 1378.932 GC heap after
{Heap after GC invocations=44 (full 0):
 garbage-first heap   total 157696K, used 106662K [0x0000000080000000, 0x0000000100000000)
  region size 1024K, 4 young (4096K), 4 survivors (4096K)
 Metaspace       used 102054K, capacity 104484K, committed 104748K, reserved 1140736K
  class space    used 12938K, capacity 13827K, committed 13952K, reserved 1048576K
}
Event: 1378.966 GC heap before
{Heap before GC invocations=44 (full 0):
 garbage-first heap   total 157696K, used 109734K [0x0000000080000000, 0x0000000100000000)
  region size 1024K, 7 young (7168K), 4 survivors (4096K)
 Metaspace       used 102058K, capacity 104485K, committed 104748K, reserved 1140736K
  class space    used 12938K, capacity 13827K, committed 13952K, reserved 1048576K
}
Event: 1378.976 GC heap after
{Heap after GC invocations=45 (full 0):
 garbage-first heap   total 157696K, used 99495K [0x0000000080000000, 0x0000000100000000)
  region size 1024K, 1 young (1024K), 1 survivors (1024K)
 Metaspace       used 102058K, capacity 104485K, committed 104748K, reserved 1140736K
  class space    used 12938K, capacity 13827K, committed 13952K, reserved 1048576K
}

Deoptimization events (20 events):
Event: 1380.581 Thread 0x0000025d9958a000 Uncommon trap: trap_request=0xffffffde fr.pc=0x0000025d87f6ef2c relative=0x000000000000010c
Event: 1380.581 Thread 0x0000025d9958a000 Uncommon trap: reason=class_check action=maybe_recompile pc=0x0000025d87f6ef2c method=java.lang.reflect.Array.newInstance(Ljava/lang/Class;I)Ljava/lang/Object; @ 2 c2
Event: 1380.581 Thread 0x0000025d9958a000 DEOPT PACKING pc=0x0000025d87f6ef2c sp=0x00000082c14f5380
Event: 1380.581 Thread 0x0000025d9958a000 DEOPT UNPACKING pc=0x0000025d8004a1af sp=0x00000082c14f5318 mode 2
Event: 1380.599 Thread 0x0000025d9958a000 Uncommon trap: trap_request=0xffffffd6 fr.pc=0x0000025d88499fd0 relative=0x0000000000000770
Event: 1380.599 Thread 0x0000025d9958a000 Uncommon trap: reason=array_check action=maybe_recompile pc=0x0000025d88499fd0 method=java.util.ComparableTimSort.binarySort([Ljava/lang/Object;III)V @ 215 c2
Event: 1380.599 Thread 0x0000025d9958a000 DEOPT PACKING pc=0x0000025d88499fd0 sp=0x00000082c14f39e0
Event: 1380.599 Thread 0x0000025d9958a000 DEOPT UNPACKING pc=0x0000025d8004a1af sp=0x00000082c14f3980 mode 2
Event: 1380.640 Thread 0x0000025d9958a000 Uncommon trap: trap_request=0xffffffd6 fr.pc=0x0000025d8849a104 relative=0x00000000000008a4
Event: 1380.640 Thread 0x0000025d9958a000 Uncommon trap: reason=array_check action=maybe_recompile pc=0x0000025d8849a104 method=java.util.ComparableTimSort.binarySort([Ljava/lang/Object;III)V @ 193 c2
Event: 1380.640 Thread 0x0000025d9958a000 DEOPT PACKING pc=0x0000025d8849a104 sp=0x00000082c14f4480
Event: 1380.640 Thread 0x0000025d9958a000 DEOPT UNPACKING pc=0x0000025d8004a1af sp=0x00000082c14f4420 mode 2
Event: 1380.730 Thread 0x0000025d99127000 Uncommon trap: trap_request=0xffffffde fr.pc=0x0000025d87ece07c relative=0x00000000000000bc
Event: 1380.730 Thread 0x0000025d99127000 Uncommon trap: reason=class_check action=maybe_recompile pc=0x0000025d87ece07c method=java.lang.ThreadLocal.set(Ljava/lang/Object;)V @ 26 c2
Event: 1380.730 Thread 0x0000025d99127000 DEOPT PACKING pc=0x0000025d87ece07c sp=0x00000082c92fd310
Event: 1380.730 Thread 0x0000025d99127000 DEOPT UNPACKING pc=0x0000025d8004a1af sp=0x00000082c92fd2a0 mode 2
Event: 1380.734 Thread 0x0000025d99127000 Uncommon trap: trap_request=0xffffffde fr.pc=0x0000025d87f6ef2c relative=0x000000000000010c
Event: 1380.734 Thread 0x0000025d99127000 Uncommon trap: reason=class_check action=maybe_recompile pc=0x0000025d87f6ef2c method=java.lang.reflect.Array.newInstance(Ljava/lang/Class;I)Ljava/lang/Object; @ 2 c2
Event: 1380.734 Thread 0x0000025d99127000 DEOPT PACKING pc=0x0000025d87f6ef2c sp=0x00000082c92faa10
Event: 1380.734 Thread 0x0000025d99127000 DEOPT UNPACKING pc=0x0000025d8004a1af sp=0x00000082c92fa9a8 mode 2

Classes redefined (0 events):
No events

Internal exceptions (20 events):
Event: 1378.498 Thread 0x0000025d9958a000 Exception <a 'sun/nio/fs/WindowsException'{0x0000000087c9bac8}> (0x0000000087c9bac8) thrown at [./src/hotspot/share/prims/jni.cpp, line 615]
Event: 1380.547 Thread 0x0000025d9958a000 Exception <a 'java/lang/NoSuchMethodError'{0x0000000088bd97a0}: <clinit>> (0x0000000088bd97a0) thrown at [./src/hotspot/share/prims/jni.cpp, line 1365]
Event: 1380.548 Thread 0x0000025d9958a000 Exception <a 'java/lang/NoSuchMethodError'{0x0000000088bf34e8}: <clinit>> (0x0000000088bf34e8) thrown at [./src/hotspot/share/prims/jni.cpp, line 1365]
Event: 1380.558 Thread 0x0000025d9958a000 Exception <a 'java/lang/NoSuchMethodError'{0x0000000088a907d8}: 'java.lang.Object java.lang.invoke.DirectMethodHandle$Holder.invokeSpecial(java.lang.Object, java.lang.Object, int, int, java.lang.Object, int, java.lang.Object, java.lang.Object)'> (0x0000000088a907d8) thrown at [./src/hotspot/share/interpreter/linkResolver.cpp, line 773]
Event: 1380.558 Thread 0x0000025d9958a000 Exception <a 'java/lang/NoSuchMethodError'{0x0000000088a95358}: 'java.lang.Object java.lang.invoke.DelegatingMethodHandle$Holder.reinvoke_L(java.lang.Object, int, int, java.lang.Object, int, java.lang.Object, java.lang.Object)'> (0x0000000088a95358) thrown at [./src/hotspot/share/interpreter/linkResolver.cpp, line 773]
Event: 1380.560 Thread 0x0000025d9958a000 Exception <a 'java/lang/NoSuchMethodError'{0x0000000088ac1738}: 'java.lang.Object java.lang.invoke.DirectMethodHandle$Holder.invokeStatic(java.lang.Object, java.lang.Object, java.lang.Object, java.lang.Object, java.lang.Object, java.lang.Object, java.lang.Object, java.lang.Object, int)'> (0x0000000088ac1738) thrown at [./src/hotspot/share/interpreter/linkResolver.cpp, line 773]
Event: 1380.561 Thread 0x0000025d9958a000 Exception <a 'java/lang/NoSuchMethodError'{0x0000000088add1d0}: 'java.lang.Object java.lang.invoke.DirectMethodHandle$Holder.invokeStatic(java.lang.Object, java.lang.Object, java.lang.Object, java.lang.Object, java.lang.Object, java.lang.Object, java.lang.Object, java.lang.Object, int, int)'> (0x0000000088add1d0) thrown at [./src/hotspot/share/interpreter/linkResolver.cpp, line 773]
Event: 1380.562 Thread 0x0000025d9958a000 Exception <a 'java/lang/NoSuchMethodError'{0x0000000088af9b68}: 'java.lang.Object java.lang.invoke.DirectMethodHandle$Holder.invokeStatic(java.lang.Object, java.lang.Object, java.lang.Object, java.lang.Object, java.lang.Object, java.lang.Object, java.lang.Object, java.lang.Object, int, int, java.lang.Object)'> (0x0000000088af9b68) thrown at [./src/hotspot/share/interpreter/linkResolver.cpp, line 773]
Event: 1380.563 Thread 0x0000025d9958a000 Exception <a 'java/lang/NoSuchMethodError'{0x0000000088917d68}: 'java.lang.Object java.lang.invoke.DirectMethodHandle$Holder.invokeStatic(java.lang.Object, java.lang.Object, java.lang.Object, java.lang.Object, java.lang.Object, java.lang.Object, java.lang.Object, java.lang.Object, int, int, java.lang.Object, java.lang.Object)'> (0x0000000088917d68) thrown at [./src/hotspot/share/interpreter/linkResolver.cpp, line 773]
Event: 1380.570 Thread 0x0000025d9958a000 Exception <a 'java/lang/NoSuchMethodError'{0x000000008894b100}: <clinit>> (0x000000008894b100) thrown at [./src/hotspot/share/prims/jni.cpp, line 1365]
Event: 1380.573 Thread 0x0000025d9958a000 Exception <a 'java/lang/NoSuchMethodError'{0x0000000088990a80}: <clinit>> (0x0000000088990a80) thrown at [./src/hotspot/share/prims/jni.cpp, line 1365]
Event: 1380.582 Thread 0x0000025d9912b800 Exception <a 'java/lang/InterruptedException'{0x00000000889b6c10}> (0x00000000889b6c10) thrown at [./src/hotspot/share/runtime/objectMonitor.cpp, line 1635]
Event: 1380.582 Thread 0x0000025d9912b800 Exception <a 'java/lang/NoSuchMethodError'{0x00000000889bf120}: 'java.lang.Object java.lang.invoke.DirectMethodHandle$Holder.invokeStatic(java.lang.Object, java.lang.Object, int, java.lang.Object, long)'> (0x00000000889bf120) thrown at [./src/hotspot/share/interpreter/linkResolver.cpp, line 773]
Event: 1380.598 Thread 0x0000025d9958a000 Exception <a 'java/lang/NoSuchMethodError'{0x00000000889edbd0}: <clinit>> (0x00000000889edbd0) thrown at [./src/hotspot/share/prims/jni.cpp, line 1365]
Event: 1380.599 Thread 0x0000025d9958a000 Exception <a 'java/lang/NoSuchMethodError'{0x0000000088805ed0}: <clinit>> (0x0000000088805ed0) thrown at [./src/hotspot/share/prims/jni.cpp, line 1365]
Event: 1380.599 Thread 0x0000025d9958a000 Exception <a 'java/lang/NoSuchMethodError'{0x000000008881cc68}: <clinit>> (0x000000008881cc68) thrown at [./src/hotspot/share/prims/jni.cpp, line 1365]
Event: 1380.604 Thread 0x0000025d9958a000 Exception <a 'java/lang/NoSuchMethodError'{0x00000000888465d8}: <clinit>> (0x00000000888465d8) thrown at [./src/hotspot/share/prims/jni.cpp, line 1365]
Event: 1380.642 Thread 0x0000025d9958a000 Exception <a 'java/lang/NoSuchMethodError'{0x00000000887c5260}: <clinit>> (0x00000000887c5260) thrown at [./src/hotspot/share/prims/jni.cpp, line 1365]
Event: 1380.726 Thread 0x0000025d99127000 Exception <a 'java/lang/NoSuchMethodError'{0x00000000885fdad8}: 'java.lang.Object java.lang.invoke.DirectMethodHandle$Holder.invokeStatic(java.lang.Object, java.lang.Object, java.lang.Object, java.lang.Object, java.lang.Object, java.lang.Object, java.lang.Object, java.lang.Object, java.lang.Object, java.lang.Object, java.lang.Object, java.lang.Object, java.lang.Object, int)'> (0x00000000885fdad8) thrown at [./src/hotspot/share/interpreter/linkResolver.cpp, line 773]
Event: 1380.727 Thread 0x0000025d99127000 Exception <a 'java/lang/NoSuchMethodError'{0x000000008840b430}: 'java.lang.Object java.lang.invoke.DirectMethodHandle$Holder.invokeStatic(java.lang.Object, java.lang.Object, java.lang.Object, java.lang.Object, java.lang.Object, java.lang.Object, java.lang.Object, java.lang.Object, java.lang.Object, java.lang.Object, java.lang.Object, java.lang.Object, java.lang.Object, int, int)'> (0x000000008840b430) thrown at [./src/hotspot/share/interpreter/linkResolver.cpp, line 773]

Events (20 events):
Event: 1380.728 loading class java/lang/invoke/BoundMethodHandle$Species_LLLLLLLLLLIIL
Event: 1380.728 loading class java/lang/invoke/BoundMethodHandle$Species_LLLLLLLLLLIIL done
Event: 1380.729 Executing VM operation: RevokeBias
Event: 1380.729 Executing VM operation: RevokeBias done
Event: 1380.729 Executing VM operation: RevokeBias
Event: 1380.729 Executing VM operation: RevokeBias done
Event: 1380.729 Executing VM operation: RevokeBias
Event: 1380.730 Executing VM operation: RevokeBias done
Event: 1380.730 Executing VM operation: RevokeBias
Event: 1380.730 Executing VM operation: RevokeBias done
Event: 1380.732 Executing VM operation: RevokeBias
Event: 1380.732 Executing VM operation: RevokeBias done
Event: 1380.733 loading class sun/rmi/transport/Transport$1
Event: 1380.733 loading class sun/rmi/transport/Transport$1 done
Event: 1380.734 loading class sun/rmi/transport/DGCImpl$LeaseInfo
Event: 1380.734 loading class sun/rmi/transport/DGCImpl$LeaseInfo done
Event: 1380.734 loading class sun/rmi/transport/DGCImpl$1
Event: 1380.734 loading class sun/rmi/transport/DGCImpl$1 done
Event: 1380.734 loading class sun/rmi/transport/SequenceEntry
Event: 1380.734 loading class sun/rmi/transport/SequenceEntry done


Dynamic libraries:
0x00007ff7b2c70000 - 0x00007ff7b2c7a000 	C:\Program Files\Android\Android Studio\jre\bin\java.exe
0x00007ffa67870000 - 0x00007ffa67a68000 	C:\Windows\SYSTEM32\ntdll.dll
0x00007ffa67300000 - 0x00007ffa673bd000 	C:\Windows\System32\KERNEL32.DLL
0x00007ffa65340000 - 0x00007ffa6560e000 	C:\Windows\System32\KERNELBASE.dll
0x00007ffa656c0000 - 0x00007ffa657c0000 	C:\Windows\System32\ucrtbase.dll
0x00007ffa5e170000 - 0x00007ffa5e189000 	C:\Program Files\Android\Android Studio\jre\bin\jli.dll
0x00007ffa65a70000 - 0x00007ffa65c10000 	C:\Windows\System32\USER32.dll
0x00007ffa650a0000 - 0x00007ffa650c2000 	C:\Windows\System32\win32u.dll
0x00007ffa65a40000 - 0x00007ffa65a6a000 	C:\Windows\System32\GDI32.dll
0x00007ffa47560000 - 0x00007ffa477fa000 	C:\Windows\WinSxS\amd64_microsoft.windows.common-controls_6595b64144ccf1df_6.0.19041.1110_none_60b5254171f9507e\COMCTL32.dll
0x00007ffa65230000 - 0x00007ffa6533b000 	C:\Windows\System32\gdi32full.dll
0x00007ffa64f90000 - 0x00007ffa6502d000 	C:\Windows\System32\msvcp_win.dll
0x00007ffa665a0000 - 0x00007ffa6663e000 	C:\Windows\System32\msvcrt.dll
0x00007ffa5e190000 - 0x00007ffa5e1a7000 	C:\Program Files\Android\Android Studio\jre\bin\VCRUNTIME140.dll
0x00007ffa65a10000 - 0x00007ffa65a40000 	C:\Windows\System32\IMM32.DLL
0x00007ffa10bb0000 - 0x00007ffa10c4d000 	C:\Program Files\Android\Android Studio\jre\bin\msvcp140.dll
0x00007ff9e47d0000 - 0x00007ff9e52b5000 	C:\Program Files\Android\Android Studio\jre\bin\server\jvm.dll
0x00007ffa65d50000 - 0x00007ffa65dfe000 	C:\Windows\System32\ADVAPI32.dll
0x00007ffa660c0000 - 0x00007ffa6615c000 	C:\Windows\System32\sechost.dll
0x00007ffa66d90000 - 0x00007ffa66eb5000 	C:\Windows\System32\RPCRT4.dll
0x00007ffa65e00000 - 0x00007ffa65e08000 	C:\Windows\System32\PSAPI.DLL
0x00007ffa48d50000 - 0x00007ffa48d59000 	C:\Windows\SYSTEM32\WSOCK32.dll
0x00007ffa66530000 - 0x00007ffa6659b000 	C:\Windows\System32\WS2_32.dll
0x00007ffa53b40000 - 0x00007ffa53b67000 	C:\Windows\SYSTEM32\WINMM.dll
0x00007ffa5c990000 - 0x00007ffa5c99a000 	C:\Windows\SYSTEM32\VERSION.dll
0x00007ffa63800000 - 0x00007ffa63812000 	C:\Windows\SYSTEM32\kernel.appcore.dll
0x00007ffa48ca0000 - 0x00007ffa48cb1000 	C:\Program Files\Android\Android Studio\jre\bin\verify.dll
0x00007ffa62d80000 - 0x00007ffa62f64000 	C:\Windows\SYSTEM32\DBGHELP.DLL
0x00007ffa550f0000 - 0x00007ffa5511c000 	C:\Windows\SYSTEM32\dbgcore.DLL
0x00007ffa65840000 - 0x00007ffa658c2000 	C:\Windows\System32\bcryptPrimitives.dll
0x00007ffa3f970000 - 0x00007ffa3f999000 	C:\Program Files\Android\Android Studio\jre\bin\java.dll
0x00007ffa48980000 - 0x00007ffa4898b000 	C:\Program Files\Android\Android Studio\jre\bin\jimage.dll
0x00007ffa41440000 - 0x00007ffa41458000 	C:\Program Files\Android\Android Studio\jre\bin\zip.dll
0x00007ffa66640000 - 0x00007ffa66d83000 	C:\Windows\System32\SHELL32.dll
0x00007ffa63060000 - 0x00007ffa637f5000 	C:\Windows\SYSTEM32\windows.storage.dll
0x00007ffa661d0000 - 0x00007ffa66524000 	C:\Windows\System32\combase.dll
0x00007ffa649f0000 - 0x00007ffa64a20000 	C:\Windows\SYSTEM32\Wldp.dll
0x00007ffa65ca0000 - 0x00007ffa65d4d000 	C:\Windows\System32\SHCORE.dll
0x00007ffa65e10000 - 0x00007ffa65e65000 	C:\Windows\System32\shlwapi.dll
0x00007ffa64ed0000 - 0x00007ffa64eef000 	C:\Windows\SYSTEM32\profapi.dll
0x00007ffa41400000 - 0x00007ffa4141a000 	C:\Program Files\Android\Android Studio\jre\bin\net.dll
0x00007ffa55d40000 - 0x00007ffa55e4a000 	C:\Windows\SYSTEM32\WINHTTP.dll
0x00007ffa64750000 - 0x00007ffa647ba000 	C:\Windows\system32\mswsock.dll
0x00007ffa3d730000 - 0x00007ffa3d744000 	C:\Program Files\Android\Android Studio\jre\bin\nio.dll
0x00007ffa38110000 - 0x00007ffa38137000 	C:\Users\lenovo\.gradle\native\e1d6ef7f7dcc3fd88c89a11ec53ec762bb8ba0a96d01ffa2cd45eb1d1d8dd5c5\windows-amd64\native-platform.dll
0x00007ffa091a0000 - 0x00007ffa092e4000 	C:\Users\lenovo\.gradle\native\5664cfc778a61ccfe75a443a1ab52a65af34e5dc3c78e0209fed803814484fcb\windows-amd64\native-platform-file-events.dll
0x00007ffa48630000 - 0x00007ffa4863a000 	C:\Program Files\Android\Android Studio\jre\bin\management.dll
0x00007ffa48550000 - 0x00007ffa4855d000 	C:\Program Files\Android\Android Studio\jre\bin\management_ext.dll
0x00007ffa64940000 - 0x00007ffa64958000 	C:\Windows\SYSTEM32\CRYPTSP.dll
0x00007ffa64060000 - 0x00007ffa64094000 	C:\Windows\system32\rsaenh.dll
0x00007ffa657c0000 - 0x00007ffa657e7000 	C:\Windows\System32\bcrypt.dll
0x00007ffa64e90000 - 0x00007ffa64ebe000 	C:\Windows\SYSTEM32\USERENV.dll
0x00007ffa64960000 - 0x00007ffa6496c000 	C:\Windows\SYSTEM32\CRYPTBASE.dll
0x00007ffa643f0000 - 0x00007ffa6442b000 	C:\Windows\SYSTEM32\IPHLPAPI.DLL
0x00007ffa65c90000 - 0x00007ffa65c98000 	C:\Windows\System32\NSI.dll
0x00007ffa57910000 - 0x00007ffa57927000 	C:\Windows\SYSTEM32\dhcpcsvc6.DLL
0x00007ffa57360000 - 0x00007ffa5737d000 	C:\Windows\SYSTEM32\dhcpcsvc.DLL
0x00007ffa64430000 - 0x00007ffa644fa000 	C:\Windows\SYSTEM32\DNSAPI.dll
0x00007ffa63c90000 - 0x00007ffa63cc3000 	C:\Windows\SYSTEM32\ntmarta.dll
0x00007ffa62460000 - 0x00007ffa624f0000 	C:\Windows\system32\apphelp.dll
0x00007ffa5eac0000 - 0x00007ffa5eade000 	C:\Users\lenovo\AppData\Local\Temp\native-platform11970818744419018042dir\native-platform.dll
0x00007ffa5e380000 - 0x00007ffa5e388000 	C:\Program Files\Android\Android Studio\jre\bin\rmi.dll

dbghelp: loaded successfully - version: 4.0.5 - missing functions: none
symbol engine: initialized successfully - sym options: 0x614 - pdb path: .;C:\Program Files\Android\Android Studio\jre\bin;C:\Windows\SYSTEM32;C:\Windows\WinSxS\amd64_microsoft.windows.common-controls_6595b64144ccf1df_6.0.19041.1110_none_60b5254171f9507e;C:\Program Files\Android\Android Studio\jre\bin\server;C:\Users\lenovo\.gradle\native\e1d6ef7f7dcc3fd88c89a11ec53ec762bb8ba0a96d01ffa2cd45eb1d1d8dd5c5\windows-amd64;C:\Users\lenovo\.gradle\native\5664cfc778a61ccfe75a443a1ab52a65af34e5dc3c78e0209fed803814484fcb\windows-amd64;C:\Users\lenovo\AppData\Local\Temp\native-platform11970818744419018042dir

VM Arguments:
jvm_args: --add-opens=java.base/java.util=ALL-UNNAMED --add-opens=java.base/java.lang=ALL-UNNAMED --add-opens=java.base/java.lang.invoke=ALL-UNNAMED --add-opens=java.base/java.util=ALL-UNNAMED --add-opens=java.prefs/java.util.prefs=ALL-UNNAMED --add-opens=java.prefs/java.util.prefs=ALL-UNNAMED --add-opens=java.base/java.nio.charset=ALL-UNNAMED --add-opens=java.base/java.net=ALL-UNNAMED --add-opens=java.base/java.util.concurrent.atomic=ALL-UNNAMED -Xmx2048m -Dfile.encoding=UTF-8 -Duser.country=US -Duser.language=en -Duser.variant 
java_command: org.gradle.launcher.daemon.bootstrap.GradleDaemon 7.3.3
java_class_path (initial): C:\Users\lenovo\.gradle\wrapper\dists\gradle-7.3.3-bin\6a41zxkdtcxs8rphpq6y0069z\gradle-7.3.3\lib\gradle-launcher-7.3.3.jar
Launcher Type: SUN_STANDARD

[Global flags]
     intx CICompilerCount                          = 4                                         {product} {ergonomic}
     uint ConcGCThreads                            = 2                                         {product} {ergonomic}
     uint G1ConcRefinementThreads                  = 8                                         {product} {ergonomic}
   size_t G1HeapRegionSize                         = 1048576                                   {product} {ergonomic}
    uintx GCDrainStackTargetSize                   = 64                                        {product} {ergonomic}
   size_t InitialHeapSize                          = 134217728                                 {product} {ergonomic}
   size_t MarkStackSize                            = 4194304                                   {product} {ergonomic}
   size_t MaxHeapSize                              = 2147483648                                {product} {command line}
   size_t MaxNewSize                               = 1287651328                                {product} {ergonomic}
   size_t MinHeapDeltaBytes                        = 1048576                                   {product} {ergonomic}
    uintx NonNMethodCodeHeapSize                   = 5836300                                {pd product} {ergonomic}
    uintx NonProfiledCodeHeapSize                  = 122910970                              {pd product} {ergonomic}
    uintx ProfiledCodeHeapSize                     = 122910970                              {pd product} {ergonomic}
    uintx ReservedCodeCacheSize                    = 251658240                              {pd product} {ergonomic}
     bool SegmentedCodeCache                       = true                                      {product} {ergonomic}
     bool UseCompressedClassPointers               = true                                 {lp64_product} {ergonomic}
     bool UseCompressedOops                        = true                                 {lp64_product} {ergonomic}
     bool UseG1GC                                  = true                                      {product} {ergonomic}
     bool UseLargePagesIndividualAllocation        = false                                  {pd product} {ergonomic}

Logging:
Log output configuration:
 #0: stdout all=warning uptime,level,tags
 #1: stderr all=off uptime,level,tags

Environment Variables:
PATH=C:\Program Files (x86)\Common Files\Oracle\Java\javapath;C:\Windows\system32;C:\Windows;C:\Windows\System32\Wbem;C:\Windows\System32\WindowsPowerShell\v1.0\;C:\Windows\System32\OpenSSH\;C:\Program Files\Git\cmd;C:\Users\lenovo\AppData\Local\Microsoft\WindowsApps;C:\Program Files\JetBrains\IntelliJ IDEA Community Edition 2022.2\bin;;C:\tools\dart-sdk\bin;
USERNAME=lenovo
OS=Windows_NT
PROCESSOR_IDENTIFIER=Intel64 Family 6 Model 142 Stepping 10, GenuineIntel



---------------  S Y S T E M  ---------------

OS: Windows 10 , 64 bit Build 19041 (10.0.19041.1889)
OS uptime: 0 days 10:43 hours

CPU:total 8 (initial active 8) (4 cores per cpu, 2 threads per core) family 6 model 142 stepping 10 microcode 0xb4, cmov, cx8, fxsr, mmx, sse, sse2, sse3, ssse3, sse4.1, sse4.2, popcnt, avx, avx2, aes, clmul, erms, 3dnowpref, lzcnt, ht, tsc, tscinvbit, bmi1, bmi2, adx, fma

Memory: 4k page, system-wide physical 8101M (1332M free)
TotalPageFile size 10149M (AvailPageFile size 5M)
current process WorkingSet (physical memory assigned to process): 450M, peak: 477M
current process commit charge ("private bytes"): 497M, peak: 522M

vm_info: OpenJDK 64-Bit Server VM (11.0.12+7-b1504.28-7817840) for windows-amd64 JRE (11.0.12+7-b1504.28-7817840), built on Oct 13 2021 22:12:33 by "builder" with MS VC++ 14.0 (VS2015)

END.
