#
# There is insufficient memory for the Java Runtime Environment to continue.
# Native memory allocation (malloc) failed to allocate 1882576 bytes for Chunk::new
# Possible reasons:
#   The system is out of physical RAM or swap space
#   The process is running with CompressedOops enabled, and the Java Heap may be blocking the growth of the native heap
# Possible solutions:
#   Reduce memory load on the system
#   Increase physical memory or swap space
#   Check if swap backing store is full
#   Decrease Java heap size (-Xmx/-Xms)
#   Decrease number of Java threads
#   Decrease Java thread stack sizes (-Xss)
#   Set larger code cache with -XX:ReservedCodeCacheSize=
#   JVM is running with Unscaled Compressed Oops mode in which the Java heap is
#     placed in the first 4GB address space. The Java Heap base address is the
#     maximum limit for the native heap growth. Please use -XX:HeapBaseMinAddress
#     to set the Java Heap base and to place the Java Heap above 4GB virtual address.
# This output file may be truncated or incomplete.
#
#  Out of Memory Error (./src/hotspot/share/memory/arena.cpp:197), pid=12972, tid=13840
#
# JRE version: OpenJDK Runtime Environment (11.0.12+7) (build 11.0.12+7-b1504.28-7817840)
# Java VM: OpenJDK 64-Bit Server VM (11.0.12+7-b1504.28-7817840, mixed mode, tiered, compressed oops, g1 gc, windows-amd64)
# No core dump will be written. Minidumps are not enabled by default on client versions of Windows
#

---------------  S U M M A R Y ------------

Command Line: --add-opens=java.base/java.util=ALL-UNNAMED --add-opens=java.base/java.lang=ALL-UNNAMED --add-opens=java.base/java.lang.invoke=ALL-UNNAMED --add-opens=java.base/java.util=ALL-UNNAMED --add-opens=java.prefs/java.util.prefs=ALL-UNNAMED --add-opens=java.prefs/java.util.prefs=ALL-UNNAMED --add-opens=java.base/java.nio.charset=ALL-UNNAMED --add-opens=java.base/java.net=ALL-UNNAMED --add-opens=java.base/java.util.concurrent.atomic=ALL-UNNAMED -Xmx2048m -Dfile.encoding=UTF-8 -Duser.country=US -Duser.language=en -Duser.variant org.gradle.launcher.daemon.bootstrap.GradleDaemon 7.3.3

Host: Intel(R) Core(TM) i7-8550U CPU @ 1.80GHz, 8 cores, 7G,  Windows 10 , 64 bit Build 19041 (10.0.19041.1889)
Time: Tue Oct  4 04:29:55 2022 Egypt Standard Time elapsed time: 9.823179 seconds (0d 0h 0m 9s)

---------------  T H R E A D  ---------------

Current thread (0x0000019b18602800):  JavaThread "C2 CompilerThread2" daemon [_thread_in_native, id=13840, stack(0x00000041d4d00000,0x00000041d4e00000)]


Current CompileTask:
C2:   9823 6123       4       java.net.URLClassLoader$1::run (5 bytes)

Stack: [0x00000041d4d00000,0x00000041d4e00000]
Native frames: (J=compiled Java code, j=interpreted, Vv=VM code, C=native code)
V  [jvm.dll+0x5fbcea]
V  [jvm.dll+0x731905]
V  [jvm.dll+0x732f1d]
V  [jvm.dll+0x7335d3]
V  [jvm.dll+0x247bf8]
V  [jvm.dll+0xc018c]
V  [jvm.dll+0xc06cc]
V  [jvm.dll+0x35b31d]
V  [jvm.dll+0x19d0bc]
V  [jvm.dll+0x20070e]
V  [jvm.dll+0x1ff794]
V  [jvm.dll+0x18868c]
V  [jvm.dll+0x20e0d7]
V  [jvm.dll+0x20c901]
V  [jvm.dll+0x6f9b7f]
V  [jvm.dll+0x6f26a5]
V  [jvm.dll+0x5fabf6]
C  [ucrtbase.dll+0x21bb2]
C  [KERNEL32.DLL+0x17034]
C  [ntdll.dll+0x526a1]


---------------  P R O C E S S  ---------------

Threads class SMR info:
_java_thread_list=0x0000019b1c0ee990, length=124, elements={
0x0000019b79ffc800, 0x0000019b7f481800, 0x0000019b7f48d000, 0x0000019b7f4a0000,
0x0000019b7f4a1800, 0x0000019b7f4a3800, 0x0000019b7f4a7000, 0x0000019b7f4a8000,
0x0000019b7f4ab000, 0x0000019b1519e000, 0x0000019b17201800, 0x0000019b15853800,
0x0000019b15d25800, 0x0000019b17794000, 0x0000019b17934800, 0x0000019b15f04000,
0x0000019b166ec800, 0x0000019b166ed800, 0x0000019b17625800, 0x0000019b16cc6000,
0x0000019b1762b000, 0x0000019b17628800, 0x0000019b17627800, 0x0000019b1762c000,
0x0000019b17626000, 0x0000019b17629800, 0x0000019b17627000, 0x0000019b1762a000,
0x0000019b17f1a000, 0x0000019b17f16800, 0x0000019b17f17800, 0x0000019b17f15000,
0x0000019b17f1b800, 0x0000019b17f19000, 0x0000019b17f1a800, 0x0000019b1c412800,
0x0000019b1c413800, 0x0000019b18602800, 0x0000019b1c411000, 0x0000019b1c416000,
0x0000019b1c414000, 0x0000019b1c415000, 0x0000019b1c410000, 0x0000019b1c416800,
0x0000019b1c417800, 0x0000019b1c411800, 0x0000019b1c41a800, 0x0000019b1c41e000,
0x0000019b1c41b800, 0x0000019b1c41c800, 0x0000019b1c41a000, 0x0000019b1c41d000,
0x0000019b1c418800, 0x0000019b1c41f000, 0x0000019b1c419000, 0x0000019b18cab800,
0x0000019b18cac000, 0x0000019b18cad000, 0x0000019b18cae000, 0x0000019b18cae800,
0x0000019b18caa800, 0x0000019b18ca9000, 0x0000019b18caf800, 0x0000019b18ca9800,
0x0000019b18cb2000, 0x0000019b18cb3800, 0x0000019b18cb2800, 0x0000019b18cb5000,
0x0000019b18cb0000, 0x0000019b18cb6000, 0x0000019b18cb4800, 0x0000019b18cb6800,
0x0000019b18cb1000, 0x0000019b18cb7800, 0x0000019b1ae48800, 0x0000019b1ae47000,
0x0000019b1ae4b000, 0x0000019b1ae49800, 0x0000019b1ae4d800, 0x0000019b1ae4a000,
0x0000019b1ae4c000, 0x0000019b1ae4c800, 0x0000019b1ae48000, 0x0000019b1ae4e800,
0x0000019b1ae4f000, 0x0000019b1ae51800, 0x0000019b1ae52800, 0x0000019b1ae54000,
0x0000019b1ae53000, 0x0000019b1ae55000, 0x0000019b1ae55800, 0x0000019b1ae50800,
0x0000019b1ae50000, 0x0000019b162ea800, 0x0000019b162e9800, 0x0000019b162eb000,
0x0000019b162ec000, 0x0000019b162e8800, 0x0000019b162f1000, 0x0000019b162ee800,
0x0000019b162ef800, 0x0000019b162f2800, 0x0000019b162ed000, 0x0000019b162f0000,
0x0000019b162f1800, 0x0000019b162f3800, 0x0000019b162ed800, 0x0000019b162f4000,
0x0000019b162f7800, 0x0000019b162f5000, 0x0000019b162f6000, 0x0000019b162f6800,
0x0000019b1b6a5000, 0x0000019b1b6a7800, 0x0000019b1b6a4000, 0x0000019b1b6a5800,
0x0000019b1b6a9000, 0x0000019b1b6a3000, 0x0000019b1b6a6800, 0x0000019b1b6ac000,
0x0000019b1b6a9800, 0x0000019b1b6aa800, 0x0000019b1b6ad000, 0x0000019b1b6ae000
}

Java Threads: ( => current thread )
  0x0000019b79ffc800 JavaThread "main" [_thread_blocked, id=4420, stack(0x00000041d1900000,0x00000041d1a00000)]
  0x0000019b7f481800 JavaThread "Reference Handler" daemon [_thread_blocked, id=13896, stack(0x00000041d2000000,0x00000041d2100000)]
  0x0000019b7f48d000 JavaThread "Finalizer" daemon [_thread_blocked, id=2772, stack(0x00000041d2100000,0x00000041d2200000)]
  0x0000019b7f4a0000 JavaThread "Signal Dispatcher" daemon [_thread_blocked, id=7860, stack(0x00000041d2200000,0x00000041d2300000)]
  0x0000019b7f4a1800 JavaThread "Attach Listener" daemon [_thread_blocked, id=13220, stack(0x00000041d2300000,0x00000041d2400000)]
  0x0000019b7f4a3800 JavaThread "Service Thread" daemon [_thread_blocked, id=7468, stack(0x00000041d2400000,0x00000041d2500000)]
  0x0000019b7f4a7000 JavaThread "C2 CompilerThread0" daemon [_thread_in_native, id=6892, stack(0x00000041d2500000,0x00000041d2600000)]
  0x0000019b7f4a8000 JavaThread "C1 CompilerThread0" daemon [_thread_blocked, id=13748, stack(0x00000041d2600000,0x00000041d2700000)]
  0x0000019b7f4ab000 JavaThread "Sweeper thread" daemon [_thread_blocked, id=9432, stack(0x00000041d2700000,0x00000041d2800000)]
  0x0000019b1519e000 JavaThread "Common-Cleaner" daemon [_thread_blocked, id=13496, stack(0x00000041d2800000,0x00000041d2900000)]
  0x0000019b17201800 JavaThread "Daemon health stats" [_thread_blocked, id=8144, stack(0x00000041d2e00000,0x00000041d2f00000)]
  0x0000019b15853800 JavaThread "Incoming local TCP Connector on port 55934" [_thread_in_native, id=2984, stack(0x00000041d2a00000,0x00000041d2b00000)]
  0x0000019b15d25800 JavaThread "Daemon periodic checks" [_thread_blocked, id=6584, stack(0x00000041d2b00000,0x00000041d2c00000)]
  0x0000019b17794000 JavaThread "Daemon" [_thread_blocked, id=12244, stack(0x00000041d2f00000,0x00000041d3000000)]
  0x0000019b17934800 JavaThread "Handler for socket connection from /127.0.0.1:55934 to /127.0.0.1:55935" [_thread_in_native, id=12364, stack(0x00000041d3000000,0x00000041d3100000)]
  0x0000019b15f04000 JavaThread "Cancel handler" [_thread_blocked, id=3088, stack(0x00000041d3100000,0x00000041d3200000)]
  0x0000019b166ec800 JavaThread "Daemon worker" [_thread_in_vm, id=2224, stack(0x00000041d3200000,0x00000041d3300000)]
  0x0000019b166ed800 JavaThread "Asynchronous log dispatcher for DefaultDaemonConnection: socket connection from /127.0.0.1:55934 to /127.0.0.1:55935" [_thread_blocked, id=13472, stack(0x00000041d3300000,0x00000041d3400000)]
  0x0000019b17625800 JavaThread "Stdin handler" [_thread_blocked, id=14256, stack(0x00000041d3400000,0x00000041d3500000)]
  0x0000019b16cc6000 JavaThread "C2 CompilerThread1" daemon [_thread_in_native, id=6848, stack(0x00000041d3500000,0x00000041d3600000)]
  0x0000019b1762b000 JavaThread "Daemon client event forwarder" [_thread_blocked, id=11080, stack(0x00000041d3600000,0x00000041d3700000)]
  0x0000019b17628800 JavaThread "Cache worker for journal cache (C:\Users\lenovo\.gradle\caches\journal-1)" [_thread_blocked, id=10784, stack(0x00000041d3c00000,0x00000041d3d00000)]
  0x0000019b17627800 JavaThread "File lock request listener" [_thread_in_native, id=8188, stack(0x00000041d3d00000,0x00000041d3e00000)]
  0x0000019b1762c000 JavaThread "Cache worker for file hash cache (C:\Users\lenovo\.gradle\caches\7.3.3\fileHashes)" [_thread_blocked, id=9412, stack(0x00000041d3e00000,0x00000041d3f00000)]
  0x0000019b17626000 JavaThread "Cache worker for file hash cache (D:\Islam\Learning During The Army\Android\AppGame\.gradle\7.3.3\fileHashes)" [_thread_blocked, id=11704, stack(0x00000041d4000000,0x00000041d4100000)]
  0x0000019b17629800 JavaThread "File watcher server" daemon [_thread_in_native, id=8132, stack(0x00000041d4200000,0x00000041d4300000)]
  0x0000019b17627000 JavaThread "File watcher consumer" daemon [_thread_blocked, id=13360, stack(0x00000041d4300000,0x00000041d4400000)]
  0x0000019b1762a000 JavaThread "Cache worker for checksums cache (D:\Islam\Learning During The Army\Android\AppGame\.gradle\7.3.3\checksums)" [_thread_blocked, id=4864, stack(0x00000041d4400000,0x00000041d4500000)]
  0x0000019b17f1a000 JavaThread "Cache worker for cache directory md-supplier (C:\Users\lenovo\.gradle\caches\7.3.3\md-supplier)" [_thread_blocked, id=7888, stack(0x00000041d4500000,0x00000041d4600000)]
  0x0000019b17f16800 JavaThread "Cache worker for cache directory md-rule (C:\Users\lenovo\.gradle\caches\7.3.3\md-rule)" [_thread_blocked, id=10124, stack(0x00000041d4600000,0x00000041d4700000)]
  0x0000019b17f17800 JavaThread "Cache worker for execution history cache (C:\Users\lenovo\.gradle\caches\7.3.3\executionHistory)" [_thread_blocked, id=8856, stack(0x00000041d4700000,0x00000041d4800000)]
  0x0000019b17f15000 JavaThread "jar transforms" [_thread_blocked, id=9372, stack(0x00000041d4800000,0x00000041d4900000)]
  0x0000019b17f1b800 JavaThread "Cache worker for file content cache (C:\Users\lenovo\.gradle\caches\7.3.3\fileContent)" [_thread_blocked, id=3208, stack(0x00000041d4900000,0x00000041d4a00000)]
  0x0000019b17f19000 JavaThread "jar transforms Thread 2" [_thread_blocked, id=9388, stack(0x00000041d4a00000,0x00000041d4b00000)]
  0x0000019b17f1a800 JavaThread "Cache worker for dependencies-accessors (D:\Islam\Learning During The Army\Android\AppGame\.gradle\7.3.3\dependencies-accessors)" [_thread_blocked, id=14332, stack(0x00000041d4b00000,0x00000041d4c00000)]
  0x0000019b1c412800 JavaThread "jar transforms Thread 3" [_thread_blocked, id=2608, stack(0x00000041d4c00000,0x00000041d4d00000)]
  0x0000019b1c413800 JavaThread "Cache worker for Build Output Cleanup Cache (D:\Islam\Learning During The Army\Android\AppGame\.gradle\buildOutputCleanup)" [_thread_blocked, id=13368, stack(0x00000041d4100000,0x00000041d4200000)]
=>0x0000019b18602800 JavaThread "C2 CompilerThread2" daemon [_thread_in_native, id=13840, stack(0x00000041d4d00000,0x00000041d4e00000)]
  0x0000019b1c411000 JavaThread "Unconstrained build operations" [_thread_blocked, id=6976, stack(0x00000041d4e00000,0x00000041d4f00000)]
  0x0000019b1c416000 JavaThread "Unconstrained build operations Thread 2" [_thread_blocked, id=12492, stack(0x00000041d4f00000,0x00000041d5000000)]
  0x0000019b1c414000 JavaThread "Unconstrained build operations Thread 3" [_thread_blocked, id=12920, stack(0x00000041d5000000,0x00000041d5100000)]
  0x0000019b1c415000 JavaThread "Unconstrained build operations Thread 4" [_thread_blocked, id=13432, stack(0x00000041d5100000,0x00000041d5200000)]
  0x0000019b1c410000 JavaThread "Unconstrained build operations Thread 5" [_thread_blocked, id=12692, stack(0x00000041d5200000,0x00000041d5300000)]
  0x0000019b1c416800 JavaThread "Unconstrained build operations Thread 6" [_thread_blocked, id=6156, stack(0x00000041d5300000,0x00000041d5400000)]
  0x0000019b1c417800 JavaThread "Unconstrained build operations Thread 7" [_thread_blocked, id=12096, stack(0x00000041d5400000,0x00000041d5500000)]
  0x0000019b1c411800 JavaThread "Unconstrained build operations Thread 8" [_thread_blocked, id=2764, stack(0x00000041d5500000,0x00000041d5600000)]
  0x0000019b1c41a800 JavaThread "Unconstrained build operations Thread 9" [_thread_blocked, id=12996, stack(0x00000041d5600000,0x00000041d5700000)]
  0x0000019b1c41e000 JavaThread "Unconstrained build operations Thread 10" [_thread_blocked, id=12572, stack(0x00000041d5700000,0x00000041d5800000)]
  0x0000019b1c41b800 JavaThread "Unconstrained build operations Thread 11" [_thread_blocked, id=904, stack(0x00000041d5800000,0x00000041d5900000)]
  0x0000019b1c41c800 JavaThread "Unconstrained build operations Thread 12" [_thread_blocked, id=4352, stack(0x00000041d5900000,0x00000041d5a00000)]
  0x0000019b1c41a000 JavaThread "Unconstrained build operations Thread 13" [_thread_blocked, id=2812, stack(0x00000041d5a00000,0x00000041d5b00000)]
  0x0000019b1c41d000 JavaThread "Unconstrained build operations Thread 14" [_thread_blocked, id=12076, stack(0x00000041d5b00000,0x00000041d5c00000)]
  0x0000019b1c418800 JavaThread "Unconstrained build operations Thread 15" [_thread_blocked, id=13440, stack(0x00000041d5c00000,0x00000041d5d00000)]
  0x0000019b1c41f000 JavaThread "Unconstrained build operations Thread 16" [_thread_blocked, id=12896, stack(0x00000041d5d00000,0x00000041d5e00000)]
  0x0000019b1c419000 JavaThread "Unconstrained build operations Thread 17" [_thread_blocked, id=13412, stack(0x00000041d5e00000,0x00000041d5f00000)]
  0x0000019b18cab800 JavaThread "Unconstrained build operations Thread 18" [_thread_blocked, id=4784, stack(0x00000041d5f00000,0x00000041d6000000)]
  0x0000019b18cac000 JavaThread "Unconstrained build operations Thread 19" [_thread_blocked, id=876, stack(0x00000041d6000000,0x00000041d6100000)]
  0x0000019b18cad000 JavaThread "Unconstrained build operations Thread 20" [_thread_blocked, id=13888, stack(0x00000041d6100000,0x00000041d6200000)]
  0x0000019b18cae000 JavaThread "Unconstrained build operations Thread 21" [_thread_blocked, id=5820, stack(0x00000041d6200000,0x00000041d6300000)]
  0x0000019b18cae800 JavaThread "Unconstrained build operations Thread 22" [_thread_blocked, id=11048, stack(0x00000041d6300000,0x00000041d6400000)]
  0x0000019b18caa800 JavaThread "Unconstrained build operations Thread 23" [_thread_blocked, id=3064, stack(0x00000041d6400000,0x00000041d6500000)]
  0x0000019b18ca9000 JavaThread "Unconstrained build operations Thread 24" [_thread_blocked, id=10416, stack(0x00000041d6500000,0x00000041d6600000)]
  0x0000019b18caf800 JavaThread "Unconstrained build operations Thread 25" [_thread_blocked, id=11840, stack(0x00000041d6600000,0x00000041d6700000)]
  0x0000019b18ca9800 JavaThread "Unconstrained build operations Thread 26" [_thread_blocked, id=6352, stack(0x00000041d6700000,0x00000041d6800000)]
  0x0000019b18cb2000 JavaThread "Unconstrained build operations Thread 27" [_thread_blocked, id=4072, stack(0x00000041d6800000,0x00000041d6900000)]
  0x0000019b18cb3800 JavaThread "Unconstrained build operations Thread 28" [_thread_blocked, id=7192, stack(0x00000041d6900000,0x00000041d6a00000)]
  0x0000019b18cb2800 JavaThread "Unconstrained build operations Thread 29" [_thread_blocked, id=8584, stack(0x00000041d6a00000,0x00000041d6b00000)]
  0x0000019b18cb5000 JavaThread "Unconstrained build operations Thread 30" [_thread_blocked, id=6576, stack(0x00000041d6b00000,0x00000041d6c00000)]
  0x0000019b18cb0000 JavaThread "Unconstrained build operations Thread 31" [_thread_blocked, id=13200, stack(0x00000041d6c00000,0x00000041d6d00000)]
  0x0000019b18cb6000 JavaThread "Unconstrained build operations Thread 32" [_thread_blocked, id=9056, stack(0x00000041d6d00000,0x00000041d6e00000)]
  0x0000019b18cb4800 JavaThread "Unconstrained build operations Thread 33" [_thread_blocked, id=14268, stack(0x00000041d6e00000,0x00000041d6f00000)]
  0x0000019b18cb6800 JavaThread "Unconstrained build operations Thread 34" [_thread_blocked, id=10516, stack(0x00000041d6f00000,0x00000041d7000000)]
  0x0000019b18cb1000 JavaThread "Unconstrained build operations Thread 35" [_thread_blocked, id=12656, stack(0x00000041d7000000,0x00000041d7100000)]
  0x0000019b18cb7800 JavaThread "Unconstrained build operations Thread 36" [_thread_blocked, id=656, stack(0x00000041d7100000,0x00000041d7200000)]
  0x0000019b1ae48800 JavaThread "Unconstrained build operations Thread 37" [_thread_blocked, id=6628, stack(0x00000041d7200000,0x00000041d7300000)]
  0x0000019b1ae47000 JavaThread "Unconstrained build operations Thread 38" [_thread_blocked, id=11236, stack(0x00000041d7300000,0x00000041d7400000)]
  0x0000019b1ae4b000 JavaThread "Unconstrained build operations Thread 39" [_thread_blocked, id=11052, stack(0x00000041d7400000,0x00000041d7500000)]
  0x0000019b1ae49800 JavaThread "Unconstrained build operations Thread 40" [_thread_blocked, id=13928, stack(0x00000041d7500000,0x00000041d7600000)]
  0x0000019b1ae4d800 JavaThread "Unconstrained build operations Thread 41" [_thread_blocked, id=8748, stack(0x00000041d7600000,0x00000041d7700000)]
  0x0000019b1ae4a000 JavaThread "Unconstrained build operations Thread 42" [_thread_blocked, id=7020, stack(0x00000041d7700000,0x00000041d7800000)]
  0x0000019b1ae4c000 JavaThread "Unconstrained build operations Thread 43" [_thread_blocked, id=11092, stack(0x00000041d7800000,0x00000041d7900000)]
  0x0000019b1ae4c800 JavaThread "Unconstrained build operations Thread 44" [_thread_blocked, id=12264, stack(0x00000041d7900000,0x00000041d7a00000)]
  0x0000019b1ae48000 JavaThread "Unconstrained build operations Thread 45" [_thread_blocked, id=5056, stack(0x00000041d7a00000,0x00000041d7b00000)]
  0x0000019b1ae4e800 JavaThread "Unconstrained build operations Thread 46" [_thread_blocked, id=9608, stack(0x00000041d7b00000,0x00000041d7c00000)]
  0x0000019b1ae4f000 JavaThread "Unconstrained build operations Thread 47" [_thread_blocked, id=11032, stack(0x00000041d7c00000,0x00000041d7d00000)]
  0x0000019b1ae51800 JavaThread "Unconstrained build operations Thread 48" [_thread_blocked, id=7944, stack(0x00000041d7d00000,0x00000041d7e00000)]
  0x0000019b1ae52800 JavaThread "Unconstrained build operations Thread 49" [_thread_blocked, id=11520, stack(0x00000041d7e00000,0x00000041d7f00000)]
  0x0000019b1ae54000 JavaThread "Unconstrained build operations Thread 50" [_thread_blocked, id=10768, stack(0x00000041d7f00000,0x00000041d8000000)]
  0x0000019b1ae53000 JavaThread "Unconstrained build operations Thread 51" [_thread_blocked, id=12668, stack(0x00000041d8000000,0x00000041d8100000)]
  0x0000019b1ae55000 JavaThread "Unconstrained build operations Thread 52" [_thread_blocked, id=2572, stack(0x00000041d8100000,0x00000041d8200000)]
  0x0000019b1ae55800 JavaThread "Unconstrained build operations Thread 53" [_thread_blocked, id=5308, stack(0x00000041d8200000,0x00000041d8300000)]
  0x0000019b1ae50800 JavaThread "Unconstrained build operations Thread 54" [_thread_blocked, id=7472, stack(0x00000041d8300000,0x00000041d8400000)]
  0x0000019b1ae50000 JavaThread "Unconstrained build operations Thread 55" [_thread_blocked, id=12836, stack(0x00000041d8400000,0x00000041d8500000)]
  0x0000019b162ea800 JavaThread "Unconstrained build operations Thread 56" [_thread_blocked, id=13744, stack(0x00000041d8500000,0x00000041d8600000)]
  0x0000019b162e9800 JavaThread "Unconstrained build operations Thread 57" [_thread_blocked, id=13044, stack(0x00000041d8600000,0x00000041d8700000)]
  0x0000019b162eb000 JavaThread "Unconstrained build operations Thread 58" [_thread_blocked, id=5188, stack(0x00000041d8700000,0x00000041d8800000)]
  0x0000019b162ec000 JavaThread "Unconstrained build operations Thread 59" [_thread_blocked, id=6996, stack(0x00000041d8800000,0x00000041d8900000)]
  0x0000019b162e8800 JavaThread "Unconstrained build operations Thread 60" [_thread_blocked, id=4068, stack(0x00000041d8900000,0x00000041d8a00000)]
  0x0000019b162f1000 JavaThread "Unconstrained build operations Thread 61" [_thread_blocked, id=13968, stack(0x00000041d8a00000,0x00000041d8b00000)]
  0x0000019b162ee800 JavaThread "Unconstrained build operations Thread 62" [_thread_blocked, id=14000, stack(0x00000041d8b00000,0x00000041d8c00000)]
  0x0000019b162ef800 JavaThread "Unconstrained build operations Thread 63" [_thread_blocked, id=5832, stack(0x00000041d8c00000,0x00000041d8d00000)]
  0x0000019b162f2800 JavaThread "Unconstrained build operations Thread 64" [_thread_blocked, id=340, stack(0x00000041d8d00000,0x00000041d8e00000)]
  0x0000019b162ed000 JavaThread "Unconstrained build operations Thread 65" [_thread_blocked, id=14144, stack(0x00000041d8e00000,0x00000041d8f00000)]
  0x0000019b162f0000 JavaThread "Unconstrained build operations Thread 66" [_thread_blocked, id=6292, stack(0x00000041d8f00000,0x00000041d9000000)]
  0x0000019b162f1800 JavaThread "Unconstrained build operations Thread 67" [_thread_blocked, id=13136, stack(0x00000041d9000000,0x00000041d9100000)]
  0x0000019b162f3800 JavaThread "Unconstrained build operations Thread 68" [_thread_blocked, id=1920, stack(0x00000041d9100000,0x00000041d9200000)]
  0x0000019b162ed800 JavaThread "Unconstrained build operations Thread 69" [_thread_blocked, id=5004, stack(0x00000041d9200000,0x00000041d9300000)]
  0x0000019b162f4000 JavaThread "Unconstrained build operations Thread 70" [_thread_blocked, id=13752, stack(0x00000041d9300000,0x00000041d9400000)]
  0x0000019b162f7800 JavaThread "Unconstrained build operations Thread 71" [_thread_blocked, id=11460, stack(0x00000041d9400000,0x00000041d9500000)]
  0x0000019b162f5000 JavaThread "Unconstrained build operations Thread 72" [_thread_blocked, id=1284, stack(0x00000041d9500000,0x00000041d9600000)]
  0x0000019b162f6000 JavaThread "Unconstrained build operations Thread 73" [_thread_blocked, id=4252, stack(0x00000041d9600000,0x00000041d9700000)]
  0x0000019b162f6800 JavaThread "Unconstrained build operations Thread 74" [_thread_blocked, id=5408, stack(0x00000041d9700000,0x00000041d9800000)]
  0x0000019b1b6a5000 JavaThread "Unconstrained build operations Thread 75" [_thread_blocked, id=14220, stack(0x00000041d9800000,0x00000041d9900000)]
  0x0000019b1b6a7800 JavaThread "Unconstrained build operations Thread 76" [_thread_blocked, id=9272, stack(0x00000041d9900000,0x00000041d9a00000)]
  0x0000019b1b6a4000 JavaThread "Unconstrained build operations Thread 77" [_thread_blocked, id=5864, stack(0x00000041d9a00000,0x00000041d9b00000)]
  0x0000019b1b6a5800 JavaThread "Unconstrained build operations Thread 78" [_thread_blocked, id=13280, stack(0x00000041d9b00000,0x00000041d9c00000)]
  0x0000019b1b6a9000 JavaThread "Unconstrained build operations Thread 79" [_thread_blocked, id=14280, stack(0x00000041d9c00000,0x00000041d9d00000)]
  0x0000019b1b6a3000 JavaThread "Unconstrained build operations Thread 80" [_thread_blocked, id=11468, stack(0x00000041d9d00000,0x00000041d9e00000)]
  0x0000019b1b6a6800 JavaThread "jar transforms Thread 4" [_thread_blocked, id=13088, stack(0x00000041d9e00000,0x00000041d9f00000)]
  0x0000019b1b6ac000 JavaThread "jar transforms Thread 5" [_thread_blocked, id=6108, stack(0x00000041d9f00000,0x00000041da000000)]
  0x0000019b1b6a9800 JavaThread "jar transforms Thread 6" [_thread_blocked, id=13760, stack(0x00000041da000000,0x00000041da100000)]
  0x0000019b1b6aa800 JavaThread "jar transforms Thread 7" [_thread_blocked, id=13648, stack(0x00000041da100000,0x00000041da200000)]
  0x0000019b1b6ad000 JavaThread "jar transforms Thread 8" [_thread_blocked, id=14124, stack(0x00000041da200000,0x00000041da300000)]
  0x0000019b1b6ae000 JavaThread "Memory manager" [_thread_blocked, id=14084, stack(0x00000041da300000,0x00000041da400000)]

Other Threads:
  0x0000019b7f47d800 VMThread "VM Thread" [stack: 0x00000041d1f00000,0x00000041d2000000] [id=13460]
  0x0000019b151c1000 WatcherThread [stack: 0x00000041d2900000,0x00000041d2a00000] [id=10104]
  0x0000019b7a016000 GCTaskThread "GC Thread#0" [stack: 0x00000041d1a00000,0x00000041d1b00000] [id=11956]
  0x0000019b16065000 GCTaskThread "GC Thread#1" [stack: 0x00000041d2c00000,0x00000041d2d00000] [id=4436]
  0x0000019b15854800 GCTaskThread "GC Thread#2" [stack: 0x00000041d2d00000,0x00000041d2e00000] [id=936]
  0x0000019b16e4e800 GCTaskThread "GC Thread#3" [stack: 0x00000041d3700000,0x00000041d3800000] [id=7764]
  0x0000019b176c6800 GCTaskThread "GC Thread#4" [stack: 0x00000041d3800000,0x00000041d3900000] [id=12148]
  0x0000019b1762f800 GCTaskThread "GC Thread#5" [stack: 0x00000041d3900000,0x00000041d3a00000] [id=7652]
  0x0000019b17706800 GCTaskThread "GC Thread#6" [stack: 0x00000041d3a00000,0x00000041d3b00000] [id=11476]
  0x0000019b173bf000 GCTaskThread "GC Thread#7" [stack: 0x00000041d3b00000,0x00000041d3c00000] [id=1232]
  0x0000019b7a049800 ConcurrentGCThread "G1 Main Marker" [stack: 0x00000041d1b00000,0x00000041d1c00000] [id=10960]
  0x0000019b7a04a800 ConcurrentGCThread "G1 Conc#0" [stack: 0x00000041d1c00000,0x00000041d1d00000] [id=2744]
  0x0000019b16c35000 ConcurrentGCThread "G1 Conc#1" [stack: 0x00000041d3f00000,0x00000041d4000000] [id=1604]
  0x0000019b7f2d0800 ConcurrentGCThread "G1 Refine#0" [stack: 0x00000041d1d00000,0x00000041d1e00000] [id=6904]
  0x0000019b7f2d1800 ConcurrentGCThread "G1 Young RemSet Sampling" [stack: 0x00000041d1e00000,0x00000041d1f00000] [id=6980]

Threads with active compile tasks:
C2 CompilerThread0   9869 6320       4       org.objectweb.asm.Frame::merge (395 bytes)
C2 CompilerThread1   9869 6283       4       java.lang.Class::getAnnotation (22 bytes)
C2 CompilerThread2   9869 6123       4       java.net.URLClassLoader$1::run (5 bytes)

VM state:not at safepoint (normal execution)

VM Mutex/Monitor currently owned by a thread: None

Heap address: 0x0000000080000000, size: 2048 MB, Compressed Oops mode: 32-bit
Narrow klass base: 0x0000000000000000, Narrow klass shift: 3
Compressed class space size: 1073741824 Address: 0x0000000100000000

Heap:
 garbage-first heap   total 189440K, used 105472K [0x0000000080000000, 0x0000000100000000)
  region size 1024K, 65 young (66560K), 11 survivors (11264K)
 Metaspace       used 63975K, capacity 65546K, committed 65740K, reserved 1105920K
  class space    used 8117K, capacity 8686K, committed 8704K, reserved 1048576K
Heap Regions: E=young(eden), S=young(survivor), O=old, HS=humongous(starts), HC=humongous(continues), CS=collection set, F=free, A=archive, TAMS=top-at-mark-start (previous, next)
|   0|0x0000000080000000, 0x0000000080100000, 0x0000000080100000|100%| O|  |TAMS 0x0000000080100000, 0x0000000080000000| Untracked 
|   1|0x0000000080100000, 0x0000000080200000, 0x0000000080200000|100%| O|  |TAMS 0x0000000080200000, 0x0000000080100000| Untracked 
|   2|0x0000000080200000, 0x0000000080300000, 0x0000000080300000|100%| O|  |TAMS 0x0000000080300000, 0x0000000080200000| Untracked 
|   3|0x0000000080300000, 0x0000000080400000, 0x0000000080400000|100%|HS|  |TAMS 0x0000000080400000, 0x0000000080300000| Complete 
|   4|0x0000000080400000, 0x0000000080500000, 0x0000000080500000|100%|HC|  |TAMS 0x0000000080500000, 0x0000000080400000| Complete 
|   5|0x0000000080500000, 0x0000000080600000, 0x0000000080600000|100%|HC|  |TAMS 0x0000000080600000, 0x0000000080500000| Complete 
|   6|0x0000000080600000, 0x0000000080700000, 0x0000000080700000|100%| O|  |TAMS 0x0000000080700000, 0x0000000080600000| Untracked 
|   7|0x0000000080700000, 0x0000000080800000, 0x0000000080800000|100%| O|  |TAMS 0x0000000080800000, 0x0000000080700000| Untracked 
|   8|0x0000000080800000, 0x0000000080900000, 0x0000000080900000|100%| O|  |TAMS 0x0000000080900000, 0x0000000080800000| Untracked 
|   9|0x0000000080900000, 0x0000000080a00000, 0x0000000080a00000|100%| O|  |TAMS 0x0000000080a00000, 0x0000000080900000| Untracked 
|  10|0x0000000080a00000, 0x0000000080b00000, 0x0000000080b00000|100%| O|  |TAMS 0x0000000080b00000, 0x0000000080a00000| Untracked 
|  11|0x0000000080b00000, 0x0000000080c00000, 0x0000000080c00000|100%| O|  |TAMS 0x0000000080c00000, 0x0000000080b00000| Untracked 
|  12|0x0000000080c00000, 0x0000000080d00000, 0x0000000080d00000|100%| O|  |TAMS 0x0000000080d00000, 0x0000000080c00000| Untracked 
|  13|0x0000000080d00000, 0x0000000080e00000, 0x0000000080e00000|100%| O|  |TAMS 0x0000000080e00000, 0x0000000080d00000| Untracked 
|  14|0x0000000080e00000, 0x0000000080f00000, 0x0000000080f00000|100%| O|  |TAMS 0x0000000080f00000, 0x0000000080e00000| Untracked 
|  15|0x0000000080f00000, 0x0000000081000000, 0x0000000081000000|100%| O|  |TAMS 0x0000000081000000, 0x0000000080f00000| Untracked 
|  16|0x0000000081000000, 0x0000000081100000, 0x0000000081100000|100%| O|  |TAMS 0x0000000081000000, 0x0000000081000000| Untracked 
|  17|0x0000000081100000, 0x0000000081200000, 0x0000000081200000|100%| O|  |TAMS 0x0000000081200000, 0x0000000081100000| Untracked 
|  18|0x0000000081200000, 0x0000000081300000, 0x0000000081300000|100%| O|  |TAMS 0x0000000081300000, 0x0000000081200000| Untracked 
|  19|0x0000000081300000, 0x0000000081400000, 0x0000000081400000|100%| O|  |TAMS 0x0000000081400000, 0x0000000081300000| Untracked 
|  20|0x0000000081400000, 0x0000000081500000, 0x0000000081500000|100%| O|  |TAMS 0x0000000081500000, 0x0000000081400000| Untracked 
|  21|0x0000000081500000, 0x0000000081600000, 0x0000000081600000|100%| O|  |TAMS 0x0000000081600000, 0x0000000081500000| Untracked 
|  22|0x0000000081600000, 0x0000000081700000, 0x0000000081700000|100%| O|  |TAMS 0x0000000081700000, 0x0000000081600000| Untracked 
|  23|0x0000000081700000, 0x0000000081800000, 0x0000000081800000|100%| O|  |TAMS 0x000000008170cc00, 0x0000000081700000| Untracked 
|  24|0x0000000081800000, 0x0000000081900000, 0x0000000081900000|100%| O|  |TAMS 0x0000000081800000, 0x0000000081800000| Untracked 
|  25|0x0000000081900000, 0x0000000081a00000, 0x0000000081a00000|100%| O|  |TAMS 0x0000000081900000, 0x0000000081900000| Untracked 
|  26|0x0000000081a00000, 0x0000000081b00000, 0x0000000081b00000|100%| O|  |TAMS 0x0000000081a00000, 0x0000000081a00000| Untracked 
|  27|0x0000000081b00000, 0x0000000081c00000, 0x0000000081c00000|100%| O|  |TAMS 0x0000000081b00000, 0x0000000081b00000| Untracked 
|  28|0x0000000081c00000, 0x0000000081d00000, 0x0000000081d00000|100%|HS|  |TAMS 0x0000000081c00000, 0x0000000081c00000| Complete 
|  29|0x0000000081d00000, 0x0000000081e00000, 0x0000000081e00000|100%|HS|  |TAMS 0x0000000081d00000, 0x0000000081d00000| Complete 
|  30|0x0000000081e00000, 0x0000000081f00000, 0x0000000081f00000|100%|HS|  |TAMS 0x0000000081e00000, 0x0000000081e00000| Complete 
|  31|0x0000000081f00000, 0x0000000082000000, 0x0000000082000000|100%|HS|  |TAMS 0x0000000081f00000, 0x0000000081f00000| Complete 
|  32|0x0000000082000000, 0x0000000082100000, 0x0000000082100000|100%|HS|  |TAMS 0x0000000082000000, 0x0000000082000000| Complete 
|  33|0x0000000082100000, 0x0000000082200000, 0x0000000082200000|100%|HC|  |TAMS 0x0000000082100000, 0x0000000082100000| Complete 
|  34|0x0000000082200000, 0x0000000082300000, 0x0000000082300000|100%|HC|  |TAMS 0x0000000082200000, 0x0000000082200000| Complete 
|  35|0x0000000082300000, 0x0000000082400000, 0x0000000082400000|100%|HS|  |TAMS 0x0000000082300000, 0x0000000082300000| Complete 
|  36|0x0000000082400000, 0x0000000082500000, 0x0000000082500000|100%|HC|  |TAMS 0x0000000082400000, 0x0000000082400000| Complete 
|  37|0x0000000082500000, 0x0000000082600000, 0x0000000082600000|100%| O|  |TAMS 0x0000000082500000, 0x0000000082500000| Untracked 
|  38|0x0000000082600000, 0x0000000082700000, 0x0000000082700000|100%| O|  |TAMS 0x0000000082600000, 0x0000000082600000| Untracked 
|  39|0x0000000082700000, 0x0000000082800000, 0x0000000082800000|100%| O|  |TAMS 0x0000000082700000, 0x0000000082700000| Untracked 
|  40|0x0000000082800000, 0x0000000082800000, 0x0000000082900000|  0%| F|  |TAMS 0x0000000082800000, 0x0000000082800000| Untracked 
|  41|0x0000000082900000, 0x0000000082900000, 0x0000000082a00000|  0%| F|  |TAMS 0x0000000082900000, 0x0000000082900000| Untracked 
|  42|0x0000000082a00000, 0x0000000082a00000, 0x0000000082b00000|  0%| F|  |TAMS 0x0000000082a00000, 0x0000000082a00000| Untracked 
|  43|0x0000000082b00000, 0x0000000082b00000, 0x0000000082c00000|  0%| F|  |TAMS 0x0000000082b00000, 0x0000000082b00000| Untracked 
|  44|0x0000000082c00000, 0x0000000082c00000, 0x0000000082d00000|  0%| F|  |TAMS 0x0000000082c00000, 0x0000000082c00000| Untracked 
|  45|0x0000000082d00000, 0x0000000082d00000, 0x0000000082e00000|  0%| F|  |TAMS 0x0000000082d00000, 0x0000000082d00000| Untracked 
|  46|0x0000000082e00000, 0x0000000082e00000, 0x0000000082f00000|  0%| F|  |TAMS 0x0000000082e00000, 0x0000000082e00000| Untracked 
|  47|0x0000000082f00000, 0x0000000082f00000, 0x0000000083000000|  0%| F|  |TAMS 0x0000000082f00000, 0x0000000082f00000| Untracked 
|  48|0x0000000083000000, 0x0000000083000000, 0x0000000083100000|  0%| F|  |TAMS 0x0000000083000000, 0x0000000083000000| Untracked 
|  49|0x0000000083100000, 0x0000000083100000, 0x0000000083200000|  0%| F|  |TAMS 0x0000000083100000, 0x0000000083100000| Untracked 
|  50|0x0000000083200000, 0x0000000083200000, 0x0000000083300000|  0%| F|  |TAMS 0x0000000083200000, 0x0000000083200000| Untracked 
|  51|0x0000000083300000, 0x0000000083300000, 0x0000000083400000|  0%| F|  |TAMS 0x0000000083300000, 0x0000000083300000| Untracked 
|  52|0x0000000083400000, 0x0000000083400000, 0x0000000083500000|  0%| F|  |TAMS 0x0000000083400000, 0x0000000083400000| Untracked 
|  53|0x0000000083500000, 0x0000000083500000, 0x0000000083600000|  0%| F|  |TAMS 0x0000000083500000, 0x0000000083500000| Untracked 
|  54|0x0000000083600000, 0x0000000083600000, 0x0000000083700000|  0%| F|  |TAMS 0x0000000083600000, 0x0000000083600000| Untracked 
|  55|0x0000000083700000, 0x0000000083700000, 0x0000000083800000|  0%| F|  |TAMS 0x0000000083700000, 0x0000000083700000| Untracked 
|  56|0x0000000083800000, 0x0000000083900000, 0x0000000083900000|100%| S|CS|TAMS 0x0000000083800000, 0x0000000083800000| Complete 
|  57|0x0000000083900000, 0x0000000083a00000, 0x0000000083a00000|100%| S|CS|TAMS 0x0000000083900000, 0x0000000083900000| Complete 
|  58|0x0000000083a00000, 0x0000000083b00000, 0x0000000083b00000|100%| S|CS|TAMS 0x0000000083a00000, 0x0000000083a00000| Complete 
|  59|0x0000000083b00000, 0x0000000083b00000, 0x0000000083c00000|  0%| F|  |TAMS 0x0000000083b00000, 0x0000000083b00000| Untracked 
|  60|0x0000000083c00000, 0x0000000083c00000, 0x0000000083d00000|  0%| F|  |TAMS 0x0000000083c00000, 0x0000000083c00000| Untracked 
|  61|0x0000000083d00000, 0x0000000083d00000, 0x0000000083e00000|  0%| F|  |TAMS 0x0000000083d00000, 0x0000000083d00000| Untracked 
|  62|0x0000000083e00000, 0x0000000083e00000, 0x0000000083f00000|  0%| F|  |TAMS 0x0000000083e00000, 0x0000000083e00000| Untracked 
|  63|0x0000000083f00000, 0x0000000083f00000, 0x0000000084000000|  0%| F|  |TAMS 0x0000000083f00000, 0x0000000083f00000| Untracked 
|  64|0x0000000084000000, 0x0000000084000000, 0x0000000084100000|  0%| F|  |TAMS 0x0000000084000000, 0x0000000084000000| Untracked 
|  65|0x0000000084100000, 0x0000000084100000, 0x0000000084200000|  0%| F|  |TAMS 0x0000000084100000, 0x0000000084100000| Untracked 
|  66|0x0000000084200000, 0x0000000084300000, 0x0000000084300000|100%| S|CS|TAMS 0x0000000084200000, 0x0000000084200000| Complete 
|  67|0x0000000084300000, 0x0000000084400000, 0x0000000084400000|100%| S|CS|TAMS 0x0000000084300000, 0x0000000084300000| Complete 
|  68|0x0000000084400000, 0x0000000084500000, 0x0000000084500000|100%| S|CS|TAMS 0x0000000084400000, 0x0000000084400000| Complete 
|  69|0x0000000084500000, 0x0000000084600000, 0x0000000084600000|100%| S|CS|TAMS 0x0000000084500000, 0x0000000084500000| Complete 
|  70|0x0000000084600000, 0x0000000084700000, 0x0000000084700000|100%| S|CS|TAMS 0x0000000084600000, 0x0000000084600000| Complete 
|  71|0x0000000084700000, 0x0000000084800000, 0x0000000084800000|100%| S|CS|TAMS 0x0000000084700000, 0x0000000084700000| Complete 
|  72|0x0000000084800000, 0x0000000084900000, 0x0000000084900000|100%| S|CS|TAMS 0x0000000084800000, 0x0000000084800000| Complete 
|  73|0x0000000084900000, 0x0000000084a00000, 0x0000000084a00000|100%| S|CS|TAMS 0x0000000084900000, 0x0000000084900000| Complete 
|  74|0x0000000084a00000, 0x0000000084a00000, 0x0000000084b00000|  0%| F|  |TAMS 0x0000000084a00000, 0x0000000084a00000| Untracked 
|  75|0x0000000084b00000, 0x0000000084b00000, 0x0000000084c00000|  0%| F|  |TAMS 0x0000000084b00000, 0x0000000084b00000| Untracked 
|  76|0x0000000084c00000, 0x0000000084c00000, 0x0000000084d00000|  0%| F|  |TAMS 0x0000000084c00000, 0x0000000084c00000| Untracked 
|  77|0x0000000084d00000, 0x0000000084d00000, 0x0000000084e00000|  0%| F|  |TAMS 0x0000000084d00000, 0x0000000084d00000| Untracked 
|  78|0x0000000084e00000, 0x0000000084e00000, 0x0000000084f00000|  0%| F|  |TAMS 0x0000000084e00000, 0x0000000084e00000| Untracked 
|  79|0x0000000084f00000, 0x0000000084f00000, 0x0000000085000000|  0%| F|  |TAMS 0x0000000084f00000, 0x0000000084f00000| Untracked 
|  80|0x0000000085000000, 0x0000000085000000, 0x0000000085100000|  0%| F|  |TAMS 0x0000000085000000, 0x0000000085000000| Untracked 
|  81|0x0000000085100000, 0x0000000085100000, 0x0000000085200000|  0%| F|  |TAMS 0x0000000085100000, 0x0000000085100000| Untracked 
|  82|0x0000000085200000, 0x0000000085200000, 0x0000000085300000|  0%| F|  |TAMS 0x0000000085200000, 0x0000000085200000| Untracked 
|  83|0x0000000085300000, 0x0000000085300000, 0x0000000085400000|  0%| F|  |TAMS 0x0000000085300000, 0x0000000085300000| Untracked 
|  84|0x0000000085400000, 0x0000000085400000, 0x0000000085500000|  0%| F|  |TAMS 0x0000000085400000, 0x0000000085400000| Untracked 
|  85|0x0000000085500000, 0x0000000085500000, 0x0000000085600000|  0%| F|  |TAMS 0x0000000085500000, 0x0000000085500000| Untracked 
|  86|0x0000000085600000, 0x0000000085600000, 0x0000000085700000|  0%| F|  |TAMS 0x0000000085600000, 0x0000000085600000| Untracked 
|  87|0x0000000085700000, 0x0000000085700000, 0x0000000085800000|  0%| F|  |TAMS 0x0000000085700000, 0x0000000085700000| Untracked 
|  88|0x0000000085800000, 0x0000000085800000, 0x0000000085900000|  0%| F|  |TAMS 0x0000000085800000, 0x0000000085800000| Untracked 
|  89|0x0000000085900000, 0x0000000085900000, 0x0000000085a00000|  0%| F|  |TAMS 0x0000000085900000, 0x0000000085900000| Untracked 
|  90|0x0000000085a00000, 0x0000000085a00000, 0x0000000085b00000|  0%| F|  |TAMS 0x0000000085a00000, 0x0000000085a00000| Untracked 
|  91|0x0000000085b00000, 0x0000000085b00000, 0x0000000085c00000|  0%| F|  |TAMS 0x0000000085b00000, 0x0000000085b00000| Untracked 
|  92|0x0000000085c00000, 0x0000000085c00000, 0x0000000085d00000|  0%| F|  |TAMS 0x0000000085c00000, 0x0000000085c00000| Untracked 
|  93|0x0000000085d00000, 0x0000000085d00000, 0x0000000085e00000|  0%| F|  |TAMS 0x0000000085d00000, 0x0000000085d00000| Untracked 
|  94|0x0000000085e00000, 0x0000000085e00000, 0x0000000085f00000|  0%| F|  |TAMS 0x0000000085e00000, 0x0000000085e00000| Untracked 
|  95|0x0000000085f00000, 0x0000000085f00000, 0x0000000086000000|  0%| F|  |TAMS 0x0000000085f00000, 0x0000000085f00000| Untracked 
|  96|0x0000000086000000, 0x0000000086000000, 0x0000000086100000|  0%| F|  |TAMS 0x0000000086000000, 0x0000000086000000| Untracked 
|  97|0x0000000086100000, 0x0000000086100000, 0x0000000086200000|  0%| F|  |TAMS 0x0000000086100000, 0x0000000086100000| Untracked 
|  98|0x0000000086200000, 0x0000000086200000, 0x0000000086300000|  0%| F|  |TAMS 0x0000000086200000, 0x0000000086200000| Untracked 
|  99|0x0000000086300000, 0x0000000086300000, 0x0000000086400000|  0%| F|  |TAMS 0x0000000086300000, 0x0000000086300000| Untracked 
| 100|0x0000000086400000, 0x0000000086400000, 0x0000000086500000|  0%| F|  |TAMS 0x0000000086400000, 0x0000000086400000| Untracked 
| 101|0x0000000086500000, 0x0000000086500000, 0x0000000086600000|  0%| F|  |TAMS 0x0000000086500000, 0x0000000086500000| Untracked 
| 102|0x0000000086600000, 0x0000000086600000, 0x0000000086700000|  0%| F|  |TAMS 0x0000000086600000, 0x0000000086600000| Untracked 
| 103|0x0000000086700000, 0x0000000086700000, 0x0000000086800000|  0%| F|  |TAMS 0x0000000086700000, 0x0000000086700000| Untracked 
| 104|0x0000000086800000, 0x0000000086800000, 0x0000000086900000|  0%| F|  |TAMS 0x0000000086800000, 0x0000000086800000| Untracked 
| 105|0x0000000086900000, 0x0000000086900000, 0x0000000086a00000|  0%| F|  |TAMS 0x0000000086900000, 0x0000000086900000| Untracked 
| 106|0x0000000086a00000, 0x0000000086a00000, 0x0000000086b00000|  0%| F|  |TAMS 0x0000000086a00000, 0x0000000086a00000| Untracked 
| 107|0x0000000086b00000, 0x0000000086b00000, 0x0000000086c00000|  0%| F|  |TAMS 0x0000000086b00000, 0x0000000086b00000| Untracked 
| 108|0x0000000086c00000, 0x0000000086c00000, 0x0000000086d00000|  0%| F|  |TAMS 0x0000000086c00000, 0x0000000086c00000| Untracked 
| 109|0x0000000086d00000, 0x0000000086d00000, 0x0000000086e00000|  0%| F|  |TAMS 0x0000000086d00000, 0x0000000086d00000| Untracked 
| 110|0x0000000086e00000, 0x0000000086e00000, 0x0000000086f00000|  0%| F|  |TAMS 0x0000000086e00000, 0x0000000086e00000| Untracked 
| 111|0x0000000086f00000, 0x0000000086f00000, 0x0000000087000000|  0%| F|  |TAMS 0x0000000086f00000, 0x0000000086f00000| Untracked 
| 112|0x0000000087000000, 0x0000000087000000, 0x0000000087100000|  0%| F|  |TAMS 0x0000000087000000, 0x0000000087000000| Untracked 
| 113|0x0000000087100000, 0x0000000087100000, 0x0000000087200000|  0%| F|  |TAMS 0x0000000087100000, 0x0000000087100000| Untracked 
| 114|0x0000000087200000, 0x0000000087200000, 0x0000000087300000|  0%| F|  |TAMS 0x0000000087200000, 0x0000000087200000| Untracked 
| 115|0x0000000087300000, 0x0000000087300000, 0x0000000087400000|  0%| F|  |TAMS 0x0000000087300000, 0x0000000087300000| Untracked 
| 116|0x0000000087400000, 0x0000000087400000, 0x0000000087500000|  0%| F|  |TAMS 0x0000000087400000, 0x0000000087400000| Untracked 
| 117|0x0000000087500000, 0x0000000087500000, 0x0000000087600000|  0%| F|  |TAMS 0x0000000087500000, 0x0000000087500000| Untracked 
| 118|0x0000000087600000, 0x0000000087600000, 0x0000000087700000|  0%| F|  |TAMS 0x0000000087600000, 0x0000000087600000| Untracked 
| 119|0x0000000087700000, 0x0000000087700000, 0x0000000087800000|  0%| F|  |TAMS 0x0000000087700000, 0x0000000087700000| Untracked 
| 120|0x0000000087800000, 0x0000000087800000, 0x0000000087900000|  0%| F|  |TAMS 0x0000000087800000, 0x0000000087800000| Untracked 
| 121|0x0000000087900000, 0x0000000087900000, 0x0000000087a00000|  0%| F|  |TAMS 0x0000000087900000, 0x0000000087900000| Untracked 
| 122|0x0000000087a00000, 0x0000000087a00000, 0x0000000087b00000|  0%| F|  |TAMS 0x0000000087a00000, 0x0000000087a00000| Untracked 
| 123|0x0000000087b00000, 0x0000000087b00000, 0x0000000087c00000|  0%| F|  |TAMS 0x0000000087b00000, 0x0000000087b00000| Untracked 
| 124|0x0000000087c00000, 0x0000000087c00000, 0x0000000087d00000|  0%| F|  |TAMS 0x0000000087c00000, 0x0000000087c00000| Untracked 
| 125|0x0000000087d00000, 0x0000000087d00000, 0x0000000087e00000|  0%| F|  |TAMS 0x0000000087d00000, 0x0000000087d00000| Untracked 
| 126|0x0000000087e00000, 0x0000000087e00000, 0x0000000087f00000|  0%| F|  |TAMS 0x0000000087e00000, 0x0000000087e00000| Untracked 
| 127|0x0000000087f00000, 0x0000000087f00000, 0x0000000088000000|  0%| F|  |TAMS 0x0000000087f00000, 0x0000000087f00000| Untracked 
| 128|0x0000000088000000, 0x0000000088000000, 0x0000000088100000|  0%| F|  |TAMS 0x0000000088000000, 0x0000000088000000| Untracked 
| 129|0x0000000088100000, 0x0000000088100000, 0x0000000088200000|  0%| F|  |TAMS 0x0000000088100000, 0x0000000088100000| Untracked 
| 130|0x0000000088200000, 0x0000000088200000, 0x0000000088300000|  0%| F|  |TAMS 0x0000000088200000, 0x0000000088200000| Untracked 
| 131|0x0000000088300000, 0x0000000088400000, 0x0000000088400000|100%| E|  |TAMS 0x0000000088300000, 0x0000000088300000| Complete 
| 132|0x0000000088400000, 0x0000000088500000, 0x0000000088500000|100%| E|CS|TAMS 0x0000000088400000, 0x0000000088400000| Complete 
| 133|0x0000000088500000, 0x0000000088600000, 0x0000000088600000|100%| E|CS|TAMS 0x0000000088500000, 0x0000000088500000| Complete 
| 134|0x0000000088600000, 0x0000000088700000, 0x0000000088700000|100%| E|CS|TAMS 0x0000000088600000, 0x0000000088600000| Complete 
| 135|0x0000000088700000, 0x0000000088800000, 0x0000000088800000|100%| E|CS|TAMS 0x0000000088700000, 0x0000000088700000| Complete 
| 136|0x0000000088800000, 0x0000000088900000, 0x0000000088900000|100%| E|CS|TAMS 0x0000000088800000, 0x0000000088800000| Complete 
| 137|0x0000000088900000, 0x0000000088a00000, 0x0000000088a00000|100%| E|CS|TAMS 0x0000000088900000, 0x0000000088900000| Complete 
| 138|0x0000000088a00000, 0x0000000088b00000, 0x0000000088b00000|100%| E|CS|TAMS 0x0000000088a00000, 0x0000000088a00000| Complete 
| 139|0x0000000088b00000, 0x0000000088c00000, 0x0000000088c00000|100%| E|CS|TAMS 0x0000000088b00000, 0x0000000088b00000| Complete 
| 140|0x0000000088c00000, 0x0000000088d00000, 0x0000000088d00000|100%| E|CS|TAMS 0x0000000088c00000, 0x0000000088c00000| Complete 
| 141|0x0000000088d00000, 0x0000000088e00000, 0x0000000088e00000|100%| E|CS|TAMS 0x0000000088d00000, 0x0000000088d00000| Complete 
| 142|0x0000000088e00000, 0x0000000088f00000, 0x0000000088f00000|100%| E|CS|TAMS 0x0000000088e00000, 0x0000000088e00000| Complete 
| 143|0x0000000088f00000, 0x0000000089000000, 0x0000000089000000|100%| E|CS|TAMS 0x0000000088f00000, 0x0000000088f00000| Complete 
| 144|0x0000000089000000, 0x0000000089100000, 0x0000000089100000|100%| E|CS|TAMS 0x0000000089000000, 0x0000000089000000| Complete 
| 145|0x0000000089100000, 0x0000000089200000, 0x0000000089200000|100%| E|CS|TAMS 0x0000000089100000, 0x0000000089100000| Complete 
| 146|0x0000000089200000, 0x0000000089300000, 0x0000000089300000|100%| E|CS|TAMS 0x0000000089200000, 0x0000000089200000| Complete 
| 147|0x0000000089300000, 0x0000000089400000, 0x0000000089400000|100%| E|CS|TAMS 0x0000000089300000, 0x0000000089300000| Complete 
| 148|0x0000000089400000, 0x0000000089500000, 0x0000000089500000|100%| E|CS|TAMS 0x0000000089400000, 0x0000000089400000| Complete 
| 149|0x0000000089500000, 0x0000000089600000, 0x0000000089600000|100%| E|CS|TAMS 0x0000000089500000, 0x0000000089500000| Complete 
| 150|0x0000000089600000, 0x0000000089700000, 0x0000000089700000|100%| E|CS|TAMS 0x0000000089600000, 0x0000000089600000| Complete 
| 151|0x0000000089700000, 0x0000000089800000, 0x0000000089800000|100%| E|CS|TAMS 0x0000000089700000, 0x0000000089700000| Complete 
| 152|0x0000000089800000, 0x0000000089900000, 0x0000000089900000|100%| E|CS|TAMS 0x0000000089800000, 0x0000000089800000| Complete 
| 153|0x0000000089900000, 0x0000000089a00000, 0x0000000089a00000|100%| E|CS|TAMS 0x0000000089900000, 0x0000000089900000| Complete 
| 154|0x0000000089a00000, 0x0000000089b00000, 0x0000000089b00000|100%| E|CS|TAMS 0x0000000089a00000, 0x0000000089a00000| Complete 
| 155|0x0000000089b00000, 0x0000000089c00000, 0x0000000089c00000|100%| E|CS|TAMS 0x0000000089b00000, 0x0000000089b00000| Complete 
| 156|0x0000000089c00000, 0x0000000089d00000, 0x0000000089d00000|100%| E|CS|TAMS 0x0000000089c00000, 0x0000000089c00000| Complete 
| 157|0x0000000089d00000, 0x0000000089e00000, 0x0000000089e00000|100%| E|CS|TAMS 0x0000000089d00000, 0x0000000089d00000| Complete 
| 158|0x0000000089e00000, 0x0000000089f00000, 0x0000000089f00000|100%| E|CS|TAMS 0x0000000089e00000, 0x0000000089e00000| Complete 
| 159|0x0000000089f00000, 0x000000008a000000, 0x000000008a000000|100%| E|CS|TAMS 0x0000000089f00000, 0x0000000089f00000| Complete 
| 160|0x000000008a000000, 0x000000008a100000, 0x000000008a100000|100%| E|CS|TAMS 0x000000008a000000, 0x000000008a000000| Complete 
| 161|0x000000008a100000, 0x000000008a200000, 0x000000008a200000|100%| E|CS|TAMS 0x000000008a100000, 0x000000008a100000| Complete 
| 162|0x000000008a200000, 0x000000008a300000, 0x000000008a300000|100%| E|CS|TAMS 0x000000008a200000, 0x000000008a200000| Complete 
| 163|0x000000008a300000, 0x000000008a400000, 0x000000008a400000|100%| E|CS|TAMS 0x000000008a300000, 0x000000008a300000| Complete 
| 164|0x000000008a400000, 0x000000008a500000, 0x000000008a500000|100%| E|CS|TAMS 0x000000008a400000, 0x000000008a400000| Complete 
| 165|0x000000008a500000, 0x000000008a600000, 0x000000008a600000|100%| E|CS|TAMS 0x000000008a500000, 0x000000008a500000| Complete 
| 166|0x000000008a600000, 0x000000008a700000, 0x000000008a700000|100%| E|CS|TAMS 0x000000008a600000, 0x000000008a600000| Complete 
| 167|0x000000008a700000, 0x000000008a800000, 0x000000008a800000|100%| E|  |TAMS 0x000000008a700000, 0x000000008a700000| Complete 
| 168|0x000000008a800000, 0x000000008a900000, 0x000000008a900000|100%| E|CS|TAMS 0x000000008a800000, 0x000000008a800000| Complete 
| 169|0x000000008a900000, 0x000000008aa00000, 0x000000008aa00000|100%| E|CS|TAMS 0x000000008a900000, 0x000000008a900000| Complete 
| 170|0x000000008aa00000, 0x000000008ab00000, 0x000000008ab00000|100%| E|CS|TAMS 0x000000008aa00000, 0x000000008aa00000| Complete 
| 171|0x000000008ab00000, 0x000000008ac00000, 0x000000008ac00000|100%| E|CS|TAMS 0x000000008ab00000, 0x000000008ab00000| Complete 
| 172|0x000000008ac00000, 0x000000008ad00000, 0x000000008ad00000|100%| E|CS|TAMS 0x000000008ac00000, 0x000000008ac00000| Complete 
| 173|0x000000008ad00000, 0x000000008ae00000, 0x000000008ae00000|100%| E|CS|TAMS 0x000000008ad00000, 0x000000008ad00000| Complete 
| 174|0x000000008ae00000, 0x000000008af00000, 0x000000008af00000|100%| E|CS|TAMS 0x000000008ae00000, 0x000000008ae00000| Complete 
| 175|0x000000008af00000, 0x000000008b000000, 0x000000008b000000|100%| E|CS|TAMS 0x000000008af00000, 0x000000008af00000| Complete 
| 176|0x000000008b000000, 0x000000008b100000, 0x000000008b100000|100%| E|CS|TAMS 0x000000008b000000, 0x000000008b000000| Complete 
| 177|0x000000008b100000, 0x000000008b200000, 0x000000008b200000|100%| E|CS|TAMS 0x000000008b100000, 0x000000008b100000| Complete 
| 178|0x000000008b200000, 0x000000008b300000, 0x000000008b300000|100%| E|CS|TAMS 0x000000008b200000, 0x000000008b200000| Complete 
| 179|0x000000008b300000, 0x000000008b400000, 0x000000008b400000|100%| E|CS|TAMS 0x000000008b300000, 0x000000008b300000| Complete 
| 180|0x000000008b400000, 0x000000008b500000, 0x000000008b500000|100%| E|CS|TAMS 0x000000008b400000, 0x000000008b400000| Complete 
| 181|0x000000008b500000, 0x000000008b600000, 0x000000008b600000|100%| E|CS|TAMS 0x000000008b500000, 0x000000008b500000| Complete 
| 182|0x000000008b600000, 0x000000008b700000, 0x000000008b700000|100%| E|CS|TAMS 0x000000008b600000, 0x000000008b600000| Complete 
| 183|0x000000008b700000, 0x000000008b800000, 0x000000008b800000|100%| E|CS|TAMS 0x000000008b700000, 0x000000008b700000| Complete 
| 184|0x000000008b800000, 0x000000008b900000, 0x000000008b900000|100%| E|CS|TAMS 0x000000008b800000, 0x000000008b800000| Complete 

Card table byte_map: [0x0000019b7e240000,0x0000019b7e640000] _byte_map_base: 0x0000019b7de40000

Marking Bits (Prev, Next): (CMBitMap*) 0x0000019b7a040b70, (CMBitMap*) 0x0000019b7a040b38
 Prev Bits: [0x0000019b11000000, 0x0000019b13000000)
 Next Bits: [0x0000019b0f000000, 0x0000019b11000000)

Polling page: 0x0000019b797e0000

Metaspace:

Usage:
  Non-class:     55.59 MB capacity,    54.59 MB ( 98%) used,   863.06 KB (  2%) free+waste,   165.88 KB ( <1%) overhead. 
      Class:      8.51 MB capacity,     7.94 MB ( 93%) used,   505.59 KB (  6%) free+waste,    78.13 KB ( <1%) overhead. 
       Both:     64.10 MB capacity,    62.53 MB ( 98%) used,     1.34 MB (  2%) free+waste,   244.00 KB ( <1%) overhead. 

Virtual space:
  Non-class space:       56.00 MB reserved,      55.70 MB (>99%) committed 
      Class space:        1.00 GB reserved,       8.63 MB ( <1%) committed 
             Both:        1.05 GB reserved,      64.32 MB (  6%) committed 

Chunk freelists:
   Non-Class:  48.00 KB
       Class:  18.00 KB
        Both:  66.00 KB

MaxMetaspaceSize: 17179869184.00 GB
CompressedClassSpaceSize: 1.00 GB
Initial GC threshold: 20.80 MB
Current GC threshold: 75.54 MB
CDS: off

CodeHeap 'non-profiled nmethods': size=120000Kb used=3833Kb max_used=3833Kb free=116166Kb
 bounds [0x0000019b07ad0000, 0x0000019b07e90000, 0x0000019b0f000000]
CodeHeap 'profiled nmethods': size=120000Kb used=13297Kb max_used=13297Kb free=106702Kb
 bounds [0x0000019b005a0000, 0x0000019b012a0000, 0x0000019b07ad0000]
CodeHeap 'non-nmethods': size=5760Kb used=2357Kb max_used=2383Kb free=3402Kb
 bounds [0x0000019b00000000, 0x0000019b00270000, 0x0000019b005a0000]
 total_blobs=7155 nmethods=6309 adapters=756
 compilation: enabled
              stopped_count=0, restarted_count=0
 full_count=0

Compilation events (20 events):
Event: 9.752 Thread 0x0000019b7f4a8000 6317       3       org.gradle.internal.instantiation.generator.AsmBackedClassGenerator$ClassBuilderImpl::applyConventionMappingToSetter (177 bytes)
Event: 9.755 Thread 0x0000019b7f4a8000 nmethod 6317 0x0000019b0128d810 code [0x0000019b0128dbe0, 0x0000019b0128f228]
Event: 9.759 Thread 0x0000019b7f4a8000 6318       1       kotlin.reflect.jvm.internal.pcollections.ConsPStack::size (5 bytes)
Event: 9.759 Thread 0x0000019b7f4a8000 nmethod 6318 0x0000019b07e8a410 code [0x0000019b07e8a5c0, 0x0000019b07e8a678]
Event: 9.762 Thread 0x0000019b7f4a8000 6319       3       org.gradle.internal.instantiation.generator.AbstractClassGenerator$ExtensibleTypePropertyHandler::applyTo (228 bytes)
Event: 9.766 Thread 0x0000019b7f4a8000 nmethod 6319 0x0000019b0128fa90 code [0x0000019b0128fe80, 0x0000019b01291b38]
Event: 9.769 Thread 0x0000019b7f4a7000 nmethod 6298 0x0000019b07e8a710 code [0x0000019b07e8a920, 0x0000019b07e8b910]
Event: 9.769 Thread 0x0000019b7f4a7000 6311       4       org.objectweb.asm.ByteVector::putUTF8 (144 bytes)
Event: 9.777 Thread 0x0000019b7f4a7000 nmethod 6311 0x0000019b07e8c210 code [0x0000019b07e8c3e0, 0x0000019b07e8c758]
Event: 9.777 Thread 0x0000019b7f4a7000 6295       4       java.util.LinkedHashMap::values (25 bytes)
Event: 9.779 Thread 0x0000019b7f4a7000 nmethod 6295 0x0000019b07e8ca90 code [0x0000019b07e8cc20, 0x0000019b07e8cdd8]
Event: 9.779 Thread 0x0000019b7f4a7000 6284       4       org.objectweb.asm.MethodWriter::endCurrentBasicBlockWithNoSuccessor (94 bytes)
Event: 9.785 Thread 0x0000019b7f4a8000 6322   !   3       org.gradle.internal.instantiation.generator.AsmBackedClassGenerator$ClassBuilderImpl::getAnnotationParameterValue (16 bytes)
Event: 9.786 Thread 0x0000019b7f4a8000 nmethod 6322 0x0000019b01292390 code [0x0000019b012925c0, 0x0000019b01292bc8]
Event: 9.797 Thread 0x0000019b7f4a8000 6323       3       org.objectweb.asm.SymbolTable::hash (12 bytes)
Event: 9.797 Thread 0x0000019b7f4a8000 nmethod 6323 0x0000019b01292f10 code [0x0000019b012930c0, 0x0000019b012931e8]
Event: 9.797 Thread 0x0000019b7f4a8000 6324       3       org.objectweb.asm.SymbolTable$Entry::<init> (18 bytes)
Event: 9.798 Thread 0x0000019b7f4a8000 nmethod 6324 0x0000019b01293310 code [0x0000019b012934c0, 0x0000019b01293628]
Event: 9.799 Thread 0x0000019b7f4a7000 nmethod 6284 0x0000019b07e8ce90 code [0x0000019b07e8d040, 0x0000019b07e8d798]
Event: 9.799 Thread 0x0000019b7f4a7000 6320       4       org.objectweb.asm.Frame::merge (395 bytes)

GC Heap History (18 events):
Event: 0.538 GC heap before
{Heap before GC invocations=0 (full 0):
 garbage-first heap   total 131072K, used 30720K [0x0000000080000000, 0x0000000100000000)
  region size 1024K, 24 young (24576K), 0 survivors (0K)
 Metaspace       used 9870K, capacity 10114K, committed 10368K, reserved 1058816K
  class space    used 1027K, capacity 1102K, committed 1152K, reserved 1048576K
}
Event: 0.543 GC heap after
{Heap after GC invocations=1 (full 0):
 garbage-first heap   total 131072K, used 8999K [0x0000000080000000, 0x0000000100000000)
  region size 1024K, 3 young (3072K), 3 survivors (3072K)
 Metaspace       used 9870K, capacity 10114K, committed 10368K, reserved 1058816K
  class space    used 1027K, capacity 1102K, committed 1152K, reserved 1048576K
}
Event: 1.676 GC heap before
{Heap before GC invocations=1 (full 0):
 garbage-first heap   total 131072K, used 83751K [0x0000000080000000, 0x0000000100000000)
  region size 1024K, 76 young (77824K), 3 survivors (3072K)
 Metaspace       used 17606K, capacity 17967K, committed 18176K, reserved 1064960K
  class space    used 2081K, capacity 2209K, committed 2304K, reserved 1048576K
}
Event: 1.684 GC heap after
{Heap after GC invocations=2 (full 0):
 garbage-first heap   total 131072K, used 15849K [0x0000000080000000, 0x0000000100000000)
  region size 1024K, 10 young (10240K), 10 survivors (10240K)
 Metaspace       used 17606K, capacity 17967K, committed 18176K, reserved 1064960K
  class space    used 2081K, capacity 2209K, committed 2304K, reserved 1048576K
}
Event: 2.085 GC heap before
{Heap before GC invocations=2 (full 0):
 garbage-first heap   total 131072K, used 44521K [0x0000000080000000, 0x0000000100000000)
  region size 1024K, 39 young (39936K), 10 survivors (10240K)
 Metaspace       used 20770K, capacity 21149K, committed 21296K, reserved 1069056K
  class space    used 2560K, capacity 2716K, committed 2816K, reserved 1048576K
}
Event: 2.094 GC heap after
{Heap after GC invocations=3 (full 0):
 garbage-first heap   total 131072K, used 17278K [0x0000000080000000, 0x0000000100000000)
  region size 1024K, 2 young (2048K), 2 survivors (2048K)
 Metaspace       used 20770K, capacity 21149K, committed 21296K, reserved 1069056K
  class space    used 2560K, capacity 2716K, committed 2816K, reserved 1048576K
}
Event: 2.945 GC heap before
{Heap before GC invocations=4 (full 0):
 garbage-first heap   total 131072K, used 72574K [0x0000000080000000, 0x0000000100000000)
  region size 1024K, 57 young (58368K), 2 survivors (2048K)
 Metaspace       used 26789K, capacity 27424K, committed 27648K, reserved 1073152K
  class space    used 3495K, capacity 3733K, committed 3840K, reserved 1048576K
}
Event: 2.954 GC heap after
{Heap after GC invocations=5 (full 0):
 garbage-first heap   total 131072K, used 19077K [0x0000000080000000, 0x0000000100000000)
  region size 1024K, 4 young (4096K), 4 survivors (4096K)
 Metaspace       used 26789K, capacity 27424K, committed 27648K, reserved 1073152K
  class space    used 3495K, capacity 3733K, committed 3840K, reserved 1048576K
}
Event: 4.155 GC heap before
{Heap before GC invocations=6 (full 0):
 garbage-first heap   total 131072K, used 80517K [0x0000000080000000, 0x0000000100000000)
  region size 1024K, 65 young (66560K), 4 survivors (4096K)
 Metaspace       used 36339K, capacity 37099K, committed 37376K, reserved 1081344K
  class space    used 4710K, capacity 5002K, committed 5120K, reserved 1048576K
}
Event: 4.167 GC heap after
{Heap after GC invocations=7 (full 0):
 garbage-first heap   total 157696K, used 22843K [0x0000000080000000, 0x0000000100000000)
  region size 1024K, 7 young (7168K), 7 survivors (7168K)
 Metaspace       used 36339K, capacity 37099K, committed 37376K, reserved 1081344K
  class space    used 4710K, capacity 5002K, committed 5120K, reserved 1048576K
}
Event: 5.350 GC heap before
{Heap before GC invocations=7 (full 0):
 garbage-first heap   total 157696K, used 102715K [0x0000000080000000, 0x0000000100000000)
  region size 1024K, 83 young (84992K), 7 survivors (7168K)
 Metaspace       used 41827K, capacity 42847K, committed 42880K, reserved 1087488K
  class space    used 5377K, capacity 5753K, committed 5760K, reserved 1048576K
}
Event: 5.368 GC heap after
{Heap after GC invocations=8 (full 0):
 garbage-first heap   total 157696K, used 28589K [0x0000000080000000, 0x0000000100000000)
  region size 1024K, 10 young (10240K), 10 survivors (10240K)
 Metaspace       used 41827K, capacity 42847K, committed 42880K, reserved 1087488K
  class space    used 5377K, capacity 5753K, committed 5760K, reserved 1048576K
}
Event: 5.889 GC heap before
{Heap before GC invocations=8 (full 0):
 garbage-first heap   total 157696K, used 62381K [0x0000000080000000, 0x0000000100000000)
  region size 1024K, 44 young (45056K), 10 survivors (10240K)
 Metaspace       used 44861K, capacity 45981K, committed 46080K, reserved 1089536K
  class space    used 5758K, capacity 6137K, committed 6144K, reserved 1048576K
}
Event: 5.917 GC heap after
{Heap after GC invocations=9 (full 0):
 garbage-first heap   total 157696K, used 29936K [0x0000000080000000, 0x0000000100000000)
  region size 1024K, 8 young (8192K), 8 survivors (8192K)
 Metaspace       used 44861K, capacity 45981K, committed 46080K, reserved 1089536K
  class space    used 5758K, capacity 6137K, committed 6144K, reserved 1048576K
}
Event: 7.353 GC heap before
{Heap before GC invocations=10 (full 0):
 garbage-first heap   total 157696K, used 111856K [0x0000000080000000, 0x0000000100000000)
  region size 1024K, 88 young (90112K), 8 survivors (8192K)
 Metaspace       used 48656K, capacity 49865K, committed 49996K, reserved 1093632K
  class space    used 6239K, capacity 6680K, committed 6784K, reserved 1048576K
}
Event: 7.368 GC heap after
{Heap after GC invocations=11 (full 0):
 garbage-first heap   total 157696K, used 34718K [0x0000000080000000, 0x0000000100000000)
  region size 1024K, 7 young (7168K), 7 survivors (7168K)
 Metaspace       used 48656K, capacity 49865K, committed 49996K, reserved 1093632K
  class space    used 6239K, capacity 6680K, committed 6784K, reserved 1048576K
}
Event: 8.828 GC heap before
{Heap before GC invocations=11 (full 0):
 garbage-first heap   total 157696K, used 125854K [0x0000000080000000, 0x0000000100000000)
  region size 1024K, 87 young (89088K), 7 survivors (7168K)
 Metaspace       used 57873K, capacity 59323K, committed 59340K, reserved 1101824K
  class space    used 7384K, capacity 7919K, committed 7936K, reserved 1048576K
}
Event: 8.841 GC heap after
{Heap after GC invocations=12 (full 0):
 garbage-first heap   total 189440K, used 52224K [0x0000000080000000, 0x0000000100000000)
  region size 1024K, 11 young (11264K), 11 survivors (11264K)
 Metaspace       used 57873K, capacity 59323K, committed 59340K, reserved 1101824K
  class space    used 7384K, capacity 7919K, committed 7936K, reserved 1048576K
}

Deoptimization events (20 events):
Event: 9.277 Thread 0x0000019b166ec800 DEOPT PACKING pc=0x0000019b011ea557 sp=0x00000041d32f40a0
Event: 9.277 Thread 0x0000019b166ec800 DEOPT UNPACKING pc=0x0000019b0004a95e sp=0x00000041d32f34f8 mode 0
Event: 9.277 Thread 0x0000019b166ec800 DEOPT PACKING pc=0x0000019b011ea557 sp=0x00000041d32f40a0
Event: 9.277 Thread 0x0000019b166ec800 DEOPT UNPACKING pc=0x0000019b0004a95e sp=0x00000041d32f34f8 mode 0
Event: 9.279 Thread 0x0000019b166ec800 Uncommon trap: trap_request=0xffffff4d fr.pc=0x0000019b07e170bc relative=0x000000000000009c
Event: 9.279 Thread 0x0000019b166ec800 Uncommon trap: reason=unstable_if action=reinterpret pc=0x0000019b07e170bc method=java.security.CodeSource.matchCerts(Ljava/security/CodeSource;Z)Z @ 11 c2
Event: 9.279 Thread 0x0000019b166ec800 DEOPT PACKING pc=0x0000019b07e170bc sp=0x00000041d32f0fc0
Event: 9.279 Thread 0x0000019b166ec800 DEOPT UNPACKING pc=0x0000019b0004a1af sp=0x00000041d32f0f58 mode 2
Event: 9.671 Thread 0x0000019b166ec800 Uncommon trap: trap_request=0xffffffc6 fr.pc=0x0000019b07cc1ab8 relative=0x0000000000003b18
Event: 9.671 Thread 0x0000019b166ec800 Uncommon trap: reason=bimorphic_or_optimized_type_check action=maybe_recompile pc=0x0000019b07cc1ab8 method=java.util.AbstractCollection.addAll(Ljava/util/Collection;)Z @ 29 c2
Event: 9.671 Thread 0x0000019b166ec800 DEOPT PACKING pc=0x0000019b07cc1ab8 sp=0x00000041d32f5f10
Event: 9.671 Thread 0x0000019b166ec800 DEOPT UNPACKING pc=0x0000019b0004a1af sp=0x00000041d32f5f10 mode 2
Event: 9.671 Thread 0x0000019b166ec800 Uncommon trap: trap_request=0xffffffc6 fr.pc=0x0000019b07cc1ab8 relative=0x0000000000003b18
Event: 9.671 Thread 0x0000019b166ec800 Uncommon trap: reason=bimorphic_or_optimized_type_check action=maybe_recompile pc=0x0000019b07cc1ab8 method=java.util.AbstractCollection.addAll(Ljava/util/Collection;)Z @ 29 c2
Event: 9.671 Thread 0x0000019b166ec800 DEOPT PACKING pc=0x0000019b07cc1ab8 sp=0x00000041d32f5f10
Event: 9.671 Thread 0x0000019b166ec800 DEOPT UNPACKING pc=0x0000019b0004a1af sp=0x00000041d32f5f10 mode 2
Event: 9.671 Thread 0x0000019b166ec800 Uncommon trap: trap_request=0xffffffc6 fr.pc=0x0000019b07cc1ab8 relative=0x0000000000003b18
Event: 9.671 Thread 0x0000019b166ec800 Uncommon trap: reason=bimorphic_or_optimized_type_check action=maybe_recompile pc=0x0000019b07cc1ab8 method=java.util.AbstractCollection.addAll(Ljava/util/Collection;)Z @ 29 c2
Event: 9.671 Thread 0x0000019b166ec800 DEOPT PACKING pc=0x0000019b07cc1ab8 sp=0x00000041d32f6bc0
Event: 9.671 Thread 0x0000019b166ec800 DEOPT UNPACKING pc=0x0000019b0004a1af sp=0x00000041d32f6bc0 mode 2

Classes redefined (0 events):
No events

Internal exceptions (20 events):
Event: 7.609 Thread 0x0000019b1762b000 Exception <a 'java/lang/NoSuchMethodError'{0x0000000088b1c7e0}: <clinit>> (0x0000000088b1c7e0) thrown at [./src/hotspot/share/prims/jni.cpp, line 1365]
Event: 7.612 Thread 0x0000019b1762b000 Exception <a 'java/lang/NoSuchMethodError'{0x0000000088b2eb18}: <clinit>> (0x0000000088b2eb18) thrown at [./src/hotspot/share/prims/jni.cpp, line 1365]
Event: 7.613 Thread 0x0000019b1762b000 Exception <a 'java/lang/NoSuchMethodError'{0x0000000088b39078}: <clinit>> (0x0000000088b39078) thrown at [./src/hotspot/share/prims/jni.cpp, line 1365]
Event: 7.616 Thread 0x0000019b1762b000 Exception <a 'java/lang/NoSuchMethodError'{0x0000000088b4ca68}: <clinit>> (0x0000000088b4ca68) thrown at [./src/hotspot/share/prims/jni.cpp, line 1365]
Event: 7.626 Thread 0x0000019b166ec800 Exception <a 'java/lang/ClassNotFoundException'{0x0000000088bd1540}: build_1ou3tn7tm51infabiqezyzds9BeanInfo> (0x0000000088bd1540) thrown at [./src/hotspot/share/classfile/systemDictionary.cpp, line 231]
Event: 7.627 Thread 0x0000019b166ec800 Exception <a 'java/lang/ClassNotFoundException'{0x0000000088bdc4f8}: build_1ou3tn7tm51infabiqezyzds9Customizer> (0x0000000088bdc4f8) thrown at [./src/hotspot/share/classfile/systemDictionary.cpp, line 231]
Event: 7.664 Thread 0x0000019b166ec800 Exception <a 'java/lang/ClassNotFoundException'{0x00000000889dc720}: org/gradle/api/internal/plugins/DefaultObjectConfigurationActionBeanInfo> (0x00000000889dc720) thrown at [./src/hotspot/share/classfile/systemDictionary.cpp, line 231]
Event: 7.665 Thread 0x0000019b166ec800 Exception <a 'java/lang/ClassNotFoundException'{0x0000000088813308}: org/gradle/api/internal/plugins/DefaultObjectConfigurationActionCustomizer> (0x0000000088813308) thrown at [./src/hotspot/share/classfile/systemDictionary.cpp, line 231]
Event: 7.831 Thread 0x0000019b166ec800 Exception <a 'java/lang/NoSuchMethodError'{0x0000000087e7dac0}: 'java.lang.Object java.lang.invoke.DirectMethodHandle$Holder.invokeStatic(java.lang.Object, java.lang.Object, java.lang.Object, java.lang.Object, int)'> (0x0000000087e7dac0) thrown at [./src/hotspot/share/interpreter/linkResolver.cpp, line 773]
Event: 7.831 Thread 0x0000019b166ec800 Exception <a 'java/lang/NoSuchMethodError'{0x0000000087e82708}: 'java.lang.Object java.lang.invoke.DirectMethodHandle$Holder.invokeSpecial(java.lang.Object, java.lang.Object, java.lang.Object, java.lang.Object, java.lang.Object, int)'> (0x0000000087e82708) thrown at [./src/hotspot/share/interpreter/linkResolver.cpp, line 773]
Event: 7.831 Thread 0x0000019b166ec800 Exception <a 'java/lang/NoSuchMethodError'{0x0000000087e86d48}: 'java.lang.Object java.lang.invoke.Invokers$Holder.linkToTargetMethod(java.lang.Object, java.lang.Object, java.lang.Object, int, java.lang.Object)'> (0x0000000087e86d48) thrown at [./src/hotspot/share/interpreter/linkResolver.cpp, line 773]
Event: 8.092 Thread 0x0000019b166ec800 Exception <a 'java/lang/NoSuchMethodError'{0x0000000086f850f8}: 'java.lang.Object java.lang.invoke.DirectMethodHandle$Holder.invokeSpecial(java.lang.Object, java.lang.Object, int, int, java.lang.Object, java.lang.Object, java.lang.Object)'> (0x0000000086f850f8) thrown at [./src/hotspot/share/interpreter/linkResolver.cpp, line 773]
Event: 8.092 Thread 0x0000019b166ec800 Exception <a 'java/lang/NoSuchMethodError'{0x0000000086f89678}: 'java.lang.Object java.lang.invoke.DelegatingMethodHandle$Holder.reinvoke_L(java.lang.Object, int, int, java.lang.Object, java.lang.Object, java.lang.Object)'> (0x0000000086f89678) thrown at [./src/hotspot/share/interpreter/linkResolver.cpp, line 773]
Event: 8.372 Thread 0x0000019b166ec800 Exception <a 'java/lang/NoSuchMethodError'{0x000000008628cee8}: 'int java.lang.invoke.DirectMethodHandle$Holder.invokeInterface(java.lang.Object, java.lang.Object, java.lang.Object, java.lang.Object)'> (0x000000008628cee8) thrown at [./src/hotspot/share/interpreter/linkResolver.cpp, line 773]
Event: 8.680 Thread 0x0000019b166ec800 Exception <a 'java/lang/NoSuchMethodError'{0x00000000852a57c8}: 'void java.lang.invoke.DirectMethodHandle$Holder.invokeInterface(java.lang.Object, java.lang.Object, java.lang.Object, java.lang.Object)'> (0x00000000852a57c8) thrown at [./src/hotspot/share/interpreter/linkResolver.cpp, line 773]
Event: 8.863 Thread 0x0000019b166ec800 Exception <a 'java/lang/IncompatibleClassChangeError'{0x000000008b82e428}: Found class java.lang.Object, but interface was expected> (0x000000008b82e428) thrown at [./src/hotspot/share/interpreter/linkResolver.cpp, line 839]
Event: 8.942 Thread 0x0000019b166ec800 Implicit null exception at 0x0000019b07de1754 to 0x0000019b07de1938
Event: 9.066 Thread 0x0000019b166ec800 Implicit null exception at 0x0000019b07c3f48b to 0x0000019b07c3f564
Event: 9.137 Thread 0x0000019b166ec800 Implicit null exception at 0x0000019b07c5d22c to 0x0000019b07c5d3da
Event: 9.328 Thread 0x0000019b166ec800 Exception <a 'sun/nio/fs/WindowsException'{0x000000008a2d67f8}> (0x000000008a2d67f8) thrown at [./src/hotspot/share/prims/jni.cpp, line 615]

Events (20 events):
Event: 9.817 loading class com/android/builder/model/ViewBindingOptions
Event: 9.817 loading class com/android/builder/model/ViewBindingOptions done
Event: 9.817 loading class com/android/builder/model/DependenciesInfo
Event: 9.817 loading class com/android/builder/model/DependenciesInfo done
Event: 9.818 loading class com/android/build/gradle/internal/ProductFlavorData
Event: 9.818 loading class com/android/build/gradle/internal/ProductFlavorData done
Event: 9.818 loading class com/android/builder/model/AndroidGradlePluginProjectFlags
Event: 9.818 loading class com/android/builder/model/AndroidGradlePluginProjectFlags done
Event: 9.819 loading class com/android/builder/model/TestOptions
Event: 9.819 loading class com/android/builder/model/TestOptions done
Event: 9.819 loading class com/android/builder/model/InstantRun
Event: 9.819 loading class com/android/builder/model/InstantRun done
Event: 9.819 loading class com/android/builder/model/AndroidArtifact
Event: 9.819 loading class com/android/builder/model/AndroidArtifact done
Event: 9.819 loading class com/android/builder/model/BaseArtifact
Event: 9.819 loading class com/android/builder/model/BaseArtifact done
Event: 9.820 loading class com/android/build/gradle/internal/scope/InternalArtifactType$AP_GENERATED_SOURCES
Event: 9.820 loading class com/android/build/gradle/internal/scope/InternalArtifactType$AP_GENERATED_SOURCES done
Event: 9.821 loading class com/android/build/gradle/internal/scope/InternalArtifactType$AIDL_SOURCE_OUTPUT_DIR
Event: 9.821 loading class com/android/build/gradle/internal/scope/InternalArtifactType$AIDL_SOURCE_OUTPUT_DIR done


Dynamic libraries:
0x00007ff7b2c70000 - 0x00007ff7b2c7a000 	C:\Program Files\Android\Android Studio\jre\bin\java.exe
0x00007ffa67870000 - 0x00007ffa67a68000 	C:\Windows\SYSTEM32\ntdll.dll
0x00007ffa67300000 - 0x00007ffa673bd000 	C:\Windows\System32\KERNEL32.DLL
0x00007ffa65340000 - 0x00007ffa6560e000 	C:\Windows\System32\KERNELBASE.dll
0x00007ffa656c0000 - 0x00007ffa657c0000 	C:\Windows\System32\ucrtbase.dll
0x00007ffa5e170000 - 0x00007ffa5e189000 	C:\Program Files\Android\Android Studio\jre\bin\jli.dll
0x00007ffa5e190000 - 0x00007ffa5e1a7000 	C:\Program Files\Android\Android Studio\jre\bin\VCRUNTIME140.dll
0x00007ffa65a70000 - 0x00007ffa65c10000 	C:\Windows\System32\USER32.dll
0x00007ffa650a0000 - 0x00007ffa650c2000 	C:\Windows\System32\win32u.dll
0x00007ffa65a40000 - 0x00007ffa65a6a000 	C:\Windows\System32\GDI32.dll
0x00007ffa47560000 - 0x00007ffa477fa000 	C:\Windows\WinSxS\amd64_microsoft.windows.common-controls_6595b64144ccf1df_6.0.19041.1110_none_60b5254171f9507e\COMCTL32.dll
0x00007ffa65230000 - 0x00007ffa6533b000 	C:\Windows\System32\gdi32full.dll
0x00007ffa665a0000 - 0x00007ffa6663e000 	C:\Windows\System32\msvcrt.dll
0x00007ffa64f90000 - 0x00007ffa6502d000 	C:\Windows\System32\msvcp_win.dll
0x00007ffa65a10000 - 0x00007ffa65a40000 	C:\Windows\System32\IMM32.DLL
0x00007ffa10bb0000 - 0x00007ffa10c4d000 	C:\Program Files\Android\Android Studio\jre\bin\msvcp140.dll
0x00007ff9e47d0000 - 0x00007ff9e52b5000 	C:\Program Files\Android\Android Studio\jre\bin\server\jvm.dll
0x00007ffa65d50000 - 0x00007ffa65dfe000 	C:\Windows\System32\ADVAPI32.dll
0x00007ffa660c0000 - 0x00007ffa6615c000 	C:\Windows\System32\sechost.dll
0x00007ffa66d90000 - 0x00007ffa66eb5000 	C:\Windows\System32\RPCRT4.dll
0x00007ffa65e00000 - 0x00007ffa65e08000 	C:\Windows\System32\PSAPI.DLL
0x00007ffa48d50000 - 0x00007ffa48d59000 	C:\Windows\SYSTEM32\WSOCK32.dll
0x00007ffa53b40000 - 0x00007ffa53b67000 	C:\Windows\SYSTEM32\WINMM.dll
0x00007ffa5c990000 - 0x00007ffa5c99a000 	C:\Windows\SYSTEM32\VERSION.dll
0x00007ffa66530000 - 0x00007ffa6659b000 	C:\Windows\System32\WS2_32.dll
0x00007ffa63800000 - 0x00007ffa63812000 	C:\Windows\SYSTEM32\kernel.appcore.dll
0x00007ffa48ca0000 - 0x00007ffa48cb1000 	C:\Program Files\Android\Android Studio\jre\bin\verify.dll
0x00007ffa62d80000 - 0x00007ffa62f64000 	C:\Windows\SYSTEM32\DBGHELP.DLL
0x00007ffa550f0000 - 0x00007ffa5511c000 	C:\Windows\SYSTEM32\dbgcore.DLL
0x00007ffa65840000 - 0x00007ffa658c2000 	C:\Windows\System32\bcryptPrimitives.dll
0x00007ffa3f970000 - 0x00007ffa3f999000 	C:\Program Files\Android\Android Studio\jre\bin\java.dll
0x00007ffa48980000 - 0x00007ffa4898b000 	C:\Program Files\Android\Android Studio\jre\bin\jimage.dll
0x00007ffa41440000 - 0x00007ffa41458000 	C:\Program Files\Android\Android Studio\jre\bin\zip.dll
0x00007ffa66640000 - 0x00007ffa66d83000 	C:\Windows\System32\SHELL32.dll
0x00007ffa63060000 - 0x00007ffa637f5000 	C:\Windows\SYSTEM32\windows.storage.dll
0x00007ffa661d0000 - 0x00007ffa66524000 	C:\Windows\System32\combase.dll
0x00007ffa649f0000 - 0x00007ffa64a20000 	C:\Windows\SYSTEM32\Wldp.dll
0x00007ffa65ca0000 - 0x00007ffa65d4d000 	C:\Windows\System32\SHCORE.dll
0x00007ffa65e10000 - 0x00007ffa65e65000 	C:\Windows\System32\shlwapi.dll
0x00007ffa64ed0000 - 0x00007ffa64eef000 	C:\Windows\SYSTEM32\profapi.dll
0x00007ffa41400000 - 0x00007ffa4141a000 	C:\Program Files\Android\Android Studio\jre\bin\net.dll
0x00007ffa55d40000 - 0x00007ffa55e4a000 	C:\Windows\SYSTEM32\WINHTTP.dll
0x00007ffa64750000 - 0x00007ffa647ba000 	C:\Windows\system32\mswsock.dll
0x00007ffa3d730000 - 0x00007ffa3d744000 	C:\Program Files\Android\Android Studio\jre\bin\nio.dll
0x00007ffa38110000 - 0x00007ffa38137000 	C:\Users\lenovo\.gradle\native\e1d6ef7f7dcc3fd88c89a11ec53ec762bb8ba0a96d01ffa2cd45eb1d1d8dd5c5\windows-amd64\native-platform.dll
0x00007ffa093b0000 - 0x00007ffa094f4000 	C:\Users\lenovo\.gradle\native\5664cfc778a61ccfe75a443a1ab52a65af34e5dc3c78e0209fed803814484fcb\windows-amd64\native-platform-file-events.dll
0x00007ffa48630000 - 0x00007ffa4863a000 	C:\Program Files\Android\Android Studio\jre\bin\management.dll
0x00007ffa48550000 - 0x00007ffa4855d000 	C:\Program Files\Android\Android Studio\jre\bin\management_ext.dll
0x00007ffa64940000 - 0x00007ffa64958000 	C:\Windows\SYSTEM32\CRYPTSP.dll
0x00007ffa64060000 - 0x00007ffa64094000 	C:\Windows\system32\rsaenh.dll
0x00007ffa657c0000 - 0x00007ffa657e7000 	C:\Windows\System32\bcrypt.dll
0x00007ffa64e90000 - 0x00007ffa64ebe000 	C:\Windows\SYSTEM32\USERENV.dll
0x00007ffa64960000 - 0x00007ffa6496c000 	C:\Windows\SYSTEM32\CRYPTBASE.dll
0x00007ffa643f0000 - 0x00007ffa6442b000 	C:\Windows\SYSTEM32\IPHLPAPI.DLL
0x00007ffa65c90000 - 0x00007ffa65c98000 	C:\Windows\System32\NSI.dll
0x00007ffa57910000 - 0x00007ffa57927000 	C:\Windows\SYSTEM32\dhcpcsvc6.DLL
0x00007ffa57360000 - 0x00007ffa5737d000 	C:\Windows\SYSTEM32\dhcpcsvc.DLL
0x00007ffa64430000 - 0x00007ffa644fa000 	C:\Windows\SYSTEM32\DNSAPI.dll

dbghelp: loaded successfully - version: 4.0.5 - missing functions: none
symbol engine: initialized successfully - sym options: 0x614 - pdb path: .;C:\Program Files\Android\Android Studio\jre\bin;C:\Windows\SYSTEM32;C:\Windows\WinSxS\amd64_microsoft.windows.common-controls_6595b64144ccf1df_6.0.19041.1110_none_60b5254171f9507e;C:\Program Files\Android\Android Studio\jre\bin\server;C:\Users\lenovo\.gradle\native\e1d6ef7f7dcc3fd88c89a11ec53ec762bb8ba0a96d01ffa2cd45eb1d1d8dd5c5\windows-amd64;C:\Users\lenovo\.gradle\native\5664cfc778a61ccfe75a443a1ab52a65af34e5dc3c78e0209fed803814484fcb\windows-amd64

VM Arguments:
jvm_args: --add-opens=java.base/java.util=ALL-UNNAMED --add-opens=java.base/java.lang=ALL-UNNAMED --add-opens=java.base/java.lang.invoke=ALL-UNNAMED --add-opens=java.base/java.util=ALL-UNNAMED --add-opens=java.prefs/java.util.prefs=ALL-UNNAMED --add-opens=java.prefs/java.util.prefs=ALL-UNNAMED --add-opens=java.base/java.nio.charset=ALL-UNNAMED --add-opens=java.base/java.net=ALL-UNNAMED --add-opens=java.base/java.util.concurrent.atomic=ALL-UNNAMED -Xmx2048m -Dfile.encoding=UTF-8 -Duser.country=US -Duser.language=en -Duser.variant 
java_command: org.gradle.launcher.daemon.bootstrap.GradleDaemon 7.3.3
java_class_path (initial): C:\Users\lenovo\.gradle\wrapper\dists\gradle-7.3.3-bin\6a41zxkdtcxs8rphpq6y0069z\gradle-7.3.3\lib\gradle-launcher-7.3.3.jar
Launcher Type: SUN_STANDARD

[Global flags]
     intx CICompilerCount                          = 4                                         {product} {ergonomic}
     uint ConcGCThreads                            = 2                                         {product} {ergonomic}
     uint G1ConcRefinementThreads                  = 8                                         {product} {ergonomic}
   size_t G1HeapRegionSize                         = 1048576                                   {product} {ergonomic}
    uintx GCDrainStackTargetSize                   = 64                                        {product} {ergonomic}
   size_t InitialHeapSize                          = 134217728                                 {product} {ergonomic}
   size_t MarkStackSize                            = 4194304                                   {product} {ergonomic}
   size_t MaxHeapSize                              = 2147483648                                {product} {command line}
   size_t MaxNewSize                               = 1287651328                                {product} {ergonomic}
   size_t MinHeapDeltaBytes                        = 1048576                                   {product} {ergonomic}
    uintx NonNMethodCodeHeapSize                   = 5836300                                {pd product} {ergonomic}
    uintx NonProfiledCodeHeapSize                  = 122910970                              {pd product} {ergonomic}
    uintx ProfiledCodeHeapSize                     = 122910970                              {pd product} {ergonomic}
    uintx ReservedCodeCacheSize                    = 251658240                              {pd product} {ergonomic}
     bool SegmentedCodeCache                       = true                                      {product} {ergonomic}
     bool UseCompressedClassPointers               = true                                 {lp64_product} {ergonomic}
     bool UseCompressedOops                        = true                                 {lp64_product} {ergonomic}
     bool UseG1GC                                  = true                                      {product} {ergonomic}
     bool UseLargePagesIndividualAllocation        = false                                  {pd product} {ergonomic}

Logging:
Log output configuration:
 #0: stdout all=warning uptime,level,tags
 #1: stderr all=off uptime,level,tags

Environment Variables:
PATH=C:\Program Files (x86)\Common Files\Oracle\Java\javapath;C:\Windows\system32;C:\Windows;C:\Windows\System32\Wbem;C:\Windows\System32\WindowsPowerShell\v1.0\;C:\Windows\System32\OpenSSH\;C:\Program Files\Git\cmd;C:\Users\lenovo\AppData\Local\Microsoft\WindowsApps;C:\Program Files\JetBrains\IntelliJ IDEA Community Edition 2022.2\bin;;C:\tools\dart-sdk\bin;
USERNAME=lenovo
OS=Windows_NT
PROCESSOR_IDENTIFIER=Intel64 Family 6 Model 142 Stepping 10, GenuineIntel



---------------  S Y S T E M  ---------------

OS: Windows 10 , 64 bit Build 19041 (10.0.19041.1889)
OS uptime: 0 days 10:51 hours

CPU:total 8 (initial active 8) (4 cores per cpu, 2 threads per core) family 6 model 142 stepping 10 microcode 0xb4, cmov, cx8, fxsr, mmx, sse, sse2, sse3, ssse3, sse4.1, sse4.2, popcnt, avx, avx2, aes, clmul, erms, 3dnowpref, lzcnt, ht, tsc, tscinvbit, bmi1, bmi2, adx, fma

Memory: 4k page, system-wide physical 8101M (1216M free)
TotalPageFile size 10149M (AvailPageFile size 6M)
current process WorkingSet (physical memory assigned to process): 401M, peak: 403M
current process commit charge ("private bytes"): 445M, peak: 447M

vm_info: OpenJDK 64-Bit Server VM (11.0.12+7-b1504.28-7817840) for windows-amd64 JRE (11.0.12+7-b1504.28-7817840), built on Oct 13 2021 22:12:33 by "builder" with MS VC++ 14.0 (VS2015)

END.
