#
# There is insufficient memory for the Java Runtime Environment to continue.
# Native memory allocation (mmap) failed to map 32505856 bytes for Failed to commit area from 0x0000000089a00000 to 0x000000008b900000 of length 32505856.
# Possible reasons:
#   The system is out of physical RAM or swap space
#   The process is running with CompressedOops enabled, and the Java Heap may be blocking the growth of the native heap
# Possible solutions:
#   Reduce memory load on the system
#   Increase physical memory or swap space
#   Check if swap backing store is full
#   Decrease Java heap size (-Xmx/-Xms)
#   Decrease number of Java threads
#   Decrease Java thread stack sizes (-Xss)
#   Set larger code cache with -XX:ReservedCodeCacheSize=
#   JVM is running with Unscaled Compressed Oops mode in which the Java heap is
#     placed in the first 4GB address space. The Java Heap base address is the
#     maximum limit for the native heap growth. Please use -XX:HeapBaseMinAddress
#     to set the Java Heap base and to place the Java Heap above 4GB virtual address.
# This output file may be truncated or incomplete.
#
#  Out of Memory Error (./src/hotspot/os/windows/os_windows.cpp:3521), pid=1828, tid=8232
#
# JRE version: OpenJDK Runtime Environment (11.0.12+7) (build 11.0.12+7-b1504.28-7817840)
# Java VM: OpenJDK 64-Bit Server VM (11.0.12+7-b1504.28-7817840, mixed mode, tiered, compressed oops, g1 gc, windows-amd64)
# No core dump will be written. Minidumps are not enabled by default on client versions of Windows
#

---------------  S U M M A R Y ------------

Command Line: --add-opens=java.base/java.util=ALL-UNNAMED --add-opens=java.base/java.lang=ALL-UNNAMED --add-opens=java.base/java.lang.invoke=ALL-UNNAMED --add-opens=java.base/java.util=ALL-UNNAMED --add-opens=java.prefs/java.util.prefs=ALL-UNNAMED --add-opens=java.prefs/java.util.prefs=ALL-UNNAMED --add-opens=java.base/java.nio.charset=ALL-UNNAMED --add-opens=java.base/java.net=ALL-UNNAMED --add-opens=java.base/java.util.concurrent.atomic=ALL-UNNAMED -Xmx2048m -Dfile.encoding=UTF-8 -Duser.country=US -Duser.language=en -Duser.variant org.gradle.launcher.daemon.bootstrap.GradleDaemon 7.3.3

Host: Intel(R) Core(TM) i7-8550U CPU @ 1.80GHz, 8 cores, 7G,  Windows 10 , 64 bit Build 19041 (10.0.19041.1889)
Time: Tue Oct  4 04:28:07 2022 Egypt Standard Time elapsed time: 11.651807 seconds (0d 0h 0m 11s)

---------------  T H R E A D  ---------------

Current thread (0x000001cfff04e000):  VMThread "VM Thread" [stack: 0x000000aea5800000,0x000000aea5900000] [id=8232]

Stack: [0x000000aea5800000,0x000000aea5900000]
[error occurred during error reporting (printing stack bounds), id 0xc0000005, EXCEPTION_ACCESS_VIOLATION (0xc0000005) at pc=0x000001cfe9f1112d]

Native frames: (J=compiled Java code, j=interpreted, Vv=VM code, C=native code)
V  [jvm.dll+0x5fbcea]
V  [jvm.dll+0x731905]
V  [jvm.dll+0x732f1d]
V  [jvm.dll+0x733535]
V  [jvm.dll+0x7334eb]
V  [jvm.dll+0x5fb080]
V  [jvm.dll+0x5fb818]
C  [ntdll.dll+0xa235f]
C  [ntdll.dll+0x514a4]
C  [ntdll.dll+0xa0e8e]
C  0x000001cfe9f1112d

VM_Operation (0x000000aea6cf35f0): G1CollectForAllocation, mode: safepoint, requested by thread 0x000001cf833ce000


---------------  P R O C E S S  ---------------

Threads class SMR info:
_java_thread_list=0x000001cf8912efa0, length=124, elements={
0x000001cfe63d9800, 0x000001cfff04f800, 0x000001cfff053000, 0x000001cfff9e2800,
0x000001cfff06c000, 0x000001cfff06c800, 0x000001cfff071800, 0x000001cfff07a800,
0x000001cfff081000, 0x000001cfffb33000, 0x000001cf838d8000, 0x000001cfffc3b800,
0x000001cf84c76800, 0x000001cf830c5000, 0x000001cf85b70800, 0x000001cf840d4000,
0x000001cf83ecc000, 0x000001cf833ce000, 0x000001cf83b1c800, 0x000001cf84bbd000,
0x000001cf83f43000, 0x000001cf83f44000, 0x000001cf83f44800, 0x000001cf83f45800,
0x000001cf83f40800, 0x000001cf83f46800, 0x000001cf83f42000, 0x000001cf83f47000,
0x000001cf83f41800, 0x000001cf84b55000, 0x000001cf84b53800, 0x000001cf83a7c000,
0x000001cf84b57800, 0x000001cf84b56000, 0x000001cf84b56800, 0x000001cf84b54000,
0x000001cf84b5e000, 0x000001cf84b5c800, 0x000001cf84b5b800, 0x000001cf84b5f000,
0x000001cf84b5d000, 0x000001cf84b5f800, 0x000001cf84b60800, 0x000001cf84b5a800,
0x000001cf84b61800, 0x000001cf84b62000, 0x000001cf86076800, 0x000001cf86072000,
0x000001cf86074000, 0x000001cf86073000, 0x000001cf86074800, 0x000001cf86070800,
0x000001cf86075800, 0x000001cf86077000, 0x000001cf86071800, 0x000001cf8607c000,
0x000001cf8607d000, 0x000001cf8607a800, 0x000001cf86078800, 0x000001cf86078000,
0x000001cf86079800, 0x000001cf8607b000, 0x000001cf8607e800, 0x000001cf8607f800,
0x000001cf8607d800, 0x000001cf88561000, 0x000001cf88565800, 0x000001cf88562000,
0x000001cf88568800, 0x000001cf88566000, 0x000001cf88563000, 0x000001cf88569800,
0x000001cf88564800, 0x000001cf88567000, 0x000001cf88563800, 0x000001cf88567800,
0x000001cf8856a000, 0x000001cf88570000, 0x000001cf8856c800, 0x000001cf8856e800,
0x000001cf8856f000, 0x000001cf8856d800, 0x000001cf8856b000, 0x000001cf8856c000,
0x000001cf849b0800, 0x000001cf849b1000, 0x000001cf849b6000, 0x000001cf849b4800,
0x000001cf849b5000, 0x000001cf849b7800, 0x000001cf849b2000, 0x000001cf849b7000,
0x000001cf849b3800, 0x000001cf849b8800, 0x000001cf849b2800, 0x000001cf849ba000,
0x000001cf849bb800, 0x000001cf849bd800, 0x000001cf849bf000, 0x000001cf849be000,
0x000001cf849b9800, 0x000001cf849bb000, 0x000001cf849bc800, 0x000001cf86abc800,
0x000001cf86ab8800, 0x000001cf86abd000, 0x000001cf86ab7800, 0x000001cf86abe000,
0x000001cf86abf000, 0x000001cf86ab9000, 0x000001cf86abf800, 0x000001cf86aba000,
0x000001cf86abb800, 0x000001cf86ac0800, 0x000001cf86aba800, 0x000001cf86ac1800,
0x000001cf86ac3000, 0x000001cf86ac3800, 0x000001cf86ac5800, 0x000001cf86ac6000,
0x000001cf86ac4800, 0x000001cf86ac2000, 0x000001cf86333000, 0x000001cf86330800
}

Java Threads: ( => current thread )
  0x000001cfe63d9800 JavaThread "main" [_thread_blocked, id=9972, stack(0x000000aea5200000,0x000000aea5300000)]
  0x000001cfff04f800 JavaThread "Reference Handler" daemon [_thread_blocked, id=8040, stack(0x000000aea5900000,0x000000aea5a00000)]
  0x000001cfff053000 JavaThread "Finalizer" daemon [_thread_blocked, id=13304, stack(0x000000aea5a00000,0x000000aea5b00000)]
  0x000001cfff9e2800 JavaThread "Signal Dispatcher" daemon [_thread_blocked, id=11096, stack(0x000000aea5b00000,0x000000aea5c00000)]
  0x000001cfff06c000 JavaThread "Attach Listener" daemon [_thread_blocked, id=8768, stack(0x000000aea5c00000,0x000000aea5d00000)]
  0x000001cfff06c800 JavaThread "Service Thread" daemon [_thread_blocked, id=6984, stack(0x000000aea5d00000,0x000000aea5e00000)]
  0x000001cfff071800 JavaThread "C2 CompilerThread0" daemon [_thread_blocked, id=6164, stack(0x000000aea5e00000,0x000000aea5f00000)]
  0x000001cfff07a800 JavaThread "C1 CompilerThread0" daemon [_thread_blocked, id=14288, stack(0x000000aea5f00000,0x000000aea6000000)]
  0x000001cfff081000 JavaThread "Sweeper thread" daemon [_thread_blocked, id=13464, stack(0x000000aea6000000,0x000000aea6100000)]
  0x000001cfffb33000 JavaThread "Common-Cleaner" daemon [_thread_blocked, id=7508, stack(0x000000aea6100000,0x000000aea6200000)]
  0x000001cf838d8000 JavaThread "Daemon health stats" [_thread_blocked, id=14276, stack(0x000000aea6700000,0x000000aea6800000)]
  0x000001cfffc3b800 JavaThread "Incoming local TCP Connector on port 55903" [_thread_in_native, id=7004, stack(0x000000aea6300000,0x000000aea6400000)]
  0x000001cf84c76800 JavaThread "Daemon periodic checks" [_thread_blocked, id=8712, stack(0x000000aea6600000,0x000000aea6700000)]
  0x000001cf830c5000 JavaThread "C2 CompilerThread1" daemon [_thread_blocked, id=4308, stack(0x000000aea6800000,0x000000aea6900000)]
  0x000001cf85b70800 JavaThread "Daemon" [_thread_blocked, id=1376, stack(0x000000aea6900000,0x000000aea6a00000)]
  0x000001cf840d4000 JavaThread "Handler for socket connection from /127.0.0.1:55903 to /127.0.0.1:55904" [_thread_in_native, id=14120, stack(0x000000aea6a00000,0x000000aea6b00000)]
  0x000001cf83ecc000 JavaThread "Cancel handler" [_thread_blocked, id=1380, stack(0x000000aea6b00000,0x000000aea6c00000)]
  0x000001cf833ce000 JavaThread "Daemon worker" [_thread_blocked, id=8984, stack(0x000000aea6c00000,0x000000aea6d00000)]
  0x000001cf83b1c800 JavaThread "Asynchronous log dispatcher for DefaultDaemonConnection: socket connection from /127.0.0.1:55903 to /127.0.0.1:55904" [_thread_blocked, id=13848, stack(0x000000aea6d00000,0x000000aea6e00000)]
  0x000001cf84bbd000 JavaThread "Stdin handler" [_thread_blocked, id=11680, stack(0x000000aea6e00000,0x000000aea6f00000)]
  0x000001cf83f43000 JavaThread "Daemon client event forwarder" [_thread_blocked, id=3756, stack(0x000000aea6f00000,0x000000aea7000000)]
  0x000001cf83f44000 JavaThread "Cache worker for journal cache (C:\Users\lenovo\.gradle\caches\journal-1)" [_thread_blocked, id=5728, stack(0x000000aea7500000,0x000000aea7600000)]
  0x000001cf83f44800 JavaThread "File lock request listener" [_thread_in_native, id=13000, stack(0x000000aea7600000,0x000000aea7700000)]
  0x000001cf83f45800 JavaThread "Cache worker for file hash cache (C:\Users\lenovo\.gradle\caches\7.3.3\fileHashes)" [_thread_blocked, id=12704, stack(0x000000aea7700000,0x000000aea7800000)]
  0x000001cf83f40800 JavaThread "Cache worker for file hash cache (D:\Islam\Learning During The Army\Android\AppGame\.gradle\7.3.3\fileHashes)" [_thread_blocked, id=10076, stack(0x000000aea7900000,0x000000aea7a00000)]
  0x000001cf83f46800 JavaThread "File watcher server" daemon [_thread_in_native, id=13532, stack(0x000000aea7a00000,0x000000aea7b00000)]
  0x000001cf83f42000 JavaThread "File watcher consumer" daemon [_thread_blocked, id=9328, stack(0x000000aea7b00000,0x000000aea7c00000)]
  0x000001cf83f47000 JavaThread "Cache worker for checksums cache (D:\Islam\Learning During The Army\Android\AppGame\.gradle\7.3.3\checksums)" [_thread_blocked, id=1416, stack(0x000000aea7c00000,0x000000aea7d00000)]
  0x000001cf83f41800 JavaThread "Cache worker for cache directory md-supplier (C:\Users\lenovo\.gradle\caches\7.3.3\md-supplier)" [_thread_blocked, id=7268, stack(0x000000aea7d00000,0x000000aea7e00000)]
  0x000001cf84b55000 JavaThread "Cache worker for cache directory md-rule (C:\Users\lenovo\.gradle\caches\7.3.3\md-rule)" [_thread_blocked, id=1100, stack(0x000000aea7e00000,0x000000aea7f00000)]
  0x000001cf84b53800 JavaThread "Cache worker for execution history cache (C:\Users\lenovo\.gradle\caches\7.3.3\executionHistory)" [_thread_blocked, id=4716, stack(0x000000aea7f00000,0x000000aea8000000)]
  0x000001cf83a7c000 JavaThread "C2 CompilerThread2" daemon [_thread_blocked, id=14228, stack(0x000000aea8000000,0x000000aea8100000)]
  0x000001cf84b57800 JavaThread "jar transforms" [_thread_blocked, id=13544, stack(0x000000aea8100000,0x000000aea8200000)]
  0x000001cf84b56000 JavaThread "Cache worker for file content cache (C:\Users\lenovo\.gradle\caches\7.3.3\fileContent)" [_thread_blocked, id=13796, stack(0x000000aea8200000,0x000000aea8300000)]
  0x000001cf84b56800 JavaThread "jar transforms Thread 2" [_thread_blocked, id=11748, stack(0x000000aea8300000,0x000000aea8400000)]
  0x000001cf84b54000 JavaThread "Cache worker for dependencies-accessors (D:\Islam\Learning During The Army\Android\AppGame\.gradle\7.3.3\dependencies-accessors)" [_thread_blocked, id=8576, stack(0x000000aea8400000,0x000000aea8500000)]
  0x000001cf84b5e000 JavaThread "jar transforms Thread 3" [_thread_blocked, id=1972, stack(0x000000aea8500000,0x000000aea8600000)]
  0x000001cf84b5c800 JavaThread "Cache worker for Build Output Cleanup Cache (D:\Islam\Learning During The Army\Android\AppGame\.gradle\buildOutputCleanup)" [_thread_blocked, id=7156, stack(0x000000aea8600000,0x000000aea8700000)]
  0x000001cf84b5b800 JavaThread "Unconstrained build operations" [_thread_blocked, id=7660, stack(0x000000aea8700000,0x000000aea8800000)]
  0x000001cf84b5f000 JavaThread "Unconstrained build operations Thread 2" [_thread_blocked, id=7404, stack(0x000000aea8800000,0x000000aea8900000)]
  0x000001cf84b5d000 JavaThread "Unconstrained build operations Thread 3" [_thread_blocked, id=7644, stack(0x000000aea8900000,0x000000aea8a00000)]
  0x000001cf84b5f800 JavaThread "Unconstrained build operations Thread 4" [_thread_blocked, id=4160, stack(0x000000aea8a00000,0x000000aea8b00000)]
  0x000001cf84b60800 JavaThread "Unconstrained build operations Thread 5" [_thread_blocked, id=8452, stack(0x000000aea8b00000,0x000000aea8c00000)]
  0x000001cf84b5a800 JavaThread "Unconstrained build operations Thread 6" [_thread_blocked, id=11928, stack(0x000000aea8c00000,0x000000aea8d00000)]
  0x000001cf84b61800 JavaThread "Unconstrained build operations Thread 7" [_thread_blocked, id=12820, stack(0x000000aea8d00000,0x000000aea8e00000)]
  0x000001cf84b62000 JavaThread "Unconstrained build operations Thread 8" [_thread_blocked, id=14184, stack(0x000000aea8e00000,0x000000aea8f00000)]
  0x000001cf86076800 JavaThread "Unconstrained build operations Thread 9" [_thread_blocked, id=11844, stack(0x000000aea8f00000,0x000000aea9000000)]
  0x000001cf86072000 JavaThread "Unconstrained build operations Thread 10" [_thread_blocked, id=12696, stack(0x000000aea9000000,0x000000aea9100000)]
  0x000001cf86074000 JavaThread "Unconstrained build operations Thread 11" [_thread_blocked, id=11088, stack(0x000000aea9100000,0x000000aea9200000)]
  0x000001cf86073000 JavaThread "Unconstrained build operations Thread 12" [_thread_blocked, id=13996, stack(0x000000aea9200000,0x000000aea9300000)]
  0x000001cf86074800 JavaThread "Unconstrained build operations Thread 13" [_thread_blocked, id=13824, stack(0x000000aea9300000,0x000000aea9400000)]
  0x000001cf86070800 JavaThread "Unconstrained build operations Thread 14" [_thread_blocked, id=2220, stack(0x000000aea9400000,0x000000aea9500000)]
  0x000001cf86075800 JavaThread "Unconstrained build operations Thread 15" [_thread_blocked, id=7504, stack(0x000000aea9500000,0x000000aea9600000)]
  0x000001cf86077000 JavaThread "Unconstrained build operations Thread 16" [_thread_blocked, id=13972, stack(0x000000aea9600000,0x000000aea9700000)]
  0x000001cf86071800 JavaThread "Unconstrained build operations Thread 17" [_thread_blocked, id=13984, stack(0x000000aea9700000,0x000000aea9800000)]
  0x000001cf8607c000 JavaThread "Unconstrained build operations Thread 18" [_thread_blocked, id=8444, stack(0x000000aea9800000,0x000000aea9900000)]
  0x000001cf8607d000 JavaThread "Unconstrained build operations Thread 19" [_thread_blocked, id=14096, stack(0x000000aea9900000,0x000000aea9a00000)]
  0x000001cf8607a800 JavaThread "Unconstrained build operations Thread 20" [_thread_blocked, id=5528, stack(0x000000aea9a00000,0x000000aea9b00000)]
  0x000001cf86078800 JavaThread "Unconstrained build operations Thread 21" [_thread_blocked, id=6368, stack(0x000000aea9b00000,0x000000aea9c00000)]
  0x000001cf86078000 JavaThread "Unconstrained build operations Thread 22" [_thread_blocked, id=12904, stack(0x000000aea9c00000,0x000000aea9d00000)]
  0x000001cf86079800 JavaThread "Unconstrained build operations Thread 23" [_thread_blocked, id=6724, stack(0x000000aea9d00000,0x000000aea9e00000)]
  0x000001cf8607b000 JavaThread "Unconstrained build operations Thread 24" [_thread_blocked, id=13492, stack(0x000000aea9e00000,0x000000aea9f00000)]
  0x000001cf8607e800 JavaThread "Unconstrained build operations Thread 25" [_thread_blocked, id=9960, stack(0x000000aea9f00000,0x000000aeaa000000)]
  0x000001cf8607f800 JavaThread "Unconstrained build operations Thread 26" [_thread_blocked, id=2624, stack(0x000000aeaa000000,0x000000aeaa100000)]
  0x000001cf8607d800 JavaThread "Unconstrained build operations Thread 27" [_thread_blocked, id=13604, stack(0x000000aeaa100000,0x000000aeaa200000)]
  0x000001cf88561000 JavaThread "Unconstrained build operations Thread 28" [_thread_blocked, id=7432, stack(0x000000aeaa200000,0x000000aeaa300000)]
  0x000001cf88565800 JavaThread "Unconstrained build operations Thread 29" [_thread_blocked, id=2956, stack(0x000000aeaa300000,0x000000aeaa400000)]
  0x000001cf88562000 JavaThread "Unconstrained build operations Thread 30" [_thread_blocked, id=8664, stack(0x000000aeaa400000,0x000000aeaa500000)]
  0x000001cf88568800 JavaThread "Unconstrained build operations Thread 31" [_thread_blocked, id=6884, stack(0x000000aeaa500000,0x000000aeaa600000)]
  0x000001cf88566000 JavaThread "Unconstrained build operations Thread 32" [_thread_blocked, id=14152, stack(0x000000aeaa600000,0x000000aeaa700000)]
  0x000001cf88563000 JavaThread "Unconstrained build operations Thread 33" [_thread_blocked, id=3744, stack(0x000000aeaa700000,0x000000aeaa800000)]
  0x000001cf88569800 JavaThread "Unconstrained build operations Thread 34" [_thread_blocked, id=7924, stack(0x000000aeaa800000,0x000000aeaa900000)]
  0x000001cf88564800 JavaThread "Unconstrained build operations Thread 35" [_thread_blocked, id=3212, stack(0x000000aeaa900000,0x000000aeaaa00000)]
  0x000001cf88567000 JavaThread "Unconstrained build operations Thread 36" [_thread_blocked, id=6748, stack(0x000000aeaaa00000,0x000000aeaab00000)]
  0x000001cf88563800 JavaThread "Unconstrained build operations Thread 37" [_thread_blocked, id=12748, stack(0x000000aeaab00000,0x000000aeaac00000)]
  0x000001cf88567800 JavaThread "Unconstrained build operations Thread 38" [_thread_blocked, id=12856, stack(0x000000aeaac00000,0x000000aeaad00000)]
  0x000001cf8856a000 JavaThread "Unconstrained build operations Thread 39" [_thread_blocked, id=14176, stack(0x000000aeaad00000,0x000000aeaae00000)]
  0x000001cf88570000 JavaThread "Unconstrained build operations Thread 40" [_thread_blocked, id=9064, stack(0x000000aeaae00000,0x000000aeaaf00000)]
  0x000001cf8856c800 JavaThread "Unconstrained build operations Thread 41" [_thread_blocked, id=11200, stack(0x000000aeaaf00000,0x000000aeab000000)]
  0x000001cf8856e800 JavaThread "Unconstrained build operations Thread 42" [_thread_blocked, id=11116, stack(0x000000aeab000000,0x000000aeab100000)]
  0x000001cf8856f000 JavaThread "Unconstrained build operations Thread 43" [_thread_blocked, id=14272, stack(0x000000aeab100000,0x000000aeab200000)]
  0x000001cf8856d800 JavaThread "Unconstrained build operations Thread 44" [_thread_blocked, id=11196, stack(0x000000aeab200000,0x000000aeab300000)]
  0x000001cf8856b000 JavaThread "Unconstrained build operations Thread 45" [_thread_blocked, id=1132, stack(0x000000aeab300000,0x000000aeab400000)]
  0x000001cf8856c000 JavaThread "Unconstrained build operations Thread 46" [_thread_blocked, id=132, stack(0x000000aeab400000,0x000000aeab500000)]
  0x000001cf849b0800 JavaThread "Unconstrained build operations Thread 47" [_thread_blocked, id=10868, stack(0x000000aeab500000,0x000000aeab600000)]
  0x000001cf849b1000 JavaThread "Unconstrained build operations Thread 48" [_thread_blocked, id=9240, stack(0x000000aeab600000,0x000000aeab700000)]
  0x000001cf849b6000 JavaThread "Unconstrained build operations Thread 49" [_thread_blocked, id=13600, stack(0x000000aeab700000,0x000000aeab800000)]
  0x000001cf849b4800 JavaThread "Unconstrained build operations Thread 50" [_thread_blocked, id=13356, stack(0x000000aeab800000,0x000000aeab900000)]
  0x000001cf849b5000 JavaThread "Unconstrained build operations Thread 51" [_thread_blocked, id=14236, stack(0x000000aeab900000,0x000000aeaba00000)]
  0x000001cf849b7800 JavaThread "Unconstrained build operations Thread 52" [_thread_blocked, id=6844, stack(0x000000aeaba00000,0x000000aeabb00000)]
  0x000001cf849b2000 JavaThread "Unconstrained build operations Thread 53" [_thread_blocked, id=7988, stack(0x000000aeabb00000,0x000000aeabc00000)]
  0x000001cf849b7000 JavaThread "Unconstrained build operations Thread 54" [_thread_blocked, id=3692, stack(0x000000aeabc00000,0x000000aeabd00000)]
  0x000001cf849b3800 JavaThread "Unconstrained build operations Thread 55" [_thread_blocked, id=13872, stack(0x000000aeabd00000,0x000000aeabe00000)]
  0x000001cf849b8800 JavaThread "Unconstrained build operations Thread 56" [_thread_blocked, id=2128, stack(0x000000aeabe00000,0x000000aeabf00000)]
  0x000001cf849b2800 JavaThread "Unconstrained build operations Thread 57" [_thread_blocked, id=9144, stack(0x000000aeabf00000,0x000000aeac000000)]
  0x000001cf849ba000 JavaThread "Unconstrained build operations Thread 58" [_thread_blocked, id=9684, stack(0x000000aeac000000,0x000000aeac100000)]
  0x000001cf849bb800 JavaThread "Unconstrained build operations Thread 59" [_thread_blocked, id=4608, stack(0x000000aeac100000,0x000000aeac200000)]
  0x000001cf849bd800 JavaThread "Unconstrained build operations Thread 60" [_thread_blocked, id=9236, stack(0x000000aeac200000,0x000000aeac300000)]
  0x000001cf849bf000 JavaThread "Unconstrained build operations Thread 61" [_thread_blocked, id=9392, stack(0x000000aeac300000,0x000000aeac400000)]
  0x000001cf849be000 JavaThread "Unconstrained build operations Thread 62" [_thread_blocked, id=13508, stack(0x000000aeac400000,0x000000aeac500000)]
  0x000001cf849b9800 JavaThread "Unconstrained build operations Thread 63" [_thread_blocked, id=10928, stack(0x000000aeac500000,0x000000aeac600000)]
  0x000001cf849bb000 JavaThread "Unconstrained build operations Thread 64" [_thread_blocked, id=14216, stack(0x000000aeac600000,0x000000aeac700000)]
  0x000001cf849bc800 JavaThread "Unconstrained build operations Thread 65" [_thread_blocked, id=13860, stack(0x000000aeac700000,0x000000aeac800000)]
  0x000001cf86abc800 JavaThread "Unconstrained build operations Thread 66" [_thread_blocked, id=6252, stack(0x000000aeac800000,0x000000aeac900000)]
  0x000001cf86ab8800 JavaThread "Unconstrained build operations Thread 67" [_thread_blocked, id=1072, stack(0x000000aeac900000,0x000000aeaca00000)]
  0x000001cf86abd000 JavaThread "Unconstrained build operations Thread 68" [_thread_blocked, id=7080, stack(0x000000aeaca00000,0x000000aeacb00000)]
  0x000001cf86ab7800 JavaThread "Unconstrained build operations Thread 69" [_thread_blocked, id=10408, stack(0x000000aeacb00000,0x000000aeacc00000)]
  0x000001cf86abe000 JavaThread "Unconstrained build operations Thread 70" [_thread_blocked, id=13948, stack(0x000000aeacc00000,0x000000aeacd00000)]
  0x000001cf86abf000 JavaThread "Unconstrained build operations Thread 71" [_thread_blocked, id=7516, stack(0x000000aeacd00000,0x000000aeace00000)]
  0x000001cf86ab9000 JavaThread "Unconstrained build operations Thread 72" [_thread_blocked, id=9084, stack(0x000000aeace00000,0x000000aeacf00000)]
  0x000001cf86abf800 JavaThread "Unconstrained build operations Thread 73" [_thread_blocked, id=13632, stack(0x000000aeacf00000,0x000000aead000000)]
  0x000001cf86aba000 JavaThread "Unconstrained build operations Thread 74" [_thread_blocked, id=6964, stack(0x000000aead000000,0x000000aead100000)]
  0x000001cf86abb800 JavaThread "Unconstrained build operations Thread 75" [_thread_blocked, id=14044, stack(0x000000aead100000,0x000000aead200000)]
  0x000001cf86ac0800 JavaThread "Unconstrained build operations Thread 76" [_thread_blocked, id=6700, stack(0x000000aead200000,0x000000aead300000)]
  0x000001cf86aba800 JavaThread "Unconstrained build operations Thread 77" [_thread_blocked, id=2208, stack(0x000000aead300000,0x000000aead400000)]
  0x000001cf86ac1800 JavaThread "Unconstrained build operations Thread 78" [_thread_blocked, id=9100, stack(0x000000aead400000,0x000000aead500000)]
  0x000001cf86ac3000 JavaThread "Unconstrained build operations Thread 79" [_thread_blocked, id=13324, stack(0x000000aead500000,0x000000aead600000)]
  0x000001cf86ac3800 JavaThread "Unconstrained build operations Thread 80" [_thread_blocked, id=11812, stack(0x000000aead600000,0x000000aead700000)]
  0x000001cf86ac5800 JavaThread "jar transforms Thread 4" [_thread_blocked, id=12880, stack(0x000000aead700000,0x000000aead800000)]
  0x000001cf86ac6000 JavaThread "jar transforms Thread 5" [_thread_blocked, id=10008, stack(0x000000aead800000,0x000000aead900000)]
  0x000001cf86ac4800 JavaThread "jar transforms Thread 6" [_thread_blocked, id=13660, stack(0x000000aead900000,0x000000aeada00000)]
  0x000001cf86ac2000 JavaThread "jar transforms Thread 7" [_thread_blocked, id=13868, stack(0x000000aeada00000,0x000000aeadb00000)]
  0x000001cf86333000 JavaThread "jar transforms Thread 8" [_thread_blocked, id=13468, stack(0x000000aeadb00000,0x000000aeadc00000)]
  0x000001cf86330800 JavaThread "Memory manager" [_thread_blocked, id=2588, stack(0x000000aeadc00000,0x000000aeadd00000)]

Other Threads:
=>0x000001cfff04e000 VMThread "VM Thread" [stack: 0x000000aea5800000,0x000000aea5900000] [id=8232]
  0x000001cfffb4e000 WatcherThread [stack: 0x000000aea6200000,0x000000aea6300000] [id=2720]
  0x000001cfe63f3800 GCTaskThread "GC Thread#0" [stack: 0x000000aea5300000,0x000000aea5400000] [id=9880]
  0x000001cf82a35800 GCTaskThread "GC Thread#1" [stack: 0x000000aea6400000,0x000000aea6500000] [id=14232]
  0x000001cf829b0800 GCTaskThread "GC Thread#2" [stack: 0x000000aea6500000,0x000000aea6600000] [id=2140]
  0x000001cf82870800 GCTaskThread "GC Thread#3" [stack: 0x000000aea7000000,0x000000aea7100000] [id=12984]
  0x000001cf8267e000 GCTaskThread "GC Thread#4" [stack: 0x000000aea7100000,0x000000aea7200000] [id=8436]
  0x000001cf825f7800 GCTaskThread "GC Thread#5" [stack: 0x000000aea7200000,0x000000aea7300000] [id=11924]
  0x000001cf82e7d800 GCTaskThread "GC Thread#6" [stack: 0x000000aea7300000,0x000000aea7400000] [id=10720]
  0x000001cf8389f000 GCTaskThread "GC Thread#7" [stack: 0x000000aea7400000,0x000000aea7500000] [id=13108]
  0x000001cfe6426000 ConcurrentGCThread "G1 Main Marker" [stack: 0x000000aea5400000,0x000000aea5500000] [id=13408]
  0x000001cfe6427000 ConcurrentGCThread "G1 Conc#0" [stack: 0x000000aea5500000,0x000000aea5600000] [id=13192]
  0x000001cf8412c800 ConcurrentGCThread "G1 Conc#1" [stack: 0x000000aea7800000,0x000000aea7900000] [id=10180]
  0x000001cfe64b8000 ConcurrentGCThread "G1 Refine#0" [stack: 0x000000aea5600000,0x000000aea5700000] [id=6132]
  0x000001cffeea0800 ConcurrentGCThread "G1 Young RemSet Sampling" [stack: 0x000000aea5700000,0x000000aea5800000] [id=8424]

Threads with active compile tasks:
C2 CompilerThread0  11679 6770 %     4       java.lang.PublicMethods$MethodList::merge @ 2 (25 bytes)
C2 CompilerThread1  11679 6769       4       java.lang.Class::getMethod (59 bytes)
C2 CompilerThread2  11679 6741       4       java.lang.Class::getMethodsRecursive (99 bytes)

VM state:at safepoint (normal execution)

VM Mutex/Monitor currently owned by a thread:  ([mutex/lock_event])
[0x000001cfe63d6370] Threads_lock - owner thread: 0x000001cfff04e000
[0x000001cfe63d6d90] Heap_lock - owner thread: 0x000001cf833ce000

Heap address: 0x0000000080000000, size: 2048 MB, Compressed Oops mode: 32-bit
Narrow klass base: 0x0000000000000000, Narrow klass shift: 3
Compressed class space size: 1073741824 Address: 0x0000000100000000

Heap:
 garbage-first heap   total 189440K, used 61701K [0x0000000080000000, 0x0000000100000000)
  region size 1024K, 4 young (4096K), 4 survivors (4096K)
 Metaspace       used 67509K, capacity 69122K, committed 69292K, reserved 1110016K
  class space    used 8593K, capacity 9162K, committed 9216K, reserved 1048576K
Heap Regions: E=young(eden), S=young(survivor), O=old, HS=humongous(starts), HC=humongous(continues), CS=collection set, F=free, A=archive, TAMS=top-at-mark-start (previous, next)
|   0|0x0000000080000000, 0x0000000080100000, 0x0000000080100000|100%| O|  |TAMS 0x0000000080100000, 0x0000000080000000| Untracked 
|   1|0x0000000080100000, 0x0000000080200000, 0x0000000080200000|100%| O|  |TAMS 0x0000000080200000, 0x0000000080100000| Untracked 
|   2|0x0000000080200000, 0x0000000080300000, 0x0000000080300000|100%| O|  |TAMS 0x0000000080300000, 0x0000000080200000| Untracked 
|   3|0x0000000080300000, 0x0000000080400000, 0x0000000080400000|100%|HS|  |TAMS 0x0000000080400000, 0x0000000080300000| Complete 
|   4|0x0000000080400000, 0x0000000080500000, 0x0000000080500000|100%|HC|  |TAMS 0x0000000080500000, 0x0000000080400000| Complete 
|   5|0x0000000080500000, 0x0000000080600000, 0x0000000080600000|100%|HC|  |TAMS 0x0000000080600000, 0x0000000080500000| Complete 
|   6|0x0000000080600000, 0x0000000080700000, 0x0000000080700000|100%| O|  |TAMS 0x0000000080700000, 0x0000000080600000| Untracked 
|   7|0x0000000080700000, 0x0000000080800000, 0x0000000080800000|100%| O|  |TAMS 0x0000000080800000, 0x0000000080700000| Untracked 
|   8|0x0000000080800000, 0x0000000080900000, 0x0000000080900000|100%| O|  |TAMS 0x0000000080900000, 0x0000000080800000| Untracked 
|   9|0x0000000080900000, 0x0000000080a00000, 0x0000000080a00000|100%| O|  |TAMS 0x0000000080a00000, 0x0000000080900000| Untracked 
|  10|0x0000000080a00000, 0x0000000080b00000, 0x0000000080b00000|100%| O|  |TAMS 0x0000000080b00000, 0x0000000080a00000| Untracked 
|  11|0x0000000080b00000, 0x0000000080c00000, 0x0000000080c00000|100%| O|  |TAMS 0x0000000080c00000, 0x0000000080b00000| Untracked 
|  12|0x0000000080c00000, 0x0000000080d00000, 0x0000000080d00000|100%| O|  |TAMS 0x0000000080d00000, 0x0000000080c00000| Untracked 
|  13|0x0000000080d00000, 0x0000000080e00000, 0x0000000080e00000|100%| O|  |TAMS 0x0000000080e00000, 0x0000000080d00000| Untracked 
|  14|0x0000000080e00000, 0x0000000080f00000, 0x0000000080f00000|100%| O|  |TAMS 0x0000000080f00000, 0x0000000080e00000| Untracked 
|  15|0x0000000080f00000, 0x0000000081000000, 0x0000000081000000|100%| O|  |TAMS 0x0000000081000000, 0x0000000080f00000| Untracked 
|  16|0x0000000081000000, 0x0000000081100000, 0x0000000081100000|100%| O|  |TAMS 0x0000000081100000, 0x0000000081000000| Untracked 
|  17|0x0000000081100000, 0x0000000081200000, 0x0000000081200000|100%|HS|  |TAMS 0x0000000081200000, 0x0000000081100000| Complete 
|  18|0x0000000081200000, 0x0000000081300000, 0x0000000081300000|100%| O|  |TAMS 0x0000000081300000, 0x0000000081200000| Untracked 
|  19|0x0000000081300000, 0x0000000081400000, 0x0000000081400000|100%| O|  |TAMS 0x0000000081400000, 0x0000000081300000| Untracked 
|  20|0x0000000081400000, 0x0000000081500000, 0x0000000081500000|100%| O|  |TAMS 0x0000000081500000, 0x0000000081400000| Untracked 
|  21|0x0000000081500000, 0x0000000081600000, 0x0000000081600000|100%| O|  |TAMS 0x0000000081600000, 0x0000000081500000| Untracked 
|  22|0x0000000081600000, 0x0000000081700000, 0x0000000081700000|100%| O|  |TAMS 0x0000000081700000, 0x0000000081600000| Untracked 
|  23|0x0000000081700000, 0x0000000081800000, 0x0000000081800000|100%|HS|  |TAMS 0x0000000081800000, 0x0000000081700000| Complete 
|  24|0x0000000081800000, 0x0000000081900000, 0x0000000081900000|100%|HS|  |TAMS 0x0000000081900000, 0x0000000081800000| Complete 
|  25|0x0000000081900000, 0x0000000081a00000, 0x0000000081a00000|100%|HS|  |TAMS 0x0000000081a00000, 0x0000000081900000| Complete 
|  26|0x0000000081a00000, 0x0000000081b00000, 0x0000000081b00000|100%|HS|  |TAMS 0x0000000081b00000, 0x0000000081a00000| Complete 
|  27|0x0000000081b00000, 0x0000000081c00000, 0x0000000081c00000|100%|HC|  |TAMS 0x0000000081c00000, 0x0000000081b00000| Complete 
|  28|0x0000000081c00000, 0x0000000081d00000, 0x0000000081d00000|100%|HC|  |TAMS 0x0000000081d00000, 0x0000000081c00000| Complete 
|  29|0x0000000081d00000, 0x0000000081e00000, 0x0000000081e00000|100%|HS|  |TAMS 0x0000000081e00000, 0x0000000081d00000| Complete 
|  30|0x0000000081e00000, 0x0000000081f00000, 0x0000000081f00000|100%|HC|  |TAMS 0x0000000081f00000, 0x0000000081e00000| Complete 
|  31|0x0000000081f00000, 0x0000000082000000, 0x0000000082000000|100%| O|  |TAMS 0x0000000082000000, 0x0000000081f00000| Untracked 
|  32|0x0000000082000000, 0x0000000082100000, 0x0000000082100000|100%| O|  |TAMS 0x0000000082100000, 0x0000000082000000| Untracked 
|  33|0x0000000082100000, 0x0000000082200000, 0x0000000082200000|100%| O|  |TAMS 0x0000000082200000, 0x0000000082100000| Untracked 
|  34|0x0000000082200000, 0x0000000082300000, 0x0000000082300000|100%| O|  |TAMS 0x0000000082300000, 0x0000000082200000| Untracked 
|  35|0x0000000082300000, 0x0000000082400000, 0x0000000082400000|100%| O|  |TAMS 0x0000000082400000, 0x0000000082300000| Untracked 
|  36|0x0000000082400000, 0x0000000082500000, 0x0000000082500000|100%| O|  |TAMS 0x0000000082500000, 0x0000000082400000| Untracked 
|  37|0x0000000082500000, 0x0000000082600000, 0x0000000082600000|100%| O|  |TAMS 0x0000000082600000, 0x0000000082500000| Untracked 
|  38|0x0000000082600000, 0x0000000082700000, 0x0000000082700000|100%| O|  |TAMS 0x0000000082700000, 0x0000000082600000| Untracked 
|  39|0x0000000082700000, 0x0000000082800000, 0x0000000082800000|100%| O|  |TAMS 0x0000000082800000, 0x0000000082700000| Untracked 
|  40|0x0000000082800000, 0x0000000082900000, 0x0000000082900000|100%| O|  |TAMS 0x0000000082900000, 0x0000000082800000| Untracked 
|  41|0x0000000082900000, 0x0000000082a00000, 0x0000000082a00000|100%| O|  |TAMS 0x0000000082a00000, 0x0000000082900000| Untracked 
|  42|0x0000000082a00000, 0x0000000082b00000, 0x0000000082b00000|100%| O|  |TAMS 0x0000000082b00000, 0x0000000082a00000| Untracked 
|  43|0x0000000082b00000, 0x0000000082c00000, 0x0000000082c00000|100%| O|  |TAMS 0x0000000082c00000, 0x0000000082b00000| Untracked 
|  44|0x0000000082c00000, 0x0000000082d00000, 0x0000000082d00000|100%| O|  |TAMS 0x0000000082d00000, 0x0000000082c00000| Untracked 
|  45|0x0000000082d00000, 0x0000000082e00000, 0x0000000082e00000|100%| O|  |TAMS 0x0000000082e00000, 0x0000000082d00000| Untracked 
|  46|0x0000000082e00000, 0x0000000082f00000, 0x0000000082f00000|100%| O|  |TAMS 0x0000000082f00000, 0x0000000082e00000| Untracked 
|  47|0x0000000082f00000, 0x0000000083000000, 0x0000000083000000|100%| O|  |TAMS 0x0000000083000000, 0x0000000082f00000| Untracked 
|  48|0x0000000083000000, 0x0000000083100000, 0x0000000083100000|100%| O|  |TAMS 0x0000000083100000, 0x0000000083000000| Untracked 
|  49|0x0000000083100000, 0x0000000083200000, 0x0000000083200000|100%| O|  |TAMS 0x0000000083180400, 0x0000000083100000| Untracked 
|  50|0x0000000083200000, 0x0000000083200000, 0x0000000083300000|  0%| F|  |TAMS 0x0000000083200000, 0x0000000083200000| Untracked 
|  51|0x0000000083300000, 0x0000000083400000, 0x0000000083400000|100%| O|  |TAMS 0x0000000083300000, 0x0000000083300000| Untracked 
|  52|0x0000000083400000, 0x0000000083500000, 0x0000000083500000|100%| O|  |TAMS 0x0000000083400000, 0x0000000083400000| Untracked 
|  53|0x0000000083500000, 0x0000000083600000, 0x0000000083600000|100%| O|  |TAMS 0x0000000083500000, 0x0000000083500000| Untracked 
|  54|0x0000000083600000, 0x0000000083700000, 0x0000000083700000|100%| O|  |TAMS 0x0000000083600000, 0x0000000083600000| Untracked 
|  55|0x0000000083700000, 0x0000000083800000, 0x0000000083800000|100%| O|  |TAMS 0x0000000083700000, 0x0000000083700000| Untracked 
|  56|0x0000000083800000, 0x0000000083900000, 0x0000000083900000|100%| O|  |TAMS 0x0000000083800000, 0x0000000083800000| Untracked 
|  57|0x0000000083900000, 0x0000000083986400, 0x0000000083a00000| 52%| O|  |TAMS 0x0000000083900000, 0x0000000083900000| Untracked 
|  58|0x0000000083a00000, 0x0000000083a00000, 0x0000000083b00000|  0%| F|  |TAMS 0x0000000083a00000, 0x0000000083a00000| Untracked 
|  59|0x0000000083b00000, 0x0000000083b00000, 0x0000000083c00000|  0%| F|  |TAMS 0x0000000083b00000, 0x0000000083b00000| Untracked 
|  60|0x0000000083c00000, 0x0000000083c00000, 0x0000000083d00000|  0%| F|  |TAMS 0x0000000083c00000, 0x0000000083c00000| Untracked 
|  61|0x0000000083d00000, 0x0000000083d00000, 0x0000000083e00000|  0%| F|  |TAMS 0x0000000083d00000, 0x0000000083d00000| Untracked 
|  62|0x0000000083e00000, 0x0000000083e00000, 0x0000000083f00000|  0%| F|  |TAMS 0x0000000083e00000, 0x0000000083e00000| Untracked 
|  63|0x0000000083f00000, 0x0000000083f00000, 0x0000000084000000|  0%| F|  |TAMS 0x0000000083f00000, 0x0000000083f00000| Untracked 
|  64|0x0000000084000000, 0x0000000084000000, 0x0000000084100000|  0%| F|  |TAMS 0x0000000084000000, 0x0000000084000000| Untracked 
|  65|0x0000000084100000, 0x0000000084100000, 0x0000000084200000|  0%| F|  |TAMS 0x0000000084100000, 0x0000000084100000| Untracked 
|  66|0x0000000084200000, 0x0000000084200000, 0x0000000084300000|  0%| F|  |TAMS 0x0000000084200000, 0x0000000084200000| Untracked 
|  67|0x0000000084300000, 0x0000000084300000, 0x0000000084400000|  0%| F|  |TAMS 0x0000000084300000, 0x0000000084300000| Untracked 
|  68|0x0000000084400000, 0x0000000084400000, 0x0000000084500000|  0%| F|  |TAMS 0x0000000084400000, 0x0000000084400000| Untracked 
|  69|0x0000000084500000, 0x0000000084500000, 0x0000000084600000|  0%| F|  |TAMS 0x0000000084500000, 0x0000000084500000| Untracked 
|  70|0x0000000084600000, 0x0000000084600000, 0x0000000084700000|  0%| F|  |TAMS 0x0000000084600000, 0x0000000084600000| Untracked 
|  71|0x0000000084700000, 0x0000000084700000, 0x0000000084800000|  0%| F|  |TAMS 0x0000000084700000, 0x0000000084700000| Untracked 
|  72|0x0000000084800000, 0x0000000084800000, 0x0000000084900000|  0%| F|  |TAMS 0x0000000084800000, 0x0000000084800000| Untracked 
|  73|0x0000000084900000, 0x0000000084900000, 0x0000000084a00000|  0%| F|  |TAMS 0x0000000084900000, 0x0000000084900000| Untracked 
|  74|0x0000000084a00000, 0x0000000084a00000, 0x0000000084b00000|  0%| F|  |TAMS 0x0000000084a00000, 0x0000000084a00000| Untracked 
|  75|0x0000000084b00000, 0x0000000084b00000, 0x0000000084c00000|  0%| F|  |TAMS 0x0000000084b00000, 0x0000000084b00000| Untracked 
|  76|0x0000000084c00000, 0x0000000084c00000, 0x0000000084d00000|  0%| F|  |TAMS 0x0000000084c00000, 0x0000000084c00000| Untracked 
|  77|0x0000000084d00000, 0x0000000084d00000, 0x0000000084e00000|  0%| F|  |TAMS 0x0000000084d00000, 0x0000000084d00000| Untracked 
|  78|0x0000000084e00000, 0x0000000084e00000, 0x0000000084f00000|  0%| F|  |TAMS 0x0000000084e00000, 0x0000000084e00000| Untracked 
|  79|0x0000000084f00000, 0x0000000084f00000, 0x0000000085000000|  0%| F|  |TAMS 0x0000000084f00000, 0x0000000084f00000| Untracked 
|  80|0x0000000085000000, 0x0000000085000000, 0x0000000085100000|  0%| F|  |TAMS 0x0000000085000000, 0x0000000085000000| Untracked 
|  81|0x0000000085100000, 0x0000000085100000, 0x0000000085200000|  0%| F|  |TAMS 0x0000000085100000, 0x0000000085100000| Untracked 
|  82|0x0000000085200000, 0x0000000085200000, 0x0000000085300000|  0%| F|  |TAMS 0x0000000085200000, 0x0000000085200000| Untracked 
|  83|0x0000000085300000, 0x0000000085300000, 0x0000000085400000|  0%| F|  |TAMS 0x0000000085300000, 0x0000000085300000| Untracked 
|  84|0x0000000085400000, 0x0000000085400000, 0x0000000085500000|  0%| F|  |TAMS 0x0000000085400000, 0x0000000085400000| Untracked 
|  85|0x0000000085500000, 0x0000000085500000, 0x0000000085600000|  0%| F|  |TAMS 0x0000000085500000, 0x0000000085500000| Untracked 
|  86|0x0000000085600000, 0x0000000085600000, 0x0000000085700000|  0%| F|  |TAMS 0x0000000085600000, 0x0000000085600000| Untracked 
|  87|0x0000000085700000, 0x0000000085700000, 0x0000000085800000|  0%| F|  |TAMS 0x0000000085700000, 0x0000000085700000| Untracked 
|  88|0x0000000085800000, 0x0000000085800000, 0x0000000085900000|  0%| F|  |TAMS 0x0000000085800000, 0x0000000085800000| Untracked 
|  89|0x0000000085900000, 0x0000000085900000, 0x0000000085a00000|  0%| F|  |TAMS 0x0000000085900000, 0x0000000085900000| Untracked 
|  90|0x0000000085a00000, 0x0000000085a00000, 0x0000000085b00000|  0%| F|  |TAMS 0x0000000085a00000, 0x0000000085a00000| Untracked 
|  91|0x0000000085b00000, 0x0000000085b00000, 0x0000000085c00000|  0%| F|  |TAMS 0x0000000085b00000, 0x0000000085b00000| Untracked 
|  92|0x0000000085c00000, 0x0000000085c00000, 0x0000000085d00000|  0%| F|  |TAMS 0x0000000085c00000, 0x0000000085c00000| Untracked 
|  93|0x0000000085d00000, 0x0000000085d00000, 0x0000000085e00000|  0%| F|  |TAMS 0x0000000085d00000, 0x0000000085d00000| Untracked 
|  94|0x0000000085e00000, 0x0000000085e00000, 0x0000000085f00000|  0%| F|  |TAMS 0x0000000085e00000, 0x0000000085e00000| Untracked 
|  95|0x0000000085f00000, 0x0000000085f00000, 0x0000000086000000|  0%| F|  |TAMS 0x0000000085f00000, 0x0000000085f00000| Untracked 
|  96|0x0000000086000000, 0x0000000086000000, 0x0000000086100000|  0%| F|  |TAMS 0x0000000086000000, 0x0000000086000000| Untracked 
|  97|0x0000000086100000, 0x00000000861bb0d0, 0x0000000086200000| 73%| S|CS|TAMS 0x0000000086100000, 0x0000000086100000| Complete 
|  98|0x0000000086200000, 0x0000000086300000, 0x0000000086300000|100%| S|CS|TAMS 0x0000000086200000, 0x0000000086200000| Complete 
|  99|0x0000000086300000, 0x0000000086400000, 0x0000000086400000|100%| S|CS|TAMS 0x0000000086300000, 0x0000000086300000| Complete 
| 100|0x0000000086400000, 0x0000000086500000, 0x0000000086500000|100%| S|CS|TAMS 0x0000000086400000, 0x0000000086400000| Complete 
| 101|0x0000000086500000, 0x0000000086500000, 0x0000000086600000|  0%| F|  |TAMS 0x0000000086500000, 0x0000000086500000| Untracked 
| 102|0x0000000086600000, 0x0000000086600000, 0x0000000086700000|  0%| F|  |TAMS 0x0000000086600000, 0x0000000086600000| Untracked 
| 103|0x0000000086700000, 0x0000000086700000, 0x0000000086800000|  0%| F|  |TAMS 0x0000000086700000, 0x0000000086700000| Untracked 
| 104|0x0000000086800000, 0x0000000086800000, 0x0000000086900000|  0%| F|  |TAMS 0x0000000086800000, 0x0000000086800000| Untracked 
| 105|0x0000000086900000, 0x0000000086900000, 0x0000000086a00000|  0%| F|  |TAMS 0x0000000086900000, 0x0000000086900000| Untracked 
| 106|0x0000000086a00000, 0x0000000086a00000, 0x0000000086b00000|  0%| F|  |TAMS 0x0000000086a00000, 0x0000000086a00000| Untracked 
| 107|0x0000000086b00000, 0x0000000086b00000, 0x0000000086c00000|  0%| F|  |TAMS 0x0000000086b00000, 0x0000000086b00000| Untracked 
| 108|0x0000000086c00000, 0x0000000086c00000, 0x0000000086d00000|  0%| F|  |TAMS 0x0000000086c00000, 0x0000000086c00000| Untracked 
| 109|0x0000000086d00000, 0x0000000086d00000, 0x0000000086e00000|  0%| F|  |TAMS 0x0000000086d00000, 0x0000000086d00000| Untracked 
| 110|0x0000000086e00000, 0x0000000086e00000, 0x0000000086f00000|  0%| F|  |TAMS 0x0000000086e00000, 0x0000000086e00000| Untracked 
| 111|0x0000000086f00000, 0x0000000086f00000, 0x0000000087000000|  0%| F|  |TAMS 0x0000000086f00000, 0x0000000086f00000| Untracked 
| 112|0x0000000087000000, 0x0000000087000000, 0x0000000087100000|  0%| F|  |TAMS 0x0000000087000000, 0x0000000087000000| Untracked 
| 113|0x0000000087100000, 0x0000000087100000, 0x0000000087200000|  0%| F|  |TAMS 0x0000000087100000, 0x0000000087100000| Untracked 
| 114|0x0000000087200000, 0x0000000087200000, 0x0000000087300000|  0%| F|  |TAMS 0x0000000087200000, 0x0000000087200000| Untracked 
| 115|0x0000000087300000, 0x0000000087300000, 0x0000000087400000|  0%| F|  |TAMS 0x0000000087300000, 0x0000000087300000| Untracked 
| 116|0x0000000087400000, 0x0000000087400000, 0x0000000087500000|  0%| F|  |TAMS 0x0000000087400000, 0x0000000087400000| Untracked 
| 117|0x0000000087500000, 0x0000000087500000, 0x0000000087600000|  0%| F|  |TAMS 0x0000000087500000, 0x0000000087500000| Untracked 
| 118|0x0000000087600000, 0x0000000087600000, 0x0000000087700000|  0%| F|  |TAMS 0x0000000087600000, 0x0000000087600000| Untracked 
| 119|0x0000000087700000, 0x0000000087700000, 0x0000000087800000|  0%| F|  |TAMS 0x0000000087700000, 0x0000000087700000| Untracked 
| 120|0x0000000087800000, 0x0000000087800000, 0x0000000087900000|  0%| F|  |TAMS 0x0000000087800000, 0x0000000087800000| Untracked 
| 121|0x0000000087900000, 0x0000000087900000, 0x0000000087a00000|  0%| F|  |TAMS 0x0000000087900000, 0x0000000087900000| Untracked 
| 122|0x0000000087a00000, 0x0000000087a00000, 0x0000000087b00000|  0%| F|  |TAMS 0x0000000087a00000, 0x0000000087a00000| Untracked 
| 123|0x0000000087b00000, 0x0000000087b00000, 0x0000000087c00000|  0%| F|  |TAMS 0x0000000087b00000, 0x0000000087b00000| Untracked 
| 124|0x0000000087c00000, 0x0000000087c00000, 0x0000000087d00000|  0%| F|  |TAMS 0x0000000087c00000, 0x0000000087c00000| Untracked 
| 125|0x0000000087d00000, 0x0000000087d00000, 0x0000000087e00000|  0%| F|  |TAMS 0x0000000087d00000, 0x0000000087d00000| Untracked 
| 126|0x0000000087e00000, 0x0000000087e00000, 0x0000000087f00000|  0%| F|  |TAMS 0x0000000087e00000, 0x0000000087e00000| Untracked 
| 127|0x0000000087f00000, 0x0000000087f00000, 0x0000000088000000|  0%| F|  |TAMS 0x0000000087f00000, 0x0000000087f00000| Untracked 
| 128|0x0000000088000000, 0x0000000088000000, 0x0000000088100000|  0%| F|  |TAMS 0x0000000088000000, 0x0000000088000000| Untracked 
| 129|0x0000000088100000, 0x0000000088100000, 0x0000000088200000|  0%| F|  |TAMS 0x0000000088100000, 0x0000000088100000| Untracked 
| 130|0x0000000088200000, 0x0000000088200000, 0x0000000088300000|  0%| F|  |TAMS 0x0000000088200000, 0x0000000088200000| Untracked 
| 131|0x0000000088300000, 0x0000000088300000, 0x0000000088400000|  0%| F|  |TAMS 0x0000000088300000, 0x0000000088300000| Untracked 
| 132|0x0000000088400000, 0x0000000088400000, 0x0000000088500000|  0%| F|  |TAMS 0x0000000088400000, 0x0000000088400000| Untracked 
| 133|0x0000000088500000, 0x0000000088500000, 0x0000000088600000|  0%| F|  |TAMS 0x0000000088500000, 0x0000000088500000| Untracked 
| 134|0x0000000088600000, 0x0000000088600000, 0x0000000088700000|  0%| F|  |TAMS 0x0000000088600000, 0x0000000088600000| Untracked 
| 135|0x0000000088700000, 0x0000000088700000, 0x0000000088800000|  0%| F|  |TAMS 0x0000000088700000, 0x0000000088700000| Untracked 
| 136|0x0000000088800000, 0x0000000088800000, 0x0000000088900000|  0%| F|  |TAMS 0x0000000088800000, 0x0000000088800000| Untracked 
| 137|0x0000000088900000, 0x0000000088900000, 0x0000000088a00000|  0%| F|  |TAMS 0x0000000088900000, 0x0000000088900000| Untracked 
| 138|0x0000000088a00000, 0x0000000088a00000, 0x0000000088b00000|  0%| F|  |TAMS 0x0000000088a00000, 0x0000000088a00000| Untracked 
| 139|0x0000000088b00000, 0x0000000088b00000, 0x0000000088c00000|  0%| F|  |TAMS 0x0000000088b00000, 0x0000000088b00000| Untracked 
| 140|0x0000000088c00000, 0x0000000088c00000, 0x0000000088d00000|  0%| F|  |TAMS 0x0000000088c00000, 0x0000000088c00000| Untracked 
| 141|0x0000000088d00000, 0x0000000088d00000, 0x0000000088e00000|  0%| F|  |TAMS 0x0000000088d00000, 0x0000000088d00000| Untracked 
| 142|0x0000000088e00000, 0x0000000088e00000, 0x0000000088f00000|  0%| F|  |TAMS 0x0000000088e00000, 0x0000000088e00000| Untracked 
| 143|0x0000000088f00000, 0x0000000088f00000, 0x0000000089000000|  0%| F|  |TAMS 0x0000000088f00000, 0x0000000088f00000| Untracked 
| 144|0x0000000089000000, 0x0000000089000000, 0x0000000089100000|  0%| F|  |TAMS 0x0000000089000000, 0x0000000089000000| Untracked 
| 145|0x0000000089100000, 0x0000000089100000, 0x0000000089200000|  0%| F|  |TAMS 0x0000000089100000, 0x0000000089100000| Untracked 
| 146|0x0000000089200000, 0x0000000089200000, 0x0000000089300000|  0%| F|  |TAMS 0x0000000089200000, 0x0000000089200000| Untracked 
| 147|0x0000000089300000, 0x0000000089300000, 0x0000000089400000|  0%| F|  |TAMS 0x0000000089300000, 0x0000000089300000| Untracked 
| 148|0x0000000089400000, 0x0000000089400000, 0x0000000089500000|  0%| F|  |TAMS 0x0000000089400000, 0x0000000089400000| Untracked 
| 149|0x0000000089500000, 0x0000000089500000, 0x0000000089600000|  0%| F|  |TAMS 0x0000000089500000, 0x0000000089500000| Untracked 
| 150|0x0000000089600000, 0x0000000089600000, 0x0000000089700000|  0%| F|  |TAMS 0x0000000089600000, 0x0000000089600000| Untracked 
| 151|0x0000000089700000, 0x0000000089700000, 0x0000000089800000|  0%| F|  |TAMS 0x0000000089700000, 0x0000000089700000| Untracked 
| 152|0x0000000089800000, 0x0000000089800000, 0x0000000089900000|  0%| F|  |TAMS 0x0000000089800000, 0x0000000089800000| Untracked 
| 153|0x0000000089900000, 0x0000000089900000, 0x0000000089a00000|  0%| F|  |TAMS 0x0000000089900000, 0x0000000089900000| Untracked 

Card table byte_map: [0x000001cff9d80000,0x000001cffa180000] _byte_map_base: 0x000001cff9980000

Marking Bits (Prev, Next): (CMBitMap*) 0x000001cfe641d618, (CMBitMap*) 0x000001cfe641d650
 Prev Bits: [0x000001cffa580000, 0x000001cffc580000)
 Next Bits: [0x000001cffc580000, 0x000001cffe580000)

Polling page: 0x000001cfe64c0000

Metaspace:

Usage:
  Non-class:     58.55 MB capacity,    57.53 MB ( 98%) used,   871.84 KB (  1%) free+waste,   172.81 KB ( <1%) overhead. 
      Class:      8.95 MB capacity,     8.39 MB ( 94%) used,   487.88 KB (  5%) free+waste,    80.44 KB ( <1%) overhead. 
       Both:     67.50 MB capacity,    65.93 MB ( 98%) used,     1.33 MB (  2%) free+waste,   253.25 KB ( <1%) overhead. 

Virtual space:
  Non-class space:       60.00 MB reserved,      58.67 MB ( 98%) committed 
      Class space:        1.00 GB reserved,       9.00 MB ( <1%) committed 
             Both:        1.06 GB reserved,      67.67 MB (  6%) committed 

Chunk freelists:
   Non-Class:  52.00 KB
       Class:  22.00 KB
        Both:  74.00 KB

MaxMetaspaceSize: 17179869184.00 GB
CompressedClassSpaceSize: 1.00 GB
Initial GC threshold: 20.80 MB
Current GC threshold: 107.57 MB
CDS: off

CodeHeap 'non-profiled nmethods': size=120000Kb used=4186Kb max_used=4186Kb free=115814Kb
 bounds [0x000001cff19e0000, 0x000001cff1e00000, 0x000001cff8f10000]
CodeHeap 'profiled nmethods': size=120000Kb used=14112Kb max_used=14112Kb free=105887Kb
 bounds [0x000001cfea4b0000, 0x000001cfeb280000, 0x000001cff19e0000]
CodeHeap 'non-nmethods': size=5760Kb used=2347Kb max_used=2403Kb free=3412Kb
 bounds [0x000001cfe9f10000, 0x000001cfea180000, 0x000001cfea4b0000]
 total_blobs=7569 nmethods=6716 adapters=765
 compilation: enabled
              stopped_count=0, restarted_count=0
 full_count=0

Compilation events (20 events):
Event: 11.596 Thread 0x000001cf830c5000 nmethod 6276 0x000001cff1ddda90 code [0x000001cff1dde960, 0x000001cff1de9880]
Event: 11.596 Thread 0x000001cf830c5000 6742       4       java.lang.PublicMethods$MethodList::merge (192 bytes)
Event: 11.608 Thread 0x000001cf830c5000 nmethod 6742 0x000001cff1defc10 code [0x000001cff1defdc0, 0x000001cff1df0338]
Event: 11.608 Thread 0x000001cf830c5000 6756       4       java.beans.FeatureDescriptor::getClass0 (22 bytes)
Event: 11.609 Thread 0x000001cfff071800 nmethod 6663 0x000001cff1df0590 code [0x000001cff1df0960, 0x000001cff1df3a18]
Event: 11.612 Thread 0x000001cfff071800 6755       4       java.beans.MethodRef::get (91 bytes)
Event: 11.612 Thread 0x000001cf830c5000 nmethod 6756 0x000001cff1df4e90 code [0x000001cff1df5020, 0x000001cff1df5118]
Event: 11.612 Thread 0x000001cf830c5000 6720       4       java.util.ArrayList::toArray (57 bytes)
Event: 11.614 Thread 0x000001cfff071800 nmethod 6755 0x000001cff1df5210 code [0x000001cff1df53c0, 0x000001cff1df5518]
Event: 11.616 Thread 0x000001cfff07a800 6765  s    3       java.lang.ClassValue$ClassValueMap::startEntry (106 bytes)
Event: 11.617 Thread 0x000001cfff071800 6767       4       java.util.HashMap$KeySet::iterator (12 bytes)
Event: 11.617 Thread 0x000001cfff07a800 nmethod 6765 0x000001cfeb274b90 code [0x000001cfeb274e60, 0x000001cfeb2761e8]
Event: 11.617 Thread 0x000001cfff07a800 6766  s    3       java.lang.ClassValue$ClassValueMap::finishEntry (117 bytes)
Event: 11.618 Thread 0x000001cf830c5000 nmethod 6720 0x000001cff1df5690 code [0x000001cff1df5840, 0x000001cff1df5c78]
Event: 11.618 Thread 0x000001cf830c5000 6768       4       org.codehaus.groovy.reflection.CachedClass::hashCode (33 bytes)
Event: 11.619 Thread 0x000001cfff07a800 nmethod 6766 0x000001cfeb276690 code [0x000001cfeb276960, 0x000001cfeb277df8]
Event: 11.619 Thread 0x000001cf830c5000 nmethod 6768 0x000001cff1df5e10 code [0x000001cff1df5fc0, 0x000001cff1df6088]
Event: 11.622 Thread 0x000001cf830c5000 6769       4       java.lang.Class::getMethod (59 bytes)
Event: 11.626 Thread 0x000001cfff071800 nmethod 6767 0x000001cff1df6190 code [0x000001cff1df6340, 0x000001cff1df65f8]
Event: 11.626 Thread 0x000001cfff071800 6770 %     4       java.lang.PublicMethods$MethodList::merge @ 2 (25 bytes)

GC Heap History (20 events):
Event: 2.576 GC heap after
{Heap after GC invocations=2 (full 0):
 garbage-first heap   total 131072K, used 16487K [0x0000000080000000, 0x0000000100000000)
  region size 1024K, 10 young (10240K), 10 survivors (10240K)
 Metaspace       used 17625K, capacity 17967K, committed 18176K, reserved 1064960K
  class space    used 2087K, capacity 2209K, committed 2304K, reserved 1048576K
}
Event: 3.011 GC heap before
{Heap before GC invocations=2 (full 0):
 garbage-first heap   total 131072K, used 44135K [0x0000000080000000, 0x0000000100000000)
  region size 1024K, 38 young (38912K), 10 survivors (10240K)
 Metaspace       used 20704K, capacity 21131K, committed 21248K, reserved 1067008K
  class space    used 2549K, capacity 2710K, committed 2816K, reserved 1048576K
}
Event: 3.025 GC heap after
{Heap after GC invocations=3 (full 0):
 garbage-first heap   total 131072K, used 17608K [0x0000000080000000, 0x0000000100000000)
  region size 1024K, 2 young (2048K), 2 survivors (2048K)
 Metaspace       used 20704K, capacity 21131K, committed 21248K, reserved 1067008K
  class space    used 2549K, capacity 2710K, committed 2816K, reserved 1048576K
}
Event: 3.838 GC heap before
{Heap before GC invocations=4 (full 0):
 garbage-first heap   total 131072K, used 70856K [0x0000000080000000, 0x0000000100000000)
  region size 1024K, 55 young (56320K), 2 survivors (2048K)
 Metaspace       used 26514K, capacity 27133K, committed 27264K, reserved 1073152K
  class space    used 3454K, capacity 3657K, committed 3712K, reserved 1048576K
}
Event: 3.844 GC heap after
{Heap after GC invocations=5 (full 0):
 garbage-first heap   total 131072K, used 19490K [0x0000000080000000, 0x0000000100000000)
  region size 1024K, 3 young (3072K), 3 survivors (3072K)
 Metaspace       used 26514K, capacity 27133K, committed 27264K, reserved 1073152K
  class space    used 3454K, capacity 3657K, committed 3712K, reserved 1048576K
}
Event: 4.871 GC heap before
{Heap before GC invocations=5 (full 0):
 garbage-first heap   total 131072K, used 76834K [0x0000000080000000, 0x0000000100000000)
  region size 1024K, 60 young (61440K), 3 survivors (3072K)
 Metaspace       used 34904K, capacity 35718K, committed 35840K, reserved 1081344K
  class space    used 4532K, capacity 4839K, committed 4864K, reserved 1048576K
}
Event: 4.888 GC heap after
{Heap after GC invocations=6 (full 0):
 garbage-first heap   total 131072K, used 22642K [0x0000000080000000, 0x0000000100000000)
  region size 1024K, 6 young (6144K), 6 survivors (6144K)
 Metaspace       used 34904K, capacity 35718K, committed 35840K, reserved 1081344K
  class space    used 4532K, capacity 4839K, committed 4864K, reserved 1048576K
}
Event: 5.884 GC heap before
{Heap before GC invocations=7 (full 0):
 garbage-first heap   total 131072K, used 87154K [0x0000000080000000, 0x0000000100000000)
  region size 1024K, 67 young (68608K), 6 survivors (6144K)
 Metaspace       used 39808K, capacity 40711K, committed 40832K, reserved 1085440K
  class space    used 5106K, capacity 5433K, committed 5504K, reserved 1048576K
}
Event: 5.898 GC heap after
{Heap after GC invocations=8 (full 0):
 garbage-first heap   total 157696K, used 28020K [0x0000000080000000, 0x0000000100000000)
  region size 1024K, 9 young (9216K), 9 survivors (9216K)
 Metaspace       used 39808K, capacity 40711K, committed 40832K, reserved 1085440K
  class space    used 5106K, capacity 5433K, committed 5504K, reserved 1048576K
}
Event: 7.014 GC heap before
{Heap before GC invocations=8 (full 0):
 garbage-first heap   total 157696K, used 99700K [0x0000000080000000, 0x0000000100000000)
  region size 1024K, 79 young (80896K), 9 survivors (9216K)
 Metaspace       used 45975K, capacity 47053K, committed 47360K, reserved 1089536K
  class space    used 5923K, capacity 6324K, committed 6400K, reserved 1048576K
}
Event: 7.027 GC heap after
{Heap after GC invocations=9 (full 0):
 garbage-first heap   total 157696K, used 30720K [0x0000000080000000, 0x0000000100000000)
  region size 1024K, 8 young (8192K), 8 survivors (8192K)
 Metaspace       used 45975K, capacity 47053K, committed 47360K, reserved 1089536K
  class space    used 5923K, capacity 6324K, committed 6400K, reserved 1048576K
}
Event: 8.366 GC heap before
{Heap before GC invocations=9 (full 0):
 garbage-first heap   total 157696K, used 112640K [0x0000000080000000, 0x0000000100000000)
  region size 1024K, 80 young (81920K), 8 survivors (8192K)
 Metaspace       used 48823K, capacity 50132K, committed 50304K, reserved 1093632K
  class space    used 6262K, capacity 6748K, committed 6784K, reserved 1048576K
}
Event: 8.382 GC heap after
{Heap after GC invocations=10 (full 0):
 garbage-first heap   total 157696K, used 50581K [0x0000000080000000, 0x0000000100000000)
  region size 1024K, 10 young (10240K), 10 survivors (10240K)
 Metaspace       used 48823K, capacity 50132K, committed 50304K, reserved 1093632K
  class space    used 6262K, capacity 6748K, committed 6784K, reserved 1048576K
}
Event: 9.548 GC heap before
{Heap before GC invocations=10 (full 0):
 garbage-first heap   total 157696K, used 114069K [0x0000000080000000, 0x0000000100000000)
  region size 1024K, 72 young (73728K), 10 survivors (10240K)
 Metaspace       used 57335K, capacity 58805K, committed 59008K, reserved 1099776K
  class space    used 7280K, capacity 7808K, committed 7808K, reserved 1048576K
}
Event: 9.559 GC heap after
{Heap after GC invocations=11 (full 0):
 garbage-first heap   total 157696K, used 53713K [0x0000000080000000, 0x0000000100000000)
  region size 1024K, 3 young (3072K), 3 survivors (3072K)
 Metaspace       used 57335K, capacity 58805K, committed 59008K, reserved 1099776K
  class space    used 7280K, capacity 7808K, committed 7808K, reserved 1048576K
}
Event: 9.702 GC heap before
{Heap before GC invocations=11 (full 0):
 garbage-first heap   total 157696K, used 60881K [0x0000000080000000, 0x0000000100000000)
  region size 1024K, 11 young (11264K), 3 survivors (3072K)
 Metaspace       used 58248K, capacity 59749K, committed 59948K, reserved 1101824K
  class space    used 7426K, capacity 7954K, committed 8064K, reserved 1048576K
}
Event: 9.709 GC heap after
{Heap after GC invocations=12 (full 0):
 garbage-first heap   total 157696K, used 53686K [0x0000000080000000, 0x0000000100000000)
  region size 1024K, 3 young (3072K), 3 survivors (3072K)
 Metaspace       used 58248K, capacity 59749K, committed 59948K, reserved 1101824K
  class space    used 7426K, capacity 7954K, committed 8064K, reserved 1048576K
}
Event: 10.704 GC heap before
{Heap before GC invocations=13 (full 0):
 garbage-first heap   total 157696K, used 107958K [0x0000000080000000, 0x0000000100000000)
  region size 1024K, 57 young (58368K), 3 survivors (3072K)
 Metaspace       used 63962K, capacity 65506K, committed 65708K, reserved 1105920K
  class space    used 8136K, capacity 8694K, committed 8704K, reserved 1048576K
}
Event: 10.722 GC heap after
{Heap after GC invocations=14 (full 0):
 garbage-first heap   total 157696K, used 58211K [0x0000000080000000, 0x0000000100000000)
  region size 1024K, 8 young (8192K), 8 survivors (8192K)
 Metaspace       used 63962K, capacity 65506K, committed 65708K, reserved 1105920K
  class space    used 8136K, capacity 8694K, committed 8704K, reserved 1048576K
}
Event: 11.636 GC heap before
{Heap before GC invocations=15 (full 0):
 garbage-first heap   total 157696K, used 112483K [0x0000000080000000, 0x0000000100000000)
  region size 1024K, 61 young (62464K), 8 survivors (8192K)
 Metaspace       used 67509K, capacity 69122K, committed 69292K, reserved 1110016K
  class space    used 8593K, capacity 9162K, committed 9216K, reserved 1048576K
}

Deoptimization events (20 events):
Event: 11.087 Thread 0x000001cf833ce000 DEOPT PACKING pc=0x000001cff1c17bf4 sp=0x000000aea6cf7920
Event: 11.087 Thread 0x000001cf833ce000 DEOPT UNPACKING pc=0x000001cfe9f5a1af sp=0x000000aea6cf7808 mode 2
Event: 11.177 Thread 0x000001cf833ce000 Uncommon trap: trap_request=0xffffff4d fr.pc=0x000001cff1b23dcc relative=0x0000000000004bac
Event: 11.177 Thread 0x000001cf833ce000 Uncommon trap: reason=unstable_if action=reinterpret pc=0x000001cff1b23dcc method=sun.net.www.protocol.jar.Handler.parseURL(Ljava/net/URL;Ljava/lang/String;II)V @ 116 c2
Event: 11.177 Thread 0x000001cf833ce000 DEOPT PACKING pc=0x000001cff1b23dcc sp=0x000000aea6cf8b40
Event: 11.177 Thread 0x000001cf833ce000 DEOPT UNPACKING pc=0x000001cfe9f5a1af sp=0x000000aea6cf8a38 mode 2
Event: 11.348 Thread 0x000001cf833ce000 Uncommon trap: trap_request=0xffffff4d fr.pc=0x000001cff1d0780c relative=0x000000000000186c
Event: 11.348 Thread 0x000001cf833ce000 Uncommon trap: reason=unstable_if action=reinterpret pc=0x000001cff1d0780c method=java.util.concurrent.ConcurrentHashMap.putVal(Ljava/lang/Object;Ljava/lang/Object;Z)Ljava/lang/Object; @ 245 c2
Event: 11.348 Thread 0x000001cf833ce000 DEOPT PACKING pc=0x000001cff1d0780c sp=0x000000aea6cf7f50
Event: 11.348 Thread 0x000001cf833ce000 DEOPT UNPACKING pc=0x000001cfe9f5a1af sp=0x000000aea6cf7ed8 mode 2
Event: 11.453 Thread 0x000001cf833ce000 DEOPT PACKING pc=0x000001cfea946379 sp=0x000000aea6cf8730
Event: 11.453 Thread 0x000001cf833ce000 DEOPT UNPACKING pc=0x000001cfe9f5a95e sp=0x000000aea6cf7bf8 mode 0
Event: 11.544 Thread 0x000001cf833ce000 Uncommon trap: trap_request=0xffffff4d fr.pc=0x000001cff1b82700 relative=0x0000000000000340
Event: 11.544 Thread 0x000001cf833ce000 Uncommon trap: reason=unstable_if action=reinterpret pc=0x000001cff1b82700 method=java.util.StringJoiner.add(Ljava/lang/CharSequence;)Ljava/util/StringJoiner; @ 33 c2
Event: 11.544 Thread 0x000001cf833ce000 DEOPT PACKING pc=0x000001cff1b82700 sp=0x000000aea6cf5610
Event: 11.544 Thread 0x000001cf833ce000 DEOPT UNPACKING pc=0x000001cfe9f5a1af sp=0x000000aea6cf55c0 mode 2
Event: 11.634 Thread 0x000001cf833ce000 Uncommon trap: trap_request=0xffffffdc fr.pc=0x000001cff1df5ae0 relative=0x00000000000002a0
Event: 11.634 Thread 0x000001cf833ce000 Uncommon trap: reason=class_check action=make_not_entrant pc=0x000001cff1df5ae0 method=java.util.ArrayList.toArray([Ljava/lang/Object;)[Ljava/lang/Object; @ 21 c2
Event: 11.634 Thread 0x000001cf833ce000 DEOPT PACKING pc=0x000001cff1df5ae0 sp=0x000000aea6cf5960
Event: 11.634 Thread 0x000001cf833ce000 DEOPT UNPACKING pc=0x000001cfe9f5a1af sp=0x000000aea6cf5920 mode 2

Classes redefined (0 events):
No events

Internal exceptions (20 events):
Event: 11.393 Thread 0x000001cf833ce000 Exception <a 'java/lang/ClassNotFoundException'{0x00000000876623f8}: org/jetbrains/kotlin/gradle/targets/js/npm/DefaultDevNpmDependencyExtensionBeanInfo> (0x00000000876623f8) thrown at [./src/hotspot/share/classfile/systemDictionary.cpp, line 231]
Event: 11.393 Thread 0x000001cf833ce000 Exception <a 'java/lang/ClassNotFoundException'{0x0000000087681d90}: org/jetbrains/kotlin/gradle/targets/js/npm/DefaultDevNpmDependencyExtensionCustomizer> (0x0000000087681d90) thrown at [./src/hotspot/share/classfile/systemDictionary.cpp, line 231]
Event: 11.397 Thread 0x000001cf833ce000 Exception <a 'java/lang/ClassNotFoundException'{0x00000000876d9a78}: org/jetbrains/kotlin/gradle/targets/js/npm/DefaultPeerNpmDependencyExtensionBeanInfo> (0x00000000876d9a78) thrown at [./src/hotspot/share/classfile/systemDictionary.cpp, line 231]
Event: 11.397 Thread 0x000001cf833ce000 Exception <a 'java/lang/ClassNotFoundException'{0x00000000876f9348}: org/jetbrains/kotlin/gradle/targets/js/npm/DefaultPeerNpmDependencyExtensionCustomizer> (0x00000000876f9348) thrown at [./src/hotspot/share/classfile/systemDictionary.cpp, line 231]
Event: 11.402 Thread 0x000001cf833ce000 Exception <a 'java/lang/ClassNotFoundException'{0x00000000875599b8}: org/jetbrains/kotlin/gradle/targets/js/npm/DefaultPeerNpmDependencyExtension$delegate$1BeanInfo> (0x00000000875599b8) thrown at [./src/hotspot/share/classfile/systemDictionary.cpp, line 231]
Event: 11.403 Thread 0x000001cf833ce000 Exception <a 'java/lang/ClassNotFoundException'{0x000000008757ab00}: org/jetbrains/kotlin/gradle/targets/js/npm/DefaultPeerNpmDependencyExtension$delegate$1Customizer> (0x000000008757ab00) thrown at [./src/hotspot/share/classfile/systemDictionary.cpp, line 231]
Event: 11.472 Thread 0x000001cf833ce000 Exception <a 'java/lang/ClassNotFoundException'{0x000000008724eb80}: build_1ou3tn7tm51infabiqezyzds9BeanInfo> (0x000000008724eb80) thrown at [./src/hotspot/share/classfile/systemDictionary.cpp, line 231]
Event: 11.472 Thread 0x000001cf833ce000 Exception <a 'java/lang/ClassNotFoundException'{0x000000008725a028}: build_1ou3tn7tm51infabiqezyzds9Customizer> (0x000000008725a028) thrown at [./src/hotspot/share/classfile/systemDictionary.cpp, line 231]
Event: 11.539 Thread 0x000001cf833ce000 Exception <a 'java/lang/ClassNotFoundException'{0x0000000086e1cb50}: com/android/build/gradle/internal/dsl/BaseAppModuleExtension_DecoratedBeanInfo> (0x0000000086e1cb50) thrown at [./src/hotspot/share/classfile/systemDictionary.cpp, line 231]
Event: 11.540 Thread 0x000001cf833ce000 Exception <a 'java/lang/ClassNotFoundException'{0x0000000086e392b8}: com/android/build/gradle/internal/dsl/BaseAppModuleExtensionBeanInfo> (0x0000000086e392b8) thrown at [./src/hotspot/share/classfile/systemDictionary.cpp, line 231]
Event: 11.540 Thread 0x000001cf833ce000 Exception <a 'java/lang/ClassNotFoundException'{0x0000000086e51b60}: com/android/build/gradle/AppExtensionBeanInfo> (0x0000000086e51b60) thrown at [./src/hotspot/share/classfile/systemDictionary.cpp, line 231]
Event: 11.541 Thread 0x000001cf833ce000 Exception <a 'java/lang/ClassNotFoundException'{0x0000000086e6c358}: com/android/build/gradle/AbstractAppExtensionBeanInfo> (0x0000000086e6c358) thrown at [./src/hotspot/share/classfile/systemDictionary.cpp, line 231]
Event: 11.542 Thread 0x000001cf833ce000 Exception <a 'java/lang/ClassNotFoundException'{0x0000000086e85890}: com/android/build/gradle/TestedExtensionBeanInfo> (0x0000000086e85890) thrown at [./src/hotspot/share/classfile/systemDictionary.cpp, line 231]
Event: 11.542 Thread 0x000001cf833ce000 Exception <a 'java/lang/ClassNotFoundException'{0x0000000086e9ed68}: com/android/build/gradle/BaseExtensionBeanInfo> (0x0000000086e9ed68) thrown at [./src/hotspot/share/classfile/systemDictionary.cpp, line 231]
Event: 11.543 Thread 0x000001cf833ce000 Exception <a 'java/lang/ClassNotFoundException'{0x0000000086eb82b8}: com/android/build/gradle/BaseExtensionCustomizer> (0x0000000086eb82b8) thrown at [./src/hotspot/share/classfile/systemDictionary.cpp, line 231]
Event: 11.546 Thread 0x000001cf833ce000 Exception <a 'java/lang/ClassNotFoundException'{0x0000000086d2ab60}: com/android/build/gradle/TestedExtensionCustomizer> (0x0000000086d2ab60) thrown at [./src/hotspot/share/classfile/systemDictionary.cpp, line 231]
Event: 11.548 Thread 0x000001cf833ce000 Exception <a 'java/lang/ClassNotFoundException'{0x0000000086d5f500}: com/android/build/gradle/AbstractAppExtensionCustomizer> (0x0000000086d5f500) thrown at [./src/hotspot/share/classfile/systemDictionary.cpp, line 231]
Event: 11.549 Thread 0x000001cf833ce000 Exception <a 'java/lang/ClassNotFoundException'{0x0000000086d8e018}: com/android/build/gradle/AppExtensionCustomizer> (0x0000000086d8e018) thrown at [./src/hotspot/share/classfile/systemDictionary.cpp, line 231]
Event: 11.550 Thread 0x000001cf833ce000 Exception <a 'java/lang/ClassNotFoundException'{0x0000000086dbf4c8}: com/android/build/gradle/internal/dsl/BaseAppModuleExtensionCustomizer> (0x0000000086dbf4c8) thrown at [./src/hotspot/share/classfile/systemDictionary.cpp, line 231]
Event: 11.555 Thread 0x000001cf833ce000 Exception <a 'java/lang/ClassNotFoundException'{0x0000000086cab680}: com/android/build/gradle/internal/dsl/BaseAppModuleExtension_DecoratedCustomizer> (0x0000000086cab680) thrown at [./src/hotspot/share/classfile/systemDictionary.cpp, line 231]

Events (20 events):
Event: 11.547 loading class com/android/build/gradle/AbstractAppExtensionCustomizer done
Event: 11.548 loading class com/android/build/gradle/AppExtensionCustomizer
Event: 11.548 loading class com/android/build/gradle/AppExtensionCustomizer done
Event: 11.549 loading class com/android/build/gradle/AppExtensionCustomizer
Event: 11.549 loading class com/android/build/gradle/AppExtensionCustomizer done
Event: 11.549 loading class com/android/build/gradle/internal/dsl/BaseAppModuleExtensionCustomizer
Event: 11.549 loading class com/android/build/gradle/internal/dsl/BaseAppModuleExtensionCustomizer done
Event: 11.550 loading class com/android/build/gradle/internal/dsl/BaseAppModuleExtensionCustomizer
Event: 11.550 loading class com/android/build/gradle/internal/dsl/BaseAppModuleExtensionCustomizer done
Event: 11.554 loading class com/android/build/gradle/internal/dsl/BaseAppModuleExtension_DecoratedCustomizer
Event: 11.554 loading class com/android/build/gradle/internal/dsl/BaseAppModuleExtension_DecoratedCustomizer done
Event: 11.555 loading class com/android/build/gradle/internal/dsl/BaseAppModuleExtension_DecoratedCustomizer
Event: 11.555 loading class com/android/build/gradle/internal/dsl/BaseAppModuleExtension_DecoratedCustomizer done
Event: 11.562 loading class groovy/runtime/metaclass/build_1ou3tn7tm51infabiqezyzds9$_run_closure1$_closure3MetaClass
Event: 11.562 loading class groovy/runtime/metaclass/build_1ou3tn7tm51infabiqezyzds9$_run_closure1$_closure3MetaClass done
Event: 11.563 loading class org/gradle/util/internal/ConfigureUtil
Event: 11.563 loading class org/gradle/util/internal/ConfigureUtil done
Event: 11.564 loading class groovy/runtime/metaclass/com/android/build/gradle/internal/dsl/DefaultConfig$AgpDecorated_DecoratedMetaClass
Event: 11.564 loading class groovy/runtime/metaclass/com/android/build/gradle/internal/dsl/DefaultConfig$AgpDecorated_DecoratedMetaClass done
Event: 11.636 Executing VM operation: G1CollectForAllocation


Dynamic libraries:
0x00007ff7b2c70000 - 0x00007ff7b2c7a000 	C:\Program Files\Android\Android Studio\jre\bin\java.exe
0x00007ffa67870000 - 0x00007ffa67a68000 	C:\Windows\SYSTEM32\ntdll.dll
0x00007ffa67300000 - 0x00007ffa673bd000 	C:\Windows\System32\KERNEL32.DLL
0x00007ffa65340000 - 0x00007ffa6560e000 	C:\Windows\System32\KERNELBASE.dll
0x00007ffa656c0000 - 0x00007ffa657c0000 	C:\Windows\System32\ucrtbase.dll
0x00007ffa5e170000 - 0x00007ffa5e189000 	C:\Program Files\Android\Android Studio\jre\bin\jli.dll
0x00007ffa5e190000 - 0x00007ffa5e1a7000 	C:\Program Files\Android\Android Studio\jre\bin\VCRUNTIME140.dll
0x00007ffa65a70000 - 0x00007ffa65c10000 	C:\Windows\System32\USER32.dll
0x00007ffa650a0000 - 0x00007ffa650c2000 	C:\Windows\System32\win32u.dll
0x00007ffa47560000 - 0x00007ffa477fa000 	C:\Windows\WinSxS\amd64_microsoft.windows.common-controls_6595b64144ccf1df_6.0.19041.1110_none_60b5254171f9507e\COMCTL32.dll
0x00007ffa65a40000 - 0x00007ffa65a6a000 	C:\Windows\System32\GDI32.dll
0x00007ffa65230000 - 0x00007ffa6533b000 	C:\Windows\System32\gdi32full.dll
0x00007ffa665a0000 - 0x00007ffa6663e000 	C:\Windows\System32\msvcrt.dll
0x00007ffa64f90000 - 0x00007ffa6502d000 	C:\Windows\System32\msvcp_win.dll
0x00007ffa65a10000 - 0x00007ffa65a40000 	C:\Windows\System32\IMM32.DLL
0x00007ffa10bb0000 - 0x00007ffa10c4d000 	C:\Program Files\Android\Android Studio\jre\bin\msvcp140.dll
0x00007ff9e47d0000 - 0x00007ff9e52b5000 	C:\Program Files\Android\Android Studio\jre\bin\server\jvm.dll
0x00007ffa65d50000 - 0x00007ffa65dfe000 	C:\Windows\System32\ADVAPI32.dll
0x00007ffa660c0000 - 0x00007ffa6615c000 	C:\Windows\System32\sechost.dll
0x00007ffa66d90000 - 0x00007ffa66eb5000 	C:\Windows\System32\RPCRT4.dll
0x00007ffa65e00000 - 0x00007ffa65e08000 	C:\Windows\System32\PSAPI.DLL
0x00007ffa53b40000 - 0x00007ffa53b67000 	C:\Windows\SYSTEM32\WINMM.dll
0x00007ffa48d50000 - 0x00007ffa48d59000 	C:\Windows\SYSTEM32\WSOCK32.dll
0x00007ffa5c990000 - 0x00007ffa5c99a000 	C:\Windows\SYSTEM32\VERSION.dll
0x00007ffa66530000 - 0x00007ffa6659b000 	C:\Windows\System32\WS2_32.dll
0x00007ffa63800000 - 0x00007ffa63812000 	C:\Windows\SYSTEM32\kernel.appcore.dll
0x00007ffa48ca0000 - 0x00007ffa48cb1000 	C:\Program Files\Android\Android Studio\jre\bin\verify.dll
0x00007ffa62d80000 - 0x00007ffa62f64000 	C:\Windows\SYSTEM32\DBGHELP.DLL
0x00007ffa550f0000 - 0x00007ffa5511c000 	C:\Windows\SYSTEM32\dbgcore.DLL
0x00007ffa65840000 - 0x00007ffa658c2000 	C:\Windows\System32\bcryptPrimitives.dll
0x00007ffa3f970000 - 0x00007ffa3f999000 	C:\Program Files\Android\Android Studio\jre\bin\java.dll
0x00007ffa48980000 - 0x00007ffa4898b000 	C:\Program Files\Android\Android Studio\jre\bin\jimage.dll
0x00007ffa41440000 - 0x00007ffa41458000 	C:\Program Files\Android\Android Studio\jre\bin\zip.dll
0x00007ffa66640000 - 0x00007ffa66d83000 	C:\Windows\System32\SHELL32.dll
0x00007ffa63060000 - 0x00007ffa637f5000 	C:\Windows\SYSTEM32\windows.storage.dll
0x00007ffa661d0000 - 0x00007ffa66524000 	C:\Windows\System32\combase.dll
0x00007ffa649f0000 - 0x00007ffa64a20000 	C:\Windows\SYSTEM32\Wldp.dll
0x00007ffa65ca0000 - 0x00007ffa65d4d000 	C:\Windows\System32\SHCORE.dll
0x00007ffa65e10000 - 0x00007ffa65e65000 	C:\Windows\System32\shlwapi.dll
0x00007ffa64ed0000 - 0x00007ffa64eef000 	C:\Windows\SYSTEM32\profapi.dll
0x00007ffa41400000 - 0x00007ffa4141a000 	C:\Program Files\Android\Android Studio\jre\bin\net.dll
0x00007ffa55d40000 - 0x00007ffa55e4a000 	C:\Windows\SYSTEM32\WINHTTP.dll
0x00007ffa64750000 - 0x00007ffa647ba000 	C:\Windows\system32\mswsock.dll
0x00007ffa3d730000 - 0x00007ffa3d744000 	C:\Program Files\Android\Android Studio\jre\bin\nio.dll
0x00007ffa38110000 - 0x00007ffa38137000 	C:\Users\lenovo\.gradle\native\e1d6ef7f7dcc3fd88c89a11ec53ec762bb8ba0a96d01ffa2cd45eb1d1d8dd5c5\windows-amd64\native-platform.dll
0x00007ffa0bf80000 - 0x00007ffa0c0c4000 	C:\Users\lenovo\.gradle\native\5664cfc778a61ccfe75a443a1ab52a65af34e5dc3c78e0209fed803814484fcb\windows-amd64\native-platform-file-events.dll
0x00007ffa48630000 - 0x00007ffa4863a000 	C:\Program Files\Android\Android Studio\jre\bin\management.dll
0x00007ffa48550000 - 0x00007ffa4855d000 	C:\Program Files\Android\Android Studio\jre\bin\management_ext.dll
0x00007ffa64940000 - 0x00007ffa64958000 	C:\Windows\SYSTEM32\CRYPTSP.dll
0x00007ffa64060000 - 0x00007ffa64094000 	C:\Windows\system32\rsaenh.dll
0x00007ffa657c0000 - 0x00007ffa657e7000 	C:\Windows\System32\bcrypt.dll
0x00007ffa64e90000 - 0x00007ffa64ebe000 	C:\Windows\SYSTEM32\USERENV.dll
0x00007ffa64960000 - 0x00007ffa6496c000 	C:\Windows\SYSTEM32\CRYPTBASE.dll
0x00007ffa643f0000 - 0x00007ffa6442b000 	C:\Windows\SYSTEM32\IPHLPAPI.DLL
0x00007ffa65c90000 - 0x00007ffa65c98000 	C:\Windows\System32\NSI.dll
0x00007ffa57910000 - 0x00007ffa57927000 	C:\Windows\SYSTEM32\dhcpcsvc6.DLL
0x00007ffa57360000 - 0x00007ffa5737d000 	C:\Windows\SYSTEM32\dhcpcsvc.DLL
0x00007ffa64430000 - 0x00007ffa644fa000 	C:\Windows\SYSTEM32\DNSAPI.dll

dbghelp: loaded successfully - version: 4.0.5 - missing functions: none
symbol engine: initialized successfully - sym options: 0x614 - pdb path: .;C:\Program Files\Android\Android Studio\jre\bin;C:\Windows\SYSTEM32;C:\Windows\WinSxS\amd64_microsoft.windows.common-controls_6595b64144ccf1df_6.0.19041.1110_none_60b5254171f9507e;C:\Program Files\Android\Android Studio\jre\bin\server;C:\Users\lenovo\.gradle\native\e1d6ef7f7dcc3fd88c89a11ec53ec762bb8ba0a96d01ffa2cd45eb1d1d8dd5c5\windows-amd64;C:\Users\lenovo\.gradle\native\5664cfc778a61ccfe75a443a1ab52a65af34e5dc3c78e0209fed803814484fcb\windows-amd64

VM Arguments:
jvm_args: --add-opens=java.base/java.util=ALL-UNNAMED --add-opens=java.base/java.lang=ALL-UNNAMED --add-opens=java.base/java.lang.invoke=ALL-UNNAMED --add-opens=java.base/java.util=ALL-UNNAMED --add-opens=java.prefs/java.util.prefs=ALL-UNNAMED --add-opens=java.prefs/java.util.prefs=ALL-UNNAMED --add-opens=java.base/java.nio.charset=ALL-UNNAMED --add-opens=java.base/java.net=ALL-UNNAMED --add-opens=java.base/java.util.concurrent.atomic=ALL-UNNAMED -Xmx2048m -Dfile.encoding=UTF-8 -Duser.country=US -Duser.language=en -Duser.variant 
java_command: org.gradle.launcher.daemon.bootstrap.GradleDaemon 7.3.3
java_class_path (initial): C:\Users\lenovo\.gradle\wrapper\dists\gradle-7.3.3-bin\6a41zxkdtcxs8rphpq6y0069z\gradle-7.3.3\lib\gradle-launcher-7.3.3.jar
Launcher Type: SUN_STANDARD

[Global flags]
     intx CICompilerCount                          = 4                                         {product} {ergonomic}
     uint ConcGCThreads                            = 2                                         {product} {ergonomic}
     uint G1ConcRefinementThreads                  = 8                                         {product} {ergonomic}
   size_t G1HeapRegionSize                         = 1048576                                   {product} {ergonomic}
    uintx GCDrainStackTargetSize                   = 64                                        {product} {ergonomic}
   size_t InitialHeapSize                          = 134217728                                 {product} {ergonomic}
   size_t MarkStackSize                            = 4194304                                   {product} {ergonomic}
   size_t MaxHeapSize                              = 2147483648                                {product} {command line}
   size_t MaxNewSize                               = 1287651328                                {product} {ergonomic}
   size_t MinHeapDeltaBytes                        = 1048576                                   {product} {ergonomic}
    uintx NonNMethodCodeHeapSize                   = 5836300                                {pd product} {ergonomic}
    uintx NonProfiledCodeHeapSize                  = 122910970                              {pd product} {ergonomic}
    uintx ProfiledCodeHeapSize                     = 122910970                              {pd product} {ergonomic}
    uintx ReservedCodeCacheSize                    = 251658240                              {pd product} {ergonomic}
     bool SegmentedCodeCache                       = true                                      {product} {ergonomic}
     bool UseCompressedClassPointers               = true                                 {lp64_product} {ergonomic}
     bool UseCompressedOops                        = true                                 {lp64_product} {ergonomic}
     bool UseG1GC                                  = true                                      {product} {ergonomic}
     bool UseLargePagesIndividualAllocation        = false                                  {pd product} {ergonomic}

Logging:
Log output configuration:
 #0: stdout all=warning uptime,level,tags
 #1: stderr all=off uptime,level,tags

Environment Variables:
PATH=C:\Program Files (x86)\Common Files\Oracle\Java\javapath;C:\Windows\system32;C:\Windows;C:\Windows\System32\Wbem;C:\Windows\System32\WindowsPowerShell\v1.0\;C:\Windows\System32\OpenSSH\;C:\Program Files\Git\cmd;C:\Users\lenovo\AppData\Local\Microsoft\WindowsApps;C:\Program Files\JetBrains\IntelliJ IDEA Community Edition 2022.2\bin;;C:\tools\dart-sdk\bin;
USERNAME=lenovo
OS=Windows_NT
PROCESSOR_IDENTIFIER=Intel64 Family 6 Model 142 Stepping 10, GenuineIntel



---------------  S Y S T E M  ---------------

OS: Windows 10 , 64 bit Build 19041 (10.0.19041.1889)
OS uptime: 0 days 10:49 hours

CPU:total 8 (initial active 8) (4 cores per cpu, 2 threads per core) family 6 model 142 stepping 10 microcode 0xb4, cmov, cx8, fxsr, mmx, sse, sse2, sse3, ssse3, sse4.1, sse4.2, popcnt, avx, avx2, aes, clmul, erms, 3dnowpref, lzcnt, ht, tsc, tscinvbit, bmi1, bmi2, adx, fma

Memory: 4k page, system-wide physical 8101M (1276M free)
TotalPageFile size 10149M (AvailPageFile size 32M)
current process WorkingSet (physical memory assigned to process): 382M, peak: 395M
current process commit charge ("private bytes"): 420M, peak: 451M

vm_info: OpenJDK 64-Bit Server VM (11.0.12+7-b1504.28-7817840) for windows-amd64 JRE (11.0.12+7-b1504.28-7817840), built on Oct 13 2021 22:12:33 by "builder" with MS VC++ 14.0 (VS2015)

END.
