#
# There is insufficient memory for the Java Runtime Environment to continue.
# Native memory allocation (malloc) failed to allocate 1187056 bytes for Chunk::new
# Possible reasons:
#   The system is out of physical RAM or swap space
#   The process is running with CompressedOops enabled, and the Java Heap may be blocking the growth of the native heap
# Possible solutions:
#   Reduce memory load on the system
#   Increase physical memory or swap space
#   Check if swap backing store is full
#   Decrease Java heap size (-Xmx/-Xms)
#   Decrease number of Java threads
#   Decrease Java thread stack sizes (-Xss)
#   Set larger code cache with -XX:ReservedCodeCacheSize=
#   JVM is running with Unscaled Compressed Oops mode in which the Java heap is
#     placed in the first 4GB address space. The Java Heap base address is the
#     maximum limit for the native heap growth. Please use -XX:HeapBaseMinAddress
#     to set the Java Heap base and to place the Java Heap above 4GB virtual address.
# This output file may be truncated or incomplete.
#
#  Out of Memory Error (./src/hotspot/share/memory/arena.cpp:197), pid=10000, tid=13076
#
# JRE version: OpenJDK Runtime Environment (11.0.12+7) (build 11.0.12+7-b1504.28-7817840)
# Java VM: OpenJDK 64-Bit Server VM (11.0.12+7-b1504.28-7817840, mixed mode, tiered, compressed oops, g1 gc, windows-amd64)
# No core dump will be written. Minidumps are not enabled by default on client versions of Windows
#

---------------  S U M M A R Y ------------

Command Line: --add-opens=java.base/java.util=ALL-UNNAMED --add-opens=java.base/java.lang=ALL-UNNAMED --add-opens=java.base/java.lang.invoke=ALL-UNNAMED --add-opens=java.base/java.util=ALL-UNNAMED --add-opens=java.prefs/java.util.prefs=ALL-UNNAMED --add-opens=java.prefs/java.util.prefs=ALL-UNNAMED --add-opens=java.base/java.nio.charset=ALL-UNNAMED --add-opens=java.base/java.net=ALL-UNNAMED --add-opens=java.base/java.util.concurrent.atomic=ALL-UNNAMED -Xmx2048m -Dfile.encoding=UTF-8 -Duser.country=US -Duser.language=en -Duser.variant org.gradle.launcher.daemon.bootstrap.GradleDaemon 7.3.3

Host: Intel(R) Core(TM) i7-8550U CPU @ 1.80GHz, 8 cores, 7G,  Windows 10 , 64 bit Build 19041 (10.0.19041.1889)
Time: Sun Oct 16 23:58:41 2022 Egypt Standard Time elapsed time: 8512.363429 seconds (0d 2h 21m 52s)

---------------  T H R E A D  ---------------

Current thread (0x000001d2fdf50800):  JavaThread "C2 CompilerThread0" daemon [_thread_in_native, id=13076, stack(0x0000000101200000,0x0000000101300000)]


Current CompileTask:
C2:8512363 32457       4       org.gradle.api.internal.artifacts.ivyservice.modulecache.ModuleMetadataCacheEntry::configure (17 bytes)

Stack: [0x0000000101200000,0x0000000101300000]
Native frames: (J=compiled Java code, j=interpreted, Vv=VM code, C=native code)
V  [jvm.dll+0x5fbcea]
V  [jvm.dll+0x731905]
V  [jvm.dll+0x732f1d]
V  [jvm.dll+0x7335d3]
V  [jvm.dll+0x247bf8]
V  [jvm.dll+0xc018c]
V  [jvm.dll+0xc06cc]
V  [jvm.dll+0x35b2db]
V  [jvm.dll+0x328803]
V  [jvm.dll+0x327cfa]
V  [jvm.dll+0x200602]
V  [jvm.dll+0x1ff794]
V  [jvm.dll+0x18868c]
V  [jvm.dll+0x20e0d7]
V  [jvm.dll+0x20c901]
V  [jvm.dll+0x6f9b7f]
V  [jvm.dll+0x6f26a5]
V  [jvm.dll+0x5fabf6]
C  [ucrtbase.dll+0x21bb2]
C  [KERNEL32.DLL+0x17034]
C  [ntdll.dll+0x526a1]


---------------  P R O C E S S  ---------------

Threads class SMR info:
_java_thread_list=0x000001d28503cc20, length=49, elements={
0x000001d2a2a7c000, 0x000001d2bd6e9000, 0x000001d2bd72d800, 0x000001d2fdf47800,
0x000001d2fdf49800, 0x000001d2fdf4b800, 0x000001d2fdf50800, 0x000001d2fdf52000,
0x000001d2fdf53000, 0x000001d2fe101800, 0x000001d2800a3800, 0x000001d2ff393800,
0x000001d2ff6e8800, 0x000001d28055a800, 0x000001d28055c000, 0x000001d28055b000,
0x000001d280561000, 0x000001d28055c800, 0x000001d280db5800, 0x000001d280db4000,
0x000001d280db1800, 0x000001d280db0000, 0x000001d280db0800, 0x000001d2836f6000,
0x000001d2836fa000, 0x000001d2836f7800, 0x000001d2836f7000, 0x000001d2836f8800,
0x000001d283fea800, 0x000001d283feb800, 0x000001d283ff4800, 0x000001d2851ff000,
0x000001d280dbb000, 0x000001d280db8800, 0x000001d28af74000, 0x000001d28af73800,
0x000001d28af6f800, 0x000001d28af72800, 0x000001d28af71000, 0x000001d28af6d800,
0x000001d28af72000, 0x000001d28af70000, 0x000001d28af6e800, 0x000001d28af75000,
0x000001d28af76000, 0x000001d28af7b800, 0x000001d28af7b000, 0x000001d28af7c800,
0x000001d28af78800
}

Java Threads: ( => current thread )
  0x000001d2a2a7c000 JavaThread "main" [_thread_blocked, id=14820, stack(0x0000000100600000,0x0000000100700000)]
  0x000001d2bd6e9000 JavaThread "Reference Handler" daemon [_thread_blocked, id=6180, stack(0x0000000100d00000,0x0000000100e00000)]
  0x000001d2bd72d800 JavaThread "Finalizer" daemon [_thread_blocked, id=10672, stack(0x0000000100e00000,0x0000000100f00000)]
  0x000001d2fdf47800 JavaThread "Signal Dispatcher" daemon [_thread_blocked, id=1076, stack(0x0000000100f00000,0x0000000101000000)]
  0x000001d2fdf49800 JavaThread "Attach Listener" daemon [_thread_blocked, id=3300, stack(0x0000000101000000,0x0000000101100000)]
  0x000001d2fdf4b800 JavaThread "Service Thread" daemon [_thread_blocked, id=13860, stack(0x0000000101100000,0x0000000101200000)]
=>0x000001d2fdf50800 JavaThread "C2 CompilerThread0" daemon [_thread_in_native, id=13076, stack(0x0000000101200000,0x0000000101300000)]
  0x000001d2fdf52000 JavaThread "C1 CompilerThread0" daemon [_thread_blocked, id=3740, stack(0x0000000101300000,0x0000000101400000)]
  0x000001d2fdf53000 JavaThread "Sweeper thread" daemon [_thread_blocked, id=6424, stack(0x0000000101400000,0x0000000101500000)]
  0x000001d2fe101800 JavaThread "Common-Cleaner" daemon [_thread_blocked, id=11312, stack(0x0000000101500000,0x0000000101600000)]
  0x000001d2800a3800 JavaThread "Daemon health stats" [_thread_blocked, id=7504, stack(0x0000000101b00000,0x0000000101c00000)]
  0x000001d2ff393800 JavaThread "Incoming local TCP Connector on port 52981" [_thread_in_native, id=9236, stack(0x0000000101700000,0x0000000101800000)]
  0x000001d2ff6e8800 JavaThread "Daemon periodic checks" [_thread_blocked, id=15328, stack(0x0000000101a00000,0x0000000101b00000)]
  0x000001d28055a800 JavaThread "Cache worker for journal cache (C:\Users\lenovo\.gradle\caches\journal-1)" [_thread_blocked, id=9700, stack(0x0000000102800000,0x0000000102900000)]
  0x000001d28055c000 JavaThread "File lock request listener" [_thread_in_native, id=10120, stack(0x0000000102900000,0x0000000102a00000)]
  0x000001d28055b000 JavaThread "Cache worker for file hash cache (C:\Users\lenovo\.gradle\caches\7.3.3\fileHashes)" [_thread_blocked, id=7948, stack(0x0000000102a00000,0x0000000102b00000)]
  0x000001d280561000 JavaThread "File watcher server" daemon [_thread_in_native, id=8616, stack(0x0000000102e00000,0x0000000102f00000)]
  0x000001d28055c800 JavaThread "File watcher consumer" daemon [_thread_blocked, id=10660, stack(0x0000000102f00000,0x0000000103000000)]
  0x000001d280db5800 JavaThread "Cache worker for execution history cache (C:\Users\lenovo\.gradle\caches\7.3.3\executionHistory)" [_thread_blocked, id=7016, stack(0x0000000103300000,0x0000000103400000)]
  0x000001d280db4000 JavaThread "jar transforms" [_thread_blocked, id=13292, stack(0x0000000103100000,0x0000000103200000)]
  0x000001d280db1800 JavaThread "Cache worker for file content cache (C:\Users\lenovo\.gradle\caches\7.3.3\fileContent)" [_thread_blocked, id=504, stack(0x0000000103500000,0x0000000103600000)]
  0x000001d280db0000 JavaThread "jar transforms Thread 2" [_thread_blocked, id=8284, stack(0x0000000103400000,0x0000000103500000)]
  0x000001d280db0800 JavaThread "jar transforms Thread 3" [_thread_blocked, id=8044, stack(0x0000000103700000,0x0000000103800000)]
  0x000001d2836f6000 JavaThread "jar transforms Thread 4" [_thread_blocked, id=10592, stack(0x0000000105b00000,0x0000000105c00000)]
  0x000001d2836fa000 JavaThread "jar transforms Thread 5" [_thread_blocked, id=3500, stack(0x0000000108a00000,0x0000000108b00000)]
  0x000001d2836f7800 JavaThread "jar transforms Thread 6" [_thread_blocked, id=14864, stack(0x0000000108b00000,0x0000000108c00000)]
  0x000001d2836f7000 JavaThread "jar transforms Thread 7" [_thread_blocked, id=6500, stack(0x0000000108c00000,0x0000000108d00000)]
  0x000001d2836f8800 JavaThread "jar transforms Thread 8" [_thread_blocked, id=13912, stack(0x0000000108d00000,0x0000000108e00000)]
  0x000001d283fea800 JavaThread "Memory manager" [_thread_blocked, id=12056, stack(0x0000000109000000,0x0000000109100000)]
  0x000001d283feb800 JavaThread "RMI Scheduler(0)" daemon [_thread_blocked, id=7588, stack(0x0000000100100000,0x0000000100200000)]
  0x000001d283ff4800 JavaThread "RMI TCP Accept-0" daemon [_thread_in_native, id=5296, stack(0x0000000102200000,0x0000000102300000)]
  0x000001d2851ff000 JavaThread "Cache worker for Java compile cache (C:\Users\lenovo\.gradle\caches\7.3.3\javaCompile)" [_thread_blocked, id=11368, stack(0x0000000109e00000,0x0000000109f00000)]
  0x000001d280dbb000 JavaThread "RMI GC Daemon" daemon [_thread_blocked, id=12804, stack(0x0000000108e00000,0x0000000108f00000)]
  0x000001d280db8800 JavaThread "RMI Reaper" [_thread_blocked, id=7860, stack(0x0000000109900000,0x0000000109a00000)]
  0x000001d28af74000 JavaThread "ForkJoinPool.commonPool-worker-13" daemon [_thread_blocked, id=14880, stack(0x000000010b100000,0x000000010b200000)]
  0x000001d28af73800 JavaThread "RMI TCP Connection(73)-127.0.0.1" daemon [_thread_in_native, id=11556, stack(0x0000000100400000,0x0000000100500000)]
  0x000001d28af6f800 JavaThread "Daemon Thread 11" [_thread_blocked, id=14124, stack(0x0000000100500000,0x0000000100600000)]
  0x000001d28af72800 JavaThread "Handler for socket connection from /127.0.0.1:52981 to /127.0.0.1:53857" [_thread_in_native, id=9344, stack(0x0000000101c00000,0x0000000101d00000)]
  0x000001d28af71000 JavaThread "Cancel handler" [_thread_blocked, id=6224, stack(0x0000000101d00000,0x0000000101e00000)]
  0x000001d28af6d800 JavaThread "Daemon worker Thread 11" [_thread_in_native, id=2476, stack(0x0000000101e00000,0x0000000101f00000)]
  0x000001d28af72000 JavaThread "Asynchronous log dispatcher for DefaultDaemonConnection: socket connection from /127.0.0.1:52981 to /127.0.0.1:53857" [_thread_blocked, id=948, stack(0x0000000101f00000,0x0000000102000000)]
  0x000001d28af70000 JavaThread "Stdin handler" [_thread_blocked, id=14828, stack(0x0000000102100000,0x0000000102200000)]
  0x000001d28af6e800 JavaThread "Daemon client event forwarder" [_thread_blocked, id=13716, stack(0x0000000102300000,0x0000000102400000)]
  0x000001d28af75000 JavaThread "Cache worker for file hash cache (D:\Islam\Learning During The Army\Android\AppGame\.gradle\7.3.3\fileHashes)" [_thread_blocked, id=7444, stack(0x0000000102c00000,0x0000000102d00000)]
  0x000001d28af76000 JavaThread "Cache worker for checksums cache (D:\Islam\Learning During The Army\Android\AppGame\.gradle\7.3.3\checksums)" [_thread_blocked, id=10344, stack(0x0000000102d00000,0x0000000102e00000)]
  0x000001d28af7b800 JavaThread "Cache worker for cache directory md-supplier (C:\Users\lenovo\.gradle\caches\7.3.3\md-supplier)" [_thread_blocked, id=14172, stack(0x0000000103000000,0x0000000103100000)]
  0x000001d28af7b000 JavaThread "Cache worker for cache directory md-rule (C:\Users\lenovo\.gradle\caches\7.3.3\md-rule)" [_thread_blocked, id=13796, stack(0x0000000103200000,0x0000000103300000)]
  0x000001d28af7c800 JavaThread "Cache worker for dependencies-accessors (D:\Islam\Learning During The Army\Android\AppGame\.gradle\7.3.3\dependencies-accessors)" [_thread_blocked, id=2324, stack(0x0000000103600000,0x0000000103700000)]
  0x000001d28af78800 JavaThread "Cache worker for Build Output Cleanup Cache (D:\Islam\Learning During The Army\Android\AppGame\.gradle\buildOutputCleanup)" [_thread_blocked, id=6260, stack(0x0000000103800000,0x0000000103900000)]

Other Threads:
  0x000001d2bd6e7800 VMThread "VM Thread" [stack: 0x0000000100c00000,0x0000000100d00000] [id=11668]
  0x000001d2fe116800 WatcherThread [stack: 0x0000000101600000,0x0000000101700000] [id=11172]
  0x000001d2a2a95800 GCTaskThread "GC Thread#0" [stack: 0x0000000100700000,0x0000000100800000] [id=4012]
  0x000001d2fed80800 GCTaskThread "GC Thread#1" [stack: 0x0000000101800000,0x0000000101900000] [id=7228]
  0x000001d2fed9d000 GCTaskThread "GC Thread#2" [stack: 0x0000000101900000,0x0000000101a00000] [id=5272]
  0x000001d280fce800 GCTaskThread "GC Thread#3" [stack: 0x0000000102000000,0x0000000102100000] [id=348]
  0x000001d2803fd000 GCTaskThread "GC Thread#4" [stack: 0x0000000102400000,0x0000000102500000] [id=11920]
  0x000001d280c4c800 GCTaskThread "GC Thread#5" [stack: 0x0000000102500000,0x0000000102600000] [id=9200]
  0x000001d2804ea800 GCTaskThread "GC Thread#6" [stack: 0x0000000102600000,0x0000000102700000] [id=11540]
  0x000001d28058a800 GCTaskThread "GC Thread#7" [stack: 0x0000000102700000,0x0000000102800000] [id=3796]
  0x000001d2a2ac6800 ConcurrentGCThread "G1 Main Marker" [stack: 0x0000000100800000,0x0000000100900000] [id=9160]
  0x000001d2a2ac8000 ConcurrentGCThread "G1 Conc#0" [stack: 0x0000000100900000,0x0000000100a00000] [id=10716]
  0x000001d28058d000 ConcurrentGCThread "G1 Conc#1" [stack: 0x0000000102b00000,0x0000000102c00000] [id=11076]
  0x000001d2bd550800 ConcurrentGCThread "G1 Refine#0" [stack: 0x0000000100a00000,0x0000000100b00000] [id=3752]
  0x000001d2bd551800 ConcurrentGCThread "G1 Young RemSet Sampling" [stack: 0x0000000100b00000,0x0000000100c00000] [id=3816]

Threads with active compile tasks:
C2 CompilerThread08512625 32457       4       org.gradle.api.internal.artifacts.ivyservice.modulecache.ModuleMetadataCacheEntry::configure (17 bytes)

VM state:not at safepoint (normal execution)

VM Mutex/Monitor currently owned by a thread: None

Heap address: 0x0000000080000000, size: 2048 MB, Compressed Oops mode: 32-bit
Narrow klass base: 0x000001d2bd740000, Narrow klass shift: 0
Compressed class space size: 1073741824 Address: 0x000001d2bd740000

Heap:
 garbage-first heap   total 273408K, used 158265K [0x0000000080000000, 0x0000000100000000)
  region size 1024K, 29 young (29696K), 1 survivors (1024K)
 Metaspace       used 137820K, capacity 142970K, committed 153480K, reserved 1181696K
  class space    used 17099K, capacity 19008K, committed 20432K, reserved 1048576K
Heap Regions: E=young(eden), S=young(survivor), O=old, HS=humongous(starts), HC=humongous(continues), CS=collection set, F=free, A=archive, TAMS=top-at-mark-start (previous, next)
|   0|0x0000000080000000, 0x0000000080100000, 0x0000000080100000|100%| O|  |TAMS 0x0000000080100000, 0x0000000080000000| Untracked 
|   1|0x0000000080100000, 0x0000000080200000, 0x0000000080200000|100%| O|  |TAMS 0x0000000080200000, 0x0000000080100000| Untracked 
|   2|0x0000000080200000, 0x0000000080300000, 0x0000000080300000|100%| O|  |TAMS 0x0000000080300000, 0x0000000080200000| Untracked 
|   3|0x0000000080300000, 0x0000000080400000, 0x0000000080400000|100%|HS|  |TAMS 0x0000000080400000, 0x0000000080300000| Complete 
|   4|0x0000000080400000, 0x0000000080500000, 0x0000000080500000|100%|HC|  |TAMS 0x0000000080500000, 0x0000000080400000| Complete 
|   5|0x0000000080500000, 0x0000000080600000, 0x0000000080600000|100%|HC|  |TAMS 0x0000000080600000, 0x0000000080500000| Complete 
|   6|0x0000000080600000, 0x0000000080700000, 0x0000000080700000|100%| O|  |TAMS 0x0000000080700000, 0x0000000080600000| Untracked 
|   7|0x0000000080700000, 0x0000000080800000, 0x0000000080800000|100%| O|  |TAMS 0x0000000080800000, 0x0000000080700000| Untracked 
|   8|0x0000000080800000, 0x0000000080900000, 0x0000000080900000|100%| O|  |TAMS 0x0000000080900000, 0x0000000080800000| Untracked 
|   9|0x0000000080900000, 0x0000000080a00000, 0x0000000080a00000|100%| O|  |TAMS 0x0000000080a00000, 0x0000000080900000| Untracked 
|  10|0x0000000080a00000, 0x0000000080b00000, 0x0000000080b00000|100%| O|  |TAMS 0x0000000080b00000, 0x0000000080a00000| Untracked 
|  11|0x0000000080b00000, 0x0000000080c00000, 0x0000000080c00000|100%| O|  |TAMS 0x0000000080c00000, 0x0000000080b00000| Untracked 
|  12|0x0000000080c00000, 0x0000000080d00000, 0x0000000080d00000|100%| O|  |TAMS 0x0000000080d00000, 0x0000000080c00000| Untracked 
|  13|0x0000000080d00000, 0x0000000080e00000, 0x0000000080e00000|100%| O|  |TAMS 0x0000000080e00000, 0x0000000080d00000| Untracked 
|  14|0x0000000080e00000, 0x0000000080f00000, 0x0000000080f00000|100%| O|  |TAMS 0x0000000080f00000, 0x0000000080e00000| Untracked 
|  15|0x0000000080f00000, 0x0000000081000000, 0x0000000081000000|100%| O|  |TAMS 0x0000000081000000, 0x0000000080f00000| Untracked 
|  16|0x0000000081000000, 0x0000000081100000, 0x0000000081100000|100%| O|  |TAMS 0x0000000081100000, 0x0000000081000000| Untracked 
|  17|0x0000000081100000, 0x0000000081200000, 0x0000000081200000|100%| O|  |TAMS 0x0000000081200000, 0x0000000081100000| Untracked 
|  18|0x0000000081200000, 0x0000000081200000, 0x0000000081300000|  0%| F|  |TAMS 0x0000000081200000, 0x0000000081200000| Untracked 
|  19|0x0000000081300000, 0x0000000081400000, 0x0000000081400000|100%| O|  |TAMS 0x0000000081400000, 0x0000000081300000| Untracked 
|  20|0x0000000081400000, 0x0000000081500000, 0x0000000081500000|100%| O|  |TAMS 0x0000000081500000, 0x0000000081400000| Untracked 
|  21|0x0000000081500000, 0x0000000081600000, 0x0000000081600000|100%| O|  |TAMS 0x0000000081600000, 0x0000000081500000| Untracked 
|  22|0x0000000081600000, 0x0000000081700000, 0x0000000081700000|100%| O|  |TAMS 0x0000000081700000, 0x0000000081600000| Untracked 
|  23|0x0000000081700000, 0x0000000081800000, 0x0000000081800000|100%| O|  |TAMS 0x0000000081800000, 0x0000000081700000| Untracked 
|  24|0x0000000081800000, 0x0000000081900000, 0x0000000081900000|100%| O|  |TAMS 0x0000000081900000, 0x0000000081800000| Untracked 
|  25|0x0000000081900000, 0x0000000081a00000, 0x0000000081a00000|100%| O|  |TAMS 0x0000000081a00000, 0x0000000081900000| Untracked 
|  26|0x0000000081a00000, 0x0000000081b00000, 0x0000000081b00000|100%| O|  |TAMS 0x0000000081b00000, 0x0000000081a00000| Untracked 
|  27|0x0000000081b00000, 0x0000000081c00000, 0x0000000081c00000|100%| O|  |TAMS 0x0000000081c00000, 0x0000000081b00000| Untracked 
|  28|0x0000000081c00000, 0x0000000081d00000, 0x0000000081d00000|100%|HS|  |TAMS 0x0000000081d00000, 0x0000000081c00000| Complete 
|  29|0x0000000081d00000, 0x0000000081e00000, 0x0000000081e00000|100%|HS|  |TAMS 0x0000000081e00000, 0x0000000081d00000| Complete 
|  30|0x0000000081e00000, 0x0000000081f00000, 0x0000000081f00000|100%|HS|  |TAMS 0x0000000081f00000, 0x0000000081e00000| Complete 
|  31|0x0000000081f00000, 0x0000000082000000, 0x0000000082000000|100%|HS|  |TAMS 0x0000000082000000, 0x0000000081f00000| Complete 
|  32|0x0000000082000000, 0x0000000082100000, 0x0000000082100000|100%|HS|  |TAMS 0x0000000082100000, 0x0000000082000000| Complete 
|  33|0x0000000082100000, 0x0000000082200000, 0x0000000082200000|100%|HC|  |TAMS 0x0000000082200000, 0x0000000082100000| Complete 
|  34|0x0000000082200000, 0x0000000082300000, 0x0000000082300000|100%|HC|  |TAMS 0x0000000082300000, 0x0000000082200000| Complete 
|  35|0x0000000082300000, 0x0000000082400000, 0x0000000082400000|100%|HS|  |TAMS 0x0000000082400000, 0x0000000082300000| Complete 
|  36|0x0000000082400000, 0x0000000082500000, 0x0000000082500000|100%|HC|  |TAMS 0x0000000082500000, 0x0000000082400000| Complete 
|  37|0x0000000082500000, 0x0000000082600000, 0x0000000082600000|100%| O|  |TAMS 0x0000000082600000, 0x0000000082500000| Untracked 
|  38|0x0000000082600000, 0x0000000082700000, 0x0000000082700000|100%| O|  |TAMS 0x0000000082700000, 0x0000000082600000| Untracked 
|  39|0x0000000082700000, 0x0000000082700000, 0x0000000082800000|  0%| F|  |TAMS 0x0000000082700000, 0x0000000082700000| Untracked 
|  40|0x0000000082800000, 0x0000000082900000, 0x0000000082900000|100%| O|  |TAMS 0x0000000082900000, 0x0000000082800000| Untracked 
|  41|0x0000000082900000, 0x0000000082900000, 0x0000000082a00000|  0%| F|  |TAMS 0x0000000082900000, 0x0000000082900000| Untracked 
|  42|0x0000000082a00000, 0x0000000082b00000, 0x0000000082b00000|100%| O|  |TAMS 0x0000000082b00000, 0x0000000082a00000| Untracked 
|  43|0x0000000082b00000, 0x0000000082c00000, 0x0000000082c00000|100%| O|  |TAMS 0x0000000082c00000, 0x0000000082b00000| Untracked 
|  44|0x0000000082c00000, 0x0000000082d00000, 0x0000000082d00000|100%| O|  |TAMS 0x0000000082d00000, 0x0000000082c00000| Untracked 
|  45|0x0000000082d00000, 0x0000000082e00000, 0x0000000082e00000|100%| O|  |TAMS 0x0000000082e00000, 0x0000000082d00000| Untracked 
|  46|0x0000000082e00000, 0x0000000082f00000, 0x0000000082f00000|100%| O|  |TAMS 0x0000000082f00000, 0x0000000082e00000| Untracked 
|  47|0x0000000082f00000, 0x0000000083000000, 0x0000000083000000|100%| O|  |TAMS 0x0000000083000000, 0x0000000082f00000| Untracked 
|  48|0x0000000083000000, 0x0000000083100000, 0x0000000083100000|100%| O|  |TAMS 0x0000000083100000, 0x0000000083000000| Untracked 
|  49|0x0000000083100000, 0x0000000083200000, 0x0000000083200000|100%| O|  |TAMS 0x0000000083200000, 0x0000000083100000| Untracked 
|  50|0x0000000083200000, 0x0000000083300000, 0x0000000083300000|100%| O|  |TAMS 0x0000000083300000, 0x0000000083200000| Untracked 
|  51|0x0000000083300000, 0x0000000083300000, 0x0000000083400000|  0%| F|  |TAMS 0x0000000083300000, 0x0000000083300000| Untracked 
|  52|0x0000000083400000, 0x0000000083500000, 0x0000000083500000|100%| O|  |TAMS 0x0000000083500000, 0x0000000083400000| Untracked 
|  53|0x0000000083500000, 0x0000000083600000, 0x0000000083600000|100%| O|  |TAMS 0x0000000083600000, 0x0000000083500000| Untracked 
|  54|0x0000000083600000, 0x0000000083700000, 0x0000000083700000|100%| O|  |TAMS 0x0000000083700000, 0x0000000083600000| Untracked 
|  55|0x0000000083700000, 0x0000000083800000, 0x0000000083800000|100%| O|  |TAMS 0x0000000083700000, 0x0000000083700000| Untracked 
|  56|0x0000000083800000, 0x0000000083800000, 0x0000000083900000|  0%| F|  |TAMS 0x0000000083800000, 0x0000000083800000| Untracked 
|  57|0x0000000083900000, 0x0000000083a00000, 0x0000000083a00000|100%| O|  |TAMS 0x0000000083a00000, 0x0000000083900000| Untracked 
|  58|0x0000000083a00000, 0x0000000083b00000, 0x0000000083b00000|100%| O|  |TAMS 0x0000000083a00000, 0x0000000083a00000| Untracked 
|  59|0x0000000083b00000, 0x0000000083c00000, 0x0000000083c00000|100%| O|  |TAMS 0x0000000083b00000, 0x0000000083b00000| Untracked 
|  60|0x0000000083c00000, 0x0000000083d00000, 0x0000000083d00000|100%| O|  |TAMS 0x0000000083d00000, 0x0000000083c00000| Untracked 
|  61|0x0000000083d00000, 0x0000000083e00000, 0x0000000083e00000|100%| O|  |TAMS 0x0000000083e00000, 0x0000000083d00000| Untracked 
|  62|0x0000000083e00000, 0x0000000083f00000, 0x0000000083f00000|100%| O|  |TAMS 0x0000000083e00000, 0x0000000083e00000| Untracked 
|  63|0x0000000083f00000, 0x0000000084000000, 0x0000000084000000|100%| O|  |TAMS 0x0000000084000000, 0x0000000083f00000| Untracked 
|  64|0x0000000084000000, 0x0000000084000000, 0x0000000084100000|  0%| F|  |TAMS 0x0000000084000000, 0x0000000084000000| Untracked 
|  65|0x0000000084100000, 0x0000000084200000, 0x0000000084200000|100%| O|  |TAMS 0x0000000084100000, 0x0000000084100000| Untracked 
|  66|0x0000000084200000, 0x0000000084200000, 0x0000000084300000|  0%| F|  |TAMS 0x0000000084200000, 0x0000000084200000| Untracked 
|  67|0x0000000084300000, 0x0000000084400000, 0x0000000084400000|100%| O|  |TAMS 0x0000000084300000, 0x0000000084300000| Untracked 
|  68|0x0000000084400000, 0x0000000084500000, 0x0000000084500000|100%| O|  |TAMS 0x0000000084500000, 0x0000000084400000| Untracked 
|  69|0x0000000084500000, 0x0000000084600000, 0x0000000084600000|100%| O|  |TAMS 0x0000000084600000, 0x0000000084500000| Untracked 
|  70|0x0000000084600000, 0x0000000084700000, 0x0000000084700000|100%| O|  |TAMS 0x0000000084700000, 0x0000000084600000| Untracked 
|  71|0x0000000084700000, 0x0000000084700000, 0x0000000084800000|  0%| F|  |TAMS 0x0000000084700000, 0x0000000084700000| Untracked 
|  72|0x0000000084800000, 0x0000000084900000, 0x0000000084900000|100%| O|  |TAMS 0x0000000084800000, 0x0000000084800000| Untracked 
|  73|0x0000000084900000, 0x0000000084a00000, 0x0000000084a00000|100%| O|  |TAMS 0x0000000084900000, 0x0000000084900000| Untracked 
|  74|0x0000000084a00000, 0x0000000084b00000, 0x0000000084b00000|100%| O|  |TAMS 0x0000000084a00000, 0x0000000084a00000| Untracked 
|  75|0x0000000084b00000, 0x0000000084c00000, 0x0000000084c00000|100%| O|  |TAMS 0x0000000084c00000, 0x0000000084b00000| Untracked 
|  76|0x0000000084c00000, 0x0000000084d00000, 0x0000000084d00000|100%| O|  |TAMS 0x0000000084d00000, 0x0000000084c00000| Untracked 
|  77|0x0000000084d00000, 0x0000000084e00000, 0x0000000084e00000|100%| O|  |TAMS 0x0000000084e00000, 0x0000000084d00000| Untracked 
|  78|0x0000000084e00000, 0x0000000084f00000, 0x0000000084f00000|100%| O|  |TAMS 0x0000000084f00000, 0x0000000084e00000| Untracked 
|  79|0x0000000084f00000, 0x0000000085000000, 0x0000000085000000|100%| O|  |TAMS 0x0000000084f00000, 0x0000000084f00000| Untracked 
|  80|0x0000000085000000, 0x0000000085000000, 0x0000000085100000|  0%| F|  |TAMS 0x0000000085000000, 0x0000000085000000| Untracked 
|  81|0x0000000085100000, 0x0000000085200000, 0x0000000085200000|100%| O|  |TAMS 0x0000000085100000, 0x0000000085100000| Untracked 
|  82|0x0000000085200000, 0x0000000085300000, 0x0000000085300000|100%| O|  |TAMS 0x0000000085300000, 0x0000000085200000| Untracked 
|  83|0x0000000085300000, 0x0000000085400000, 0x0000000085400000|100%| O|  |TAMS 0x0000000085400000, 0x0000000085300000| Untracked 
|  84|0x0000000085400000, 0x0000000085400000, 0x0000000085500000|  0%| F|  |TAMS 0x0000000085400000, 0x0000000085400000| Untracked 
|  85|0x0000000085500000, 0x0000000085600000, 0x0000000085600000|100%| O|  |TAMS 0x0000000085500000, 0x0000000085500000| Untracked 
|  86|0x0000000085600000, 0x0000000085600000, 0x0000000085700000|  0%| F|  |TAMS 0x0000000085600000, 0x0000000085600000| Untracked 
|  87|0x0000000085700000, 0x0000000085800000, 0x0000000085800000|100%| O|  |TAMS 0x0000000085800000, 0x0000000085700000| Untracked 
|  88|0x0000000085800000, 0x0000000085800000, 0x0000000085900000|  0%| F|  |TAMS 0x0000000085800000, 0x0000000085800000| Untracked 
|  89|0x0000000085900000, 0x0000000085a00000, 0x0000000085a00000|100%| O|  |TAMS 0x0000000085a00000, 0x0000000085900000| Untracked 
|  90|0x0000000085a00000, 0x0000000085b00000, 0x0000000085b00000|100%| O|  |TAMS 0x0000000085b00000, 0x0000000085a00000| Untracked 
|  91|0x0000000085b00000, 0x0000000085c00000, 0x0000000085c00000|100%| O|  |TAMS 0x0000000085b00000, 0x0000000085b00000| Untracked 
|  92|0x0000000085c00000, 0x0000000085c00000, 0x0000000085d00000|  0%| F|  |TAMS 0x0000000085c00000, 0x0000000085c00000| Untracked 
|  93|0x0000000085d00000, 0x0000000085e00000, 0x0000000085e00000|100%| O|  |TAMS 0x0000000085e00000, 0x0000000085d00000| Untracked 
|  94|0x0000000085e00000, 0x0000000085f00000, 0x0000000085f00000|100%| O|  |TAMS 0x0000000085f00000, 0x0000000085e00000| Untracked 
|  95|0x0000000085f00000, 0x0000000086000000, 0x0000000086000000|100%| O|  |TAMS 0x0000000086000000, 0x0000000085f00000| Untracked 
|  96|0x0000000086000000, 0x0000000086100000, 0x0000000086100000|100%| O|  |TAMS 0x0000000086100000, 0x0000000086000000| Untracked 
|  97|0x0000000086100000, 0x0000000086200000, 0x0000000086200000|100%| O|  |TAMS 0x0000000086200000, 0x0000000086100000| Untracked 
|  98|0x0000000086200000, 0x0000000086300000, 0x0000000086300000|100%| O|  |TAMS 0x0000000086300000, 0x0000000086200000| Untracked 
|  99|0x0000000086300000, 0x0000000086300000, 0x0000000086400000|  0%| F|  |TAMS 0x0000000086300000, 0x0000000086300000| Untracked 
| 100|0x0000000086400000, 0x0000000086400000, 0x0000000086500000|  0%| F|  |TAMS 0x0000000086400000, 0x0000000086400000| Untracked 
| 101|0x0000000086500000, 0x0000000086600000, 0x0000000086600000|100%| O|  |TAMS 0x0000000086600000, 0x0000000086500000| Untracked 
| 102|0x0000000086600000, 0x0000000086700000, 0x0000000086700000|100%|HS|  |TAMS 0x0000000086700000, 0x0000000086600000| Complete 
| 103|0x0000000086700000, 0x0000000086800000, 0x0000000086800000|100%|HC|  |TAMS 0x0000000086800000, 0x0000000086700000| Complete 
| 104|0x0000000086800000, 0x0000000086900000, 0x0000000086900000|100%|HC|  |TAMS 0x0000000086900000, 0x0000000086800000| Complete 
| 105|0x0000000086900000, 0x0000000086a00000, 0x0000000086a00000|100%| O|  |TAMS 0x0000000086a00000, 0x0000000086900000| Untracked 
| 106|0x0000000086a00000, 0x0000000086b00000, 0x0000000086b00000|100%| O|  |TAMS 0x0000000086a00000, 0x0000000086a00000| Untracked 
| 107|0x0000000086b00000, 0x0000000086c00000, 0x0000000086c00000|100%| O|  |TAMS 0x0000000086c00000, 0x0000000086b00000| Untracked 
| 108|0x0000000086c00000, 0x0000000086d00000, 0x0000000086d00000|100%| O|  |TAMS 0x0000000086d00000, 0x0000000086c00000| Untracked 
| 109|0x0000000086d00000, 0x0000000086e00000, 0x0000000086e00000|100%| O|  |TAMS 0x0000000086e00000, 0x0000000086d00000| Untracked 
| 110|0x0000000086e00000, 0x0000000086f00000, 0x0000000086f00000|100%| O|  |TAMS 0x0000000086f00000, 0x0000000086e00000| Untracked 
| 111|0x0000000086f00000, 0x0000000087000000, 0x0000000087000000|100%| O|  |TAMS 0x0000000087000000, 0x0000000086f00000| Untracked 
| 112|0x0000000087000000, 0x0000000087100000, 0x0000000087100000|100%| O|  |TAMS 0x0000000087100000, 0x0000000087000000| Untracked 
| 113|0x0000000087100000, 0x0000000087200000, 0x0000000087200000|100%| O|  |TAMS 0x0000000087200000, 0x0000000087100000| Untracked 
| 114|0x0000000087200000, 0x0000000087293800, 0x0000000087300000| 57%| O|  |TAMS 0x0000000087200000, 0x0000000087200000| Untracked 
| 115|0x0000000087300000, 0x0000000087300000, 0x0000000087400000|  0%| F|  |TAMS 0x0000000087300000, 0x0000000087300000| Untracked 
| 116|0x0000000087400000, 0x0000000087400000, 0x0000000087500000|  0%| F|  |TAMS 0x0000000087400000, 0x0000000087400000| Untracked 
| 117|0x0000000087500000, 0x0000000087500000, 0x0000000087600000|  0%| F|  |TAMS 0x0000000087500000, 0x0000000087500000| Untracked 
| 118|0x0000000087600000, 0x0000000087700000, 0x0000000087700000|100%| O|  |TAMS 0x0000000087700000, 0x0000000087600000| Untracked 
| 119|0x0000000087700000, 0x0000000087700000, 0x0000000087800000|  0%| F|  |TAMS 0x0000000087700000, 0x0000000087700000| Untracked 
| 120|0x0000000087800000, 0x0000000087800000, 0x0000000087900000|  0%| F|  |TAMS 0x0000000087800000, 0x0000000087800000| Untracked 
| 121|0x0000000087900000, 0x0000000087a00000, 0x0000000087a00000|100%| O|  |TAMS 0x0000000087a00000, 0x0000000087900000| Untracked 
| 122|0x0000000087a00000, 0x0000000087b00000, 0x0000000087b00000|100%| O|  |TAMS 0x0000000087b00000, 0x0000000087a00000| Untracked 
| 123|0x0000000087b00000, 0x0000000087c00000, 0x0000000087c00000|100%| O|  |TAMS 0x0000000087c00000, 0x0000000087b00000| Untracked 
| 124|0x0000000087c00000, 0x0000000087d00000, 0x0000000087d00000|100%| O|  |TAMS 0x0000000087d00000, 0x0000000087c00000| Untracked 
| 125|0x0000000087d00000, 0x0000000087e00000, 0x0000000087e00000|100%| O|  |TAMS 0x0000000087e00000, 0x0000000087d00000| Untracked 
| 126|0x0000000087e00000, 0x0000000087f00000, 0x0000000087f00000|100%| O|  |TAMS 0x0000000087f00000, 0x0000000087e00000| Untracked 
| 127|0x0000000087f00000, 0x0000000088000000, 0x0000000088000000|100%| O|  |TAMS 0x0000000088000000, 0x0000000087f00000| Untracked 
| 128|0x0000000088000000, 0x0000000088100000, 0x0000000088100000|100%| O|  |TAMS 0x0000000088100000, 0x0000000088000000| Untracked 
| 129|0x0000000088100000, 0x0000000088200000, 0x0000000088200000|100%| O|  |TAMS 0x0000000088200000, 0x0000000088100000| Untracked 
| 130|0x0000000088200000, 0x0000000088300000, 0x0000000088300000|100%| O|  |TAMS 0x0000000088300000, 0x0000000088200000| Untracked 
| 131|0x0000000088300000, 0x0000000088400000, 0x0000000088400000|100%| O|  |TAMS 0x0000000088400000, 0x0000000088300000| Untracked 
| 132|0x0000000088400000, 0x0000000088500000, 0x0000000088500000|100%| O|  |TAMS 0x0000000088500000, 0x0000000088400000| Untracked 
| 133|0x0000000088500000, 0x0000000088600000, 0x0000000088600000|100%| O|  |TAMS 0x0000000088600000, 0x0000000088500000| Untracked 
| 134|0x0000000088600000, 0x0000000088700000, 0x0000000088700000|100%| O|  |TAMS 0x0000000088648a00, 0x0000000088600000| Untracked 
| 135|0x0000000088700000, 0x0000000088800000, 0x0000000088800000|100%| O|  |TAMS 0x0000000088800000, 0x0000000088700000| Untracked 
| 136|0x0000000088800000, 0x0000000088800000, 0x0000000088900000|  0%| F|  |TAMS 0x0000000088800000, 0x0000000088800000| Untracked 
| 137|0x0000000088900000, 0x0000000088900000, 0x0000000088a00000|  0%| F|  |TAMS 0x0000000088900000, 0x0000000088900000| Untracked 
| 138|0x0000000088a00000, 0x0000000088a00000, 0x0000000088b00000|  0%| F|  |TAMS 0x0000000088a00000, 0x0000000088a00000| Untracked 
| 139|0x0000000088b00000, 0x0000000088b00000, 0x0000000088c00000|  0%| F|  |TAMS 0x0000000088b00000, 0x0000000088b00000| Untracked 
| 140|0x0000000088c00000, 0x0000000088d00000, 0x0000000088d00000|100%| O|  |TAMS 0x0000000088d00000, 0x0000000088c00000| Untracked 
| 141|0x0000000088d00000, 0x0000000088d00000, 0x0000000088e00000|  0%| F|  |TAMS 0x0000000088d00000, 0x0000000088d00000| Untracked 
| 142|0x0000000088e00000, 0x0000000088f00000, 0x0000000088f00000|100%| O|  |TAMS 0x0000000088f00000, 0x0000000088e00000| Untracked 
| 143|0x0000000088f00000, 0x0000000089000000, 0x0000000089000000|100%| O|  |TAMS 0x0000000089000000, 0x0000000088f00000| Untracked 
| 144|0x0000000089000000, 0x0000000089000000, 0x0000000089100000|  0%| F|  |TAMS 0x0000000089000000, 0x0000000089000000| Untracked 
| 145|0x0000000089100000, 0x0000000089100000, 0x0000000089200000|  0%| F|  |TAMS 0x0000000089100000, 0x0000000089100000| Untracked 
| 146|0x0000000089200000, 0x0000000089200000, 0x0000000089300000|  0%| F|  |TAMS 0x0000000089200000, 0x0000000089200000| Untracked 
| 147|0x0000000089300000, 0x0000000089400000, 0x0000000089400000|100%| O|  |TAMS 0x0000000089400000, 0x0000000089300000| Untracked 
| 148|0x0000000089400000, 0x0000000089500000, 0x0000000089500000|100%| O|  |TAMS 0x0000000089500000, 0x0000000089400000| Untracked 
| 149|0x0000000089500000, 0x0000000089500000, 0x0000000089600000|  0%| F|  |TAMS 0x0000000089500000, 0x0000000089500000| Untracked 
| 150|0x0000000089600000, 0x0000000089600000, 0x0000000089700000|  0%| F|  |TAMS 0x0000000089600000, 0x0000000089600000| Untracked 
| 151|0x0000000089700000, 0x0000000089700000, 0x0000000089800000|  0%| F|  |TAMS 0x0000000089700000, 0x0000000089700000| Untracked 
| 152|0x0000000089800000, 0x0000000089900000, 0x0000000089900000|100%| O|  |TAMS 0x0000000089900000, 0x0000000089800000| Untracked 
| 153|0x0000000089900000, 0x0000000089a00000, 0x0000000089a00000|100%| O|  |TAMS 0x0000000089a00000, 0x0000000089900000| Untracked 
| 154|0x0000000089a00000, 0x0000000089b00000, 0x0000000089b00000|100%| O|  |TAMS 0x0000000089b00000, 0x0000000089a00000| Untracked 
| 155|0x0000000089b00000, 0x0000000089c00000, 0x0000000089c00000|100%| O|  |TAMS 0x0000000089c00000, 0x0000000089b00000| Untracked 
| 156|0x0000000089c00000, 0x0000000089c00000, 0x0000000089d00000|  0%| F|  |TAMS 0x0000000089c00000, 0x0000000089c00000| Untracked 
| 157|0x0000000089d00000, 0x0000000089e00000, 0x0000000089e00000|100%| O|  |TAMS 0x0000000089e00000, 0x0000000089d00000| Untracked 
| 158|0x0000000089e00000, 0x0000000089e00000, 0x0000000089f00000|  0%| F|  |TAMS 0x0000000089e00000, 0x0000000089e00000| Untracked 
| 159|0x0000000089f00000, 0x000000008a000000, 0x000000008a000000|100%| O|  |TAMS 0x000000008a000000, 0x0000000089f00000| Untracked 
| 160|0x000000008a000000, 0x000000008a000000, 0x000000008a100000|  0%| F|  |TAMS 0x000000008a000000, 0x000000008a000000| Untracked 
| 161|0x000000008a100000, 0x000000008a100000, 0x000000008a200000|  0%| F|  |TAMS 0x000000008a100000, 0x000000008a100000| Untracked 
| 162|0x000000008a200000, 0x000000008a200000, 0x000000008a300000|  0%| F|  |TAMS 0x000000008a200000, 0x000000008a200000| Untracked 
| 163|0x000000008a300000, 0x000000008a300000, 0x000000008a400000|  0%| F|  |TAMS 0x000000008a300000, 0x000000008a300000| Untracked 
| 164|0x000000008a400000, 0x000000008a400000, 0x000000008a500000|  0%| F|  |TAMS 0x000000008a400000, 0x000000008a400000| Untracked 
| 165|0x000000008a500000, 0x000000008a500000, 0x000000008a600000|  0%| F|  |TAMS 0x000000008a500000, 0x000000008a500000| Untracked 
| 166|0x000000008a600000, 0x000000008a600000, 0x000000008a700000|  0%| F|  |TAMS 0x000000008a600000, 0x000000008a600000| Untracked 
| 167|0x000000008a700000, 0x000000008a700000, 0x000000008a800000|  0%| F|  |TAMS 0x000000008a700000, 0x000000008a700000| Untracked 
| 168|0x000000008a800000, 0x000000008a800000, 0x000000008a900000|  0%| F|  |TAMS 0x000000008a800000, 0x000000008a800000| Untracked 
| 169|0x000000008a900000, 0x000000008a900000, 0x000000008aa00000|  0%| F|  |TAMS 0x000000008a900000, 0x000000008a900000| Untracked 
| 170|0x000000008aa00000, 0x000000008aa00000, 0x000000008ab00000|  0%| F|  |TAMS 0x000000008aa00000, 0x000000008aa00000| Untracked 
| 171|0x000000008ab00000, 0x000000008ab00000, 0x000000008ac00000|  0%| F|  |TAMS 0x000000008ab00000, 0x000000008ab00000| Untracked 
| 172|0x000000008ac00000, 0x000000008ac00000, 0x000000008ad00000|  0%| F|  |TAMS 0x000000008ac00000, 0x000000008ac00000| Untracked 
| 173|0x000000008ad00000, 0x000000008ad00000, 0x000000008ae00000|  0%| F|  |TAMS 0x000000008ad00000, 0x000000008ad00000| Untracked 
| 174|0x000000008ae00000, 0x000000008ae00000, 0x000000008af00000|  0%| F|  |TAMS 0x000000008ae00000, 0x000000008ae00000| Untracked 
| 175|0x000000008af00000, 0x000000008af00000, 0x000000008b000000|  0%| F|  |TAMS 0x000000008af00000, 0x000000008af00000| Untracked 
| 176|0x000000008b000000, 0x000000008b000000, 0x000000008b100000|  0%| F|  |TAMS 0x000000008b000000, 0x000000008b000000| Untracked 
| 177|0x000000008b100000, 0x000000008b100000, 0x000000008b200000|  0%| F|  |TAMS 0x000000008b100000, 0x000000008b100000| Untracked 
| 178|0x000000008b200000, 0x000000008b200000, 0x000000008b300000|  0%| F|  |TAMS 0x000000008b200000, 0x000000008b200000| Untracked 
| 179|0x000000008b300000, 0x000000008b300000, 0x000000008b400000|  0%| F|  |TAMS 0x000000008b300000, 0x000000008b300000| Untracked 
| 180|0x000000008b400000, 0x000000008b400000, 0x000000008b500000|  0%| F|  |TAMS 0x000000008b400000, 0x000000008b400000| Untracked 
| 181|0x000000008b500000, 0x000000008b500000, 0x000000008b600000|  0%| F|  |TAMS 0x000000008b500000, 0x000000008b500000| Untracked 
| 182|0x000000008b600000, 0x000000008b600000, 0x000000008b700000|  0%| F|  |TAMS 0x000000008b600000, 0x000000008b600000| Untracked 
| 183|0x000000008b700000, 0x000000008b700000, 0x000000008b800000|  0%| F|  |TAMS 0x000000008b700000, 0x000000008b700000| Untracked 
| 184|0x000000008b800000, 0x000000008b800000, 0x000000008b900000|  0%| F|  |TAMS 0x000000008b800000, 0x000000008b800000| Untracked 
| 185|0x000000008b900000, 0x000000008b900000, 0x000000008ba00000|  0%| F|  |TAMS 0x000000008b900000, 0x000000008b900000| Untracked 
| 186|0x000000008ba00000, 0x000000008ba00000, 0x000000008bb00000|  0%| F|  |TAMS 0x000000008ba00000, 0x000000008ba00000| Untracked 
| 187|0x000000008bb00000, 0x000000008bb00000, 0x000000008bc00000|  0%| F|  |TAMS 0x000000008bb00000, 0x000000008bb00000| Untracked 
| 188|0x000000008bc00000, 0x000000008bc00000, 0x000000008bd00000|  0%| F|  |TAMS 0x000000008bc00000, 0x000000008bc00000| Untracked 
| 189|0x000000008bd00000, 0x000000008bd00000, 0x000000008be00000|  0%| F|  |TAMS 0x000000008bd00000, 0x000000008bd00000| Untracked 
| 190|0x000000008be00000, 0x000000008be00000, 0x000000008bf00000|  0%| F|  |TAMS 0x000000008be00000, 0x000000008be00000| Untracked 
| 191|0x000000008bf00000, 0x000000008bf00000, 0x000000008c000000|  0%| F|  |TAMS 0x000000008bf00000, 0x000000008bf00000| Untracked 
| 192|0x000000008c000000, 0x000000008c000000, 0x000000008c100000|  0%| F|  |TAMS 0x000000008c000000, 0x000000008c000000| Untracked 
| 193|0x000000008c100000, 0x000000008c100000, 0x000000008c200000|  0%| F|  |TAMS 0x000000008c100000, 0x000000008c100000| Untracked 
| 194|0x000000008c200000, 0x000000008c200000, 0x000000008c300000|  0%| F|  |TAMS 0x000000008c200000, 0x000000008c200000| Untracked 
| 195|0x000000008c300000, 0x000000008c300000, 0x000000008c400000|  0%| F|  |TAMS 0x000000008c300000, 0x000000008c300000| Untracked 
| 196|0x000000008c400000, 0x000000008c400000, 0x000000008c500000|  0%| F|  |TAMS 0x000000008c400000, 0x000000008c400000| Untracked 
| 197|0x000000008c500000, 0x000000008c500000, 0x000000008c600000|  0%| F|  |TAMS 0x000000008c500000, 0x000000008c500000| Untracked 
| 198|0x000000008c600000, 0x000000008c600000, 0x000000008c700000|  0%| F|  |TAMS 0x000000008c600000, 0x000000008c600000| Untracked 
| 199|0x000000008c700000, 0x000000008c700000, 0x000000008c800000|  0%| F|  |TAMS 0x000000008c700000, 0x000000008c700000| Untracked 
| 200|0x000000008c800000, 0x000000008c800000, 0x000000008c900000|  0%| F|  |TAMS 0x000000008c800000, 0x000000008c800000| Untracked 
| 201|0x000000008c900000, 0x000000008c900000, 0x000000008ca00000|  0%| F|  |TAMS 0x000000008c900000, 0x000000008c900000| Untracked 
| 202|0x000000008ca00000, 0x000000008ca00000, 0x000000008cb00000|  0%| F|  |TAMS 0x000000008ca00000, 0x000000008ca00000| Untracked 
| 203|0x000000008cb00000, 0x000000008cb00000, 0x000000008cc00000|  0%| F|  |TAMS 0x000000008cb00000, 0x000000008cb00000| Untracked 
| 204|0x000000008cc00000, 0x000000008cc00000, 0x000000008cd00000|  0%| F|  |TAMS 0x000000008cc00000, 0x000000008cc00000| Untracked 
| 205|0x000000008cd00000, 0x000000008cd00000, 0x000000008ce00000|  0%| F|  |TAMS 0x000000008cd00000, 0x000000008cd00000| Untracked 
| 206|0x000000008ce00000, 0x000000008ce00000, 0x000000008cf00000|  0%| F|  |TAMS 0x000000008ce00000, 0x000000008ce00000| Untracked 
| 207|0x000000008cf00000, 0x000000008cf00000, 0x000000008d000000|  0%| F|  |TAMS 0x000000008cf00000, 0x000000008cf00000| Untracked 
| 208|0x000000008d000000, 0x000000008d000000, 0x000000008d100000|  0%| F|  |TAMS 0x000000008d000000, 0x000000008d000000| Untracked 
| 209|0x000000008d100000, 0x000000008d100000, 0x000000008d200000|  0%| F|  |TAMS 0x000000008d100000, 0x000000008d100000| Untracked 
| 210|0x000000008d200000, 0x000000008d200000, 0x000000008d300000|  0%| F|  |TAMS 0x000000008d200000, 0x000000008d200000| Untracked 
| 211|0x000000008d300000, 0x000000008d300000, 0x000000008d400000|  0%| F|  |TAMS 0x000000008d300000, 0x000000008d300000| Untracked 
| 212|0x000000008d400000, 0x000000008d400000, 0x000000008d500000|  0%| F|  |TAMS 0x000000008d400000, 0x000000008d400000| Untracked 
| 213|0x000000008d500000, 0x000000008d500000, 0x000000008d600000|  0%| F|  |TAMS 0x000000008d500000, 0x000000008d500000| Untracked 
| 214|0x000000008d600000, 0x000000008d600000, 0x000000008d700000|  0%| F|  |TAMS 0x000000008d600000, 0x000000008d600000| Untracked 
| 215|0x000000008d700000, 0x000000008d700000, 0x000000008d800000|  0%| F|  |TAMS 0x000000008d700000, 0x000000008d700000| Untracked 
| 216|0x000000008d800000, 0x000000008d800000, 0x000000008d900000|  0%| F|  |TAMS 0x000000008d800000, 0x000000008d800000| Untracked 
| 217|0x000000008d900000, 0x000000008d900000, 0x000000008da00000|  0%| F|  |TAMS 0x000000008d900000, 0x000000008d900000| Untracked 
| 218|0x000000008da00000, 0x000000008da00000, 0x000000008db00000|  0%| F|  |TAMS 0x000000008da00000, 0x000000008da00000| Untracked 
| 219|0x000000008db00000, 0x000000008db00000, 0x000000008dc00000|  0%| F|  |TAMS 0x000000008db00000, 0x000000008db00000| Untracked 
| 220|0x000000008dc00000, 0x000000008dc00000, 0x000000008dd00000|  0%| F|  |TAMS 0x000000008dc00000, 0x000000008dc00000| Untracked 
| 221|0x000000008dd00000, 0x000000008dd00000, 0x000000008de00000|  0%| F|  |TAMS 0x000000008dd00000, 0x000000008dd00000| Untracked 
| 222|0x000000008de00000, 0x000000008de00000, 0x000000008df00000|  0%| F|  |TAMS 0x000000008de00000, 0x000000008de00000| Untracked 
| 223|0x000000008df00000, 0x000000008df00000, 0x000000008e000000|  0%| F|  |TAMS 0x000000008df00000, 0x000000008df00000| Untracked 
| 224|0x000000008e000000, 0x000000008e000000, 0x000000008e100000|  0%| F|  |TAMS 0x000000008e000000, 0x000000008e000000| Untracked 
| 225|0x000000008e100000, 0x000000008e100000, 0x000000008e200000|  0%| F|  |TAMS 0x000000008e100000, 0x000000008e100000| Untracked 
| 226|0x000000008e200000, 0x000000008e200000, 0x000000008e300000|  0%| F|  |TAMS 0x000000008e200000, 0x000000008e200000| Untracked 
| 227|0x000000008e300000, 0x000000008e300000, 0x000000008e400000|  0%| F|  |TAMS 0x000000008e300000, 0x000000008e300000| Untracked 
| 228|0x000000008e400000, 0x000000008e400000, 0x000000008e500000|  0%| F|  |TAMS 0x000000008e400000, 0x000000008e400000| Untracked 
| 229|0x000000008e500000, 0x000000008e500000, 0x000000008e600000|  0%| F|  |TAMS 0x000000008e500000, 0x000000008e500000| Untracked 
| 230|0x000000008e600000, 0x000000008e600000, 0x000000008e700000|  0%| F|  |TAMS 0x000000008e600000, 0x000000008e600000| Untracked 
| 231|0x000000008e700000, 0x000000008e700000, 0x000000008e800000|  0%| F|  |TAMS 0x000000008e700000, 0x000000008e700000| Untracked 
| 232|0x000000008e800000, 0x000000008e800000, 0x000000008e900000|  0%| F|  |TAMS 0x000000008e800000, 0x000000008e800000| Untracked 
| 233|0x000000008e900000, 0x000000008e900000, 0x000000008ea00000|  0%| F|  |TAMS 0x000000008e900000, 0x000000008e900000| Untracked 
| 234|0x000000008ea00000, 0x000000008ea00000, 0x000000008eb00000|  0%| F|  |TAMS 0x000000008ea00000, 0x000000008ea00000| Untracked 
| 235|0x000000008eb00000, 0x000000008eb00000, 0x000000008ec00000|  0%| F|  |TAMS 0x000000008eb00000, 0x000000008eb00000| Untracked 
| 236|0x000000008ec00000, 0x000000008ec00000, 0x000000008ed00000|  0%| F|  |TAMS 0x000000008ec00000, 0x000000008ec00000| Untracked 
| 237|0x000000008ed00000, 0x000000008ed00000, 0x000000008ee00000|  0%| F|  |TAMS 0x000000008ed00000, 0x000000008ed00000| Untracked 
| 238|0x000000008ee00000, 0x000000008ee57df0, 0x000000008ef00000| 34%| E|  |TAMS 0x000000008ee00000, 0x000000008ee00000| Complete 
| 239|0x000000008ef00000, 0x000000008f000000, 0x000000008f000000|100%| E|CS|TAMS 0x000000008ef00000, 0x000000008ef00000| Complete 
| 240|0x000000008f000000, 0x000000008f100000, 0x000000008f100000|100%| E|CS|TAMS 0x000000008f000000, 0x000000008f000000| Complete 
| 241|0x000000008f100000, 0x000000008f200000, 0x000000008f200000|100%| E|CS|TAMS 0x000000008f100000, 0x000000008f100000| Complete 
| 242|0x000000008f200000, 0x000000008f300000, 0x000000008f300000|100%| E|CS|TAMS 0x000000008f200000, 0x000000008f200000| Complete 
| 243|0x000000008f300000, 0x000000008f400000, 0x000000008f400000|100%| E|CS|TAMS 0x000000008f300000, 0x000000008f300000| Complete 
| 244|0x000000008f400000, 0x000000008f500000, 0x000000008f500000|100%| E|CS|TAMS 0x000000008f400000, 0x000000008f400000| Complete 
| 245|0x000000008f500000, 0x000000008f600000, 0x000000008f600000|100%| E|CS|TAMS 0x000000008f500000, 0x000000008f500000| Complete 
| 246|0x000000008f600000, 0x000000008f700000, 0x000000008f700000|100%| E|CS|TAMS 0x000000008f600000, 0x000000008f600000| Complete 
| 247|0x000000008f700000, 0x000000008f800000, 0x000000008f800000|100%| E|CS|TAMS 0x000000008f700000, 0x000000008f700000| Complete 
| 248|0x000000008f800000, 0x000000008f900000, 0x000000008f900000|100%| E|CS|TAMS 0x000000008f800000, 0x000000008f800000| Complete 
| 249|0x000000008f900000, 0x000000008fa00000, 0x000000008fa00000|100%| E|CS|TAMS 0x000000008f900000, 0x000000008f900000| Complete 
| 250|0x000000008fa00000, 0x000000008fb00000, 0x000000008fb00000|100%| E|CS|TAMS 0x000000008fa00000, 0x000000008fa00000| Complete 
| 251|0x000000008fb00000, 0x000000008fc00000, 0x000000008fc00000|100%| E|CS|TAMS 0x000000008fb00000, 0x000000008fb00000| Complete 
| 252|0x000000008fc00000, 0x000000008fd00000, 0x000000008fd00000|100%| E|CS|TAMS 0x000000008fc00000, 0x000000008fc00000| Complete 
| 253|0x000000008fd00000, 0x000000008fe00000, 0x000000008fe00000|100%| E|CS|TAMS 0x000000008fd00000, 0x000000008fd00000| Complete 
| 254|0x000000008fe00000, 0x000000008ff00000, 0x000000008ff00000|100%| E|CS|TAMS 0x000000008fe00000, 0x000000008fe00000| Complete 
| 255|0x000000008ff00000, 0x0000000090000000, 0x0000000090000000|100%| E|CS|TAMS 0x000000008ff00000, 0x000000008ff00000| Complete 
| 256|0x0000000090000000, 0x0000000090100000, 0x0000000090100000|100%| E|CS|TAMS 0x0000000090000000, 0x0000000090000000| Complete 
| 257|0x0000000090100000, 0x0000000090200000, 0x0000000090200000|100%| E|CS|TAMS 0x0000000090100000, 0x0000000090100000| Complete 
| 258|0x0000000090200000, 0x0000000090300000, 0x0000000090300000|100%| E|CS|TAMS 0x0000000090200000, 0x0000000090200000| Complete 
| 259|0x0000000090300000, 0x00000000903fae40, 0x0000000090400000| 98%| S|CS|TAMS 0x0000000090300000, 0x0000000090300000| Complete 
| 260|0x0000000090400000, 0x0000000090500000, 0x0000000090500000|100%| E|CS|TAMS 0x0000000090400000, 0x0000000090400000| Complete 
| 261|0x0000000090500000, 0x0000000090600000, 0x0000000090600000|100%| E|CS|TAMS 0x0000000090500000, 0x0000000090500000| Complete 
| 262|0x0000000090600000, 0x0000000090700000, 0x0000000090700000|100%| E|CS|TAMS 0x0000000090600000, 0x0000000090600000| Complete 
| 263|0x0000000090700000, 0x0000000090800000, 0x0000000090800000|100%| E|CS|TAMS 0x0000000090700000, 0x0000000090700000| Complete 
| 264|0x0000000090800000, 0x0000000090900000, 0x0000000090900000|100%| E|CS|TAMS 0x0000000090800000, 0x0000000090800000| Complete 
| 265|0x0000000090900000, 0x0000000090a00000, 0x0000000090a00000|100%| E|CS|TAMS 0x0000000090900000, 0x0000000090900000| Complete 
| 266|0x0000000090a00000, 0x0000000090b00000, 0x0000000090b00000|100%| E|CS|TAMS 0x0000000090a00000, 0x0000000090a00000| Complete 

Card table byte_map: [0x000001d2b6410000,0x000001d2b6810000] _byte_map_base: 0x000001d2b6010000

Marking Bits (Prev, Next): (CMBitMap*) 0x000001d2a2abdad8, (CMBitMap*) 0x000001d2a2abdb10
 Prev Bits: [0x000001d2b6c10000, 0x000001d2b8c10000)
 Next Bits: [0x000001d2b8c10000, 0x000001d2bac10000)

Polling page: 0x000001d2a1230000

Metaspace:

Usage:
  Non-class:    121.06 MB capacity,   117.89 MB ( 97%) used,     2.57 MB (  2%) free+waste,   612.94 KB ( <1%) overhead. 
      Class:     18.56 MB capacity,    16.70 MB ( 90%) used,     1.60 MB (  9%) free+waste,   269.00 KB (  1%) overhead. 
       Both:    139.62 MB capacity,   134.59 MB ( 96%) used,     4.17 MB (  3%) free+waste,   881.94 KB ( <1%) overhead. 

Virtual space:
  Non-class space:      130.00 MB reserved,     129.93 MB (>99%) committed 
      Class space:        1.00 GB reserved,      19.95 MB (  2%) committed 
             Both:        1.13 GB reserved,     149.88 MB ( 13%) committed 

Chunk freelists:
   Non-Class:  8.75 MB
       Class:  1.28 MB
        Both:  10.03 MB

MaxMetaspaceSize: 17179869184.00 GB
CompressedClassSpaceSize: 1.00 GB
Initial GC threshold: 20.80 MB
Current GC threshold: 249.80 MB
CDS: off

CodeHeap 'non-profiled nmethods': size=120000Kb used=25088Kb max_used=25088Kb free=94911Kb
 bounds [0x000001d2ae060000, 0x000001d2af8f0000, 0x000001d2b5590000]
CodeHeap 'profiled nmethods': size=120000Kb used=60815Kb max_used=60815Kb free=59184Kb
 bounds [0x000001d2a6b30000, 0x000001d2aa6a0000, 0x000001d2ae060000]
CodeHeap 'non-nmethods': size=5760Kb used=2485Kb max_used=2565Kb free=3275Kb
 bounds [0x000001d2a6590000, 0x000001d2a6830000, 0x000001d2a6b30000]
 total_blobs=27833 nmethods=26818 adapters=926
 compilation: enabled
              stopped_count=0, restarted_count=0
 full_count=0

Compilation events (20 events):
Event: 8511.821 Thread 0x000001d2fdf52000 32445       1       org.gradle.api.internal.artifacts.DefaultModule::getName (5 bytes)
Event: 8511.821 Thread 0x000001d2fdf52000 nmethod 32445 0x000001d2af8dc690 code [0x000001d2af8dc840, 0x000001d2af8dc8f8]
Event: 8511.821 Thread 0x000001d2fdf52000 32446       1       org.gradle.api.internal.artifacts.DefaultModule::getVersion (5 bytes)
Event: 8511.821 Thread 0x000001d2fdf52000 nmethod 32446 0x000001d2af8dc990 code [0x000001d2af8dcb40, 0x000001d2af8dcbf8]
Event: 8511.821 Thread 0x000001d2fdf52000 32447       1       org.gradle.api.internal.artifacts.DefaultModule::getProjectId (2 bytes)
Event: 8511.821 Thread 0x000001d2fdf52000 nmethod 32447 0x000001d2af8dcc90 code [0x000001d2af8dce40, 0x000001d2af8dcef8]
Event: 8511.822 Thread 0x000001d2fdf50800 nmethod 32426 0x000001d2af8dcf90 code [0x000001d2af8dd160, 0x000001d2af8dd888]
Event: 8511.822 Thread 0x000001d2fdf50800 32421       4       org.gradle.internal.metaobject.BeanDynamicObject::getMetaClass (39 bytes)
Event: 8511.828 Thread 0x000001d2fdf50800 nmethod 32421 0x000001d2af8ddb10 code [0x000001d2af8ddd40, 0x000001d2af8de2d0]
Event: 8511.828 Thread 0x000001d2fdf50800 32453       4       java.lang.invoke.MethodTypeForm::unpack (30 bytes)
Event: 8511.828 Thread 0x000001d2fdf50800 nmethod 32453 0x000001d2af8de890 code [0x000001d2af8dea20, 0x000001d2af8dea78]
Event: 8511.828 Thread 0x000001d2fdf50800 32454       4       org.gradle.internal.component.local.model.DslOriginDependencyMetadataWrapper::isConstraint (10 bytes)
Event: 8511.829 Thread 0x000001d2fdf50800 nmethod 32454 0x000001d2af8deb90 code [0x000001d2af8ded20, 0x000001d2af8dedb8]
Event: 8511.829 Thread 0x000001d2fdf50800 32434   !   4       org.gradle.api.internal.artifacts.ivyservice.DefaultArtifactCaches$LateInitWritableArtifactCacheLockingManager::getDelegate (52 bytes)
Event: 8511.829 Thread 0x000001d2fdf50800 nmethod 32434 0x000001d2af8dee90 code [0x000001d2af8df020, 0x000001d2af8df098]
Event: 8511.965 Thread 0x000001d2fdf50800 32455       4       org.gradle.api.internal.artifacts.ivyservice.modulecache.StringDeduplicatingDecoder::close (13 bytes)
Event: 8511.967 Thread 0x000001d2fdf50800 nmethod 32455 0x000001d2af8df190 code [0x000001d2af8df340, 0x000001d2af8df468]
Event: 8511.990 Thread 0x000001d2fdf50800 32456       4       org.gradle.api.internal.artifacts.ivyservice.modulecache.ModuleMetadataSerializer$Reader::<init> (16 bytes)
Event: 8511.998 Thread 0x000001d2fdf50800 nmethod 32456 0x000001d2af8df610 code [0x000001d2af8df7a0, 0x000001d2af8dff58]
Event: 8512.287 Thread 0x000001d2fdf50800 32457       4       org.gradle.api.internal.artifacts.ivyservice.modulecache.ModuleMetadataCacheEntry::configure (17 bytes)

GC Heap History (20 events):
Event: 7866.635 GC heap before
{Heap before GC invocations=216 (full 0):
 garbage-first heap   total 273408K, used 140001K [0x0000000080000000, 0x0000000100000000)
  region size 1024K, 13 young (13312K), 4 survivors (4096K)
 Metaspace       used 135944K, capacity 140345K, committed 153480K, reserved 1181696K
  class space    used 16781K, capacity 18438K, committed 20432K, reserved 1048576K
}
Event: 7866.654 GC heap after
{Heap after GC invocations=217 (full 0):
 garbage-first heap   total 273408K, used 122058K [0x0000000080000000, 0x0000000100000000)
  region size 1024K, 2 young (2048K), 2 survivors (2048K)
 Metaspace       used 135944K, capacity 140345K, committed 153480K, reserved 1181696K
  class space    used 16781K, capacity 18438K, committed 20432K, reserved 1048576K
}
Event: 7870.542 GC heap before
{Heap before GC invocations=217 (full 0):
 garbage-first heap   total 273408K, used 213194K [0x0000000080000000, 0x0000000100000000)
  region size 1024K, 92 young (94208K), 2 survivors (2048K)
 Metaspace       used 136038K, capacity 140486K, committed 153480K, reserved 1181696K
  class space    used 16782K, capacity 18440K, committed 20432K, reserved 1048576K
}
Event: 7870.573 GC heap after
{Heap after GC invocations=218 (full 0):
 garbage-first heap   total 273408K, used 130051K [0x0000000080000000, 0x0000000100000000)
  region size 1024K, 10 young (10240K), 10 survivors (10240K)
 Metaspace       used 136038K, capacity 140486K, committed 153480K, reserved 1181696K
  class space    used 16782K, capacity 18440K, committed 20432K, reserved 1048576K
}
Event: 7871.514 GC heap before
{Heap before GC invocations=219 (full 0):
 garbage-first heap   total 273408K, used 219139K [0x0000000080000000, 0x0000000100000000)
  region size 1024K, 96 young (98304K), 10 survivors (10240K)
 Metaspace       used 136061K, capacity 140491K, committed 153480K, reserved 1181696K
  class space    used 16783K, capacity 18440K, committed 20432K, reserved 1048576K
}
Event: 7871.539 GC heap after
{Heap after GC invocations=220 (full 0):
 garbage-first heap   total 273408K, used 136035K [0x0000000080000000, 0x0000000100000000)
  region size 1024K, 5 young (5120K), 5 survivors (5120K)
 Metaspace       used 136061K, capacity 140491K, committed 153480K, reserved 1181696K
  class space    used 16783K, capacity 18440K, committed 20432K, reserved 1048576K
}
Event: 7871.582 GC heap before
{Heap before GC invocations=220 (full 0):
 garbage-first heap   total 273408K, used 144227K [0x0000000080000000, 0x0000000100000000)
  region size 1024K, 13 young (13312K), 5 survivors (5120K)
 Metaspace       used 136064K, capacity 140492K, committed 153480K, reserved 1181696K
  class space    used 16783K, capacity 18440K, committed 20432K, reserved 1048576K
}
Event: 7871.596 GC heap after
{Heap after GC invocations=221 (full 0):
 garbage-first heap   total 273408K, used 137904K [0x0000000080000000, 0x0000000100000000)
  region size 1024K, 2 young (2048K), 2 survivors (2048K)
 Metaspace       used 136064K, capacity 140492K, committed 153480K, reserved 1181696K
  class space    used 16783K, capacity 18440K, committed 20432K, reserved 1048576K
}
Event: 7871.813 GC heap before
{Heap before GC invocations=221 (full 0):
 garbage-first heap   total 273408K, used 153264K [0x0000000080000000, 0x0000000100000000)
  region size 1024K, 19 young (19456K), 2 survivors (2048K)
 Metaspace       used 136069K, capacity 140556K, committed 153480K, reserved 1181696K
  class space    used 16783K, capacity 18440K, committed 20432K, reserved 1048576K
}
Event: 7871.819 GC heap after
{Heap after GC invocations=222 (full 0):
 garbage-first heap   total 273408K, used 136933K [0x0000000080000000, 0x0000000100000000)
  region size 1024K, 2 young (2048K), 2 survivors (2048K)
 Metaspace       used 136069K, capacity 140556K, committed 153480K, reserved 1181696K
  class space    used 16783K, capacity 18440K, committed 20432K, reserved 1048576K
}
Event: 7894.619 GC heap before
{Heap before GC invocations=223 (full 0):
 garbage-first heap   total 273408K, used 228069K [0x0000000080000000, 0x0000000100000000)
  region size 1024K, 77 young (78848K), 2 survivors (2048K)
 Metaspace       used 136115K, capacity 140556K, committed 153480K, reserved 1181696K
  class space    used 16783K, capacity 18440K, committed 20432K, reserved 1048576K
}
Event: 7894.632 GC heap after
{Heap after GC invocations=224 (full 0):
 garbage-first heap   total 273408K, used 142360K [0x0000000080000000, 0x0000000100000000)
  region size 1024K, 9 young (9216K), 9 survivors (9216K)
 Metaspace       used 136115K, capacity 140556K, committed 153480K, reserved 1181696K
  class space    used 16783K, capacity 18440K, committed 20432K, reserved 1048576K
}
Event: 7894.658 GC heap before
{Heap before GC invocations=224 (full 0):
 garbage-first heap   total 273408K, used 145432K [0x0000000080000000, 0x0000000100000000)
  region size 1024K, 13 young (13312K), 9 survivors (9216K)
 Metaspace       used 136115K, capacity 140556K, committed 153480K, reserved 1181696K
  class space    used 16783K, capacity 18440K, committed 20432K, reserved 1048576K
}
Event: 7894.682 GC heap after
{Heap after GC invocations=225 (full 0):
 garbage-first heap   total 273408K, used 134434K [0x0000000080000000, 0x0000000100000000)
  region size 1024K, 1 young (1024K), 1 survivors (1024K)
 Metaspace       used 136115K, capacity 140556K, committed 153480K, reserved 1181696K
  class space    used 16783K, capacity 18440K, committed 20432K, reserved 1048576K
}
Event: 7909.782 GC heap before
{Heap before GC invocations=225 (full 0):
 garbage-first heap   total 273408K, used 213282K [0x0000000080000000, 0x0000000100000000)
  region size 1024K, 79 young (80896K), 1 survivors (1024K)
 Metaspace       used 136828K, capacity 141517K, committed 153480K, reserved 1181696K
  class space    used 16896K, capacity 18633K, committed 20432K, reserved 1048576K
}
Event: 7909.804 GC heap after
{Heap after GC invocations=226 (full 0):
 garbage-first heap   total 273408K, used 141032K [0x0000000080000000, 0x0000000100000000)
  region size 1024K, 8 young (8192K), 8 survivors (8192K)
 Metaspace       used 136828K, capacity 141517K, committed 153480K, reserved 1181696K
  class space    used 16896K, capacity 18633K, committed 20432K, reserved 1048576K
}
Event: 7911.576 GC heap before
{Heap before GC invocations=227 (full 0):
 garbage-first heap   total 273408K, used 213736K [0x0000000080000000, 0x0000000100000000)
  region size 1024K, 83 young (84992K), 8 survivors (8192K)
 Metaspace       used 137043K, capacity 141797K, committed 153480K, reserved 1181696K
  class space    used 16944K, capacity 18721K, committed 20432K, reserved 1048576K
}
Event: 7911.596 GC heap after
{Heap after GC invocations=228 (full 0):
 garbage-first heap   total 273408K, used 142702K [0x0000000080000000, 0x0000000100000000)
  region size 1024K, 6 young (6144K), 6 survivors (6144K)
 Metaspace       used 137043K, capacity 141797K, committed 153480K, reserved 1181696K
  class space    used 16944K, capacity 18721K, committed 20432K, reserved 1048576K
}
Event: 8062.834 GC heap before
{Heap before GC invocations=228 (full 0):
 garbage-first heap   total 273408K, used 148846K [0x0000000080000000, 0x0000000100000000)
  region size 1024K, 13 young (13312K), 6 survivors (6144K)
 Metaspace       used 137052K, capacity 141799K, committed 153480K, reserved 1181696K
  class space    used 16945K, capacity 18722K, committed 20432K, reserved 1048576K
}
Event: 8062.865 GC heap after
{Heap after GC invocations=229 (full 0):
 garbage-first heap   total 273408K, used 130617K [0x0000000080000000, 0x0000000100000000)
  region size 1024K, 1 young (1024K), 1 survivors (1024K)
 Metaspace       used 137052K, capacity 141799K, committed 153480K, reserved 1181696K
  class space    used 16945K, capacity 18722K, committed 20432K, reserved 1048576K
}

Deoptimization events (20 events):
Event: 7911.458 Thread 0x000001d28af71000 Uncommon trap: trap_request=0xffffffbe fr.pc=0x000001d2af7ed468 relative=0x0000000000001148
Event: 7911.458 Thread 0x000001d28af71000 Uncommon trap: reason=profile_predicate action=maybe_recompile pc=0x000001d2af7ed468 method=java.util.AbstractCollection.contains(Ljava/lang/Object;)Z @ 35 c2
Event: 7911.458 Thread 0x000001d28af71000 DEOPT PACKING pc=0x000001d2af7ed468 sp=0x00000001097fc210
Event: 7911.458 Thread 0x000001d28af71000 DEOPT UNPACKING pc=0x000001d2a65da1af sp=0x00000001097fc1d8 mode 2
Event: 7911.458 Thread 0x000001d28af71000 Uncommon trap: trap_request=0xffffffbe fr.pc=0x000001d2af7ed468 relative=0x0000000000001148
Event: 7911.458 Thread 0x000001d28af71000 Uncommon trap: reason=profile_predicate action=maybe_recompile pc=0x000001d2af7ed468 method=java.util.AbstractCollection.contains(Ljava/lang/Object;)Z @ 35 c2
Event: 7911.458 Thread 0x000001d28af71000 DEOPT PACKING pc=0x000001d2af7ed468 sp=0x00000001097fc210
Event: 7911.458 Thread 0x000001d28af71000 DEOPT UNPACKING pc=0x000001d2a65da1af sp=0x00000001097fc1d8 mode 2
Event: 8051.614 Thread 0x000001d283fea800 Uncommon trap: trap_request=0xffffff4d fr.pc=0x000001d2af411e5c relative=0x000000000000071c
Event: 8051.614 Thread 0x000001d283fea800 Uncommon trap: reason=unstable_if action=reinterpret pc=0x000001d2af411e5c method=java.text.DecimalFormat.format(JLjava/lang/StringBuffer;Ljava/text/Format$FieldDelegate;)Ljava/lang/StringBuffer; @ 136 c2
Event: 8051.614 Thread 0x000001d283fea800 DEOPT PACKING pc=0x000001d2af411e5c sp=0x00000001090fde70
Event: 8051.614 Thread 0x000001d283fea800 DEOPT UNPACKING pc=0x000001d2a65da1af sp=0x00000001090fde08 mode 2
Event: 8051.614 Thread 0x000001d283fea800 Uncommon trap: trap_request=0xffffff4d fr.pc=0x000001d2af411260 relative=0x0000000000000440
Event: 8051.614 Thread 0x000001d283fea800 Uncommon trap: reason=unstable_if action=reinterpret pc=0x000001d2af411260 method=java.text.DigitList.set(ZJI)V @ 8 c2
Event: 8051.614 Thread 0x000001d283fea800 DEOPT PACKING pc=0x000001d2af411260 sp=0x00000001090fdda0
Event: 8051.614 Thread 0x000001d283fea800 DEOPT UNPACKING pc=0x000001d2a65da1af sp=0x00000001090fdd60 mode 2
Event: 8051.614 Thread 0x000001d283fea800 Uncommon trap: trap_request=0xffffff4d fr.pc=0x000001d2af405e1c relative=0x00000000000027bc
Event: 8051.614 Thread 0x000001d283fea800 Uncommon trap: reason=unstable_if action=reinterpret pc=0x000001d2af405e1c method=java.text.DigitList.isZero()Z @ 7 c2
Event: 8051.614 Thread 0x000001d283fea800 DEOPT PACKING pc=0x000001d2af405e1c sp=0x00000001090fdcf0
Event: 8051.614 Thread 0x000001d283fea800 DEOPT UNPACKING pc=0x000001d2a65da1af sp=0x00000001090fdc30 mode 2

Classes redefined (0 events):
No events

Internal exceptions (20 events):
Event: 7898.151 Thread 0x000001d28af70000 Exception <a 'java/lang/NoSuchMethodError'{0x000000008f124320}: <clinit>> (0x000000008f124320) thrown at [./src/hotspot/share/prims/jni.cpp, line 1365]
Event: 7898.153 Thread 0x000001d28af70000 Exception <a 'java/lang/NoSuchMethodError'{0x000000008f13fac8}: <clinit>> (0x000000008f13fac8) thrown at [./src/hotspot/share/prims/jni.cpp, line 1365]
Event: 7898.248 Thread 0x000001d2851ff800 Exception <a 'sun/nio/fs/WindowsException'{0x000000008e7cd3e0}> (0x000000008e7cd3e0) thrown at [./src/hotspot/share/prims/jni.cpp, line 615]
Event: 7898.248 Thread 0x000001d2851ff800 Exception <a 'sun/nio/fs/WindowsException'{0x000000008e7cd460}> (0x000000008e7cd460) thrown at [./src/hotspot/share/prims/jni.cpp, line 615]
Event: 7898.248 Thread 0x000001d2851ff800 Exception <a 'sun/nio/fs/WindowsException'{0x000000008e7cedc8}> (0x000000008e7cedc8) thrown at [./src/hotspot/share/prims/jni.cpp, line 615]
Event: 7898.483 Thread 0x000001d2851fc800 Exception <a 'java/lang/NoSuchMethodError'{0x000000008e0b59b8}: <clinit>> (0x000000008e0b59b8) thrown at [./src/hotspot/share/prims/jni.cpp, line 1365]
Event: 7898.485 Thread 0x000001d2851fc800 Exception <a 'java/lang/NoSuchMethodError'{0x000000008e0c7118}: <clinit>> (0x000000008e0c7118) thrown at [./src/hotspot/share/prims/jni.cpp, line 1365]
Event: 7898.485 Thread 0x000001d2851fc800 Exception <a 'java/lang/NoSuchMethodError'{0x000000008e0c8800}: <clinit>> (0x000000008e0c8800) thrown at [./src/hotspot/share/prims/jni.cpp, line 1365]
Event: 7898.486 Thread 0x000001d2851fc800 Exception <a 'java/lang/NoSuchMethodError'{0x000000008e0db5a0}: <clinit>> (0x000000008e0db5a0) thrown at [./src/hotspot/share/prims/jni.cpp, line 1365]
Event: 7898.487 Thread 0x000001d2851fc800 Exception <a 'java/lang/NoSuchMethodError'{0x000000008e0e7c70}: <clinit>> (0x000000008e0e7c70) thrown at [./src/hotspot/share/prims/jni.cpp, line 1365]
Event: 7909.709 Thread 0x000001d2851ff800 Exception <a 'sun/nio/fs/WindowsException'{0x000000008c846bd0}> (0x000000008c846bd0) thrown at [./src/hotspot/share/prims/jni.cpp, line 615]
Event: 7909.778 Thread 0x000001d2851ff800 Exception <a 'sun/nio/fs/WindowsException'{0x000000008bc6cd88}> (0x000000008bc6cd88) thrown at [./src/hotspot/share/prims/jni.cpp, line 615]
Event: 7909.808 Thread 0x000001d2851ff800 Exception <a 'sun/nio/fs/WindowsException'{0x0000000090a0f818}> (0x0000000090a0f818) thrown at [./src/hotspot/share/prims/jni.cpp, line 615]
Event: 7909.808 Thread 0x000001d2851ff800 Exception <a 'sun/nio/fs/WindowsException'{0x0000000090a10b68}> (0x0000000090a10b68) thrown at [./src/hotspot/share/prims/jni.cpp, line 615]
Event: 7909.808 Thread 0x000001d2851ff800 Exception <a 'sun/nio/fs/WindowsException'{0x0000000090a11f08}> (0x0000000090a11f08) thrown at [./src/hotspot/share/prims/jni.cpp, line 615]
Event: 7909.809 Thread 0x000001d2851ff800 Exception <a 'sun/nio/fs/WindowsException'{0x0000000090a132a8}> (0x0000000090a132a8) thrown at [./src/hotspot/share/prims/jni.cpp, line 615]
Event: 7910.292 Thread 0x000001d28af72800 Exception <a 'java/lang/InterruptedException'{0x000000008e1a8510}> (0x000000008e1a8510) thrown at [./src/hotspot/share/runtime/objectMonitor.cpp, line 1635]
Event: 7911.544 Thread 0x000001d2851ff800 Exception <a 'sun/nio/fs/WindowsException'{0x00000000904bf4a8}> (0x00000000904bf4a8) thrown at [./src/hotspot/share/prims/jni.cpp, line 615]
Event: 7911.544 Thread 0x000001d2851ff800 Exception <a 'sun/nio/fs/WindowsException'{0x00000000904bf528}> (0x00000000904bf528) thrown at [./src/hotspot/share/prims/jni.cpp, line 615]
Event: 7911.544 Thread 0x000001d2851ff800 Exception <a 'sun/nio/fs/WindowsException'{0x00000000904c0e90}> (0x00000000904c0e90) thrown at [./src/hotspot/share/prims/jni.cpp, line 615]

Events (20 events):
Event: 8510.314 Thread 0x000001d28af73800 Thread added: 0x000001d28af73800
Event: 8510.314 Executing VM operation: RevokeBias
Event: 8510.314 Executing VM operation: RevokeBias done
Event: 8511.714 Thread 0x000001d28af6f800 Thread added: 0x000001d28af6f800
Event: 8511.714 Thread 0x000001d28af72800 Thread added: 0x000001d28af72800
Event: 8511.716 Thread 0x000001d28af71000 Thread added: 0x000001d28af71000
Event: 8511.719 Thread 0x000001d28af6d800 Thread added: 0x000001d28af6d800
Event: 8511.720 Executing VM operation: RevokeBias
Event: 8511.721 Executing VM operation: RevokeBias done
Event: 8511.722 Thread 0x000001d28af72000 Thread added: 0x000001d28af72000
Event: 8511.723 Thread 0x000001d28af70000 Thread added: 0x000001d28af70000
Event: 8511.723 Thread 0x000001d28af6e800 Thread added: 0x000001d28af6e800
Event: 8511.742 Thread 0x000001d28af75000 Thread added: 0x000001d28af75000
Event: 8511.764 Thread 0x000001d28af76000 Thread added: 0x000001d28af76000
Event: 8511.768 Thread 0x000001d28af7b800 Thread added: 0x000001d28af7b800
Event: 8511.772 Thread 0x000001d28af7b000 Thread added: 0x000001d28af7b000
Event: 8511.783 Thread 0x000001d28af7c800 Thread added: 0x000001d28af7c800
Event: 8511.823 Thread 0x000001d28af78800 Thread added: 0x000001d28af78800
Event: 8511.973 loading class org/gradle/api/internal/artifacts/ivyservice/modulecache/ModuleMetadataSerializer$1
Event: 8511.973 loading class org/gradle/api/internal/artifacts/ivyservice/modulecache/ModuleMetadataSerializer$1 done


Dynamic libraries:
0x00007ff63fea0000 - 0x00007ff63feaa000 	C:\Program Files\Android\Android Studio\jre\bin\java.exe
0x00007ffaa7490000 - 0x00007ffaa7688000 	C:\Windows\SYSTEM32\ntdll.dll
0x00007ffaa6b10000 - 0x00007ffaa6bcd000 	C:\Windows\System32\KERNEL32.DLL
0x00007ffaa4c20000 - 0x00007ffaa4eee000 	C:\Windows\System32\KERNELBASE.dll
0x00007ffaa51e0000 - 0x00007ffaa52e0000 	C:\Windows\System32\ucrtbase.dll
0x00007ffa80dc0000 - 0x00007ffa80dd7000 	C:\Program Files\Android\Android Studio\jre\bin\VCRUNTIME140.dll
0x00007ffa804e0000 - 0x00007ffa804f9000 	C:\Program Files\Android\Android Studio\jre\bin\jli.dll
0x00007ffaa68d0000 - 0x00007ffaa6a70000 	C:\Windows\System32\USER32.dll
0x00007ffaa4f90000 - 0x00007ffaa4fb2000 	C:\Windows\System32\win32u.dll
0x00007ffa8da30000 - 0x00007ffa8dcca000 	C:\Windows\WinSxS\amd64_microsoft.windows.common-controls_6595b64144ccf1df_6.0.19041.1110_none_60b5254171f9507e\COMCTL32.dll
0x00007ffaa5670000 - 0x00007ffaa569a000 	C:\Windows\System32\GDI32.dll
0x00007ffaa5c80000 - 0x00007ffaa5d1e000 	C:\Windows\System32\msvcrt.dll
0x00007ffaa52e0000 - 0x00007ffaa53eb000 	C:\Windows\System32\gdi32full.dll
0x00007ffaa4ef0000 - 0x00007ffaa4f8d000 	C:\Windows\System32\msvcp_win.dll
0x00007ffaa64b0000 - 0x00007ffaa64e0000 	C:\Windows\System32\IMM32.DLL
0x00007ffa61760000 - 0x00007ffa617fd000 	C:\Program Files\Android\Android Studio\jre\bin\msvcp140.dll
0x00007ffa5ab90000 - 0x00007ffa5b675000 	C:\Program Files\Android\Android Studio\jre\bin\server\jvm.dll
0x00007ffaa55c0000 - 0x00007ffaa566e000 	C:\Windows\System32\ADVAPI32.dll
0x00007ffaa6a70000 - 0x00007ffaa6b0c000 	C:\Windows\System32\sechost.dll
0x00007ffaa6620000 - 0x00007ffaa6745000 	C:\Windows\System32\RPCRT4.dll
0x00007ffaa6610000 - 0x00007ffaa6618000 	C:\Windows\System32\PSAPI.DLL
0x00007ffa9a7a0000 - 0x00007ffa9a7aa000 	C:\Windows\SYSTEM32\VERSION.dll
0x00007ffa92230000 - 0x00007ffa92257000 	C:\Windows\SYSTEM32\WINMM.dll
0x00007ffaa1e80000 - 0x00007ffaa1e89000 	C:\Windows\SYSTEM32\WSOCK32.dll
0x00007ffaa65a0000 - 0x00007ffaa660b000 	C:\Windows\System32\WS2_32.dll
0x00007ffaa2c80000 - 0x00007ffaa2c92000 	C:\Windows\SYSTEM32\kernel.appcore.dll
0x00007ffa9c3b0000 - 0x00007ffa9c3c1000 	C:\Program Files\Android\Android Studio\jre\bin\verify.dll
0x00007ffaa29a0000 - 0x00007ffaa2b84000 	C:\Windows\SYSTEM32\DBGHELP.DLL
0x00007ffa94030000 - 0x00007ffa9405c000 	C:\Windows\SYSTEM32\dbgcore.DLL
0x00007ffaa5150000 - 0x00007ffaa51d2000 	C:\Windows\System32\bcryptPrimitives.dll
0x00007ffa9c1e0000 - 0x00007ffa9c209000 	C:\Program Files\Android\Android Studio\jre\bin\java.dll
0x00007ffaa0200000 - 0x00007ffaa020b000 	C:\Program Files\Android\Android Studio\jre\bin\jimage.dll
0x00007ffa9c390000 - 0x00007ffa9c3a8000 	C:\Program Files\Android\Android Studio\jre\bin\zip.dll
0x00007ffaa6c80000 - 0x00007ffaa73c3000 	C:\Windows\System32\SHELL32.dll
0x00007ffaa2ca0000 - 0x00007ffaa3435000 	C:\Windows\SYSTEM32\windows.storage.dll
0x00007ffaa60f0000 - 0x00007ffaa6444000 	C:\Windows\System32\combase.dll
0x00007ffaa4610000 - 0x00007ffaa4640000 	C:\Windows\SYSTEM32\Wldp.dll
0x00007ffaa64f0000 - 0x00007ffaa659d000 	C:\Windows\System32\SHCORE.dll
0x00007ffaa6870000 - 0x00007ffaa68c5000 	C:\Windows\System32\shlwapi.dll
0x00007ffaa4af0000 - 0x00007ffaa4b0f000 	C:\Windows\SYSTEM32\profapi.dll
0x00007ffa9c1c0000 - 0x00007ffa9c1da000 	C:\Program Files\Android\Android Studio\jre\bin\net.dll
0x00007ffa95970000 - 0x00007ffa95a7a000 	C:\Windows\SYSTEM32\WINHTTP.dll
0x00007ffaa4370000 - 0x00007ffaa43da000 	C:\Windows\system32\mswsock.dll
0x00007ffa9c1a0000 - 0x00007ffa9c1b4000 	C:\Program Files\Android\Android Studio\jre\bin\nio.dll
0x00007ffa7b9e0000 - 0x00007ffa7ba07000 	C:\Users\lenovo\.gradle\native\e1d6ef7f7dcc3fd88c89a11ec53ec762bb8ba0a96d01ffa2cd45eb1d1d8dd5c5\windows-amd64\native-platform.dll
0x00007ffa5b7d0000 - 0x00007ffa5b914000 	C:\Users\lenovo\.gradle\native\5664cfc778a61ccfe75a443a1ab52a65af34e5dc3c78e0209fed803814484fcb\windows-amd64\native-platform-file-events.dll
0x00007ffa9ad00000 - 0x00007ffa9ad0a000 	C:\Program Files\Android\Android Studio\jre\bin\management.dll
0x00007ffa9acf0000 - 0x00007ffa9acfd000 	C:\Program Files\Android\Android Studio\jre\bin\management_ext.dll
0x00007ffaa4560000 - 0x00007ffaa4578000 	C:\Windows\SYSTEM32\CRYPTSP.dll
0x00007ffaa3c80000 - 0x00007ffaa3cb4000 	C:\Windows\system32\rsaenh.dll
0x00007ffaa5120000 - 0x00007ffaa5147000 	C:\Windows\System32\bcrypt.dll
0x00007ffaa4ab0000 - 0x00007ffaa4ade000 	C:\Windows\SYSTEM32\USERENV.dll
0x00007ffaa4580000 - 0x00007ffaa458c000 	C:\Windows\SYSTEM32\CRYPTBASE.dll
0x00007ffaa4010000 - 0x00007ffaa404b000 	C:\Windows\SYSTEM32\IPHLPAPI.DLL
0x00007ffaa64e0000 - 0x00007ffaa64e8000 	C:\Windows\System32\NSI.dll
0x00007ffa9b850000 - 0x00007ffa9b867000 	C:\Windows\SYSTEM32\dhcpcsvc6.DLL
0x00007ffa9b570000 - 0x00007ffa9b58d000 	C:\Windows\SYSTEM32\dhcpcsvc.DLL
0x00007ffaa4050000 - 0x00007ffaa411a000 	C:\Windows\SYSTEM32\DNSAPI.dll
0x00007ffa8e040000 - 0x00007ffa8e05e000 	C:\Users\lenovo\AppData\Local\Temp\native-platform875810697679110368dir\native-platform.dll
0x00007ffa8e030000 - 0x00007ffa8e038000 	C:\Program Files\Android\Android Studio\jre\bin\rmi.dll
0x00007ffaa38b0000 - 0x00007ffaa38e3000 	C:\Windows\SYSTEM32\ntmarta.dll
0x00007ffa8ea40000 - 0x00007ffa8ea67000 	C:\Program Files\Android\Android Studio\jre\bin\sunec.dll

dbghelp: loaded successfully - version: 4.0.5 - missing functions: none
symbol engine: initialized successfully - sym options: 0x614 - pdb path: .;C:\Program Files\Android\Android Studio\jre\bin;C:\Windows\SYSTEM32;C:\Windows\WinSxS\amd64_microsoft.windows.common-controls_6595b64144ccf1df_6.0.19041.1110_none_60b5254171f9507e;C:\Program Files\Android\Android Studio\jre\bin\server;C:\Users\lenovo\.gradle\native\e1d6ef7f7dcc3fd88c89a11ec53ec762bb8ba0a96d01ffa2cd45eb1d1d8dd5c5\windows-amd64;C:\Users\lenovo\.gradle\native\5664cfc778a61ccfe75a443a1ab52a65af34e5dc3c78e0209fed803814484fcb\windows-amd64;C:\Users\lenovo\AppData\Local\Temp\native-platform875810697679110368dir

VM Arguments:
jvm_args: --add-opens=java.base/java.util=ALL-UNNAMED --add-opens=java.base/java.lang=ALL-UNNAMED --add-opens=java.base/java.lang.invoke=ALL-UNNAMED --add-opens=java.base/java.util=ALL-UNNAMED --add-opens=java.prefs/java.util.prefs=ALL-UNNAMED --add-opens=java.prefs/java.util.prefs=ALL-UNNAMED --add-opens=java.base/java.nio.charset=ALL-UNNAMED --add-opens=java.base/java.net=ALL-UNNAMED --add-opens=java.base/java.util.concurrent.atomic=ALL-UNNAMED -Xmx2048m -Dfile.encoding=UTF-8 -Duser.country=US -Duser.language=en -Duser.variant 
java_command: org.gradle.launcher.daemon.bootstrap.GradleDaemon 7.3.3
java_class_path (initial): C:\Users\lenovo\.gradle\wrapper\dists\gradle-7.3.3-bin\6a41zxkdtcxs8rphpq6y0069z\gradle-7.3.3\lib\gradle-launcher-7.3.3.jar
Launcher Type: SUN_STANDARD

[Global flags]
     intx CICompilerCount                          = 4                                         {product} {ergonomic}
     uint ConcGCThreads                            = 2                                         {product} {ergonomic}
     uint G1ConcRefinementThreads                  = 8                                         {product} {ergonomic}
   size_t G1HeapRegionSize                         = 1048576                                   {product} {ergonomic}
    uintx GCDrainStackTargetSize                   = 64                                        {product} {ergonomic}
   size_t InitialHeapSize                          = 134217728                                 {product} {ergonomic}
   size_t MarkStackSize                            = 4194304                                   {product} {ergonomic}
   size_t MaxHeapSize                              = 2147483648                                {product} {command line}
   size_t MaxNewSize                               = 1287651328                                {product} {ergonomic}
   size_t MinHeapDeltaBytes                        = 1048576                                   {product} {ergonomic}
    uintx NonNMethodCodeHeapSize                   = 5836300                                {pd product} {ergonomic}
    uintx NonProfiledCodeHeapSize                  = 122910970                              {pd product} {ergonomic}
    uintx ProfiledCodeHeapSize                     = 122910970                              {pd product} {ergonomic}
    uintx ReservedCodeCacheSize                    = 251658240                              {pd product} {ergonomic}
     bool SegmentedCodeCache                       = true                                      {product} {ergonomic}
     bool UseCompressedClassPointers               = true                                 {lp64_product} {ergonomic}
     bool UseCompressedOops                        = true                                 {lp64_product} {ergonomic}
     bool UseG1GC                                  = true                                      {product} {ergonomic}
     bool UseLargePagesIndividualAllocation        = false                                  {pd product} {ergonomic}

Logging:
Log output configuration:
 #0: stdout all=warning uptime,level,tags
 #1: stderr all=off uptime,level,tags

Environment Variables:
PATH=C:\Program Files (x86)\Common Files\Oracle\Java\javapath;C:\Windows\system32;C:\Windows;C:\Windows\System32\Wbem;C:\Windows\System32\WindowsPowerShell\v1.0\;C:\Windows\System32\OpenSSH\;C:\Program Files\Git\cmd;C:\Users\lenovo\AppData\Local\Microsoft\WindowsApps;C:\Program Files\JetBrains\IntelliJ IDEA Community Edition 2022.2\bin;;C:\tools\dart-sdk\bin;
USERNAME=lenovo
OS=Windows_NT
PROCESSOR_IDENTIFIER=Intel64 Family 6 Model 142 Stepping 10, GenuineIntel



---------------  S Y S T E M  ---------------

OS: Windows 10 , 64 bit Build 19041 (10.0.19041.1889)
OS uptime: 0 days 11:36 hours

CPU:total 8 (initial active 8) (4 cores per cpu, 2 threads per core) family 6 model 142 stepping 10 microcode 0xb4, cmov, cx8, fxsr, mmx, sse, sse2, sse3, ssse3, sse4.1, sse4.2, popcnt, avx, avx2, aes, clmul, erms, 3dnowpref, lzcnt, ht, tsc, tscinvbit, bmi1, bmi2, adx, fma

Memory: 4k page, system-wide physical 8101M (577M free)
TotalPageFile size 10149M (AvailPageFile size 2M)
current process WorkingSet (physical memory assigned to process): 638M, peak: 688M
current process commit charge ("private bytes"): 732M, peak: 756M

vm_info: OpenJDK 64-Bit Server VM (11.0.12+7-b1504.28-7817840) for windows-amd64 JRE (11.0.12+7-b1504.28-7817840), built on Oct 13 2021 22:12:33 by "builder" with MS VC++ 14.0 (VS2015)

END.
